\begin{table}
    \centering
    \caption{Matriz de resultados do processo de classificação do \alite}\label{tab:rank0}
    {\tiny \begin{tabular}{|c|c|c|c|c|c|c|c|c|}
\hline%Rank 0
        Alternativa &parallel_time[0.67] & energy[0.33] &  TOPSISVector& VIKOR & WPM&TOPSISLinear\\
        0 & 366.7138671875 & 0.010752413421869278 & 0.6914754865644168& 0.5239815155476671& 0.36860798994634875& 0.30750656917342284\\
        1 & 201.35693359375 & 0.01180796604603529 & 0.8640952848002849& 0.1977226854483519& 0.5340545684216402& 0.4302461226983983\\
        2 & 118.6984634399414 & 0.01392142940312624 & 0.9745455913845535& 0.03463274142364034& 0.7207209570534439& 0.7044694314223465\\
        3 & 101.14563751220703 & 0.017794134095311165 & 0.9986100060990657& 5.291431157026E-4& 0.739869407045142& 0.7295254794800052\\
        4 & 304.06146240234375 & 0.008915383368730545 & 0.7492581325547746& 0.40036469897801735& 0.44456031066229185& 0.3764846545510567\\
        5 & 320.434814453125 & 0.011373457498848438 & 0.7332057458458388& 0.43267024335417414& 0.39606905518138164& 0.31149502748093094\\
        6 & 320.434814453125 & 0.011373457498848438 & 0.7332057458458388& 0.43267024335417414& 0.39606905518138164& 0.31149502748093094\\
        7 & 320.434814453125 & 0.011373457498848438 & 0.7332057458458388& 0.43267024335417414& 0.39606905518138164& 0.31149502748093094\\
        8 & 440.7200622558594 & 0.007141296286135912 & 0.6350536565738966& 0.67& 0.3730143331026251& 0.3897073271477401\\
        9 & 440.7200622558594 & 0.007141296286135912 & 0.6350536565738966& 0.67& 0.3730143331026251& 0.3897073271477401\\
        10 & 440.7200622558594 & 0.007141296286135912 & 0.6350536565738966& 0.67& 0.3730143331026251& 0.3897073271477401\\
        11 & 240.48123168945312 & 0.00779337203130126 & 0.817429862418059& 0.2749172138912218& 0.5438351038451702& 0.4573849642723645\\
        12 & 150.24061584472656 & 0.009737816639244556 & 0.9305903143222859& 0.09686724027916715& 0.6925022183398598& 0.6188532742121455\\
        13 & 105.1506118774414 & 0.013630633242428303 & 0.9940763536290423& 0.00790203713001907& 0.7871487951359869& 0.7657005014246921\\
        14 & 410.4482421875 & 6.650781154632568 & 0.04341719182747885& 0.6102719491581964& 0.040985471322523816& 0.018460551898397844\\
\hline 
 \end{tabular}}
\begin{center}
     Fonte: Próprio autor.
\end{center}
\end{table}

%--------------------------------------

\begin{table}
    \centering
    \caption{Matriz de resultados do processo de classificação do \alite}\label{tab:rank1}
    {\tiny \begin{tabular}{|c|c|c|c|c|c|c|c|c|}
\hline%Rank 1
        Alternativa &parallel_time[0.67] & energy[0.33] &  TOPSISVector& VIKOR & WPM&TOPSISLinear\\
        0 & 366.7138671875 & 0.010752413421869278 & 0.6914754865644168& 0.5239815155476671& 0.36860798994634875& 0.30750656917342284\\
        1 & 201.35693359375 & 0.01180796604603529 & 0.8640952848002849& 0.1977226854483519& 0.5340545684216402& 0.4302461226983983\\
        2 & 118.6984634399414 & 0.01392142940312624 & 0.9745455913845535& 0.03463274142364034& 0.7207209570534439& 0.7044694314223465\\
        3 & 101.14563751220703 & 0.017794134095311165 & 0.9986100060990657& 5.291431157026E-4& 0.739869407045142& 0.7295254794800052\\
        4 & 304.06146240234375 & 0.008915383368730545 & 0.7492581325547746& 0.40036469897801735& 0.44456031066229185& 0.3764846545510567\\
        5 & 320.434814453125 & 0.011373457498848438 & 0.7332057458458388& 0.43267024335417414& 0.39606905518138164& 0.31149502748093094\\
        6 & 320.434814453125 & 0.011373457498848438 & 0.7332057458458388& 0.43267024335417414& 0.39606905518138164& 0.31149502748093094\\
        7 & 320.434814453125 & 0.011373457498848438 & 0.7332057458458388& 0.43267024335417414& 0.39606905518138164& 0.31149502748093094\\
        8 & 440.7200622558594 & 0.007141296286135912 & 0.6350536565738966& 0.67& 0.3730143331026251& 0.3897073271477401\\
        9 & 440.7200622558594 & 0.007141296286135912 & 0.6350536565738966& 0.67& 0.3730143331026251& 0.3897073271477401\\
        10 & 440.7200622558594 & 0.007141296286135912 & 0.6350536565738966& 0.67& 0.3730143331026251& 0.3897073271477401\\
        11 & 240.48123168945312 & 0.00779337203130126 & 0.817429862418059& 0.2749172138912218& 0.5438351038451702& 0.4573849642723645\\
        12 & 150.24061584472656 & 0.009737816639244556 & 0.9305903143222859& 0.09686724027916715& 0.6925022183398598& 0.6188532742121455\\
        13 & 105.1506118774414 & 0.013630633242428303 & 0.9940763536290423& 0.00790203713001907& 0.7871487951359869& 0.7657005014246921\\
        14 & 410.4482421875 & 6.650781154632568 & 0.04341719182747885& 0.6102719491581964& 0.040985471322523816& 0.018460551898397844\\
\hline 
 \end{tabular}}
\begin{center}
     Fonte: Próprio autor.
\end{center}
\end{table}

%--------------------------------------

\begin{table}
    \centering
    \caption{Matriz de resultados do processo de classificação do \alite}\label{tab:rank2}
    {\tiny \begin{tabular}{|c|c|c|c|c|c|c|c|c|}
\hline%Rank 2
        Alternativa &parallel_time[0.67] & energy[0.33] &  TOPSISVector& VIKOR & WPM&TOPSISLinear\\
        0 & 366.7138671875 & 0.010752413421869278 & 0.6914754865644168& 0.5239815155476671& 0.36860798994634875& 0.30750656917342284\\
        1 & 201.35693359375 & 0.01180796604603529 & 0.8640952848002849& 0.1977226854483519& 0.5340545684216402& 0.4302461226983983\\
        2 & 118.6984634399414 & 0.01392142940312624 & 0.9745455913845535& 0.03463274142364034& 0.7207209570534439& 0.7044694314223465\\
        3 & 101.14563751220703 & 0.017794134095311165 & 0.9986100060990657& 5.291431157026E-4& 0.739869407045142& 0.7295254794800052\\
        4 & 304.06146240234375 & 0.008915383368730545 & 0.7492581325547746& 0.40036469897801735& 0.44456031066229185& 0.3764846545510567\\
        5 & 320.434814453125 & 0.011373457498848438 & 0.7332057458458388& 0.43267024335417414& 0.39606905518138164& 0.31149502748093094\\
        6 & 320.434814453125 & 0.011373457498848438 & 0.7332057458458388& 0.43267024335417414& 0.39606905518138164& 0.31149502748093094\\
        7 & 320.434814453125 & 0.011373457498848438 & 0.7332057458458388& 0.43267024335417414& 0.39606905518138164& 0.31149502748093094\\
        8 & 440.7200622558594 & 0.007141296286135912 & 0.6350536565738966& 0.67& 0.3730143331026251& 0.3897073271477401\\
        9 & 440.7200622558594 & 0.007141296286135912 & 0.6350536565738966& 0.67& 0.3730143331026251& 0.3897073271477401\\
        10 & 440.7200622558594 & 0.007141296286135912 & 0.6350536565738966& 0.67& 0.3730143331026251& 0.3897073271477401\\
        11 & 240.48123168945312 & 0.00779337203130126 & 0.817429862418059& 0.2749172138912218& 0.5438351038451702& 0.4573849642723645\\
        12 & 150.24061584472656 & 0.009737816639244556 & 0.9305903143222859& 0.09686724027916715& 0.6925022183398598& 0.6188532742121455\\
        13 & 105.1506118774414 & 0.013630633242428303 & 0.9940763536290423& 0.00790203713001907& 0.7871487951359869& 0.7657005014246921\\
        14 & 410.4482421875 & 6.650781154632568 & 0.04341719182747885& 0.6102719491581964& 0.040985471322523816& 0.018460551898397844\\
\hline 
 \end{tabular}}
\begin{center}
     Fonte: Próprio autor.
\end{center}
\end{table}

%--------------------------------------

\begin{table}
    \centering
    \caption{Matriz de resultados do processo de classificação do \alite}\label{tab:rank3}
    {\tiny \begin{tabular}{|c|c|c|c|c|c|c|c|c|}
\hline%Rank 3
        Alternativa &parallel_time[0.67] & energy[0.33] &  TOPSISVector& VIKOR & WPM&TOPSISLinear\\
        0 & 366.7138671875 & 0.010752413421869278 & 0.6914754865644168& 0.5239815155476671& 0.36860798994634875& 0.30750656917342284\\
        1 & 201.35693359375 & 0.01180796604603529 & 0.8640952848002849& 0.1977226854483519& 0.5340545684216402& 0.4302461226983983\\
        2 & 118.6984634399414 & 0.01392142940312624 & 0.9745455913845535& 0.03463274142364034& 0.7207209570534439& 0.7044694314223465\\
        3 & 101.14563751220703 & 0.017794134095311165 & 0.9986100060990657& 5.291431157026E-4& 0.739869407045142& 0.7295254794800052\\
        4 & 304.06146240234375 & 0.008915383368730545 & 0.7492581325547746& 0.40036469897801735& 0.44456031066229185& 0.3764846545510567\\
        5 & 320.434814453125 & 0.011373457498848438 & 0.7332057458458388& 0.43267024335417414& 0.39606905518138164& 0.31149502748093094\\
        6 & 320.434814453125 & 0.011373457498848438 & 0.7332057458458388& 0.43267024335417414& 0.39606905518138164& 0.31149502748093094\\
        7 & 320.434814453125 & 0.011373457498848438 & 0.7332057458458388& 0.43267024335417414& 0.39606905518138164& 0.31149502748093094\\
        8 & 440.7200622558594 & 0.007141296286135912 & 0.6350536565738966& 0.67& 0.3730143331026251& 0.3897073271477401\\
        9 & 440.7200622558594 & 0.007141296286135912 & 0.6350536565738966& 0.67& 0.3730143331026251& 0.3897073271477401\\
        10 & 440.7200622558594 & 0.007141296286135912 & 0.6350536565738966& 0.67& 0.3730143331026251& 0.3897073271477401\\
        11 & 240.48123168945312 & 0.00779337203130126 & 0.817429862418059& 0.2749172138912218& 0.5438351038451702& 0.4573849642723645\\
        12 & 150.24061584472656 & 0.009737816639244556 & 0.9305903143222859& 0.09686724027916715& 0.6925022183398598& 0.6188532742121455\\
        13 & 105.1506118774414 & 0.013630633242428303 & 0.9940763536290423& 0.00790203713001907& 0.7871487951359869& 0.7657005014246921\\
        14 & 410.4482421875 & 6.650781154632568 & 0.04341719182747885& 0.6102719491581964& 0.040985471322523816& 0.018460551898397844\\
\hline 
 \end{tabular}}
\begin{center}
     Fonte: Próprio autor.
\end{center}
\end{table}

%--------------------------------------

\begin{table}
    \centering
    \caption{Matriz de resultados do processo de classificação do \alite}\label{tab:rank4}
    {\tiny \begin{tabular}{|c|c|c|c|c|c|c|c|c|}
\hline%Rank 4
        Alternativa &parallel_time[0.67] & energy[0.33] &  TOPSISVector& VIKOR & WPM&TOPSISLinear\\
        0 & 366.7138671875 & 0.010752413421869278 & 0.6914754865644168& 0.5239815155476671& 0.36860798994634875& 0.30750656917342284\\
        1 & 201.35693359375 & 0.01180796604603529 & 0.8640952848002849& 0.1977226854483519& 0.5340545684216402& 0.4302461226983983\\
        2 & 118.6984634399414 & 0.01392142940312624 & 0.9745455913845535& 0.03463274142364034& 0.7207209570534439& 0.7044694314223465\\
        3 & 101.14563751220703 & 0.017794134095311165 & 0.9986100060990657& 5.291431157026E-4& 0.739869407045142& 0.7295254794800052\\
        4 & 304.06146240234375 & 0.008915383368730545 & 0.7492581325547746& 0.40036469897801735& 0.44456031066229185& 0.3764846545510567\\
        5 & 320.434814453125 & 0.011373457498848438 & 0.7332057458458388& 0.43267024335417414& 0.39606905518138164& 0.31149502748093094\\
        6 & 320.434814453125 & 0.011373457498848438 & 0.7332057458458388& 0.43267024335417414& 0.39606905518138164& 0.31149502748093094\\
        7 & 320.434814453125 & 0.011373457498848438 & 0.7332057458458388& 0.43267024335417414& 0.39606905518138164& 0.31149502748093094\\
        8 & 440.7200622558594 & 0.007141296286135912 & 0.6350536565738966& 0.67& 0.3730143331026251& 0.3897073271477401\\
        9 & 440.7200622558594 & 0.007141296286135912 & 0.6350536565738966& 0.67& 0.3730143331026251& 0.3897073271477401\\
        10 & 440.7200622558594 & 0.007141296286135912 & 0.6350536565738966& 0.67& 0.3730143331026251& 0.3897073271477401\\
        11 & 240.48123168945312 & 0.00779337203130126 & 0.817429862418059& 0.2749172138912218& 0.5438351038451702& 0.4573849642723645\\
        12 & 150.24061584472656 & 0.009737816639244556 & 0.9305903143222859& 0.09686724027916715& 0.6925022183398598& 0.6188532742121455\\
        13 & 105.1506118774414 & 0.013630633242428303 & 0.9940763536290423& 0.00790203713001907& 0.7871487951359869& 0.7657005014246921\\
        14 & 410.4482421875 & 6.650781154632568 & 0.04341719182747885& 0.6102719491581964& 0.040985471322523816& 0.018460551898397844\\
\hline 
 \end{tabular}}
\begin{center}
     Fonte: Próprio autor.
\end{center}
\end{table}

%--------------------------------------

\begin{table}
    \centering
    \caption{Matriz de resultados do processo de classificação do \alite}\label{tab:rank5}
    {\tiny \begin{tabular}{|c|c|c|c|c|c|c|c|c|}
\hline%Rank 5
        Alternativa &parallel_time[0.67] & energy[0.33] &  TOPSISVector& VIKOR & WPM&TOPSISLinear\\
        0 & 366.7138671875 & 0.010752413421869278 & 0.6914754865644168& 0.5239815155476671& 0.36860798994634875& 0.30750656917342284\\
        1 & 201.35693359375 & 0.01180796604603529 & 0.8640952848002849& 0.1977226854483519& 0.5340545684216402& 0.4302461226983983\\
        2 & 118.6984634399414 & 0.01392142940312624 & 0.9745455913845535& 0.03463274142364034& 0.7207209570534439& 0.7044694314223465\\
        3 & 101.14563751220703 & 0.017794134095311165 & 0.9986100060990657& 5.291431157026E-4& 0.739869407045142& 0.7295254794800052\\
        4 & 304.06146240234375 & 0.008915383368730545 & 0.7492581325547746& 0.40036469897801735& 0.44456031066229185& 0.3764846545510567\\
        5 & 320.434814453125 & 0.011373457498848438 & 0.7332057458458388& 0.43267024335417414& 0.39606905518138164& 0.31149502748093094\\
        6 & 320.434814453125 & 0.011373457498848438 & 0.7332057458458388& 0.43267024335417414& 0.39606905518138164& 0.31149502748093094\\
        7 & 320.434814453125 & 0.011373457498848438 & 0.7332057458458388& 0.43267024335417414& 0.39606905518138164& 0.31149502748093094\\
        8 & 440.7200622558594 & 0.007141296286135912 & 0.6350536565738966& 0.67& 0.3730143331026251& 0.3897073271477401\\
        9 & 440.7200622558594 & 0.007141296286135912 & 0.6350536565738966& 0.67& 0.3730143331026251& 0.3897073271477401\\
        10 & 440.7200622558594 & 0.007141296286135912 & 0.6350536565738966& 0.67& 0.3730143331026251& 0.3897073271477401\\
        11 & 240.48123168945312 & 0.00779337203130126 & 0.817429862418059& 0.2749172138912218& 0.5438351038451702& 0.4573849642723645\\
        12 & 150.24061584472656 & 0.009737816639244556 & 0.9305903143222859& 0.09686724027916715& 0.6925022183398598& 0.6188532742121455\\
        13 & 105.1506118774414 & 0.013630633242428303 & 0.9940763536290423& 0.00790203713001907& 0.7871487951359869& 0.7657005014246921\\
        14 & 410.4482421875 & 6.650781154632568 & 0.04341719182747885& 0.6102719491581964& 0.040985471322523816& 0.018460551898397844\\
\hline 
 \end{tabular}}
\begin{center}
     Fonte: Próprio autor.
\end{center}
\end{table}

%--------------------------------------

\begin{table}
    \centering
    \caption{Matriz de resultados do processo de classificação do \alite}\label{tab:rank6}
    {\tiny \begin{tabular}{|c|c|c|c|c|c|c|c|c|}
\hline%Rank 6
        Alternativa &parallel_time[0.67] & energy[0.33] &  TOPSISVector& VIKOR & WPM&TOPSISLinear\\
        0 & 366.7138671875 & 0.010752413421869278 & 0.6914754865644168& 0.5239815155476671& 0.36860798994634875& 0.30750656917342284\\
        1 & 201.35693359375 & 0.01180796604603529 & 0.8640952848002849& 0.1977226854483519& 0.5340545684216402& 0.4302461226983983\\
        2 & 118.6984634399414 & 0.01392142940312624 & 0.9745455913845535& 0.03463274142364034& 0.7207209570534439& 0.7044694314223465\\
        3 & 101.14563751220703 & 0.017794134095311165 & 0.9986100060990657& 5.291431157026E-4& 0.739869407045142& 0.7295254794800052\\
        4 & 304.06146240234375 & 0.008915383368730545 & 0.7492581325547746& 0.40036469897801735& 0.44456031066229185& 0.3764846545510567\\
        5 & 320.434814453125 & 0.011373457498848438 & 0.7332057458458388& 0.43267024335417414& 0.39606905518138164& 0.31149502748093094\\
        6 & 320.434814453125 & 0.011373457498848438 & 0.7332057458458388& 0.43267024335417414& 0.39606905518138164& 0.31149502748093094\\
        7 & 320.434814453125 & 0.011373457498848438 & 0.7332057458458388& 0.43267024335417414& 0.39606905518138164& 0.31149502748093094\\
        8 & 440.7200622558594 & 0.007141296286135912 & 0.6350536565738966& 0.67& 0.3730143331026251& 0.3897073271477401\\
        9 & 440.7200622558594 & 0.007141296286135912 & 0.6350536565738966& 0.67& 0.3730143331026251& 0.3897073271477401\\
        10 & 440.7200622558594 & 0.007141296286135912 & 0.6350536565738966& 0.67& 0.3730143331026251& 0.3897073271477401\\
        11 & 240.48123168945312 & 0.00779337203130126 & 0.817429862418059& 0.2749172138912218& 0.5438351038451702& 0.4573849642723645\\
        12 & 150.24061584472656 & 0.009737816639244556 & 0.9305903143222859& 0.09686724027916715& 0.6925022183398598& 0.6188532742121455\\
        13 & 105.1506118774414 & 0.013630633242428303 & 0.9940763536290423& 0.00790203713001907& 0.7871487951359869& 0.7657005014246921\\
        14 & 410.4482421875 & 6.650781154632568 & 0.04341719182747885& 0.6102719491581964& 0.040985471322523816& 0.018460551898397844\\
\hline 
 \end{tabular}}
\begin{center}
     Fonte: Próprio autor.
\end{center}
\end{table}

%--------------------------------------

\begin{table}
    \centering
    \caption{Matriz de resultados do processo de classificação do \alite}\label{tab:rank7}
    {\tiny \begin{tabular}{|c|c|c|c|c|c|c|c|c|}
\hline%Rank 7
        Alternativa &parallel_time[0.67] & energy[0.33] &  TOPSISVector& VIKOR & WPM&TOPSISLinear\\
        0 & 366.7138671875 & 0.010752413421869278 & 0.6914754865644168& 0.5239815155476671& 0.36860798994634875& 0.30750656917342284\\
        1 & 201.35693359375 & 0.01180796604603529 & 0.8640952848002849& 0.1977226854483519& 0.5340545684216402& 0.4302461226983983\\
        2 & 118.6984634399414 & 0.01392142940312624 & 0.9745455913845535& 0.03463274142364034& 0.7207209570534439& 0.7044694314223465\\
        3 & 101.14563751220703 & 0.017794134095311165 & 0.9986100060990657& 5.291431157026E-4& 0.739869407045142& 0.7295254794800052\\
        4 & 304.06146240234375 & 0.008915383368730545 & 0.7492581325547746& 0.40036469897801735& 0.44456031066229185& 0.3764846545510567\\
        5 & 320.434814453125 & 0.011373457498848438 & 0.7332057458458388& 0.43267024335417414& 0.39606905518138164& 0.31149502748093094\\
        6 & 320.434814453125 & 0.011373457498848438 & 0.7332057458458388& 0.43267024335417414& 0.39606905518138164& 0.31149502748093094\\
        7 & 320.434814453125 & 0.011373457498848438 & 0.7332057458458388& 0.43267024335417414& 0.39606905518138164& 0.31149502748093094\\
        8 & 440.7200622558594 & 0.007141296286135912 & 0.6350536565738966& 0.67& 0.3730143331026251& 0.3897073271477401\\
        9 & 440.7200622558594 & 0.007141296286135912 & 0.6350536565738966& 0.67& 0.3730143331026251& 0.3897073271477401\\
        10 & 440.7200622558594 & 0.007141296286135912 & 0.6350536565738966& 0.67& 0.3730143331026251& 0.3897073271477401\\
        11 & 240.48123168945312 & 0.00779337203130126 & 0.817429862418059& 0.2749172138912218& 0.5438351038451702& 0.4573849642723645\\
        12 & 150.24061584472656 & 0.009737816639244556 & 0.9305903143222859& 0.09686724027916715& 0.6925022183398598& 0.6188532742121455\\
        13 & 105.1506118774414 & 0.013630633242428303 & 0.9940763536290423& 0.00790203713001907& 0.7871487951359869& 0.7657005014246921\\
        14 & 410.4482421875 & 6.650781154632568 & 0.04341719182747885& 0.6102719491581964& 0.040985471322523816& 0.018460551898397844\\
\hline 
 \end{tabular}}
\begin{center}
     Fonte: Próprio autor.
\end{center}
\end{table}

%--------------------------------------

\begin{table}
    \centering
    \caption{Matriz de resultados do processo de classificação do \alite}\label{tab:rank8}
    {\tiny \begin{tabular}{|c|c|c|c|c|c|c|c|c|}
\hline%Rank 8
        Alternativa &parallel_time[0.67] & energy[0.33] &  TOPSISVector& VIKOR & WPM&TOPSISLinear\\
        0 & 366.7138671875 & 0.010752413421869278 & 0.6914754865644168& 0.5239815155476671& 0.36860798994634875& 0.30750656917342284\\
        1 & 201.35693359375 & 0.01180796604603529 & 0.8640952848002849& 0.1977226854483519& 0.5340545684216402& 0.4302461226983983\\
        2 & 118.6984634399414 & 0.01392142940312624 & 0.9745455913845535& 0.03463274142364034& 0.7207209570534439& 0.7044694314223465\\
        3 & 101.14563751220703 & 0.017794134095311165 & 0.9986100060990657& 5.291431157026E-4& 0.739869407045142& 0.7295254794800052\\
        4 & 304.06146240234375 & 0.008915383368730545 & 0.7492581325547746& 0.40036469897801735& 0.44456031066229185& 0.3764846545510567\\
        5 & 320.434814453125 & 0.011373457498848438 & 0.7332057458458388& 0.43267024335417414& 0.39606905518138164& 0.31149502748093094\\
        6 & 320.434814453125 & 0.011373457498848438 & 0.7332057458458388& 0.43267024335417414& 0.39606905518138164& 0.31149502748093094\\
        7 & 320.434814453125 & 0.011373457498848438 & 0.7332057458458388& 0.43267024335417414& 0.39606905518138164& 0.31149502748093094\\
        8 & 440.7200622558594 & 0.007141296286135912 & 0.6350536565738966& 0.67& 0.3730143331026251& 0.3897073271477401\\
        9 & 440.7200622558594 & 0.007141296286135912 & 0.6350536565738966& 0.67& 0.3730143331026251& 0.3897073271477401\\
        10 & 440.7200622558594 & 0.007141296286135912 & 0.6350536565738966& 0.67& 0.3730143331026251& 0.3897073271477401\\
        11 & 240.48123168945312 & 0.00779337203130126 & 0.817429862418059& 0.2749172138912218& 0.5438351038451702& 0.4573849642723645\\
        12 & 150.24061584472656 & 0.009737816639244556 & 0.9305903143222859& 0.09686724027916715& 0.6925022183398598& 0.6188532742121455\\
        13 & 105.1506118774414 & 0.013630633242428303 & 0.9940763536290423& 0.00790203713001907& 0.7871487951359869& 0.7657005014246921\\
        14 & 410.4482421875 & 6.650781154632568 & 0.04341719182747885& 0.6102719491581964& 0.040985471322523816& 0.018460551898397844\\
\hline 
 \end{tabular}}
\begin{center}
     Fonte: Próprio autor.
\end{center}
\end{table}

%--------------------------------------

\begin{table}
    \centering
    \caption{Matriz de resultados do processo de classificação do \alite}\label{tab:rank9}
    {\tiny \begin{tabular}{|c|c|c|c|c|c|c|c|c|}
\hline%Rank 9
        Alternativa &parallel_time[0.67] & energy[0.33] &  TOPSISVector& VIKOR & WPM&TOPSISLinear\\
        0 & 366.7138671875 & 0.010752413421869278 & 0.6914754865644168& 0.5239815155476671& 0.36860798994634875& 0.30750656917342284\\
        1 & 201.35693359375 & 0.01180796604603529 & 0.8640952848002849& 0.1977226854483519& 0.5340545684216402& 0.4302461226983983\\
        2 & 118.6984634399414 & 0.01392142940312624 & 0.9745455913845535& 0.03463274142364034& 0.7207209570534439& 0.7044694314223465\\
        3 & 101.14563751220703 & 0.017794134095311165 & 0.9986100060990657& 5.291431157026E-4& 0.739869407045142& 0.7295254794800052\\
        4 & 304.06146240234375 & 0.008915383368730545 & 0.7492581325547746& 0.40036469897801735& 0.44456031066229185& 0.3764846545510567\\
        5 & 320.434814453125 & 0.011373457498848438 & 0.7332057458458388& 0.43267024335417414& 0.39606905518138164& 0.31149502748093094\\
        6 & 320.434814453125 & 0.011373457498848438 & 0.7332057458458388& 0.43267024335417414& 0.39606905518138164& 0.31149502748093094\\
        7 & 320.434814453125 & 0.011373457498848438 & 0.7332057458458388& 0.43267024335417414& 0.39606905518138164& 0.31149502748093094\\
        8 & 440.7200622558594 & 0.007141296286135912 & 0.6350536565738966& 0.67& 0.3730143331026251& 0.3897073271477401\\
        9 & 440.7200622558594 & 0.007141296286135912 & 0.6350536565738966& 0.67& 0.3730143331026251& 0.3897073271477401\\
        10 & 440.7200622558594 & 0.007141296286135912 & 0.6350536565738966& 0.67& 0.3730143331026251& 0.3897073271477401\\
        11 & 240.48123168945312 & 0.00779337203130126 & 0.817429862418059& 0.2749172138912218& 0.5438351038451702& 0.4573849642723645\\
        12 & 150.24061584472656 & 0.009737816639244556 & 0.9305903143222859& 0.09686724027916715& 0.6925022183398598& 0.6188532742121455\\
        13 & 105.1506118774414 & 0.013630633242428303 & 0.9940763536290423& 0.00790203713001907& 0.7871487951359869& 0.7657005014246921\\
        14 & 410.4482421875 & 6.650781154632568 & 0.04341719182747885& 0.6102719491581964& 0.040985471322523816& 0.018460551898397844\\
\hline 
 \end{tabular}}
\begin{center}
     Fonte: Próprio autor.
\end{center}
\end{table}

%--------------------------------------

\begin{table}
    \centering
    \caption{Matriz de resultados do processo de classificação do \alite}\label{tab:rank10}
    {\tiny \begin{tabular}{|c|c|c|c|c|c|c|c|c|}
\hline%Rank 10
        Alternativa &parallel_time[0.67] & energy[0.33] &  TOPSISVector& VIKOR & WPM&TOPSISLinear\\
        0 & 366.7138671875 & 0.010752413421869278 & 0.6914754865644168& 0.5239815155476671& 0.36860798994634875& 0.30750656917342284\\
        1 & 201.35693359375 & 0.01180796604603529 & 0.8640952848002849& 0.1977226854483519& 0.5340545684216402& 0.4302461226983983\\
        2 & 118.6984634399414 & 0.01392142940312624 & 0.9745455913845535& 0.03463274142364034& 0.7207209570534439& 0.7044694314223465\\
        3 & 101.14563751220703 & 0.017794134095311165 & 0.9986100060990657& 5.291431157026E-4& 0.739869407045142& 0.7295254794800052\\
        4 & 304.06146240234375 & 0.008915383368730545 & 0.7492581325547746& 0.40036469897801735& 0.44456031066229185& 0.3764846545510567\\
        5 & 320.434814453125 & 0.011373457498848438 & 0.7332057458458388& 0.43267024335417414& 0.39606905518138164& 0.31149502748093094\\
        6 & 320.434814453125 & 0.011373457498848438 & 0.7332057458458388& 0.43267024335417414& 0.39606905518138164& 0.31149502748093094\\
        7 & 320.434814453125 & 0.011373457498848438 & 0.7332057458458388& 0.43267024335417414& 0.39606905518138164& 0.31149502748093094\\
        8 & 440.7200622558594 & 0.007141296286135912 & 0.6350536565738966& 0.67& 0.3730143331026251& 0.3897073271477401\\
        9 & 440.7200622558594 & 0.007141296286135912 & 0.6350536565738966& 0.67& 0.3730143331026251& 0.3897073271477401\\
        10 & 440.7200622558594 & 0.007141296286135912 & 0.6350536565738966& 0.67& 0.3730143331026251& 0.3897073271477401\\
        11 & 240.48123168945312 & 0.00779337203130126 & 0.817429862418059& 0.2749172138912218& 0.5438351038451702& 0.4573849642723645\\
        12 & 150.24061584472656 & 0.009737816639244556 & 0.9305903143222859& 0.09686724027916715& 0.6925022183398598& 0.6188532742121455\\
        13 & 105.1506118774414 & 0.013630633242428303 & 0.9940763536290423& 0.00790203713001907& 0.7871487951359869& 0.7657005014246921\\
        14 & 410.4482421875 & 6.650781154632568 & 0.04341719182747885& 0.6102719491581964& 0.040985471322523816& 0.018460551898397844\\
\hline 
 \end{tabular}}
\begin{center}
     Fonte: Próprio autor.
\end{center}
\end{table}

%--------------------------------------

\begin{table}
    \centering
    \caption{Matriz de resultados do processo de classificação do \alite}\label{tab:rank11}
    {\tiny \begin{tabular}{|c|c|c|c|c|c|c|c|c|}
\hline%Rank 11
        Alternativa &parallel_time[0.67] & energy[0.33] &  TOPSISVector& VIKOR & WPM&TOPSISLinear\\
        0 & 366.7138671875 & 0.010752413421869278 & 0.6914754865644168& 0.5239815155476671& 0.36860798994634875& 0.30750656917342284\\
        1 & 201.35693359375 & 0.01180796604603529 & 0.8640952848002849& 0.1977226854483519& 0.5340545684216402& 0.4302461226983983\\
        2 & 118.6984634399414 & 0.01392142940312624 & 0.9745455913845535& 0.03463274142364034& 0.7207209570534439& 0.7044694314223465\\
        3 & 101.14563751220703 & 0.017794134095311165 & 0.9986100060990657& 5.291431157026E-4& 0.739869407045142& 0.7295254794800052\\
        4 & 304.06146240234375 & 0.008915383368730545 & 0.7492581325547746& 0.40036469897801735& 0.44456031066229185& 0.3764846545510567\\
        5 & 320.434814453125 & 0.011373457498848438 & 0.7332057458458388& 0.43267024335417414& 0.39606905518138164& 0.31149502748093094\\
        6 & 320.434814453125 & 0.011373457498848438 & 0.7332057458458388& 0.43267024335417414& 0.39606905518138164& 0.31149502748093094\\
        7 & 320.434814453125 & 0.011373457498848438 & 0.7332057458458388& 0.43267024335417414& 0.39606905518138164& 0.31149502748093094\\
        8 & 440.7200622558594 & 0.007141296286135912 & 0.6350536565738966& 0.67& 0.3730143331026251& 0.3897073271477401\\
        9 & 440.7200622558594 & 0.007141296286135912 & 0.6350536565738966& 0.67& 0.3730143331026251& 0.3897073271477401\\
        10 & 440.7200622558594 & 0.007141296286135912 & 0.6350536565738966& 0.67& 0.3730143331026251& 0.3897073271477401\\
        11 & 240.48123168945312 & 0.00779337203130126 & 0.817429862418059& 0.2749172138912218& 0.5438351038451702& 0.4573849642723645\\
        12 & 150.24061584472656 & 0.009737816639244556 & 0.9305903143222859& 0.09686724027916715& 0.6925022183398598& 0.6188532742121455\\
        13 & 105.1506118774414 & 0.013630633242428303 & 0.9940763536290423& 0.00790203713001907& 0.7871487951359869& 0.7657005014246921\\
        14 & 410.4482421875 & 6.650781154632568 & 0.04341719182747885& 0.6102719491581964& 0.040985471322523816& 0.018460551898397844\\
\hline 
 \end{tabular}}
\begin{center}
     Fonte: Próprio autor.
\end{center}
\end{table}

%--------------------------------------

\begin{table}
    \centering
    \caption{Matriz de resultados do processo de classificação do \alite}\label{tab:rank12}
    {\tiny \begin{tabular}{|c|c|c|c|c|c|c|c|c|}
\hline%Rank 12
        Alternativa &parallel_time[0.67] & energy[0.33] &  TOPSISVector& VIKOR & WPM&TOPSISLinear\\
        0 & 366.7138671875 & 0.010752413421869278 & 0.6914754865644168& 0.5239815155476671& 0.36860798994634875& 0.30750656917342284\\
        1 & 201.35693359375 & 0.01180796604603529 & 0.8640952848002849& 0.1977226854483519& 0.5340545684216402& 0.4302461226983983\\
        2 & 118.6984634399414 & 0.01392142940312624 & 0.9745455913845535& 0.03463274142364034& 0.7207209570534439& 0.7044694314223465\\
        3 & 101.14563751220703 & 0.017794134095311165 & 0.9986100060990657& 5.291431157026E-4& 0.739869407045142& 0.7295254794800052\\
        4 & 304.06146240234375 & 0.008915383368730545 & 0.7492581325547746& 0.40036469897801735& 0.44456031066229185& 0.3764846545510567\\
        5 & 320.434814453125 & 0.011373457498848438 & 0.7332057458458388& 0.43267024335417414& 0.39606905518138164& 0.31149502748093094\\
        6 & 320.434814453125 & 0.011373457498848438 & 0.7332057458458388& 0.43267024335417414& 0.39606905518138164& 0.31149502748093094\\
        7 & 320.434814453125 & 0.011373457498848438 & 0.7332057458458388& 0.43267024335417414& 0.39606905518138164& 0.31149502748093094\\
        8 & 440.7200622558594 & 0.007141296286135912 & 0.6350536565738966& 0.67& 0.3730143331026251& 0.3897073271477401\\
        9 & 440.7200622558594 & 0.007141296286135912 & 0.6350536565738966& 0.67& 0.3730143331026251& 0.3897073271477401\\
        10 & 440.7200622558594 & 0.007141296286135912 & 0.6350536565738966& 0.67& 0.3730143331026251& 0.3897073271477401\\
        11 & 240.48123168945312 & 0.00779337203130126 & 0.817429862418059& 0.2749172138912218& 0.5438351038451702& 0.4573849642723645\\
        12 & 150.24061584472656 & 0.009737816639244556 & 0.9305903143222859& 0.09686724027916715& 0.6925022183398598& 0.6188532742121455\\
        13 & 105.1506118774414 & 0.013630633242428303 & 0.9940763536290423& 0.00790203713001907& 0.7871487951359869& 0.7657005014246921\\
        14 & 410.4482421875 & 6.650781154632568 & 0.04341719182747885& 0.6102719491581964& 0.040985471322523816& 0.018460551898397844\\
\hline 
 \end{tabular}}
\begin{center}
     Fonte: Próprio autor.
\end{center}
\end{table}

%--------------------------------------

\begin{table}
    \centering
    \caption{Matriz de resultados do processo de classificação do \alite}\label{tab:rank13}
    {\tiny \begin{tabular}{|c|c|c|c|c|c|c|c|c|}
\hline%Rank 13
        Alternativa &parallel_time[0.67] & energy[0.33] &  TOPSISVector& VIKOR & WPM&TOPSISLinear\\
        0 & 366.7138671875 & 0.010752413421869278 & 0.6914754865644168& 0.5239815155476671& 0.36860798994634875& 0.30750656917342284\\
        1 & 201.35693359375 & 0.01180796604603529 & 0.8640952848002849& 0.1977226854483519& 0.5340545684216402& 0.4302461226983983\\
        2 & 118.6984634399414 & 0.01392142940312624 & 0.9745455913845535& 0.03463274142364034& 0.7207209570534439& 0.7044694314223465\\
        3 & 101.14563751220703 & 0.017794134095311165 & 0.9986100060990657& 5.291431157026E-4& 0.739869407045142& 0.7295254794800052\\
        4 & 304.06146240234375 & 0.008915383368730545 & 0.7492581325547746& 0.40036469897801735& 0.44456031066229185& 0.3764846545510567\\
        5 & 320.434814453125 & 0.011373457498848438 & 0.7332057458458388& 0.43267024335417414& 0.39606905518138164& 0.31149502748093094\\
        6 & 320.434814453125 & 0.011373457498848438 & 0.7332057458458388& 0.43267024335417414& 0.39606905518138164& 0.31149502748093094\\
        7 & 320.434814453125 & 0.011373457498848438 & 0.7332057458458388& 0.43267024335417414& 0.39606905518138164& 0.31149502748093094\\
        8 & 440.7200622558594 & 0.007141296286135912 & 0.6350536565738966& 0.67& 0.3730143331026251& 0.3897073271477401\\
        9 & 440.7200622558594 & 0.007141296286135912 & 0.6350536565738966& 0.67& 0.3730143331026251& 0.3897073271477401\\
        10 & 440.7200622558594 & 0.007141296286135912 & 0.6350536565738966& 0.67& 0.3730143331026251& 0.3897073271477401\\
        11 & 240.48123168945312 & 0.00779337203130126 & 0.817429862418059& 0.2749172138912218& 0.5438351038451702& 0.4573849642723645\\
        12 & 150.24061584472656 & 0.009737816639244556 & 0.9305903143222859& 0.09686724027916715& 0.6925022183398598& 0.6188532742121455\\
        13 & 105.1506118774414 & 0.013630633242428303 & 0.9940763536290423& 0.00790203713001907& 0.7871487951359869& 0.7657005014246921\\
        14 & 410.4482421875 & 6.650781154632568 & 0.04341719182747885& 0.6102719491581964& 0.040985471322523816& 0.018460551898397844\\
\hline 
 \end{tabular}}
\begin{center}
     Fonte: Próprio autor.
\end{center}
\end{table}

%--------------------------------------

\begin{table}
    \centering
    \caption{Matriz de resultados do processo de classificação do \alite}\label{tab:rank14}
    {\tiny \begin{tabular}{|c|c|c|c|c|c|c|c|c|}
\hline%Rank 14
        Alternativa &parallel_time[0.67] & energy[0.33] &  TOPSISVector& VIKOR & WPM&TOPSISLinear\\
        0 & 366.7138671875 & 0.010752413421869278 & 0.6914754865644168& 0.5239815155476671& 0.36860798994634875& 0.30750656917342284\\
        1 & 201.35693359375 & 0.01180796604603529 & 0.8640952848002849& 0.1977226854483519& 0.5340545684216402& 0.4302461226983983\\
        2 & 118.6984634399414 & 0.01392142940312624 & 0.9745455913845535& 0.03463274142364034& 0.7207209570534439& 0.7044694314223465\\
        3 & 101.14563751220703 & 0.017794134095311165 & 0.9986100060990657& 5.291431157026E-4& 0.739869407045142& 0.7295254794800052\\
        4 & 304.06146240234375 & 0.008915383368730545 & 0.7492581325547746& 0.40036469897801735& 0.44456031066229185& 0.3764846545510567\\
        5 & 320.434814453125 & 0.011373457498848438 & 0.7332057458458388& 0.43267024335417414& 0.39606905518138164& 0.31149502748093094\\
        6 & 320.434814453125 & 0.011373457498848438 & 0.7332057458458388& 0.43267024335417414& 0.39606905518138164& 0.31149502748093094\\
        7 & 320.434814453125 & 0.011373457498848438 & 0.7332057458458388& 0.43267024335417414& 0.39606905518138164& 0.31149502748093094\\
        8 & 440.7200622558594 & 0.007141296286135912 & 0.6350536565738966& 0.67& 0.3730143331026251& 0.3897073271477401\\
        9 & 440.7200622558594 & 0.007141296286135912 & 0.6350536565738966& 0.67& 0.3730143331026251& 0.3897073271477401\\
        10 & 440.7200622558594 & 0.007141296286135912 & 0.6350536565738966& 0.67& 0.3730143331026251& 0.3897073271477401\\
        11 & 240.48123168945312 & 0.00779337203130126 & 0.817429862418059& 0.2749172138912218& 0.5438351038451702& 0.4573849642723645\\
        12 & 150.24061584472656 & 0.009737816639244556 & 0.9305903143222859& 0.09686724027916715& 0.6925022183398598& 0.6188532742121455\\
        13 & 105.1506118774414 & 0.013630633242428303 & 0.9940763536290423& 0.00790203713001907& 0.7871487951359869& 0.7657005014246921\\
        14 & 410.4482421875 & 6.650781154632568 & 0.04341719182747885& 0.6102719491581964& 0.040985471322523816& 0.018460551898397844\\
\hline 
 \end{tabular}}
\begin{center}
     Fonte: Próprio autor.
\end{center}
\end{table}

%--------------------------------------

\begin{table}
    \centering
    \caption{Matriz de resultados do processo de classificação do \alite}\label{tab:rank15}
    {\tiny \begin{tabular}{|c|c|c|c|c|c|c|c|c|}
\hline%Rank 15
        Alternativa &parallel_time[0.67] & energy[0.33] &  TOPSISVector& VIKOR & WPM&TOPSISLinear\\
        0 & 366.7138671875 & 0.010752413421869278 & 0.6914754865644168& 0.5239815155476671& 0.36860798994634875& 0.30750656917342284\\
        1 & 201.35693359375 & 0.01180796604603529 & 0.8640952848002849& 0.1977226854483519& 0.5340545684216402& 0.4302461226983983\\
        2 & 118.6984634399414 & 0.01392142940312624 & 0.9745455913845535& 0.03463274142364034& 0.7207209570534439& 0.7044694314223465\\
        3 & 101.14563751220703 & 0.017794134095311165 & 0.9986100060990657& 5.291431157026E-4& 0.739869407045142& 0.7295254794800052\\
        4 & 304.06146240234375 & 0.008915383368730545 & 0.7492581325547746& 0.40036469897801735& 0.44456031066229185& 0.3764846545510567\\
        5 & 320.434814453125 & 0.011373457498848438 & 0.7332057458458388& 0.43267024335417414& 0.39606905518138164& 0.31149502748093094\\
        6 & 320.434814453125 & 0.011373457498848438 & 0.7332057458458388& 0.43267024335417414& 0.39606905518138164& 0.31149502748093094\\
        7 & 320.434814453125 & 0.011373457498848438 & 0.7332057458458388& 0.43267024335417414& 0.39606905518138164& 0.31149502748093094\\
        8 & 440.7200622558594 & 0.007141296286135912 & 0.6350536565738966& 0.67& 0.3730143331026251& 0.3897073271477401\\
        9 & 440.7200622558594 & 0.007141296286135912 & 0.6350536565738966& 0.67& 0.3730143331026251& 0.3897073271477401\\
        10 & 440.7200622558594 & 0.007141296286135912 & 0.6350536565738966& 0.67& 0.3730143331026251& 0.3897073271477401\\
        11 & 240.48123168945312 & 0.00779337203130126 & 0.817429862418059& 0.2749172138912218& 0.5438351038451702& 0.4573849642723645\\
        12 & 150.24061584472656 & 0.009737816639244556 & 0.9305903143222859& 0.09686724027916715& 0.6925022183398598& 0.6188532742121455\\
        13 & 105.1506118774414 & 0.013630633242428303 & 0.9940763536290423& 0.00790203713001907& 0.7871487951359869& 0.7657005014246921\\
        14 & 410.4482421875 & 6.650781154632568 & 0.04341719182747885& 0.6102719491581964& 0.040985471322523816& 0.018460551898397844\\
\hline 
 \end{tabular}}
\begin{center}
     Fonte: Próprio autor.
\end{center}
\end{table}

%--------------------------------------

