Decision Matrix of component: rank0[Cost>Energy>Time]

| cost [0.5714](DECREASING) | energy[0.2857](DECREASING) | parallel_time[0.1429](DECREASING) | 

0 & 2.0244808499779716 & 15.206015241802604 & 0.040015829583691064 & 
1 & 2.0057401583408807 & 15.215628449478153 & 0.02002056374931336 & 
2 & 1.9993994350796067 & 15.243605502431672 & 0.010028687830547153 & 
3 & 2.000457560499871 & 15.27721548900363 & 0.006700533109212119 & 
4 & 7.8134178531421234 & 15.20431577321798 & 0.04001135729794205 & 
5 & 492.6751967390728 & 147.2024370860927 & 0.08000132450331125 & 
6 & 5.29041936017067 & 18.41092512886727 & 0.04002375028014624 & 
7 & 5.345572087416332 & 18.41092512886727 & 0.04002375028014624 & 
8 & 5.345572087416332 & 18.41092512886727 & 0.04002375028014624 & 
9 & 5.272622873345936 & 16.801984877126653 & 0.08000945179584121 & 
10 & 5.272622873345936 & 16.801984877126653 & 0.08000945179584121 & 
11 & 5.327909404536862 & 16.801984877126653 & 0.08000945179584121 & 
12 & 5.289692708583257 & 16.807666229932728 & 0.040018252928411255 & 
13 & 5.275736812202496 & 16.826973019281663 & 0.020032110737240077 & 
14 & 5.282049089141392 & 16.879151328743266 & 0.010047113886156705 & 
15 & 15.246559308668806 & 48.81353602299746 & 2.3244540963332123E-4 & 

----------------------------------------
library(MCDM)
d<-matrix(c(2.0244808499779716, 2.0057401583408807, 1.9993994350796067, 2.000457560499871, 7.8134178531421234, 492.6751967390728, 5.29041936017067, 5.345572087416332, 5.345572087416332, 5.272622873345936, 5.272622873345936, 5.327909404536862, 5.289692708583257, 5.275736812202496, 5.282049089141392, 15.246559308668806, 15.206015241802604, 15.215628449478153, 15.243605502431672, 15.27721548900363, 15.20431577321798, 147.2024370860927, 18.41092512886727, 18.41092512886727, 18.41092512886727, 16.801984877126653, 16.801984877126653, 16.801984877126653, 16.807666229932728, 16.826973019281663, 16.879151328743266, 48.81353602299746, 0.040015829583691064, 0.02002056374931336, 0.010028687830547153, 0.006700533109212119, 0.04001135729794205, 0.08000132450331125, 0.04002375028014624, 0.04002375028014624, 0.04002375028014624, 0.08000945179584121, 0.08000945179584121, 0.08000945179584121, 0.040018252928411255, 0.020032110737240077, 0.010047113886156705, 2.3244540963332123E-4),nrow = 16,ncol = 3)
w <- c(0.5714, 0.2857, 0.1429)
cb <- c('min', 'min', 'min')
TOPSISVector(d, w, cb)

   Alternatives            R Ranking
1             1 9.535087e-01       6
2             2 9.763573e-01       4
3             3 9.881648e-01       2
4             4 9.921543e-01       1
5             5 9.519358e-01      11
6             6 9.924733e-06      16
7             7 9.519938e-01       8
8             8 9.519773e-01       9
9             9 9.519773e-01      10
10           10 9.099862e-01      12
11           11 9.099862e-01      13
12           12 9.099726e-01      14
13           13 9.526283e-01       7
14           14 9.750369e-01       5
15           15 9.858105e-01       3
16           16 9.071664e-01      15
----------------------------------------
library(MCDM)
d<-matrix(c(2.0244808499779716, 2.0057401583408807, 1.9993994350796067, 2.000457560499871, 7.8134178531421234, 492.6751967390728, 5.29041936017067, 5.345572087416332, 5.345572087416332, 5.272622873345936, 5.272622873345936, 5.327909404536862, 5.289692708583257, 5.275736812202496, 5.282049089141392, 15.246559308668806, 15.206015241802604, 15.215628449478153, 15.243605502431672, 15.27721548900363, 15.20431577321798, 147.2024370860927, 18.41092512886727, 18.41092512886727, 18.41092512886727, 16.801984877126653, 16.801984877126653, 16.801984877126653, 16.807666229932728, 16.826973019281663, 16.879151328743266, 48.81353602299746, 0.040015829583691064, 0.02002056374931336, 0.010028687830547153, 0.006700533109212119, 0.04001135729794205, 0.08000132450331125, 0.04002375028014624, 0.04002375028014624, 0.04002375028014624, 0.08000945179584121, 0.08000945179584121, 0.08000945179584121, 0.040018252928411255, 0.020032110737240077, 0.010047113886156705, 2.3244540963332123E-4),nrow = 16,ncol = 3)
w <- c(0.5714, 0.2857, 0.1429)
cb <- c('min', 'min', 'min')
v<-0.5
VIKOR(d, w, cb, v)

   Alternatives          S          R           Q Ranking
1             1 0.07129459 0.07126171 0.083428783       6
2             2 0.03547720 0.03544533 0.033317451       4
3             3 0.01763249 0.01754745 0.008303372       2
4             4 0.01174493 0.01158592 0.000000000       1
5             5 0.07802421 0.07125370 0.086826478       7
6             6 0.99998544 0.57140000 1.000000000      16
7             7 0.08204881 0.07127589 0.088882545       9
8             8 0.08211303 0.07127589 0.088915041      10
9             9 0.08211303 0.07127589 0.088915041      11
10           10 0.15016976 0.14290000 0.187319654      13
11           11 0.15016976 0.14290000 0.187319654      14
12           12 0.15023414 0.14290000 0.187352228      15
13           13 0.07856798 0.07126605 0.087112627       8
14           14 0.04279348 0.03546601 0.037037596       5
15           15 0.02502821 0.01758046 0.012074714       3
16           16 0.08817116 0.07274463 0.093291955      12
----------------------------------------
library(MCDM)
d<-matrix(c(2.0244808499779716, 2.0057401583408807, 1.9993994350796067, 2.000457560499871, 7.8134178531421234, 492.6751967390728, 5.29041936017067, 5.345572087416332, 5.345572087416332, 5.272622873345936, 5.272622873345936, 5.327909404536862, 5.289692708583257, 5.275736812202496, 5.282049089141392, 15.246559308668806, 15.206015241802604, 15.215628449478153, 15.243605502431672, 15.27721548900363, 15.20431577321798, 147.2024370860927, 18.41092512886727, 18.41092512886727, 18.41092512886727, 16.801984877126653, 16.801984877126653, 16.801984877126653, 16.807666229932728, 16.826973019281663, 16.879151328743266, 48.81353602299746, 0.040015829583691064, 0.02002056374931336, 0.010028687830547153, 0.006700533109212119, 0.04001135729794205, 0.08000132450331125, 0.04002375028014624, 0.04002375028014624, 0.04002375028014624, 0.08000945179584121, 0.08000945179584121, 0.08000945179584121, 0.040018252928411255, 0.020032110737240077, 0.010047113886156705, 2.3244540963332123E-4),nrow = 16,ncol = 3)
w <- c(0.5714, 0.2857, 0.1429)
cb <- c('min', 'min', 'min')
v<-0.0
WASPAS(d, w, cb, v)

   Alternatives       WSM         WPM           Q Ranking
1             1 0.8508190 0.475752249 0.475752249       4
2             2 0.8567403 0.527944517 0.527944517       3
3             3 0.8596758 0.583511292 0.583511292       2
4             4 0.8603917 0.617549044 0.617549044       1
5             5 0.4327475 0.219917561 0.219917561      15
6             6 0.0322436 0.009754705 0.009754705      16
7             7 0.4527181 0.260173860 0.260173860       8
8             8 0.4504901 0.258636624 0.258636624       9
9             9 0.4504901 0.258636624 0.258636624      10
10           10 0.4756256 0.242358772 0.242358772      11
11           11 0.4756256 0.242358772 0.242358772      12
12           12 0.4733772 0.240918545 0.240918545      13
13           13 0.4752539 0.267061268 0.267061268       7
14           14 0.4763568 0.295168481 0.295168481       6
15           15 0.4769479 0.325247624 0.325247624       5
16           16 0.3068212 0.224461366 0.224461366      14
----------------------------------------
library(MCDM)
d<-matrix(c(2.0244808499779716, 2.0057401583408807, 1.9993994350796067, 2.000457560499871, 7.8134178531421234, 492.6751967390728, 5.29041936017067, 5.345572087416332, 5.345572087416332, 5.272622873345936, 5.272622873345936, 5.327909404536862, 5.289692708583257, 5.275736812202496, 5.282049089141392, 15.246559308668806, 15.206015241802604, 15.215628449478153, 15.243605502431672, 15.27721548900363, 15.20431577321798, 147.2024370860927, 18.41092512886727, 18.41092512886727, 18.41092512886727, 16.801984877126653, 16.801984877126653, 16.801984877126653, 16.807666229932728, 16.826973019281663, 16.879151328743266, 48.81353602299746, 0.040015829583691064, 0.02002056374931336, 0.010028687830547153, 0.006700533109212119, 0.04001135729794205, 0.08000132450331125, 0.04002375028014624, 0.04002375028014624, 0.04002375028014624, 0.08000945179584121, 0.08000945179584121, 0.08000945179584121, 0.040018252928411255, 0.020032110737240077, 0.010047113886156705, 2.3244540963332123E-4),nrow = 16,ncol = 3)
w <- c(0.5714, 0.2857, 0.1429)
cb <- c('min', 'min', 'min')
TOPSISLinear(d, w, cb)

   Alternatives            R Ranking
1             1 8.128028e-01       4
2             2 8.150196e-01       3
3             3 8.171433e-01       2
4             4 8.187783e-01       1
5             5 3.959392e-01      14
6             6 6.588409e-08      16
7             7 4.348969e-01      11
8             8 4.322697e-01      12
9             9 4.322697e-01      13
10           10 4.501064e-01       5
11           11 4.501064e-01       6
12           12 4.475548e-01      10
13           13 4.493568e-01       9
14           14 4.500213e-01       7
15           15 4.496277e-01       8
16           16 2.421423e-01      15

----------------------------------------

Decision Matrix of component: rank1[Cost>Time>Energy]

| cost [0.5714](DECREASING) | parallel_time[0.2857](DECREASING) | energy[0.1429](DECREASING) | 

0 & 2.0244808499779716 & 0.040015829583691064 & 15.206015241802604 & 
1 & 2.0057401583408807 & 0.02002056374931336 & 15.215628449478153 & 
2 & 1.9993994350796067 & 0.010028687830547153 & 15.243605502431672 & 
3 & 2.000457560499871 & 0.006700533109212119 & 15.27721548900363 & 
4 & 7.8134178531421234 & 0.04001135729794205 & 15.20431577321798 & 
5 & 492.6751967390728 & 0.08000132450331125 & 147.2024370860927 & 
6 & 5.29041936017067 & 0.04002375028014624 & 18.41092512886727 & 
7 & 5.345572087416332 & 0.04002375028014624 & 18.41092512886727 & 
8 & 5.345572087416332 & 0.04002375028014624 & 18.41092512886727 & 
9 & 5.272622873345936 & 0.08000945179584121 & 16.801984877126653 & 
10 & 5.272622873345936 & 0.08000945179584121 & 16.801984877126653 & 
11 & 5.327909404536862 & 0.08000945179584121 & 16.801984877126653 & 
12 & 5.289692708583257 & 0.040018252928411255 & 16.807666229932728 & 
13 & 5.275736812202496 & 0.020032110737240077 & 16.826973019281663 & 
14 & 5.282049089141392 & 0.010047113886156705 & 16.879151328743266 & 
15 & 15.246559308668806 & 2.3244540963332123E-4 & 48.81353602299746 & 

----------------------------------------
library(MCDM)
d<-matrix(c(2.0244808499779716, 2.0057401583408807, 1.9993994350796067, 2.000457560499871, 7.8134178531421234, 492.6751967390728, 5.29041936017067, 5.345572087416332, 5.345572087416332, 5.272622873345936, 5.272622873345936, 5.327909404536862, 5.289692708583257, 5.275736812202496, 5.282049089141392, 15.246559308668806, 0.040015829583691064, 0.02002056374931336, 0.010028687830547153, 0.006700533109212119, 0.04001135729794205, 0.08000132450331125, 0.04002375028014624, 0.04002375028014624, 0.04002375028014624, 0.08000945179584121, 0.08000945179584121, 0.08000945179584121, 0.040018252928411255, 0.020032110737240077, 0.010047113886156705, 2.3244540963332123E-4, 15.206015241802604, 15.215628449478153, 15.243605502431672, 15.27721548900363, 15.20431577321798, 147.2024370860927, 18.41092512886727, 18.41092512886727, 18.41092512886727, 16.801984877126653, 16.801984877126653, 16.801984877126653, 16.807666229932728, 16.826973019281663, 16.879151328743266, 48.81353602299746),nrow = 16,ncol = 3)
w <- c(0.5714, 0.2857, 0.1429)
cb <- c('min', 'min', 'min')
TOPSISVector(d, w, cb)

   Alternatives            R Ranking
1             1 0.9070693978       7
2             2 0.9518163511       4
3             3 0.9756522905       2
4             4 0.9838141961       1
5             5 0.9055833244      12
6             6 0.0000206053      16
7             7 0.9061759872       9
8             8 0.9061609939      10
9             9 0.9061609939      11
10           10 0.8277594927      13
11           11 0.8277594927      14
12           12 0.8277414913      15
13           13 0.9062934361       8
14           14 0.9510543787       5
15           15 0.9745529323       3
16           16 0.9461189769       6
----------------------------------------
library(MCDM)
d<-matrix(c(2.0244808499779716, 2.0057401583408807, 1.9993994350796067, 2.000457560499871, 7.8134178531421234, 492.6751967390728, 5.29041936017067, 5.345572087416332, 5.345572087416332, 5.272622873345936, 5.272622873345936, 5.327909404536862, 5.289692708583257, 5.275736812202496, 5.282049089141392, 15.246559308668806, 0.040015829583691064, 0.02002056374931336, 0.010028687830547153, 0.006700533109212119, 0.04001135729794205, 0.08000132450331125, 0.04002375028014624, 0.04002375028014624, 0.04002375028014624, 0.08000945179584121, 0.08000945179584121, 0.08000945179584121, 0.040018252928411255, 0.020032110737240077, 0.010047113886156705, 2.3244540963332123E-4, 15.206015241802604, 15.215628449478153, 15.243605502431672, 15.27721548900363, 15.20431577321798, 147.2024370860927, 18.41092512886727, 18.41092512886727, 18.41092512886727, 16.801984877126653, 16.801984877126653, 16.801984877126653, 16.807666229932728, 16.826973019281663, 16.879151328743266, 48.81353602299746),nrow = 16,ncol = 3)
w <- c(0.5714, 0.2857, 0.1429)
cb <- c('min', 'min', 'min')
v<-0.5
VIKOR(d, w, cb, v)

   Alternatives          S          R          Q Ranking
1             1 0.14250459 0.14247354 0.16986361       7
2             2 0.07088548 0.07086585 0.06789347       5
3             3 0.03512516 0.03508262 0.01695241       2
4             4 0.02324388 0.02316373 0.00000000       1
5             5 0.14922805 0.14245753 0.17329083       9
6             6 0.99997089 0.57140000 1.00000000      16
7             7 0.14980580 0.14250191 0.17362707      10
8             8 0.14987003 0.14250191 0.17365995      11
9             9 0.14987003 0.14250191 0.17365995      12
10           10 0.29124134 0.28570000 0.37662875      13
11           11 0.29124134 0.28570000 0.37662875      14
12           12 0.29130573 0.28570000 0.37666171      15
13           13 0.14804960 0.14248222 0.17271009       8
14           14 0.07647923 0.07090720 0.07079470       6
15           15 0.04078447 0.03514861 0.01990967       3
16           16 0.05181158 0.03638504 0.02668225       4
----------------------------------------
library(MCDM)
d<-matrix(c(2.0244808499779716, 2.0057401583408807, 1.9993994350796067, 2.000457560499871, 7.8134178531421234, 492.6751967390728, 5.29041936017067, 5.345572087416332, 5.345572087416332, 5.272622873345936, 5.272622873345936, 5.327909404536862, 5.289692708583257, 5.275736812202496, 5.282049089141392, 15.246559308668806, 0.040015829583691064, 0.02002056374931336, 0.010028687830547153, 0.006700533109212119, 0.04001135729794205, 0.08000132450331125, 0.04002375028014624, 0.04002375028014624, 0.04002375028014624, 0.08000945179584121, 0.08000945179584121, 0.08000945179584121, 0.040018252928411255, 0.020032110737240077, 0.010047113886156705, 2.3244540963332123E-4, 15.206015241802604, 15.215628449478153, 15.243605502431672, 15.27721548900363, 15.20431577321798, 147.2024370860927, 18.41092512886727, 18.41092512886727, 18.41092512886727, 16.801984877126653, 16.801984877126653, 16.801984877126653, 16.807666229932728, 16.826973019281663, 16.879151328743266, 48.81353602299746),nrow = 16,ncol = 3)
w <- c(0.5714, 0.2857, 0.1429)
cb <- c('min', 'min', 'min')
v<-0.0
WASPAS(d, w, cb, v)

   Alternatives        WSM         WPM           Q Ranking
1             1 0.70886450 0.228086569 0.228086569       5
2             2 0.71570447 0.279443640 0.279443640       3
3             3 0.72055365 0.340990511 0.340990511       2
4             4 0.72322697 0.382393335 0.382393335       1
5             5 0.29077707 0.105433536 0.105433536      15
6             6 0.01790891 0.005858088 0.005858088      16
7             7 0.33561879 0.128183240 0.128183240       9
8             8 0.33339075 0.127425870 0.127425870      10
9             9 0.33339075 0.127425870 0.127425870      11
10           10 0.34681907 0.106757261 0.106757261      12
11           11 0.34681907 0.106757261 0.106757261      13
12           12 0.34457066 0.106122852 0.106122852      14
13           13 0.34690560 0.129878322 0.129878322       8
14           14 0.34898429 0.158483052 0.158483052       7
15           15 0.35162102 0.192803122 0.192803122       6
16           16 0.40514224 0.265143070 0.265143070       4
----------------------------------------
library(MCDM)
d<-matrix(c(2.0244808499779716, 2.0057401583408807, 1.9993994350796067, 2.000457560499871, 7.8134178531421234, 492.6751967390728, 5.29041936017067, 5.345572087416332, 5.345572087416332, 5.272622873345936, 5.272622873345936, 5.327909404536862, 5.289692708583257, 5.275736812202496, 5.282049089141392, 15.246559308668806, 0.040015829583691064, 0.02002056374931336, 0.010028687830547153, 0.006700533109212119, 0.04001135729794205, 0.08000132450331125, 0.04002375028014624, 0.04002375028014624, 0.04002375028014624, 0.08000945179584121, 0.08000945179584121, 0.08000945179584121, 0.040018252928411255, 0.020032110737240077, 0.010047113886156705, 2.3244540963332123E-4, 15.206015241802604, 15.215628449478153, 15.243605502431672, 15.27721548900363, 15.20431577321798, 147.2024370860927, 18.41092512886727, 18.41092512886727, 18.41092512886727, 16.801984877126653, 16.801984877126653, 16.801984877126653, 16.807666229932728, 16.826973019281663, 16.879151328743266, 48.81353602299746),nrow = 16,ncol = 3)
w <- c(0.5714, 0.2857, 0.1429)
cb <- c('min', 'min', 'min')
TOPSISLinear(d, w, cb)

   Alternatives            R Ranking
1             1 6.698294e-01       4
2             2 6.731377e-01       3
3             3 6.763768e-01       2
4             4 6.788457e-01       1
5             5 2.736936e-01      15
6             6 1.298910e-07      16
7             7 3.424095e-01      12
8             8 3.396469e-01      13
9             9 3.396469e-01      14
10           10 3.481049e-01       8
11           11 3.481049e-01       9
12           12 3.453800e-01      11
13           13 3.474967e-01      10
14           14 3.486489e-01       7
15           15 3.492289e-01       6
16           16 3.686115e-01       5

----------------------------------------
Decision Matrix of component: rank2[Energy>Time>Cost] 

| energy[0.5714](DECREASING) | parallel_time[0.2857](DECREASING) | cost [0.1429](DECREASING) | 

0 & 15.206015241802604 & 0.040015829583691064 & 2.0244808499779716 & 
1 & 15.215628449478153 & 0.02002056374931336 & 2.0057401583408807 & 
2 & 15.243605502431672 & 0.010028687830547153 & 1.9993994350796067 & 
3 & 15.27721548900363 & 0.006700533109212119 & 2.000457560499871 & 
4 & 15.20431577321798 & 0.04001135729794205 & 7.8134178531421234 & 
5 & 147.2024370860927 & 0.08000132450331125 & 492.6751967390728 & 
6 & 18.41092512886727 & 0.04002375028014624 & 5.29041936017067 & 
7 & 18.41092512886727 & 0.04002375028014624 & 5.345572087416332 & 
8 & 18.41092512886727 & 0.04002375028014624 & 5.345572087416332 & 
9 & 16.801984877126653 & 0.08000945179584121 & 5.272622873345936 & 
10 & 16.801984877126653 & 0.08000945179584121 & 5.272622873345936 & 
11 & 16.801984877126653 & 0.08000945179584121 & 5.327909404536862 & 
12 & 16.807666229932728 & 0.040018252928411255 & 5.289692708583257 & 
13 & 16.826973019281663 & 0.020032110737240077 & 5.275736812202496 & 
14 & 16.879151328743266 & 0.010047113886156705 & 5.282049089141392 & 
15 & 48.81353602299746 & 2.3244540963332123E-4 & 15.246559308668806 & 

----------------------------------------
library(MCDM)
d<-matrix(c(15.206015241802604, 15.215628449478153, 15.243605502431672, 15.27721548900363, 15.20431577321798, 147.2024370860927, 18.41092512886727, 18.41092512886727, 18.41092512886727, 16.801984877126653, 16.801984877126653, 16.801984877126653, 16.807666229932728, 16.826973019281663, 16.879151328743266, 48.81353602299746, 0.040015829583691064, 0.02002056374931336, 0.010028687830547153, 0.006700533109212119, 0.04001135729794205, 0.08000132450331125, 0.04002375028014624, 0.04002375028014624, 0.04002375028014624, 0.08000945179584121, 0.08000945179584121, 0.08000945179584121, 0.040018252928411255, 0.020032110737240077, 0.010047113886156705, 2.3244540963332123E-4, 2.0244808499779716, 2.0057401583408807, 1.9993994350796067, 2.000457560499871, 7.8134178531421234, 492.6751967390728, 5.29041936017067, 5.345572087416332, 5.345572087416332, 5.272622873345936, 5.272622873345936, 5.327909404536862, 5.289692708583257, 5.275736812202496, 5.282049089141392, 15.246559308668806),nrow = 16,ncol = 3)
w <- c(0.5714, 0.2857, 0.1429)
cb <- c('min', 'min', 'min')
TOPSISVector(d, w, cb)

   Alternatives            R Ranking
1             1 8.887823e-01       6
2             2 9.419399e-01       4
3             3 9.705618e-01       2
4             4 9.804008e-01       1
5             5 8.886522e-01       7
6             6 2.498072e-05      16
7             7 8.848195e-01       9
8             8 8.848180e-01      10
9             9 8.848180e-01      11
10           10 7.960627e-01      12
11           11 7.960627e-01      13
12           12 7.960609e-01      14
13           13 8.872001e-01       8
14           14 9.403004e-01       5
15           15 9.680192e-01       3
16           16 7.690689e-01      15
----------------------------------------
library(MCDM)
d<-matrix(c(15.206015241802604, 15.215628449478153, 15.243605502431672, 15.27721548900363, 15.20431577321798, 147.2024370860927, 18.41092512886727, 18.41092512886727, 18.41092512886727, 16.801984877126653, 16.801984877126653, 16.801984877126653, 16.807666229932728, 16.826973019281663, 16.879151328743266, 48.81353602299746, 0.040015829583691064, 0.02002056374931336, 0.010028687830547153, 0.006700533109212119, 0.04001135729794205, 0.08000132450331125, 0.04002375028014624, 0.04002375028014624, 0.04002375028014624, 0.08000945179584121, 0.08000945179584121, 0.08000945179584121, 0.040018252928411255, 0.020032110737240077, 0.010047113886156705, 2.3244540963332123E-4, 2.0244808499779716, 2.0057401583408807, 1.9993994350796067, 2.000457560499871, 7.8134178531421234, 492.6751967390728, 5.29041936017067, 5.345572087416332, 5.345572087416332, 5.272622873345936, 5.272622873345936, 5.327909404536862, 5.289692708583257, 5.275736812202496, 5.282049089141392, 15.246559308668806),nrow = 16,ncol = 3)
w <- c(0.5714, 0.2857, 0.1429)
cb <- c('min', 'min', 'min')
v<-0.5
VIKOR(d, w, cb, v)

   Alternatives          S          R          Q Ranking
1             1 0.14248821 0.14247354 0.16974926       6
2             2 0.07091667 0.07086585 0.06779463       4
3             3 0.03525270 0.03508262 0.01689848       2
4             4 0.02347961 0.02316373 0.00000000       1
5             5 0.14415075 0.14245753 0.17058593       7
6             6 0.99997089 0.57140000 1.00000000      16
7             7 0.15734129 0.14250191 0.17738046      10
8             8 0.15735735 0.14250191 0.17738868      11
9             9 0.15735735 0.14250191 0.17738868      12
10           10 0.29356933 0.28570000 0.37773319      13
11           11 0.29356933 0.28570000 0.37773319      14
12           12 0.29358543 0.28570000 0.37774143      15
13           13 0.15038112 0.14248222 0.17379864       8
14           14 0.07888561 0.07090720 0.07191274       5
15           15 0.04335473 0.03514861 0.02110721       3
16           16 0.14934724 0.14548926 0.17601171       9
----------------------------------------
library(MCDM)
d<-matrix(c(15.206015241802604, 15.215628449478153, 15.243605502431672, 15.27721548900363, 15.20431577321798, 147.2024370860927, 18.41092512886727, 18.41092512886727, 18.41092512886727, 16.801984877126653, 16.801984877126653, 16.801984877126653, 16.807666229932728, 16.826973019281663, 16.879151328743266, 48.81353602299746, 0.040015829583691064, 0.02002056374931336, 0.010028687830547153, 0.006700533109212119, 0.04001135729794205, 0.08000132450331125, 0.04002375028014624, 0.04002375028014624, 0.04002375028014624, 0.08000945179584121, 0.08000945179584121, 0.08000945179584121, 0.040018252928411255, 0.020032110737240077, 0.010047113886156705, 2.3244540963332123E-4, 2.0244808499779716, 2.0057401583408807, 1.9993994350796067, 2.000457560499871, 7.8134178531421234, 492.6751967390728, 5.29041936017067, 5.345572087416332, 5.345572087416332, 5.272622873345936, 5.272622873345936, 5.327909404536862, 5.289692708583257, 5.275736812202496, 5.282049089141392, 15.246559308668806),nrow = 16,ncol = 3)
w <- c(0.5714, 0.2857, 0.1429)
cb <- c('min', 'min', 'min')
v<-0.0
WASPAS(d, w, cb, v)

   Alternatives        WSM       WPM         Q Ranking
1             1 0.71412533 0.2292973 0.2292973       7
2             2 0.71674049 0.2797339 0.2797339       4
3             3 0.71944921 0.3406136 0.3406136       3
4             4 0.72140891 0.3816969 0.3816969       2
5             5 0.60962689 0.1890713 0.1890713       8
6             6 0.06042907 0.0234479 0.0234479      16
7             7 0.52754515 0.1791840 0.1791840      10
8             8 0.52698794 0.1789186 0.1789186      11
9             9 0.52698794 0.1789186 0.1789186      12
10           10 0.57208492 0.1549731 0.1549731      13
11           11 0.57208492 0.1549731 0.1549731      14
12           12 0.57152262 0.1547422 0.1547422      15
13           13 0.57256473 0.1887705 0.1887705       9
14           14 0.57377022 0.2299720 0.2299720       6
15           15 0.57540414 0.2795455 0.2795455       5
16           16 0.48241780 0.3841203 0.3841203       1
----------------------------------------
library(MCDM)
d<-matrix(c(15.206015241802604, 15.215628449478153, 15.243605502431672, 15.27721548900363, 15.20431577321798, 147.2024370860927, 18.41092512886727, 18.41092512886727, 18.41092512886727, 16.801984877126653, 16.801984877126653, 16.801984877126653, 16.807666229932728, 16.826973019281663, 16.879151328743266, 48.81353602299746, 0.040015829583691064, 0.02002056374931336, 0.010028687830547153, 0.006700533109212119, 0.04001135729794205, 0.08000132450331125, 0.04002375028014624, 0.04002375028014624, 0.04002375028014624, 0.08000945179584121, 0.08000945179584121, 0.08000945179584121, 0.040018252928411255, 0.020032110737240077, 0.010047113886156705, 2.3244540963332123E-4, 2.0244808499779716, 2.0057401583408807, 1.9993994350796067, 2.000457560499871, 7.8134178531421234, 492.6751967390728, 5.29041936017067, 5.345572087416332, 5.345572087416332, 5.272622873345936, 5.272622873345936, 5.327909404536862, 5.289692708583257, 5.275736812202496, 5.282049089141392, 15.246559308668806),nrow = 16,ncol = 3)
w <- c(0.5714, 0.2857, 0.1429)
cb <- c('min', 'min', 'min')
TOPSISLinear(d, w, cb)


   Alternatives            R Ranking
1             1 6.516027e-01       4
2             2 6.529373e-01       3
3             3 6.552305e-01       2
4             4 6.573937e-01       1
5             5 6.287451e-01       5
6             6 1.397731e-07      16
7             7 5.701795e-01      12
8             8 5.700140e-01      13
9             9 5.700140e-01      14
10           10 6.032802e-01       9
11           11 6.032802e-01      10
12           12 6.031163e-01      11
13           13 6.037299e-01       8
14           14 6.046147e-01       7
15           15 6.060099e-01       6
16           16 4.284389e-01      15
----------------------------------------
Decision Matrix of component: rank3[Energy>Cost>Time] 

| energy[0.5714](DECREASING) | cost [0.2857](DECREASING) | parallel_time[0.1429](DECREASING) | 

0 & 15.206015241802604 & 2.0244808499779716 & 0.040015829583691064 & 
1 & 15.215628449478153 & 2.0057401583408807 & 0.02002056374931336 & 
2 & 15.243605502431672 & 1.9993994350796067 & 0.010028687830547153 & 
3 & 15.27721548900363 & 2.000457560499871 & 0.006700533109212119 & 
4 & 15.20431577321798 & 7.8134178531421234 & 0.04001135729794205 & 
5 & 147.2024370860927 & 492.6751967390728 & 0.08000132450331125 & 
6 & 18.41092512886727 & 5.29041936017067 & 0.04002375028014624 & 
7 & 18.41092512886727 & 5.345572087416332 & 0.04002375028014624 & 
8 & 18.41092512886727 & 5.345572087416332 & 0.04002375028014624 & 
9 & 16.801984877126653 & 5.272622873345936 & 0.08000945179584121 & 
10 & 16.801984877126653 & 5.272622873345936 & 0.08000945179584121 & 
11 & 16.801984877126653 & 5.327909404536862 & 0.08000945179584121 & 
12 & 16.807666229932728 & 5.289692708583257 & 0.040018252928411255 & 
13 & 16.826973019281663 & 5.275736812202496 & 0.020032110737240077 & 
14 & 16.879151328743266 & 5.282049089141392 & 0.010047113886156705 & 
15 & 48.81353602299746 & 15.246559308668806 & 2.3244540963332123E-4 & 

----------------------------------------
library(MCDM)
d<-matrix(c(15.206015241802604, 15.215628449478153, 15.243605502431672, 15.27721548900363, 15.20431577321798, 147.2024370860927, 18.41092512886727, 18.41092512886727, 18.41092512886727, 16.801984877126653, 16.801984877126653, 16.801984877126653, 16.807666229932728, 16.826973019281663, 16.879151328743266, 48.81353602299746, 2.0244808499779716, 2.0057401583408807, 1.9993994350796067, 2.000457560499871, 7.8134178531421234, 492.6751967390728, 5.29041936017067, 5.345572087416332, 5.345572087416332, 5.272622873345936, 5.272622873345936, 5.327909404536862, 5.289692708583257, 5.275736812202496, 5.282049089141392, 15.246559308668806, 0.040015829583691064, 0.02002056374931336, 0.010028687830547153, 0.006700533109212119, 0.04001135729794205, 0.08000132450331125, 0.04002375028014624, 0.04002375028014624, 0.04002375028014624, 0.08000945179584121, 0.08000945179584121, 0.08000945179584121, 0.040018252928411255, 0.020032110737240077, 0.010047113886156705, 2.3244540963332123E-4),nrow = 16,ncol = 3)
w <- c(0.5714, 0.2857, 0.1429)
cb <- c('min', 'min', 'min')
TOPSISVector(d, w, cb)

   Alternatives           R Ranking
1             1 0.947072791       6
2             2 0.973005336       4
3             3 0.986464315       2
4             4 0.991013925       1
5             5 0.946592953       7
6             6 0.000011363      16
7             7 0.942667975       9
8             8 0.942662931      10
9             9 0.942662931      11
10           10 0.897693733      12
11           11 0.897693733      13
12           12 0.897689197      14
13           13 0.945589483       8
14           14 0.970721253       5
15           15 0.982356255       3
16           16 0.792386552      15
----------------------------------------
library(MCDM)
d<-matrix(c(15.206015241802604, 15.215628449478153, 15.243605502431672, 15.27721548900363, 15.20431577321798, 147.2024370860927, 18.41092512886727, 18.41092512886727, 18.41092512886727, 16.801984877126653, 16.801984877126653, 16.801984877126653, 16.807666229932728, 16.826973019281663, 16.879151328743266, 48.81353602299746, 2.0244808499779716, 2.0057401583408807, 1.9993994350796067, 2.000457560499871, 7.8134178531421234, 492.6751967390728, 5.29041936017067, 5.345572087416332, 5.345572087416332, 5.272622873345936, 5.272622873345936, 5.327909404536862, 5.289692708583257, 5.275736812202496, 5.282049089141392, 15.246559308668806, 0.040015829583691064, 0.02002056374931336, 0.010028687830547153, 0.006700533109212119, 0.04001135729794205, 0.08000132450331125, 0.04002375028014624, 0.04002375028014624, 0.04002375028014624, 0.08000945179584121, 0.08000945179584121, 0.08000945179584121, 0.040018252928411255, 0.020032110737240077, 0.010047113886156705, 2.3244540963332123E-4),nrow = 16,ncol = 3)
w <- c(0.5714, 0.2857, 0.1429)
cb <- c('min', 'min', 'min')
v<-0.5
VIKOR(d, w, cb, v)

   Alternatives          S          R           Q Ranking
1             1 0.07128367 0.07126171 0.083348514       6
2             2 0.03549799 0.03544533 0.033250351       4
3             3 0.01771753 0.01754745 0.008267346       2
4             4 0.01190210 0.01158592 0.000000000       1
5             5 0.07463896 0.07125370 0.085039236       7
6             6 0.99998544 0.57140000 1.000000000      16
7             7 0.08707305 0.07127589 0.091351089       9
8             8 0.08710516 0.07127589 0.091367339      10
9             9 0.08710516 0.07127589 0.091367339      11
10           10 0.15172193 0.14290000 0.188036708      12
11           11 0.15172193 0.14290000 0.188036708      13
12           12 0.15175412 0.14290000 0.188052998      14
13           13 0.08012251 0.07126605 0.087825112       8
14           14 0.04439792 0.03546601 0.037772460       5
15           15 0.02674192 0.01758046 0.012863438       3
16           16 0.15320252 0.14548926 0.191098536      15
----------------------------------------
library(MCDM)
d<-matrix(c(15.206015241802604, 15.215628449478153, 15.243605502431672, 15.27721548900363, 15.20431577321798, 147.2024370860927, 18.41092512886727, 18.41092512886727, 18.41092512886727, 16.801984877126653, 16.801984877126653, 16.801984877126653, 16.807666229932728, 16.826973019281663, 16.879151328743266, 48.81353602299746, 2.0244808499779716, 2.0057401583408807, 1.9993994350796067, 2.000457560499871, 7.8134178531421234, 492.6751967390728, 5.29041936017067, 5.345572087416332, 5.345572087416332, 5.272622873345936, 5.272622873345936, 5.327909404536862, 5.289692708583257, 5.275736812202496, 5.282049089141392, 15.246559308668806, 0.040015829583691064, 0.02002056374931336, 0.010028687830547153, 0.006700533109212119, 0.04001135729794205, 0.08000132450331125, 0.04002375028014624, 0.04002375028014624, 0.04002375028014624, 0.08000945179584121, 0.08000945179584121, 0.08000945179584121, 0.040018252928411255, 0.020032110737240077, 0.010047113886156705, 2.3244540963332123E-4),nrow = 16,ncol = 3)
w <- c(0.5714, 0.2857, 0.1429)
cb <- c('min', 'min', 'min')
v<-0.0
WASPAS(d, w, cb, v)

   Alternatives        WSM        WPM          Q Ranking
1             1 0.85432667 0.47743449 0.47743449       4
2             2 0.85743111 0.52831004 0.52831004       3
3             3 0.85893938 0.58308121 0.58308121       2
4             4 0.85917956 0.61679893 0.61679893       1
5             5 0.64533882 0.32462173 0.32462173       9
6             6 0.06059368 0.02459384 0.02459384      16
7             7 0.58068398 0.32527719 0.32527719       8
8             8 0.57956996 0.32431482 0.32431482      10
9             9 0.57956996 0.32431482 0.32431482      11
10           10 0.62582038 0.31072571 0.31072571      12
11           11 0.62582038 0.31072571 0.31072571      13
12           12 0.62469617 0.30980108 0.30980108      14
13           13 0.62571086 0.34267976 0.34267976       7
14           14 0.62623159 0.37833567 0.37833567       6
15           15 0.62615407 0.41666369 0.41666369       5
16           16 0.35834427 0.28739471 0.28739471      15
----------------------------------------
library(MCDM)
d<-matrix(c(15.206015241802604, 15.215628449478153, 15.243605502431672, 15.27721548900363, 15.20431577321798, 147.2024370860927, 18.41092512886727, 18.41092512886727, 18.41092512886727, 16.801984877126653, 16.801984877126653, 16.801984877126653, 16.807666229932728, 16.826973019281663, 16.879151328743266, 48.81353602299746, 2.0244808499779716, 2.0057401583408807, 1.9993994350796067, 2.000457560499871, 7.8134178531421234, 492.6751967390728, 5.29041936017067, 5.345572087416332, 5.345572087416332, 5.272622873345936, 5.272622873345936, 5.327909404536862, 5.289692708583257, 5.275736812202496, 5.282049089141392, 15.246559308668806, 0.040015829583691064, 0.02002056374931336, 0.010028687830547153, 0.006700533109212119, 0.04001135729794205, 0.08000132450331125, 0.04002375028014624, 0.04002375028014624, 0.04002375028014624, 0.08000945179584121, 0.08000945179584121, 0.08000945179584121, 0.040018252928411255, 0.020032110737240077, 0.010047113886156705, 2.3244540963332123E-4),nrow = 16,ncol = 3)
w <- c(0.5714, 0.2857, 0.1429)
cb <- c('min', 'min', 'min')
TOPSISLinear(d, w, cb)

   Alternatives            R Ranking
1             1 8.043678e-01       4
2             2 8.055885e-01       3
3             3 8.072955e-01       2
4             4 8.088051e-01       1
5             5 6.692632e-01       5
6             6 6.992453e-08      16
7             7 6.319734e-01      12
8             8 6.310749e-01      13
9             9 6.310749e-01      14
10           10 6.679028e-01       7
11           11 6.679028e-01       8
12           12 6.669739e-01      11
13           13 6.677342e-01      10
14           14 6.680435e-01       6
15           15 6.677845e-01       9
16           16 2.890522e-01      15
----------------------------------------
Decision Matrix of component: rank4[Time>Energy>Cost] 

| parallel_time[0.5714](DECREASING) | energy[0.2857](DECREASING) | cost [0.1429](DECREASING) | 

0 & 0.040015829583691064 & 15.206015241802604 & 2.0244808499779716 & 
1 & 0.02002056374931336 & 15.215628449478153 & 2.0057401583408807 & 
2 & 0.010028687830547153 & 15.243605502431672 & 1.9993994350796067 & 
3 & 0.006700533109212119 & 15.27721548900363 & 2.000457560499871 & 
4 & 0.04001135729794205 & 15.20431577321798 & 7.8134178531421234 & 
5 & 0.08000132450331125 & 147.2024370860927 & 492.6751967390728 & 
6 & 0.04002375028014624 & 18.41092512886727 & 5.29041936017067 & 
7 & 0.04002375028014624 & 18.41092512886727 & 5.345572087416332 & 
8 & 0.04002375028014624 & 18.41092512886727 & 5.345572087416332 & 
9 & 0.08000945179584121 & 16.801984877126653 & 5.272622873345936 & 
10 & 0.08000945179584121 & 16.801984877126653 & 5.272622873345936 & 
11 & 0.08000945179584121 & 16.801984877126653 & 5.327909404536862 & 
12 & 0.040018252928411255 & 16.807666229932728 & 5.289692708583257 & 
13 & 0.020032110737240077 & 16.826973019281663 & 5.275736812202496 & 
14 & 0.010047113886156705 & 16.879151328743266 & 5.282049089141392 & 
15 & 2.3244540963332123E-4 & 48.81353602299746 & 15.246559308668806 & 

----------------------------------------
library(MCDM)
d<-matrix(c(0.040015829583691064, 0.02002056374931336, 0.010028687830547153, 0.006700533109212119, 0.04001135729794205, 0.08000132450331125, 0.04002375028014624, 0.04002375028014624, 0.04002375028014624, 0.08000945179584121, 0.08000945179584121, 0.08000945179584121, 0.040018252928411255, 0.020032110737240077, 0.010047113886156705, 2.3244540963332123E-4, 15.206015241802604, 15.215628449478153, 15.243605502431672, 15.27721548900363, 15.20431577321798, 147.2024370860927, 18.41092512886727, 18.41092512886727, 18.41092512886727, 16.801984877126653, 16.801984877126653, 16.801984877126653, 16.807666229932728, 16.826973019281663, 16.879151328743266, 48.81353602299746, 2.0244808499779716, 2.0057401583408807, 1.9993994350796067, 2.000457560499871, 7.8134178531421234, 492.6751967390728, 5.29041936017067, 5.345572087416332, 5.345572087416332, 5.272622873345936, 5.272622873345936, 5.327909404536862, 5.289692708583257, 5.275736812202496, 5.282049089141392, 15.246559308668806),nrow = 16,ncol = 3)
w <- c(0.5714, 0.2857, 0.1429)
cb <- c('min', 'min', 'min')
TOPSISVector(d, w, cb)

   Alternatives            R Ranking
1             1 7.101410e-01       7
2             2 8.442111e-01       5
3             3 9.202973e-01       2
4             4 9.468328e-01       1
5             5 7.095769e-01       8
6             6 6.804525e-05      16
7             7 7.065416e-01      10
8             8 7.065357e-01      11
9             9 7.065357e-01      12
10           10 5.243400e-01      13
11           11 5.243400e-01      14
12           12 5.243319e-01      15
13           13 7.082453e-01       9
14           14 8.430002e-01       6
15           15 9.192750e-01       3
16           16 8.489317e-01       4
----------------------------------------
library(MCDM)
d<-matrix(c(0.040015829583691064, 0.02002056374931336, 0.010028687830547153, 0.006700533109212119, 0.04001135729794205, 0.08000132450331125, 0.04002375028014624, 0.04002375028014624, 0.04002375028014624, 0.08000945179584121, 0.08000945179584121, 0.08000945179584121, 0.040018252928411255, 0.020032110737240077, 0.010047113886156705, 2.3244540963332123E-4, 15.206015241802604, 15.215628449478153, 15.243605502431672, 15.27721548900363, 15.20431577321798, 147.2024370860927, 18.41092512886727, 18.41092512886727, 18.41092512886727, 16.801984877126653, 16.801984877126653, 16.801984877126653, 16.807666229932728, 16.826973019281663, 16.879151328743266, 48.81353602299746, 2.0244808499779716, 2.0057401583408807, 1.9993994350796067, 2.000457560499871, 7.8134178531421234, 492.6751967390728, 5.29041936017067, 5.345572087416332, 5.345572087416332, 5.272622873345936, 5.272622873345936, 5.327909404536862, 5.289692708583257, 5.275736812202496, 5.282049089141392, 15.246559308668806),nrow = 16,ncol = 3)
w <- c(0.5714, 0.2857, 0.1429)
cb <- c('min', 'min', 'min')
v<-0.5
VIKOR(d, w, cb, v)

   Alternatives          S          R          Q Ranking
1             1 0.28495807 0.28494709 0.35228228       7
2             2 0.14175803 0.14173170 0.14081028       5
3             3 0.07025028 0.07016524 0.03516194       2
4             4 0.04648554 0.04632745 0.00000000       1
5             5 0.28660828 0.28491506 0.35311716       8
6             6 0.99994179 0.57134179 0.99994457      16
7             7 0.29290273 0.28500382 0.35650254      10
8             8 0.29291879 0.28500382 0.35651097      11
9             9 0.29291879 0.28500382 0.35651097      12
10           10 0.57581130 0.57140000 0.77758261      13
11           11 0.57581130 0.57140000 0.77758261      14
12           12 0.57582740 0.57140000 0.77759106      15
13           13 0.28939301 0.28496445 0.35462453       9
14           14 0.14628070 0.14181441 0.14326076       6
15           15 0.07487828 0.07029722 0.03771457       3
16           16 0.07660261 0.07274463 0.04094937       4
----------------------------------------
library(MCDM)
d<-matrix(c(0.040015829583691064, 0.02002056374931336, 0.010028687830547153, 0.006700533109212119, 0.04001135729794205, 0.08000132450331125, 0.04002375028014624, 0.04002375028014624, 0.04002375028014624, 0.08000945179584121, 0.08000945179584121, 0.08000945179584121, 0.040018252928411255, 0.020032110737240077, 0.010047113886156705, 2.3244540963332123E-4, 15.206015241802604, 15.215628449478153, 15.243605502431672, 15.27721548900363, 15.20431577321798, 147.2024370860927, 18.41092512886727, 18.41092512886727, 18.41092512886727, 16.801984877126653, 16.801984877126653, 16.801984877126653, 16.807666229932728, 16.826973019281663, 16.879151328743266, 48.81353602299746, 2.0244808499779716, 2.0057401583408807, 1.9993994350796067, 2.000457560499871, 7.8134178531421234, 492.6751967390728, 5.29041936017067, 5.345572087416332, 5.345572087416332, 5.272622873345936, 5.272622873345936, 5.327909404536862, 5.289692708583257, 5.275736812202496, 5.282049089141392, 15.246559308668806),nrow = 16,ncol = 3)
w <- c(0.5714, 0.2857, 0.1429)
cb <- c('min', 'min', 'min')
v<-0.0
WASPAS(d, w, cb, v)

   Alternatives        WSM         WPM           Q Ranking
1             1 0.43011684 0.052676025 0.052676025       7
2             2 0.43456998 0.078336373 0.078336373       5
3             3 0.44110756 0.116274559 0.116274559       3
4             4 0.44698331 0.146302111 0.146302111       2
5             5 0.32558666 0.043435001 0.043435001      10
6             6 0.03174966 0.008453418 0.008453418      16
7             7 0.29326444 0.043472946 0.043472946       9
8             8 0.29270723 0.043408566 0.043408566      11
9             9 0.29270723 0.043408566 0.043408566      12
10           10 0.31438162 0.030052750 0.030052750      13
11           11 0.31438162 0.030052750 0.030052750      14
12           12 0.31381932 0.030007987 0.030007987      15
13           13 0.31577828 0.044623776 0.044623776       8
14           14 0.31893598 0.066269161 0.066269161       6
15           15 0.32466258 0.098195897 0.098195897       4
16           16 0.67912869 0.536037624 0.536037624       1
----------------------------------------
library(MCDM)
d<-matrix(c(0.040015829583691064, 0.02002056374931336, 0.010028687830547153, 0.006700533109212119, 0.04001135729794205, 0.08000132450331125, 0.04002375028014624, 0.04002375028014624, 0.04002375028014624, 0.08000945179584121, 0.08000945179584121, 0.08000945179584121, 0.040018252928411255, 0.020032110737240077, 0.010047113886156705, 2.3244540963332123E-4, 15.206015241802604, 15.215628449478153, 15.243605502431672, 15.27721548900363, 15.20431577321798, 147.2024370860927, 18.41092512886727, 18.41092512886727, 18.41092512886727, 16.801984877126653, 16.801984877126653, 16.801984877126653, 16.807666229932728, 16.826973019281663, 16.879151328743266, 48.81353602299746, 2.0244808499779716, 2.0057401583408807, 1.9993994350796067, 2.000457560499871, 7.8134178531421234, 492.6751967390728, 5.29041936017067, 5.345572087416332, 5.345572087416332, 5.272622873345936, 5.272622873345936, 5.327909404536862, 5.289692708583257, 5.275736812202496, 5.282049089141392, 15.246559308668806),nrow = 16,ncol = 3)
w <- c(0.5714, 0.2857, 0.1429)
cb <- c('min', 'min', 'min')
TOPSISLinear(d, w, cb)

   Alternatives            R Ranking
1             1 3.396467e-01       5
2             2 3.413583e-01       4
3             3 3.439703e-01       3
4             4 3.464572e-01       2
5             5 3.092198e-01       6
6             6 2.632184e-07      16
7             7 2.697916e-01      13
8             8 2.696338e-01      14
9             9 2.696338e-01      15
10           10 2.895091e-01      10
11           11 2.895091e-01      11
12           12 2.893667e-01      12
13           13 2.899784e-01       9
14           14 2.909708e-01       8
15           15 2.928212e-01       7
16           16 7.113000e-01       1
----------------------------------------
Decision Matrix of component: rank5[Time>Cost>Energy]

| parallel_time[0.5714](DECREASING) | cost [0.2857](DECREASING) | energy[0.1429](DECREASING) | 

0 & 0.040015829583691064 & 2.0244808499779716 & 15.206015241802604 & 
1 & 0.02002056374931336 & 2.0057401583408807 & 15.215628449478153 & 
2 & 0.010028687830547153 & 1.9993994350796067 & 15.243605502431672 & 
3 & 0.006700533109212119 & 2.000457560499871 & 15.27721548900363 & 
4 & 0.04001135729794205 & 7.8134178531421234 & 15.20431577321798 & 
5 & 0.08000132450331125 & 492.6751967390728 & 147.2024370860927 & 
6 & 0.04002375028014624 & 5.29041936017067 & 18.41092512886727 & 
7 & 0.04002375028014624 & 5.345572087416332 & 18.41092512886727 & 
8 & 0.04002375028014624 & 5.345572087416332 & 18.41092512886727 & 
9 & 0.08000945179584121 & 5.272622873345936 & 16.801984877126653 & 
10 & 0.08000945179584121 & 5.272622873345936 & 16.801984877126653 & 
11 & 0.08000945179584121 & 5.327909404536862 & 16.801984877126653 & 
12 & 0.040018252928411255 & 5.289692708583257 & 16.807666229932728 & 
13 & 0.020032110737240077 & 5.275736812202496 & 16.826973019281663 & 
14 & 0.010047113886156705 & 5.282049089141392 & 16.879151328743266 & 
15 & 2.3244540963332123E-4 & 15.246559308668806 & 48.81353602299746 & 

----------------------------------------
library(MCDM)
d<-matrix(c(0.040015829583691064, 0.02002056374931336, 0.010028687830547153, 0.006700533109212119, 0.04001135729794205, 0.08000132450331125, 0.04002375028014624, 0.04002375028014624, 0.04002375028014624, 0.08000945179584121, 0.08000945179584121, 0.08000945179584121, 0.040018252928411255, 0.020032110737240077, 0.010047113886156705, 2.3244540963332123E-4, 2.0244808499779716, 2.0057401583408807, 1.9993994350796067, 2.000457560499871, 7.8134178531421234, 492.6751967390728, 5.29041936017067, 5.345572087416332, 5.345572087416332, 5.272622873345936, 5.272622873345936, 5.327909404536862, 5.289692708583257, 5.275736812202496, 5.282049089141392, 15.246559308668806, 15.206015241802604, 15.215628449478153, 15.243605502431672, 15.27721548900363, 15.20431577321798, 147.2024370860927, 18.41092512886727, 18.41092512886727, 18.41092512886727, 16.801984877126653, 16.801984877126653, 16.801984877126653, 16.807666229932728, 16.826973019281663, 16.879151328743266, 48.81353602299746),nrow = 16,ncol = 3)
w <- c(0.5714, 0.2857, 0.1429)
cb <- c('min', 'min', 'min')
TOPSISVector(d, w, cb)

   Alternatives            R Ranking
1             1 7.334620e-01       7
2             2 8.566547e-01       5
3             3 9.265762e-01       2
4             4 9.510004e-01       1
5             5 7.316742e-01      12
6             6 6.279375e-05      16
7             7 7.318017e-01       9
8             8 7.317842e-01      10
9             9 7.317842e-01      11
10           10 5.590759e-01      13
11           11 5.590759e-01      14
12           12 5.590514e-01      15
13           13 7.321517e-01       8
14           14 8.558010e-01       6
15           15 9.258724e-01       4
16           16 9.265605e-01       3
----------------------------------------
library(MCDM)
d<-matrix(c(0.040015829583691064, 0.02002056374931336, 0.010028687830547153, 0.006700533109212119, 0.04001135729794205, 0.08000132450331125, 0.04002375028014624, 0.04002375028014624, 0.04002375028014624, 0.08000945179584121, 0.08000945179584121, 0.08000945179584121, 0.040018252928411255, 0.020032110737240077, 0.010047113886156705, 2.3244540963332123E-4, 2.0244808499779716, 2.0057401583408807, 1.9993994350796067, 2.000457560499871, 7.8134178531421234, 492.6751967390728, 5.29041936017067, 5.345572087416332, 5.345572087416332, 5.272622873345936, 5.272622873345936, 5.327909404536862, 5.289692708583257, 5.275736812202496, 5.282049089141392, 15.246559308668806, 15.206015241802604, 15.215628449478153, 15.243605502431672, 15.27721548900363, 15.20431577321798, 147.2024370860927, 18.41092512886727, 18.41092512886727, 18.41092512886727, 16.801984877126653, 16.801984877126653, 16.801984877126653, 16.807666229932728, 16.826973019281663, 16.879151328743266, 48.81353602299746),nrow = 16,ncol = 3)
w <- c(0.5714, 0.2857, 0.1429)
cb <- c('min', 'min', 'min')
v<-0.5
VIKOR(d, w, cb, v)

   Alternatives          S          R          Q Ranking
1             1 0.28496353 0.28494709 0.35829064       7
2             2 0.14174764 0.14173170 0.14953225       5
3             3 0.07020778 0.07016524 0.04522721       3
4             4 0.04640699 0.04632745 0.01049937       2
5             5 0.28830032 0.28491506 0.36000617       8
6             6 0.99994179 0.57134179 0.99994560      16
7             7 0.29039149 0.28500382 0.36118302      10
8             8 0.29042360 0.28500382 0.36119982      11
9             9 0.29042360 0.28500382 0.36119982      12
10           10 0.57503548 0.57140000 0.77773228      13
11           11 0.57503548 0.57140000 0.77773228      14
12           12 0.57506767 0.57140000 0.77774912      15
13           13 0.28861602 0.28496445 0.36021748       9
14           14 0.14547875 0.14181441 0.15156129       6
15           15 0.07402173 0.07029722 0.04734562       4
16           16 0.04409831 0.03638504 0.00000000       1
----------------------------------------
library(MCDM)
d<-matrix(c(0.040015829583691064, 0.02002056374931336, 0.010028687830547153, 0.006700533109212119, 0.04001135729794205, 0.08000132450331125, 0.04002375028014624, 0.04002375028014624, 0.04002375028014624, 0.08000945179584121, 0.08000945179584121, 0.08000945179584121, 0.040018252928411255, 0.020032110737240077, 0.010047113886156705, 2.3244540963332123E-4, 2.0244808499779716, 2.0057401583408807, 1.9993994350796067, 2.000457560499871, 7.8134178531421234, 492.6751967390728, 5.29041936017067, 5.345572087416332, 5.345572087416332, 5.272622873345936, 5.272622873345936, 5.327909404536862, 5.289692708583257, 5.275736812202496, 5.282049089141392, 15.246559308668806, 15.206015241802604, 15.215628449478153, 15.243605502431672, 15.27721548900363, 15.20431577321798, 147.2024370860927, 18.41092512886727, 18.41092512886727, 18.41092512886727, 16.801984877126653, 16.801984877126653, 16.801984877126653, 16.807666229932728, 16.826973019281663, 16.879151328743266, 48.81353602299746),nrow = 16,ncol = 3)
w <- c(0.5714, 0.2857, 0.1429)
cb <- c('min', 'min', 'min')
v<-0.0
WASPAS(d, w, cb, v)

   Alternatives        WSM         WPM           Q Ranking
1             1 0.42836364 0.052583173 0.052583173       7
2             2 0.43422472 0.078309278 0.078309278       5
3             3 0.44147562 0.116317418 0.116317418       3
4             4 0.44758919 0.146391015 0.146391015       2
5             5 0.21932819 0.035752844 0.035752844      12
6             6 0.01757958 0.005324717 0.005324717      16
7             7 0.22930391 0.038881326 0.038881326       9
8             8 0.22818990 0.038766291 0.038766291      10
9             9 0.22818990 0.038766291 0.038766291      11
10           10 0.23931052 0.026542626 0.026542626      13
11           11 0.23931052 0.026542626 0.026542626      14
12           12 0.23818632 0.026463643 0.026463643      15
13           13 0.24057613 0.039395489 0.039395489       8
14           14 0.24402482 0.058536492 0.058536492       6
15           15 0.25008561 0.086761371 0.086761371       4
16           16 0.65337618 0.473745908 0.473745908       1
----------------------------------------
library(MCDM)
d<-matrix(c(0.040015829583691064, 0.02002056374931336, 0.010028687830547153, 0.006700533109212119, 0.04001135729794205, 0.08000132450331125, 0.04002375028014624, 0.04002375028014624, 0.04002375028014624, 0.08000945179584121, 0.08000945179584121, 0.08000945179584121, 0.040018252928411255, 0.020032110737240077, 0.010047113886156705, 2.3244540963332123E-4, 2.0244808499779716, 2.0057401583408807, 1.9993994350796067, 2.000457560499871, 7.8134178531421234, 492.6751967390728, 5.29041936017067, 5.345572087416332, 5.345572087416332, 5.272622873345936, 5.272622873345936, 5.327909404536862, 5.289692708583257, 5.275736812202496, 5.282049089141392, 15.246559308668806, 15.206015241802604, 15.215628449478153, 15.243605502431672, 15.27721548900363, 15.20431577321798, 147.2024370860927, 18.41092512886727, 18.41092512886727, 18.41092512886727, 16.801984877126653, 16.801984877126653, 16.801984877126653, 16.807666229932728, 16.826973019281663, 16.879151328743266, 48.81353602299746),nrow = 16,ncol = 3)
w <- c(0.5714, 0.2857, 0.1429)
cb <- c('min', 'min', 'min')
TOPSISLinear(d, w, cb)

   Alternatives            R Ranking
1             1 3.521800e-01       5
2             2 3.552909e-01       4
3             3 3.586498e-01       3
4             4 3.614164e-01       2
5             5 1.950398e-01      15
6             6 2.596087e-07      16
7             7 1.996037e-01      12
8             8 1.986547e-01      13
9             9 1.986547e-01      14
10           10 2.081286e-01       9
11           11 2.081286e-01      10
12           12 2.072309e-01      11
13           13 2.082619e-01       8
14           14 2.093289e-01       7
15           15 2.110520e-01       6
16           16 6.816211e-01       1
----------------------------------------
Decision Matrix of component: rank6[Cost=Time=Energy]

| cost [0.3334](DECREASING) | parallel_time[0.3333](DECREASING) | energy[0.3333](DECREASING) | 

0 & 2.0244808499779716 & 0.040015829583691064 & 15.206015241802604 & 
1 & 2.0057401583408807 & 0.02002056374931336 & 15.215628449478153 & 
2 & 1.9993994350796067 & 0.010028687830547153 & 15.243605502431672 & 
3 & 2.000457560499871 & 0.006700533109212119 & 15.27721548900363 & 
4 & 7.8134178531421234 & 0.04001135729794205 & 15.20431577321798 & 
5 & 492.6751967390728 & 0.08000132450331125 & 147.2024370860927 & 
6 & 5.29041936017067 & 0.04002375028014624 & 18.41092512886727 & 
7 & 5.345572087416332 & 0.04002375028014624 & 18.41092512886727 & 
8 & 5.345572087416332 & 0.04002375028014624 & 18.41092512886727 & 
9 & 5.272622873345936 & 0.08000945179584121 & 16.801984877126653 & 
10 & 5.272622873345936 & 0.08000945179584121 & 16.801984877126653 & 
11 & 5.327909404536862 & 0.08000945179584121 & 16.801984877126653 & 
12 & 5.289692708583257 & 0.040018252928411255 & 16.807666229932728 & 
13 & 5.275736812202496 & 0.020032110737240077 & 16.826973019281663 & 
14 & 5.282049089141392 & 0.010047113886156705 & 16.879151328743266 & 
15 & 15.246559308668806 & 2.3244540963332123E-4 & 48.81353602299746 & 

----------------------------------------
library(MCDM)
d<-matrix(c(2.0244808499779716, 2.0057401583408807, 1.9993994350796067, 2.000457560499871, 7.8134178531421234, 492.6751967390728, 5.29041936017067, 5.345572087416332, 5.345572087416332, 5.272622873345936, 5.272622873345936, 5.327909404536862, 5.289692708583257, 5.275736812202496, 5.282049089141392, 15.246559308668806, 0.040015829583691064, 0.02002056374931336, 0.010028687830547153, 0.006700533109212119, 0.04001135729794205, 0.08000132450331125, 0.04002375028014624, 0.04002375028014624, 0.04002375028014624, 0.08000945179584121, 0.08000945179584121, 0.08000945179584121, 0.040018252928411255, 0.020032110737240077, 0.010047113886156705, 2.3244540963332123E-4, 15.206015241802604, 15.215628449478153, 15.243605502431672, 15.27721548900363, 15.20431577321798, 147.2024370860927, 18.41092512886727, 18.41092512886727, 18.41092512886727, 16.801984877126653, 16.801984877126653, 16.801984877126653, 16.807666229932728, 16.826973019281663, 16.879151328743266, 48.81353602299746),nrow = 16,ncol = 3)
w <- c(0.3334, 0.3333, 0.3333)
cb <- c('min', 'min', 'min')
TOPSISVector(d, w, cb)

   Alternatives            R Ranking
1             1 8.604060e-01       6
2             2 9.264492e-01       4
3             3 9.625555e-01       2
4             4 9.750455e-01       1
5             5 8.593791e-01       7
6             6 3.190243e-05      16
7             7 8.582218e-01       9
8             8 8.582114e-01      10
9             9 8.582114e-01      11
10           10 7.503057e-01      13
11           11 7.503057e-01      14
12           12 7.502919e-01      15
13           13 8.591768e-01       8
14           14 9.254010e-01       5
15           15 9.612116e-01       3
16           16 8.562010e-01      12
----------------------------------------
library(MCDM)
d<-matrix(c(2.0244808499779716, 2.0057401583408807, 1.9993994350796067, 2.000457560499871, 7.8134178531421234, 492.6751967390728, 5.29041936017067, 5.345572087416332, 5.345572087416332, 5.272622873345936, 5.272622873345936, 5.327909404536862, 5.289692708583257, 5.275736812202496, 5.282049089141392, 15.246559308668806, 0.040015829583691064, 0.02002056374931336, 0.010028687830547153, 0.006700533109212119, 0.04001135729794205, 0.08000132450331125, 0.04002375028014624, 0.04002375028014624, 0.04002375028014624, 0.08000945179584121, 0.08000945179584121, 0.08000945179584121, 0.040018252928411255, 0.020032110737240077, 0.010047113886156705, 2.3244540963332123E-4, 15.206015241802604, 15.215628449478153, 15.243605502431672, 15.27721548900363, 15.20431577321798, 147.2024370860927, 18.41092512886727, 18.41092512886727, 18.41092512886727, 16.801984877126653, 16.801984877126653, 16.801984877126653, 16.807666229932728, 16.826973019281663, 16.879151328743266, 48.81353602299746),nrow = 16,ncol = 3)
w <- c(0.3334, 0.3333, 0.3333)
cb <- c('min', 'min', 'min')
v<-0.5
VIKOR(d, w, cb, v)

   Alternatives          S          R          Q Ranking
1             1 0.16623216 0.16621082 0.29861008       7
2             2 0.08270556 0.08267269 0.11934497       4
3             3 0.04102689 0.04092768 0.02979516       2
4             4 0.02720779 0.02702299 0.00000000       1
5             5 0.17014260 0.16619214 0.30058956       8
6             6 0.99996605 0.33340000 1.00000000      16
7             7 0.17657687 0.16624392 0.30398129      10
8             8 0.17661435 0.16624392 0.30400056      11
9             9 0.17661435 0.16624392 0.30400056      12
10           10 0.33955823 0.33330000 0.66038566      13
11           11 0.33955823 0.33330000 0.66038566      14
12           12 0.33959580 0.33330000 0.66040496      15
13           13 0.17250512 0.16622095 0.30185092       9
14           14 0.08904438 0.08272093 0.12268186       5
15           15 0.04746415 0.04100466 0.03322956       3
16           16 0.09386555 0.08486449 0.12865819       6
----------------------------------------
library(MCDM)
d<-matrix(c(2.0244808499779716, 2.0057401583408807, 1.9993994350796067, 2.000457560499871, 7.8134178531421234, 492.6751967390728, 5.29041936017067, 5.345572087416332, 5.345572087416332, 5.272622873345936, 5.272622873345936, 5.327909404536862, 5.289692708583257, 5.275736812202496, 5.282049089141392, 15.246559308668806, 0.040015829583691064, 0.02002056374931336, 0.010028687830547153, 0.006700533109212119, 0.04001135729794205, 0.08000132450331125, 0.04002375028014624, 0.04002375028014624, 0.04002375028014624, 0.08000945179584121, 0.08000945179584121, 0.08000945179584121, 0.040018252928411255, 0.020032110737240077, 0.010047113886156705, 2.3244540963332123E-4, 15.206015241802604, 15.215628449478153, 15.243605502431672, 15.27721548900363, 15.20431577321798, 147.2024370860927, 18.41092512886727, 18.41092512886727, 18.41092512886727, 16.801984877126653, 16.801984877126653, 16.801984877126653, 16.807666229932728, 16.826973019281663, 16.879151328743266, 48.81353602299746),nrow = 16,ncol = 3)
w <- c(0.3334, 0.3333, 0.3333)
cb <- c('min', 'min', 'min')
v<-0.0
WASPAS(d, w, cb, v)

   Alternatives        WSM        WPM          Q Ranking
1             1 0.66446832 0.17903984 0.17903984       6
2             2 0.66926794 0.22617605 0.22617605       4
3             3 0.67356618 0.28490925 0.28490925       3
4             4 0.67649558 0.32559937 0.32559937       2
5             5 0.42055105 0.11413893 0.11413893      12
6             6 0.03674748 0.01067815 0.01067815      16
7             7 0.40318654 0.12194119 0.12194119       9
8             8 0.40188653 0.12152028 0.12152028      10
9             9 0.40188653 0.12152028 0.12152028      11
10           10 0.42900204 0.09991044 0.09991044      13
11           11 0.42900204 0.09991044 0.09991044      14
12           12 0.42769014 0.09956359 0.09956359      15
13           13 0.42945977 0.12571245 0.12571245       8
14           14 0.43137871 0.15840240 0.15840240       7
15           15 0.43414033 0.19907907 0.19907907       5
16           16 0.48083676 0.34435747 0.34435747       1
----------------------------------------
library(MCDM)
d<-matrix(c(2.0244808499779716, 2.0057401583408807, 1.9993994350796067, 2.000457560499871, 7.8134178531421234, 492.6751967390728, 5.29041936017067, 5.345572087416332, 5.345572087416332, 5.272622873345936, 5.272622873345936, 5.327909404536862, 5.289692708583257, 5.275736812202496, 5.282049089141392, 15.246559308668806, 0.040015829583691064, 0.02002056374931336, 0.010028687830547153, 0.006700533109212119, 0.04001135729794205, 0.08000132450331125, 0.04002375028014624, 0.04002375028014624, 0.04002375028014624, 0.08000945179584121, 0.08000945179584121, 0.08000945179584121, 0.040018252928411255, 0.020032110737240077, 0.010047113886156705, 2.3244540963332123E-4, 15.206015241802604, 15.215628449478153, 15.243605502431672, 15.27721548900363, 15.20431577321798, 147.2024370860927, 18.41092512886727, 18.41092512886727, 18.41092512886727, 16.801984877126653, 16.801984877126653, 16.801984877126653, 16.807666229932728, 16.826973019281663, 16.879151328743266, 48.81353602299746),nrow = 16,ncol = 3)
w <- c(0.3334, 0.3333, 0.3333)
cb <- c('min', 'min', 'min')
TOPSISLinear(d, w, cb)

   Alternatives            R Ranking
1             1 5.724274e-01       4
2             2 5.750565e-01       3
3             3 5.781589e-01       2
4             4 5.807481e-01       1
5             5 4.285623e-01      11
6             6 1.766710e-07      16
7             7 4.069350e-01      13
8             8 4.059879e-01      14
9             9 4.059879e-01      15
10           10 4.289136e-01       9
11           11 4.289136e-01      10
12           12 4.280219e-01      12
13           13 4.290657e-01       8
14           14 4.300472e-01       7
15           15 4.312849e-01       6
16           16 4.807283e-01       5
--------------------------------------------------------------------------------
Decision Matrix of component: rank7[Cost]

| cost [1.0](DECREASING) | 

0 & 2.0244808499779716 & 
1 & 2.0057401583408807 & 
2 & 1.9993994350796067 & 
3 & 2.000457560499871 & 
4 & 7.8134178531421234 & 
5 & 492.6751967390728 & 
6 & 5.29041936017067 & 
7 & 5.345572087416332 & 
8 & 5.345572087416332 & 
9 & 5.272622873345936 & 
10 & 5.272622873345936 & 
11 & 5.327909404536862 & 
12 & 5.289692708583257 & 
13 & 5.275736812202496 & 
14 & 5.282049089141392 & 
15 & 15.246559308668806 & 

----------------------------------------
library(MCDM)
d<-matrix(c(2.0244808499779716, 2.0057401583408807, 1.9993994350796067, 2.000457560499871, 7.8134178531421234, 492.6751967390728, 5.29041936017067, 5.345572087416332, 5.345572087416332, 5.272622873345936, 5.272622873345936, 5.327909404536862, 5.289692708583257, 5.275736812202496, 5.282049089141392, 15.246559308668806),nrow = 16,ncol = 1)
w <- c(1.0)
cb <- c('min')
TOPSISVector(d, w, cb)
----------------------------------------
library(MCDM)
d<-matrix(c(2.0244808499779716, 2.0057401583408807, 1.9993994350796067, 2.000457560499871, 7.8134178531421234, 492.6751967390728, 5.29041936017067, 5.345572087416332, 5.345572087416332, 5.272622873345936, 5.272622873345936, 5.327909404536862, 5.289692708583257, 5.275736812202496, 5.282049089141392, 15.246559308668806),nrow = 16,ncol = 1)
w <- c(1.0)
cb <- c('min')
v<-0.5
VIKOR(d, w, cb, v)
----------------------------------------
library(MCDM)
d<-matrix(c(2.0244808499779716, 2.0057401583408807, 1.9993994350796067, 2.000457560499871, 7.8134178531421234, 492.6751967390728, 5.29041936017067, 5.345572087416332, 5.345572087416332, 5.272622873345936, 5.272622873345936, 5.327909404536862, 5.289692708583257, 5.275736812202496, 5.282049089141392, 15.246559308668806),nrow = 16,ncol = 1)
w <- c(1.0)
cb <- c('min')
v<-0.0
WASPAS(d, w, cb, v)
----------------------------------------
library(MCDM)
d<-matrix(c(2.0244808499779716, 2.0057401583408807, 1.9993994350796067, 2.000457560499871, 7.8134178531421234, 492.6751967390728, 5.29041936017067, 5.345572087416332, 5.345572087416332, 5.272622873345936, 5.272622873345936, 5.327909404536862, 5.289692708583257, 5.275736812202496, 5.282049089141392, 15.246559308668806),nrow = 16,ncol = 1)
w <- c(1.0)
cb <- c('min')
TOPSISLinear(d, w, cb)


----------------------------------------
Decision Matrix of component: rank8[Time]

| parallel_time[1.0](DECREASING) | 

0 & 0.040015829583691064 & 
1 & 0.02002056374931336 & 
2 & 0.010028687830547153 & 
3 & 0.006700533109212119 & 
4 & 0.04001135729794205 & 
5 & 0.08000132450331125 & 
6 & 0.04002375028014624 & 
7 & 0.04002375028014624 & 
8 & 0.04002375028014624 & 
9 & 0.08000945179584121 & 
10 & 0.08000945179584121 & 
11 & 0.08000945179584121 & 
12 & 0.040018252928411255 & 
13 & 0.020032110737240077 & 
14 & 0.010047113886156705 & 
15 & 2.3244540963332123E-4 & 

----------------------------------------
library(MCDM)
d<-matrix(c(0.040015829583691064, 0.02002056374931336, 0.010028687830547153, 0.006700533109212119, 0.04001135729794205, 0.08000132450331125, 0.04002375028014624, 0.04002375028014624, 0.04002375028014624, 0.08000945179584121, 0.08000945179584121, 0.08000945179584121, 0.040018252928411255, 0.020032110737240077, 0.010047113886156705, 2.3244540963332123E-4),nrow = 16,ncol = 1)
w <- c(1.0)
cb <- c('min')
TOPSISVector(d, w, cb)
----------------------------------------
library(MCDM)
d<-matrix(c(0.040015829583691064, 0.02002056374931336, 0.010028687830547153, 0.006700533109212119, 0.04001135729794205, 0.08000132450331125, 0.04002375028014624, 0.04002375028014624, 0.04002375028014624, 0.08000945179584121, 0.08000945179584121, 0.08000945179584121, 0.040018252928411255, 0.020032110737240077, 0.010047113886156705, 2.3244540963332123E-4),nrow = 16,ncol = 1)
w <- c(1.0)
cb <- c('min')
v<-0.5
VIKOR(d, w, cb, v)
----------------------------------------
library(MCDM)
d<-matrix(c(0.040015829583691064, 0.02002056374931336, 0.010028687830547153, 0.006700533109212119, 0.04001135729794205, 0.08000132450331125, 0.04002375028014624, 0.04002375028014624, 0.04002375028014624, 0.08000945179584121, 0.08000945179584121, 0.08000945179584121, 0.040018252928411255, 0.020032110737240077, 0.010047113886156705, 2.3244540963332123E-4),nrow = 16,ncol = 1)
w <- c(1.0)
cb <- c('min')
v<-0.0
WASPAS(d, w, cb, v)
----------------------------------------
library(MCDM)
d<-matrix(c(0.040015829583691064, 0.02002056374931336, 0.010028687830547153, 0.006700533109212119, 0.04001135729794205, 0.08000132450331125, 0.04002375028014624, 0.04002375028014624, 0.04002375028014624, 0.08000945179584121, 0.08000945179584121, 0.08000945179584121, 0.040018252928411255, 0.020032110737240077, 0.010047113886156705, 2.3244540963332123E-4),nrow = 16,ncol = 1)
w <- c(1.0)
cb <- c('min')
TOPSISLinear(d, w, cb)


----------------------------------------
Decision Matrix of component: rank9[Energy]

| energy[1.0](DECREASING) | 

0 & 15.206015241802604 & 
1 & 15.215628449478153 & 
2 & 15.243605502431672 & 
3 & 15.27721548900363 & 
4 & 15.20431577321798 & 
5 & 147.2024370860927 & 
6 & 18.41092512886727 & 
7 & 18.41092512886727 & 
8 & 18.41092512886727 & 
9 & 16.801984877126653 & 
10 & 16.801984877126653 & 
11 & 16.801984877126653 & 
12 & 16.807666229932728 & 
13 & 16.826973019281663 & 
14 & 16.879151328743266 & 
15 & 48.81353602299746 & 

----------------------------------------
library(MCDM)
d<-matrix(c(15.206015241802604, 15.215628449478153, 15.243605502431672, 15.27721548900363, 15.20431577321798, 147.2024370860927, 18.41092512886727, 18.41092512886727, 18.41092512886727, 16.801984877126653, 16.801984877126653, 16.801984877126653, 16.807666229932728, 16.826973019281663, 16.879151328743266, 48.81353602299746),nrow = 16,ncol = 1)
w <- c(1.0)
cb <- c('min')
TOPSISVector(d, w, cb)
----------------------------------------
library(MCDM)
d<-matrix(c(15.206015241802604, 15.215628449478153, 15.243605502431672, 15.27721548900363, 15.20431577321798, 147.2024370860927, 18.41092512886727, 18.41092512886727, 18.41092512886727, 16.801984877126653, 16.801984877126653, 16.801984877126653, 16.807666229932728, 16.826973019281663, 16.879151328743266, 48.81353602299746),nrow = 16,ncol = 1)
w <- c(1.0)
cb <- c('min')
v<-0.5
VIKOR(d, w, cb, v)
----------------------------------------
library(MCDM)
d<-matrix(c(15.206015241802604, 15.215628449478153, 15.243605502431672, 15.27721548900363, 15.20431577321798, 147.2024370860927, 18.41092512886727, 18.41092512886727, 18.41092512886727, 16.801984877126653, 16.801984877126653, 16.801984877126653, 16.807666229932728, 16.826973019281663, 16.879151328743266, 48.81353602299746),nrow = 16,ncol = 1)
w <- c(1.0)
cb <- c('min')
v<-0.0
WASPAS(d, w, cb, v)
----------------------------------------
library(MCDM)
d<-matrix(c(15.206015241802604, 15.215628449478153, 15.243605502431672, 15.27721548900363, 15.20431577321798, 147.2024370860927, 18.41092512886727, 18.41092512886727, 18.41092512886727, 16.801984877126653, 16.801984877126653, 16.801984877126653, 16.807666229932728, 16.826973019281663, 16.879151328743266, 48.81353602299746),nrow = 16,ncol = 1)
w <- c(1.0)
cb <- c('min')
TOPSISLinear(d, w, cb)

