Decision Matrix of component: rank0[Cost>Energy>Time]

| cost [0.5714](DECREASING) | energy[0.2857](DECREASING) | parallel_time[0.1429](DECREASING) | 

0 & 2.0244808499779716 & 15.206015241802604 & 0.040015829583691064 & 
1 & 2.0057401583408807 & 15.215628449478153 & 0.02002056374931336 & 
2 & 1.9993994350796067 & 15.243605502431672 & 0.010028687830547153 & 
3 & 2.000457560499871 & 15.27721548900363 & 0.006700533109212119 & 
4 & 7.8134178531421234 & 15.20431577321798 & 0.04001135729794205 & 
5 & 492.6751967390728 & 147.2024370860927 & 0.08000132450331125 & 
6 & 5.29041936017067 & 18.41092512886727 & 0.04002375028014624 & 
7 & 5.345572087416332 & 18.41092512886727 & 0.04002375028014624 & 
8 & 5.345572087416332 & 18.41092512886727 & 0.04002375028014624 & 
9 & 5.272622873345936 & 16.801984877126653 & 0.08000945179584121 & 
10 & 5.272622873345936 & 16.801984877126653 & 0.08000945179584121 & 
11 & 5.327909404536862 & 16.801984877126653 & 0.08000945179584121 & 
12 & 5.289692708583257 & 16.807666229932728 & 0.040018252928411255 & 
13 & 5.275736812202496 & 16.826973019281663 & 0.020032110737240077 & 
14 & 5.282049089141392 & 16.879151328743266 & 0.010047113886156705 & 
15 & 15.246559308668806 & 48.81353602299746 & 2.3244540963332123E-4 & 

----------------------------------------
library(MCDM)
d<-matrix(c(2.0244808499779716, 2.0057401583408807, 1.9993994350796067, 2.000457560499871, 7.8134178531421234, 492.6751967390728, 5.29041936017067, 5.345572087416332, 5.345572087416332, 5.272622873345936, 5.272622873345936, 5.327909404536862, 5.289692708583257, 5.275736812202496, 5.282049089141392, 15.246559308668806, 15.206015241802604, 15.215628449478153, 15.243605502431672, 15.27721548900363, 15.20431577321798, 147.2024370860927, 18.41092512886727, 18.41092512886727, 18.41092512886727, 16.801984877126653, 16.801984877126653, 16.801984877126653, 16.807666229932728, 16.826973019281663, 16.879151328743266, 48.81353602299746, 0.040015829583691064, 0.02002056374931336, 0.010028687830547153, 0.006700533109212119, 0.04001135729794205, 0.08000132450331125, 0.04002375028014624, 0.04002375028014624, 0.04002375028014624, 0.08000945179584121, 0.08000945179584121, 0.08000945179584121, 0.040018252928411255, 0.020032110737240077, 0.010047113886156705, 2.3244540963332123E-4),nrow = 16,ncol = 3)
w <- c(0.5714, 0.2857, 0.1429)
cb <- c('min', 'min', 'min')
TOPSISVector(d, w, cb)
----------------------------------------
library(MCDM)
d<-matrix(c(2.0244808499779716, 2.0057401583408807, 1.9993994350796067, 2.000457560499871, 7.8134178531421234, 492.6751967390728, 5.29041936017067, 5.345572087416332, 5.345572087416332, 5.272622873345936, 5.272622873345936, 5.327909404536862, 5.289692708583257, 5.275736812202496, 5.282049089141392, 15.246559308668806, 15.206015241802604, 15.215628449478153, 15.243605502431672, 15.27721548900363, 15.20431577321798, 147.2024370860927, 18.41092512886727, 18.41092512886727, 18.41092512886727, 16.801984877126653, 16.801984877126653, 16.801984877126653, 16.807666229932728, 16.826973019281663, 16.879151328743266, 48.81353602299746, 0.040015829583691064, 0.02002056374931336, 0.010028687830547153, 0.006700533109212119, 0.04001135729794205, 0.08000132450331125, 0.04002375028014624, 0.04002375028014624, 0.04002375028014624, 0.08000945179584121, 0.08000945179584121, 0.08000945179584121, 0.040018252928411255, 0.020032110737240077, 0.010047113886156705, 2.3244540963332123E-4),nrow = 16,ncol = 3)
w <- c(0.5714, 0.2857, 0.1429)
cb <- c('min', 'min', 'min')
v<-0.5
VIKOR(d, w, cb, v)
----------------------------------------
library(MCDM)
d<-matrix(c(2.0244808499779716, 2.0057401583408807, 1.9993994350796067, 2.000457560499871, 7.8134178531421234, 492.6751967390728, 5.29041936017067, 5.345572087416332, 5.345572087416332, 5.272622873345936, 5.272622873345936, 5.327909404536862, 5.289692708583257, 5.275736812202496, 5.282049089141392, 15.246559308668806, 15.206015241802604, 15.215628449478153, 15.243605502431672, 15.27721548900363, 15.20431577321798, 147.2024370860927, 18.41092512886727, 18.41092512886727, 18.41092512886727, 16.801984877126653, 16.801984877126653, 16.801984877126653, 16.807666229932728, 16.826973019281663, 16.879151328743266, 48.81353602299746, 0.040015829583691064, 0.02002056374931336, 0.010028687830547153, 0.006700533109212119, 0.04001135729794205, 0.08000132450331125, 0.04002375028014624, 0.04002375028014624, 0.04002375028014624, 0.08000945179584121, 0.08000945179584121, 0.08000945179584121, 0.040018252928411255, 0.020032110737240077, 0.010047113886156705, 2.3244540963332123E-4),nrow = 16,ncol = 3)
w <- c(0.5714, 0.2857, 0.1429)
cb <- c('min', 'min', 'min')
v<-0.0
WASPAS(d, w, cb, v)
----------------------------------------
library(MCDM)
d<-matrix(c(2.0244808499779716, 2.0057401583408807, 1.9993994350796067, 2.000457560499871, 7.8134178531421234, 492.6751967390728, 5.29041936017067, 5.345572087416332, 5.345572087416332, 5.272622873345936, 5.272622873345936, 5.327909404536862, 5.289692708583257, 5.275736812202496, 5.282049089141392, 15.246559308668806, 15.206015241802604, 15.215628449478153, 15.243605502431672, 15.27721548900363, 15.20431577321798, 147.2024370860927, 18.41092512886727, 18.41092512886727, 18.41092512886727, 16.801984877126653, 16.801984877126653, 16.801984877126653, 16.807666229932728, 16.826973019281663, 16.879151328743266, 48.81353602299746, 0.040015829583691064, 0.02002056374931336, 0.010028687830547153, 0.006700533109212119, 0.04001135729794205, 0.08000132450331125, 0.04002375028014624, 0.04002375028014624, 0.04002375028014624, 0.08000945179584121, 0.08000945179584121, 0.08000945179584121, 0.040018252928411255, 0.020032110737240077, 0.010047113886156705, 2.3244540963332123E-4),nrow = 16,ncol = 3)
w <- c(0.5714, 0.2857, 0.1429)
cb <- c('min', 'min', 'min')
TOPSISLinear(d, w, cb)

Decision Matrix of component: rank1[Cost>Time>Energy]

| cost [0.5714](DECREASING) | parallel_time[0.2857](DECREASING) | energy[0.1429](DECREASING) | 

0 & 2.0244808499779716 & 0.040015829583691064 & 15.206015241802604 & 
1 & 2.0057401583408807 & 0.02002056374931336 & 15.215628449478153 & 
2 & 1.9993994350796067 & 0.010028687830547153 & 15.243605502431672 & 
3 & 2.000457560499871 & 0.006700533109212119 & 15.27721548900363 & 
4 & 7.8134178531421234 & 0.04001135729794205 & 15.20431577321798 & 
5 & 492.6751967390728 & 0.08000132450331125 & 147.2024370860927 & 
6 & 5.29041936017067 & 0.04002375028014624 & 18.41092512886727 & 
7 & 5.345572087416332 & 0.04002375028014624 & 18.41092512886727 & 
8 & 5.345572087416332 & 0.04002375028014624 & 18.41092512886727 & 
9 & 5.272622873345936 & 0.08000945179584121 & 16.801984877126653 & 
10 & 5.272622873345936 & 0.08000945179584121 & 16.801984877126653 & 
11 & 5.327909404536862 & 0.08000945179584121 & 16.801984877126653 & 
12 & 5.289692708583257 & 0.040018252928411255 & 16.807666229932728 & 
13 & 5.275736812202496 & 0.020032110737240077 & 16.826973019281663 & 
14 & 5.282049089141392 & 0.010047113886156705 & 16.879151328743266 & 
15 & 15.246559308668806 & 2.3244540963332123E-4 & 48.81353602299746 & 

----------------------------------------
library(MCDM)
d<-matrix(c(2.0244808499779716, 2.0057401583408807, 1.9993994350796067, 2.000457560499871, 7.8134178531421234, 492.6751967390728, 5.29041936017067, 5.345572087416332, 5.345572087416332, 5.272622873345936, 5.272622873345936, 5.327909404536862, 5.289692708583257, 5.275736812202496, 5.282049089141392, 15.246559308668806, 0.040015829583691064, 0.02002056374931336, 0.010028687830547153, 0.006700533109212119, 0.04001135729794205, 0.08000132450331125, 0.04002375028014624, 0.04002375028014624, 0.04002375028014624, 0.08000945179584121, 0.08000945179584121, 0.08000945179584121, 0.040018252928411255, 0.020032110737240077, 0.010047113886156705, 2.3244540963332123E-4, 15.206015241802604, 15.215628449478153, 15.243605502431672, 15.27721548900363, 15.20431577321798, 147.2024370860927, 18.41092512886727, 18.41092512886727, 18.41092512886727, 16.801984877126653, 16.801984877126653, 16.801984877126653, 16.807666229932728, 16.826973019281663, 16.879151328743266, 48.81353602299746),nrow = 16,ncol = 3)
w <- c(0.5714, 0.2857, 0.1429)
cb <- c('min', 'min', 'min')
TOPSISVector(d, w, cb)
----------------------------------------
library(MCDM)
d<-matrix(c(2.0244808499779716, 2.0057401583408807, 1.9993994350796067, 2.000457560499871, 7.8134178531421234, 492.6751967390728, 5.29041936017067, 5.345572087416332, 5.345572087416332, 5.272622873345936, 5.272622873345936, 5.327909404536862, 5.289692708583257, 5.275736812202496, 5.282049089141392, 15.246559308668806, 0.040015829583691064, 0.02002056374931336, 0.010028687830547153, 0.006700533109212119, 0.04001135729794205, 0.08000132450331125, 0.04002375028014624, 0.04002375028014624, 0.04002375028014624, 0.08000945179584121, 0.08000945179584121, 0.08000945179584121, 0.040018252928411255, 0.020032110737240077, 0.010047113886156705, 2.3244540963332123E-4, 15.206015241802604, 15.215628449478153, 15.243605502431672, 15.27721548900363, 15.20431577321798, 147.2024370860927, 18.41092512886727, 18.41092512886727, 18.41092512886727, 16.801984877126653, 16.801984877126653, 16.801984877126653, 16.807666229932728, 16.826973019281663, 16.879151328743266, 48.81353602299746),nrow = 16,ncol = 3)
w <- c(0.5714, 0.2857, 0.1429)
cb <- c('min', 'min', 'min')
v<-0.5
VIKOR(d, w, cb, v)
----------------------------------------
library(MCDM)
d<-matrix(c(2.0244808499779716, 2.0057401583408807, 1.9993994350796067, 2.000457560499871, 7.8134178531421234, 492.6751967390728, 5.29041936017067, 5.345572087416332, 5.345572087416332, 5.272622873345936, 5.272622873345936, 5.327909404536862, 5.289692708583257, 5.275736812202496, 5.282049089141392, 15.246559308668806, 0.040015829583691064, 0.02002056374931336, 0.010028687830547153, 0.006700533109212119, 0.04001135729794205, 0.08000132450331125, 0.04002375028014624, 0.04002375028014624, 0.04002375028014624, 0.08000945179584121, 0.08000945179584121, 0.08000945179584121, 0.040018252928411255, 0.020032110737240077, 0.010047113886156705, 2.3244540963332123E-4, 15.206015241802604, 15.215628449478153, 15.243605502431672, 15.27721548900363, 15.20431577321798, 147.2024370860927, 18.41092512886727, 18.41092512886727, 18.41092512886727, 16.801984877126653, 16.801984877126653, 16.801984877126653, 16.807666229932728, 16.826973019281663, 16.879151328743266, 48.81353602299746),nrow = 16,ncol = 3)
w <- c(0.5714, 0.2857, 0.1429)
cb <- c('min', 'min', 'min')
v<-0.0
WASPAS(d, w, cb, v)
----------------------------------------
library(MCDM)
d<-matrix(c(2.0244808499779716, 2.0057401583408807, 1.9993994350796067, 2.000457560499871, 7.8134178531421234, 492.6751967390728, 5.29041936017067, 5.345572087416332, 5.345572087416332, 5.272622873345936, 5.272622873345936, 5.327909404536862, 5.289692708583257, 5.275736812202496, 5.282049089141392, 15.246559308668806, 0.040015829583691064, 0.02002056374931336, 0.010028687830547153, 0.006700533109212119, 0.04001135729794205, 0.08000132450331125, 0.04002375028014624, 0.04002375028014624, 0.04002375028014624, 0.08000945179584121, 0.08000945179584121, 0.08000945179584121, 0.040018252928411255, 0.020032110737240077, 0.010047113886156705, 2.3244540963332123E-4, 15.206015241802604, 15.215628449478153, 15.243605502431672, 15.27721548900363, 15.20431577321798, 147.2024370860927, 18.41092512886727, 18.41092512886727, 18.41092512886727, 16.801984877126653, 16.801984877126653, 16.801984877126653, 16.807666229932728, 16.826973019281663, 16.879151328743266, 48.81353602299746),nrow = 16,ncol = 3)
w <- c(0.5714, 0.2857, 0.1429)
cb <- c('min', 'min', 'min')
TOPSISLinear(d, w, cb)

Decision Matrix of component: rank2[Energy>Time>Cost] 

| energy[0.5714](DECREASING) | parallel_time[0.2857](DECREASING) | cost [0.1429](DECREASING) | 

0 & 15.206015241802604 & 0.040015829583691064 & 2.0244808499779716 & 
1 & 15.215628449478153 & 0.02002056374931336 & 2.0057401583408807 & 
2 & 15.243605502431672 & 0.010028687830547153 & 1.9993994350796067 & 
3 & 15.27721548900363 & 0.006700533109212119 & 2.000457560499871 & 
4 & 15.20431577321798 & 0.04001135729794205 & 7.8134178531421234 & 
5 & 147.2024370860927 & 0.08000132450331125 & 492.6751967390728 & 
6 & 18.41092512886727 & 0.04002375028014624 & 5.29041936017067 & 
7 & 18.41092512886727 & 0.04002375028014624 & 5.345572087416332 & 
8 & 18.41092512886727 & 0.04002375028014624 & 5.345572087416332 & 
9 & 16.801984877126653 & 0.08000945179584121 & 5.272622873345936 & 
10 & 16.801984877126653 & 0.08000945179584121 & 5.272622873345936 & 
11 & 16.801984877126653 & 0.08000945179584121 & 5.327909404536862 & 
12 & 16.807666229932728 & 0.040018252928411255 & 5.289692708583257 & 
13 & 16.826973019281663 & 0.020032110737240077 & 5.275736812202496 & 
14 & 16.879151328743266 & 0.010047113886156705 & 5.282049089141392 & 
15 & 48.81353602299746 & 2.3244540963332123E-4 & 15.246559308668806 & 

----------------------------------------
library(MCDM)
d<-matrix(c(15.206015241802604, 15.215628449478153, 15.243605502431672, 15.27721548900363, 15.20431577321798, 147.2024370860927, 18.41092512886727, 18.41092512886727, 18.41092512886727, 16.801984877126653, 16.801984877126653, 16.801984877126653, 16.807666229932728, 16.826973019281663, 16.879151328743266, 48.81353602299746, 0.040015829583691064, 0.02002056374931336, 0.010028687830547153, 0.006700533109212119, 0.04001135729794205, 0.08000132450331125, 0.04002375028014624, 0.04002375028014624, 0.04002375028014624, 0.08000945179584121, 0.08000945179584121, 0.08000945179584121, 0.040018252928411255, 0.020032110737240077, 0.010047113886156705, 2.3244540963332123E-4, 2.0244808499779716, 2.0057401583408807, 1.9993994350796067, 2.000457560499871, 7.8134178531421234, 492.6751967390728, 5.29041936017067, 5.345572087416332, 5.345572087416332, 5.272622873345936, 5.272622873345936, 5.327909404536862, 5.289692708583257, 5.275736812202496, 5.282049089141392, 15.246559308668806),nrow = 16,ncol = 3)
w <- c(0.5714, 0.2857, 0.1429)
cb <- c('min', 'min', 'min')
TOPSISVector(d, w, cb)
----------------------------------------
library(MCDM)
d<-matrix(c(15.206015241802604, 15.215628449478153, 15.243605502431672, 15.27721548900363, 15.20431577321798, 147.2024370860927, 18.41092512886727, 18.41092512886727, 18.41092512886727, 16.801984877126653, 16.801984877126653, 16.801984877126653, 16.807666229932728, 16.826973019281663, 16.879151328743266, 48.81353602299746, 0.040015829583691064, 0.02002056374931336, 0.010028687830547153, 0.006700533109212119, 0.04001135729794205, 0.08000132450331125, 0.04002375028014624, 0.04002375028014624, 0.04002375028014624, 0.08000945179584121, 0.08000945179584121, 0.08000945179584121, 0.040018252928411255, 0.020032110737240077, 0.010047113886156705, 2.3244540963332123E-4, 2.0244808499779716, 2.0057401583408807, 1.9993994350796067, 2.000457560499871, 7.8134178531421234, 492.6751967390728, 5.29041936017067, 5.345572087416332, 5.345572087416332, 5.272622873345936, 5.272622873345936, 5.327909404536862, 5.289692708583257, 5.275736812202496, 5.282049089141392, 15.246559308668806),nrow = 16,ncol = 3)
w <- c(0.5714, 0.2857, 0.1429)
cb <- c('min', 'min', 'min')
v<-0.5
VIKOR(d, w, cb, v)
----------------------------------------
library(MCDM)
d<-matrix(c(15.206015241802604, 15.215628449478153, 15.243605502431672, 15.27721548900363, 15.20431577321798, 147.2024370860927, 18.41092512886727, 18.41092512886727, 18.41092512886727, 16.801984877126653, 16.801984877126653, 16.801984877126653, 16.807666229932728, 16.826973019281663, 16.879151328743266, 48.81353602299746, 0.040015829583691064, 0.02002056374931336, 0.010028687830547153, 0.006700533109212119, 0.04001135729794205, 0.08000132450331125, 0.04002375028014624, 0.04002375028014624, 0.04002375028014624, 0.08000945179584121, 0.08000945179584121, 0.08000945179584121, 0.040018252928411255, 0.020032110737240077, 0.010047113886156705, 2.3244540963332123E-4, 2.0244808499779716, 2.0057401583408807, 1.9993994350796067, 2.000457560499871, 7.8134178531421234, 492.6751967390728, 5.29041936017067, 5.345572087416332, 5.345572087416332, 5.272622873345936, 5.272622873345936, 5.327909404536862, 5.289692708583257, 5.275736812202496, 5.282049089141392, 15.246559308668806),nrow = 16,ncol = 3)
w <- c(0.5714, 0.2857, 0.1429)
cb <- c('min', 'min', 'min')
v<-0.0
WASPAS(d, w, cb, v)
----------------------------------------
library(MCDM)
d<-matrix(c(15.206015241802604, 15.215628449478153, 15.243605502431672, 15.27721548900363, 15.20431577321798, 147.2024370860927, 18.41092512886727, 18.41092512886727, 18.41092512886727, 16.801984877126653, 16.801984877126653, 16.801984877126653, 16.807666229932728, 16.826973019281663, 16.879151328743266, 48.81353602299746, 0.040015829583691064, 0.02002056374931336, 0.010028687830547153, 0.006700533109212119, 0.04001135729794205, 0.08000132450331125, 0.04002375028014624, 0.04002375028014624, 0.04002375028014624, 0.08000945179584121, 0.08000945179584121, 0.08000945179584121, 0.040018252928411255, 0.020032110737240077, 0.010047113886156705, 2.3244540963332123E-4, 2.0244808499779716, 2.0057401583408807, 1.9993994350796067, 2.000457560499871, 7.8134178531421234, 492.6751967390728, 5.29041936017067, 5.345572087416332, 5.345572087416332, 5.272622873345936, 5.272622873345936, 5.327909404536862, 5.289692708583257, 5.275736812202496, 5.282049089141392, 15.246559308668806),nrow = 16,ncol = 3)
w <- c(0.5714, 0.2857, 0.1429)
cb <- c('min', 'min', 'min')
TOPSISLinear(d, w, cb)

Decision Matrix of component: rank3[Energy>Cost>Time] 

| energy[0.5714](DECREASING) | cost [0.2857](DECREASING) | parallel_time[0.1429](DECREASING) | 

0 & 15.206015241802604 & 2.0244808499779716 & 0.040015829583691064 & 
1 & 15.215628449478153 & 2.0057401583408807 & 0.02002056374931336 & 
2 & 15.243605502431672 & 1.9993994350796067 & 0.010028687830547153 & 
3 & 15.27721548900363 & 2.000457560499871 & 0.006700533109212119 & 
4 & 15.20431577321798 & 7.8134178531421234 & 0.04001135729794205 & 
5 & 147.2024370860927 & 492.6751967390728 & 0.08000132450331125 & 
6 & 18.41092512886727 & 5.29041936017067 & 0.04002375028014624 & 
7 & 18.41092512886727 & 5.345572087416332 & 0.04002375028014624 & 
8 & 18.41092512886727 & 5.345572087416332 & 0.04002375028014624 & 
9 & 16.801984877126653 & 5.272622873345936 & 0.08000945179584121 & 
10 & 16.801984877126653 & 5.272622873345936 & 0.08000945179584121 & 
11 & 16.801984877126653 & 5.327909404536862 & 0.08000945179584121 & 
12 & 16.807666229932728 & 5.289692708583257 & 0.040018252928411255 & 
13 & 16.826973019281663 & 5.275736812202496 & 0.020032110737240077 & 
14 & 16.879151328743266 & 5.282049089141392 & 0.010047113886156705 & 
15 & 48.81353602299746 & 15.246559308668806 & 2.3244540963332123E-4 & 

----------------------------------------
library(MCDM)
d<-matrix(c(15.206015241802604, 15.215628449478153, 15.243605502431672, 15.27721548900363, 15.20431577321798, 147.2024370860927, 18.41092512886727, 18.41092512886727, 18.41092512886727, 16.801984877126653, 16.801984877126653, 16.801984877126653, 16.807666229932728, 16.826973019281663, 16.879151328743266, 48.81353602299746, 2.0244808499779716, 2.0057401583408807, 1.9993994350796067, 2.000457560499871, 7.8134178531421234, 492.6751967390728, 5.29041936017067, 5.345572087416332, 5.345572087416332, 5.272622873345936, 5.272622873345936, 5.327909404536862, 5.289692708583257, 5.275736812202496, 5.282049089141392, 15.246559308668806, 0.040015829583691064, 0.02002056374931336, 0.010028687830547153, 0.006700533109212119, 0.04001135729794205, 0.08000132450331125, 0.04002375028014624, 0.04002375028014624, 0.04002375028014624, 0.08000945179584121, 0.08000945179584121, 0.08000945179584121, 0.040018252928411255, 0.020032110737240077, 0.010047113886156705, 2.3244540963332123E-4),nrow = 16,ncol = 3)
w <- c(0.5714, 0.2857, 0.1429)
cb <- c('min', 'min', 'min')
TOPSISVector(d, w, cb)
----------------------------------------
library(MCDM)
d<-matrix(c(15.206015241802604, 15.215628449478153, 15.243605502431672, 15.27721548900363, 15.20431577321798, 147.2024370860927, 18.41092512886727, 18.41092512886727, 18.41092512886727, 16.801984877126653, 16.801984877126653, 16.801984877126653, 16.807666229932728, 16.826973019281663, 16.879151328743266, 48.81353602299746, 2.0244808499779716, 2.0057401583408807, 1.9993994350796067, 2.000457560499871, 7.8134178531421234, 492.6751967390728, 5.29041936017067, 5.345572087416332, 5.345572087416332, 5.272622873345936, 5.272622873345936, 5.327909404536862, 5.289692708583257, 5.275736812202496, 5.282049089141392, 15.246559308668806, 0.040015829583691064, 0.02002056374931336, 0.010028687830547153, 0.006700533109212119, 0.04001135729794205, 0.08000132450331125, 0.04002375028014624, 0.04002375028014624, 0.04002375028014624, 0.08000945179584121, 0.08000945179584121, 0.08000945179584121, 0.040018252928411255, 0.020032110737240077, 0.010047113886156705, 2.3244540963332123E-4),nrow = 16,ncol = 3)
w <- c(0.5714, 0.2857, 0.1429)
cb <- c('min', 'min', 'min')
v<-0.5
VIKOR(d, w, cb, v)
----------------------------------------
library(MCDM)
d<-matrix(c(15.206015241802604, 15.215628449478153, 15.243605502431672, 15.27721548900363, 15.20431577321798, 147.2024370860927, 18.41092512886727, 18.41092512886727, 18.41092512886727, 16.801984877126653, 16.801984877126653, 16.801984877126653, 16.807666229932728, 16.826973019281663, 16.879151328743266, 48.81353602299746, 2.0244808499779716, 2.0057401583408807, 1.9993994350796067, 2.000457560499871, 7.8134178531421234, 492.6751967390728, 5.29041936017067, 5.345572087416332, 5.345572087416332, 5.272622873345936, 5.272622873345936, 5.327909404536862, 5.289692708583257, 5.275736812202496, 5.282049089141392, 15.246559308668806, 0.040015829583691064, 0.02002056374931336, 0.010028687830547153, 0.006700533109212119, 0.04001135729794205, 0.08000132450331125, 0.04002375028014624, 0.04002375028014624, 0.04002375028014624, 0.08000945179584121, 0.08000945179584121, 0.08000945179584121, 0.040018252928411255, 0.020032110737240077, 0.010047113886156705, 2.3244540963332123E-4),nrow = 16,ncol = 3)
w <- c(0.5714, 0.2857, 0.1429)
cb <- c('min', 'min', 'min')
v<-0.0
WASPAS(d, w, cb, v)
----------------------------------------
library(MCDM)
d<-matrix(c(15.206015241802604, 15.215628449478153, 15.243605502431672, 15.27721548900363, 15.20431577321798, 147.2024370860927, 18.41092512886727, 18.41092512886727, 18.41092512886727, 16.801984877126653, 16.801984877126653, 16.801984877126653, 16.807666229932728, 16.826973019281663, 16.879151328743266, 48.81353602299746, 2.0244808499779716, 2.0057401583408807, 1.9993994350796067, 2.000457560499871, 7.8134178531421234, 492.6751967390728, 5.29041936017067, 5.345572087416332, 5.345572087416332, 5.272622873345936, 5.272622873345936, 5.327909404536862, 5.289692708583257, 5.275736812202496, 5.282049089141392, 15.246559308668806, 0.040015829583691064, 0.02002056374931336, 0.010028687830547153, 0.006700533109212119, 0.04001135729794205, 0.08000132450331125, 0.04002375028014624, 0.04002375028014624, 0.04002375028014624, 0.08000945179584121, 0.08000945179584121, 0.08000945179584121, 0.040018252928411255, 0.020032110737240077, 0.010047113886156705, 2.3244540963332123E-4),nrow = 16,ncol = 3)
w <- c(0.5714, 0.2857, 0.1429)
cb <- c('min', 'min', 'min')
TOPSISLinear(d, w, cb)

Decision Matrix of component: rank4[Time>Energy>Cost] 

| parallel_time[0.5714](DECREASING) | energy[0.2857](DECREASING) | cost [0.1429](DECREASING) | 

0 & 0.040015829583691064 & 15.206015241802604 & 2.0244808499779716 & 
1 & 0.02002056374931336 & 15.215628449478153 & 2.0057401583408807 & 
2 & 0.010028687830547153 & 15.243605502431672 & 1.9993994350796067 & 
3 & 0.006700533109212119 & 15.27721548900363 & 2.000457560499871 & 
4 & 0.04001135729794205 & 15.20431577321798 & 7.8134178531421234 & 
5 & 0.08000132450331125 & 147.2024370860927 & 492.6751967390728 & 
6 & 0.04002375028014624 & 18.41092512886727 & 5.29041936017067 & 
7 & 0.04002375028014624 & 18.41092512886727 & 5.345572087416332 & 
8 & 0.04002375028014624 & 18.41092512886727 & 5.345572087416332 & 
9 & 0.08000945179584121 & 16.801984877126653 & 5.272622873345936 & 
10 & 0.08000945179584121 & 16.801984877126653 & 5.272622873345936 & 
11 & 0.08000945179584121 & 16.801984877126653 & 5.327909404536862 & 
12 & 0.040018252928411255 & 16.807666229932728 & 5.289692708583257 & 
13 & 0.020032110737240077 & 16.826973019281663 & 5.275736812202496 & 
14 & 0.010047113886156705 & 16.879151328743266 & 5.282049089141392 & 
15 & 2.3244540963332123E-4 & 48.81353602299746 & 15.246559308668806 & 

----------------------------------------
library(MCDM)
d<-matrix(c(0.040015829583691064, 0.02002056374931336, 0.010028687830547153, 0.006700533109212119, 0.04001135729794205, 0.08000132450331125, 0.04002375028014624, 0.04002375028014624, 0.04002375028014624, 0.08000945179584121, 0.08000945179584121, 0.08000945179584121, 0.040018252928411255, 0.020032110737240077, 0.010047113886156705, 2.3244540963332123E-4, 15.206015241802604, 15.215628449478153, 15.243605502431672, 15.27721548900363, 15.20431577321798, 147.2024370860927, 18.41092512886727, 18.41092512886727, 18.41092512886727, 16.801984877126653, 16.801984877126653, 16.801984877126653, 16.807666229932728, 16.826973019281663, 16.879151328743266, 48.81353602299746, 2.0244808499779716, 2.0057401583408807, 1.9993994350796067, 2.000457560499871, 7.8134178531421234, 492.6751967390728, 5.29041936017067, 5.345572087416332, 5.345572087416332, 5.272622873345936, 5.272622873345936, 5.327909404536862, 5.289692708583257, 5.275736812202496, 5.282049089141392, 15.246559308668806),nrow = 16,ncol = 3)
w <- c(0.5714, 0.2857, 0.1429)
cb <- c('min', 'min', 'min')
TOPSISVector(d, w, cb)
----------------------------------------
library(MCDM)
d<-matrix(c(0.040015829583691064, 0.02002056374931336, 0.010028687830547153, 0.006700533109212119, 0.04001135729794205, 0.08000132450331125, 0.04002375028014624, 0.04002375028014624, 0.04002375028014624, 0.08000945179584121, 0.08000945179584121, 0.08000945179584121, 0.040018252928411255, 0.020032110737240077, 0.010047113886156705, 2.3244540963332123E-4, 15.206015241802604, 15.215628449478153, 15.243605502431672, 15.27721548900363, 15.20431577321798, 147.2024370860927, 18.41092512886727, 18.41092512886727, 18.41092512886727, 16.801984877126653, 16.801984877126653, 16.801984877126653, 16.807666229932728, 16.826973019281663, 16.879151328743266, 48.81353602299746, 2.0244808499779716, 2.0057401583408807, 1.9993994350796067, 2.000457560499871, 7.8134178531421234, 492.6751967390728, 5.29041936017067, 5.345572087416332, 5.345572087416332, 5.272622873345936, 5.272622873345936, 5.327909404536862, 5.289692708583257, 5.275736812202496, 5.282049089141392, 15.246559308668806),nrow = 16,ncol = 3)
w <- c(0.5714, 0.2857, 0.1429)
cb <- c('min', 'min', 'min')
v<-0.5
VIKOR(d, w, cb, v)
----------------------------------------
library(MCDM)
d<-matrix(c(0.040015829583691064, 0.02002056374931336, 0.010028687830547153, 0.006700533109212119, 0.04001135729794205, 0.08000132450331125, 0.04002375028014624, 0.04002375028014624, 0.04002375028014624, 0.08000945179584121, 0.08000945179584121, 0.08000945179584121, 0.040018252928411255, 0.020032110737240077, 0.010047113886156705, 2.3244540963332123E-4, 15.206015241802604, 15.215628449478153, 15.243605502431672, 15.27721548900363, 15.20431577321798, 147.2024370860927, 18.41092512886727, 18.41092512886727, 18.41092512886727, 16.801984877126653, 16.801984877126653, 16.801984877126653, 16.807666229932728, 16.826973019281663, 16.879151328743266, 48.81353602299746, 2.0244808499779716, 2.0057401583408807, 1.9993994350796067, 2.000457560499871, 7.8134178531421234, 492.6751967390728, 5.29041936017067, 5.345572087416332, 5.345572087416332, 5.272622873345936, 5.272622873345936, 5.327909404536862, 5.289692708583257, 5.275736812202496, 5.282049089141392, 15.246559308668806),nrow = 16,ncol = 3)
w <- c(0.5714, 0.2857, 0.1429)
cb <- c('min', 'min', 'min')
v<-0.0
WASPAS(d, w, cb, v)
----------------------------------------
library(MCDM)
d<-matrix(c(0.040015829583691064, 0.02002056374931336, 0.010028687830547153, 0.006700533109212119, 0.04001135729794205, 0.08000132450331125, 0.04002375028014624, 0.04002375028014624, 0.04002375028014624, 0.08000945179584121, 0.08000945179584121, 0.08000945179584121, 0.040018252928411255, 0.020032110737240077, 0.010047113886156705, 2.3244540963332123E-4, 15.206015241802604, 15.215628449478153, 15.243605502431672, 15.27721548900363, 15.20431577321798, 147.2024370860927, 18.41092512886727, 18.41092512886727, 18.41092512886727, 16.801984877126653, 16.801984877126653, 16.801984877126653, 16.807666229932728, 16.826973019281663, 16.879151328743266, 48.81353602299746, 2.0244808499779716, 2.0057401583408807, 1.9993994350796067, 2.000457560499871, 7.8134178531421234, 492.6751967390728, 5.29041936017067, 5.345572087416332, 5.345572087416332, 5.272622873345936, 5.272622873345936, 5.327909404536862, 5.289692708583257, 5.275736812202496, 5.282049089141392, 15.246559308668806),nrow = 16,ncol = 3)
w <- c(0.5714, 0.2857, 0.1429)
cb <- c('min', 'min', 'min')
TOPSISLinear(d, w, cb)

Decision Matrix of component: rank5[Time>Cost>Energy]

| parallel_time[0.5714](DECREASING) | cost [0.2857](DECREASING) | energy[0.1429](DECREASING) | 

0 & 0.040015829583691064 & 2.0244808499779716 & 15.206015241802604 & 
1 & 0.02002056374931336 & 2.0057401583408807 & 15.215628449478153 & 
2 & 0.010028687830547153 & 1.9993994350796067 & 15.243605502431672 & 
3 & 0.006700533109212119 & 2.000457560499871 & 15.27721548900363 & 
4 & 0.04001135729794205 & 7.8134178531421234 & 15.20431577321798 & 
5 & 0.08000132450331125 & 492.6751967390728 & 147.2024370860927 & 
6 & 0.04002375028014624 & 5.29041936017067 & 18.41092512886727 & 
7 & 0.04002375028014624 & 5.345572087416332 & 18.41092512886727 & 
8 & 0.04002375028014624 & 5.345572087416332 & 18.41092512886727 & 
9 & 0.08000945179584121 & 5.272622873345936 & 16.801984877126653 & 
10 & 0.08000945179584121 & 5.272622873345936 & 16.801984877126653 & 
11 & 0.08000945179584121 & 5.327909404536862 & 16.801984877126653 & 
12 & 0.040018252928411255 & 5.289692708583257 & 16.807666229932728 & 
13 & 0.020032110737240077 & 5.275736812202496 & 16.826973019281663 & 
14 & 0.010047113886156705 & 5.282049089141392 & 16.879151328743266 & 
15 & 2.3244540963332123E-4 & 15.246559308668806 & 48.81353602299746 & 

----------------------------------------
library(MCDM)
d<-matrix(c(0.040015829583691064, 0.02002056374931336, 0.010028687830547153, 0.006700533109212119, 0.04001135729794205, 0.08000132450331125, 0.04002375028014624, 0.04002375028014624, 0.04002375028014624, 0.08000945179584121, 0.08000945179584121, 0.08000945179584121, 0.040018252928411255, 0.020032110737240077, 0.010047113886156705, 2.3244540963332123E-4, 2.0244808499779716, 2.0057401583408807, 1.9993994350796067, 2.000457560499871, 7.8134178531421234, 492.6751967390728, 5.29041936017067, 5.345572087416332, 5.345572087416332, 5.272622873345936, 5.272622873345936, 5.327909404536862, 5.289692708583257, 5.275736812202496, 5.282049089141392, 15.246559308668806, 15.206015241802604, 15.215628449478153, 15.243605502431672, 15.27721548900363, 15.20431577321798, 147.2024370860927, 18.41092512886727, 18.41092512886727, 18.41092512886727, 16.801984877126653, 16.801984877126653, 16.801984877126653, 16.807666229932728, 16.826973019281663, 16.879151328743266, 48.81353602299746),nrow = 16,ncol = 3)
w <- c(0.5714, 0.2857, 0.1429)
cb <- c('min', 'min', 'min')
TOPSISVector(d, w, cb)
----------------------------------------
library(MCDM)
d<-matrix(c(0.040015829583691064, 0.02002056374931336, 0.010028687830547153, 0.006700533109212119, 0.04001135729794205, 0.08000132450331125, 0.04002375028014624, 0.04002375028014624, 0.04002375028014624, 0.08000945179584121, 0.08000945179584121, 0.08000945179584121, 0.040018252928411255, 0.020032110737240077, 0.010047113886156705, 2.3244540963332123E-4, 2.0244808499779716, 2.0057401583408807, 1.9993994350796067, 2.000457560499871, 7.8134178531421234, 492.6751967390728, 5.29041936017067, 5.345572087416332, 5.345572087416332, 5.272622873345936, 5.272622873345936, 5.327909404536862, 5.289692708583257, 5.275736812202496, 5.282049089141392, 15.246559308668806, 15.206015241802604, 15.215628449478153, 15.243605502431672, 15.27721548900363, 15.20431577321798, 147.2024370860927, 18.41092512886727, 18.41092512886727, 18.41092512886727, 16.801984877126653, 16.801984877126653, 16.801984877126653, 16.807666229932728, 16.826973019281663, 16.879151328743266, 48.81353602299746),nrow = 16,ncol = 3)
w <- c(0.5714, 0.2857, 0.1429)
cb <- c('min', 'min', 'min')
v<-0.5
VIKOR(d, w, cb, v)
----------------------------------------
library(MCDM)
d<-matrix(c(0.040015829583691064, 0.02002056374931336, 0.010028687830547153, 0.006700533109212119, 0.04001135729794205, 0.08000132450331125, 0.04002375028014624, 0.04002375028014624, 0.04002375028014624, 0.08000945179584121, 0.08000945179584121, 0.08000945179584121, 0.040018252928411255, 0.020032110737240077, 0.010047113886156705, 2.3244540963332123E-4, 2.0244808499779716, 2.0057401583408807, 1.9993994350796067, 2.000457560499871, 7.8134178531421234, 492.6751967390728, 5.29041936017067, 5.345572087416332, 5.345572087416332, 5.272622873345936, 5.272622873345936, 5.327909404536862, 5.289692708583257, 5.275736812202496, 5.282049089141392, 15.246559308668806, 15.206015241802604, 15.215628449478153, 15.243605502431672, 15.27721548900363, 15.20431577321798, 147.2024370860927, 18.41092512886727, 18.41092512886727, 18.41092512886727, 16.801984877126653, 16.801984877126653, 16.801984877126653, 16.807666229932728, 16.826973019281663, 16.879151328743266, 48.81353602299746),nrow = 16,ncol = 3)
w <- c(0.5714, 0.2857, 0.1429)
cb <- c('min', 'min', 'min')
v<-0.0
WASPAS(d, w, cb, v)
----------------------------------------
library(MCDM)
d<-matrix(c(0.040015829583691064, 0.02002056374931336, 0.010028687830547153, 0.006700533109212119, 0.04001135729794205, 0.08000132450331125, 0.04002375028014624, 0.04002375028014624, 0.04002375028014624, 0.08000945179584121, 0.08000945179584121, 0.08000945179584121, 0.040018252928411255, 0.020032110737240077, 0.010047113886156705, 2.3244540963332123E-4, 2.0244808499779716, 2.0057401583408807, 1.9993994350796067, 2.000457560499871, 7.8134178531421234, 492.6751967390728, 5.29041936017067, 5.345572087416332, 5.345572087416332, 5.272622873345936, 5.272622873345936, 5.327909404536862, 5.289692708583257, 5.275736812202496, 5.282049089141392, 15.246559308668806, 15.206015241802604, 15.215628449478153, 15.243605502431672, 15.27721548900363, 15.20431577321798, 147.2024370860927, 18.41092512886727, 18.41092512886727, 18.41092512886727, 16.801984877126653, 16.801984877126653, 16.801984877126653, 16.807666229932728, 16.826973019281663, 16.879151328743266, 48.81353602299746),nrow = 16,ncol = 3)
w <- c(0.5714, 0.2857, 0.1429)
cb <- c('min', 'min', 'min')
TOPSISLinear(d, w, cb)

Decision Matrix of component: rank6[Cost=Time=Energy]

| cost [0.3334](DECREASING) | parallel_time[0.3333](DECREASING) | energy[0.3333](DECREASING) | 

0 & 2.0244808499779716 & 0.040015829583691064 & 15.206015241802604 & 
1 & 2.0057401583408807 & 0.02002056374931336 & 15.215628449478153 & 
2 & 1.9993994350796067 & 0.010028687830547153 & 15.243605502431672 & 
3 & 2.000457560499871 & 0.006700533109212119 & 15.27721548900363 & 
4 & 7.8134178531421234 & 0.04001135729794205 & 15.20431577321798 & 
5 & 492.6751967390728 & 0.08000132450331125 & 147.2024370860927 & 
6 & 5.29041936017067 & 0.04002375028014624 & 18.41092512886727 & 
7 & 5.345572087416332 & 0.04002375028014624 & 18.41092512886727 & 
8 & 5.345572087416332 & 0.04002375028014624 & 18.41092512886727 & 
9 & 5.272622873345936 & 0.08000945179584121 & 16.801984877126653 & 
10 & 5.272622873345936 & 0.08000945179584121 & 16.801984877126653 & 
11 & 5.327909404536862 & 0.08000945179584121 & 16.801984877126653 & 
12 & 5.289692708583257 & 0.040018252928411255 & 16.807666229932728 & 
13 & 5.275736812202496 & 0.020032110737240077 & 16.826973019281663 & 
14 & 5.282049089141392 & 0.010047113886156705 & 16.879151328743266 & 
15 & 15.246559308668806 & 2.3244540963332123E-4 & 48.81353602299746 & 

----------------------------------------
library(MCDM)
d<-matrix(c(2.0244808499779716, 2.0057401583408807, 1.9993994350796067, 2.000457560499871, 7.8134178531421234, 492.6751967390728, 5.29041936017067, 5.345572087416332, 5.345572087416332, 5.272622873345936, 5.272622873345936, 5.327909404536862, 5.289692708583257, 5.275736812202496, 5.282049089141392, 15.246559308668806, 0.040015829583691064, 0.02002056374931336, 0.010028687830547153, 0.006700533109212119, 0.04001135729794205, 0.08000132450331125, 0.04002375028014624, 0.04002375028014624, 0.04002375028014624, 0.08000945179584121, 0.08000945179584121, 0.08000945179584121, 0.040018252928411255, 0.020032110737240077, 0.010047113886156705, 2.3244540963332123E-4, 15.206015241802604, 15.215628449478153, 15.243605502431672, 15.27721548900363, 15.20431577321798, 147.2024370860927, 18.41092512886727, 18.41092512886727, 18.41092512886727, 16.801984877126653, 16.801984877126653, 16.801984877126653, 16.807666229932728, 16.826973019281663, 16.879151328743266, 48.81353602299746),nrow = 16,ncol = 3)
w <- c(0.3334, 0.3333, 0.3333)
cb <- c('min', 'min', 'min')
TOPSISVector(d, w, cb)
----------------------------------------
library(MCDM)
d<-matrix(c(2.0244808499779716, 2.0057401583408807, 1.9993994350796067, 2.000457560499871, 7.8134178531421234, 492.6751967390728, 5.29041936017067, 5.345572087416332, 5.345572087416332, 5.272622873345936, 5.272622873345936, 5.327909404536862, 5.289692708583257, 5.275736812202496, 5.282049089141392, 15.246559308668806, 0.040015829583691064, 0.02002056374931336, 0.010028687830547153, 0.006700533109212119, 0.04001135729794205, 0.08000132450331125, 0.04002375028014624, 0.04002375028014624, 0.04002375028014624, 0.08000945179584121, 0.08000945179584121, 0.08000945179584121, 0.040018252928411255, 0.020032110737240077, 0.010047113886156705, 2.3244540963332123E-4, 15.206015241802604, 15.215628449478153, 15.243605502431672, 15.27721548900363, 15.20431577321798, 147.2024370860927, 18.41092512886727, 18.41092512886727, 18.41092512886727, 16.801984877126653, 16.801984877126653, 16.801984877126653, 16.807666229932728, 16.826973019281663, 16.879151328743266, 48.81353602299746),nrow = 16,ncol = 3)
w <- c(0.3334, 0.3333, 0.3333)
cb <- c('min', 'min', 'min')
v<-0.5
VIKOR(d, w, cb, v)
----------------------------------------
library(MCDM)
d<-matrix(c(2.0244808499779716, 2.0057401583408807, 1.9993994350796067, 2.000457560499871, 7.8134178531421234, 492.6751967390728, 5.29041936017067, 5.345572087416332, 5.345572087416332, 5.272622873345936, 5.272622873345936, 5.327909404536862, 5.289692708583257, 5.275736812202496, 5.282049089141392, 15.246559308668806, 0.040015829583691064, 0.02002056374931336, 0.010028687830547153, 0.006700533109212119, 0.04001135729794205, 0.08000132450331125, 0.04002375028014624, 0.04002375028014624, 0.04002375028014624, 0.08000945179584121, 0.08000945179584121, 0.08000945179584121, 0.040018252928411255, 0.020032110737240077, 0.010047113886156705, 2.3244540963332123E-4, 15.206015241802604, 15.215628449478153, 15.243605502431672, 15.27721548900363, 15.20431577321798, 147.2024370860927, 18.41092512886727, 18.41092512886727, 18.41092512886727, 16.801984877126653, 16.801984877126653, 16.801984877126653, 16.807666229932728, 16.826973019281663, 16.879151328743266, 48.81353602299746),nrow = 16,ncol = 3)
w <- c(0.3334, 0.3333, 0.3333)
cb <- c('min', 'min', 'min')
v<-0.0
WASPAS(d, w, cb, v)
----------------------------------------
library(MCDM)
d<-matrix(c(2.0244808499779716, 2.0057401583408807, 1.9993994350796067, 2.000457560499871, 7.8134178531421234, 492.6751967390728, 5.29041936017067, 5.345572087416332, 5.345572087416332, 5.272622873345936, 5.272622873345936, 5.327909404536862, 5.289692708583257, 5.275736812202496, 5.282049089141392, 15.246559308668806, 0.040015829583691064, 0.02002056374931336, 0.010028687830547153, 0.006700533109212119, 0.04001135729794205, 0.08000132450331125, 0.04002375028014624, 0.04002375028014624, 0.04002375028014624, 0.08000945179584121, 0.08000945179584121, 0.08000945179584121, 0.040018252928411255, 0.020032110737240077, 0.010047113886156705, 2.3244540963332123E-4, 15.206015241802604, 15.215628449478153, 15.243605502431672, 15.27721548900363, 15.20431577321798, 147.2024370860927, 18.41092512886727, 18.41092512886727, 18.41092512886727, 16.801984877126653, 16.801984877126653, 16.801984877126653, 16.807666229932728, 16.826973019281663, 16.879151328743266, 48.81353602299746),nrow = 16,ncol = 3)
w <- c(0.3334, 0.3333, 0.3333)
cb <- c('min', 'min', 'min')
TOPSISLinear(d, w, cb)

Decision Matrix of component: rank7[Cost]

| cost [1.0](DECREASING) | 

0 & 2.0244808499779716 & 
1 & 2.0057401583408807 & 
2 & 1.9993994350796067 & 
3 & 2.000457560499871 & 
4 & 7.8134178531421234 & 
5 & 492.6751967390728 & 
6 & 5.29041936017067 & 
7 & 5.345572087416332 & 
8 & 5.345572087416332 & 
9 & 5.272622873345936 & 
10 & 5.272622873345936 & 
11 & 5.327909404536862 & 
12 & 5.289692708583257 & 
13 & 5.275736812202496 & 
14 & 5.282049089141392 & 
15 & 15.246559308668806 & 

----------------------------------------
library(MCDM)
d<-matrix(c(2.0244808499779716, 2.0057401583408807, 1.9993994350796067, 2.000457560499871, 7.8134178531421234, 492.6751967390728, 5.29041936017067, 5.345572087416332, 5.345572087416332, 5.272622873345936, 5.272622873345936, 5.327909404536862, 5.289692708583257, 5.275736812202496, 5.282049089141392, 15.246559308668806),nrow = 16,ncol = 1)
w <- c(1.0)
cb <- c('min')
TOPSISVector(d, w, cb)
----------------------------------------
library(MCDM)
d<-matrix(c(2.0244808499779716, 2.0057401583408807, 1.9993994350796067, 2.000457560499871, 7.8134178531421234, 492.6751967390728, 5.29041936017067, 5.345572087416332, 5.345572087416332, 5.272622873345936, 5.272622873345936, 5.327909404536862, 5.289692708583257, 5.275736812202496, 5.282049089141392, 15.246559308668806),nrow = 16,ncol = 1)
w <- c(1.0)
cb <- c('min')
v<-0.5
VIKOR(d, w, cb, v)
----------------------------------------
library(MCDM)
d<-matrix(c(2.0244808499779716, 2.0057401583408807, 1.9993994350796067, 2.000457560499871, 7.8134178531421234, 492.6751967390728, 5.29041936017067, 5.345572087416332, 5.345572087416332, 5.272622873345936, 5.272622873345936, 5.327909404536862, 5.289692708583257, 5.275736812202496, 5.282049089141392, 15.246559308668806),nrow = 16,ncol = 1)
w <- c(1.0)
cb <- c('min')
v<-0.0
WASPAS(d, w, cb, v)
----------------------------------------
library(MCDM)
d<-matrix(c(2.0244808499779716, 2.0057401583408807, 1.9993994350796067, 2.000457560499871, 7.8134178531421234, 492.6751967390728, 5.29041936017067, 5.345572087416332, 5.345572087416332, 5.272622873345936, 5.272622873345936, 5.327909404536862, 5.289692708583257, 5.275736812202496, 5.282049089141392, 15.246559308668806),nrow = 16,ncol = 1)
w <- c(1.0)
cb <- c('min')
TOPSISLinear(d, w, cb)

Decision Matrix of component: rank8[Time]

| parallel_time[1.0](DECREASING) | 

0 & 0.040015829583691064 & 
1 & 0.02002056374931336 & 
2 & 0.010028687830547153 & 
3 & 0.006700533109212119 & 
4 & 0.04001135729794205 & 
5 & 0.08000132450331125 & 
6 & 0.04002375028014624 & 
7 & 0.04002375028014624 & 
8 & 0.04002375028014624 & 
9 & 0.08000945179584121 & 
10 & 0.08000945179584121 & 
11 & 0.08000945179584121 & 
12 & 0.040018252928411255 & 
13 & 0.020032110737240077 & 
14 & 0.010047113886156705 & 
15 & 2.3244540963332123E-4 & 

----------------------------------------
library(MCDM)
d<-matrix(c(0.040015829583691064, 0.02002056374931336, 0.010028687830547153, 0.006700533109212119, 0.04001135729794205, 0.08000132450331125, 0.04002375028014624, 0.04002375028014624, 0.04002375028014624, 0.08000945179584121, 0.08000945179584121, 0.08000945179584121, 0.040018252928411255, 0.020032110737240077, 0.010047113886156705, 2.3244540963332123E-4),nrow = 16,ncol = 1)
w <- c(1.0)
cb <- c('min')
TOPSISVector(d, w, cb)
----------------------------------------
library(MCDM)
d<-matrix(c(0.040015829583691064, 0.02002056374931336, 0.010028687830547153, 0.006700533109212119, 0.04001135729794205, 0.08000132450331125, 0.04002375028014624, 0.04002375028014624, 0.04002375028014624, 0.08000945179584121, 0.08000945179584121, 0.08000945179584121, 0.040018252928411255, 0.020032110737240077, 0.010047113886156705, 2.3244540963332123E-4),nrow = 16,ncol = 1)
w <- c(1.0)
cb <- c('min')
v<-0.5
VIKOR(d, w, cb, v)
----------------------------------------
library(MCDM)
d<-matrix(c(0.040015829583691064, 0.02002056374931336, 0.010028687830547153, 0.006700533109212119, 0.04001135729794205, 0.08000132450331125, 0.04002375028014624, 0.04002375028014624, 0.04002375028014624, 0.08000945179584121, 0.08000945179584121, 0.08000945179584121, 0.040018252928411255, 0.020032110737240077, 0.010047113886156705, 2.3244540963332123E-4),nrow = 16,ncol = 1)
w <- c(1.0)
cb <- c('min')
v<-0.0
WASPAS(d, w, cb, v)
----------------------------------------
library(MCDM)
d<-matrix(c(0.040015829583691064, 0.02002056374931336, 0.010028687830547153, 0.006700533109212119, 0.04001135729794205, 0.08000132450331125, 0.04002375028014624, 0.04002375028014624, 0.04002375028014624, 0.08000945179584121, 0.08000945179584121, 0.08000945179584121, 0.040018252928411255, 0.020032110737240077, 0.010047113886156705, 2.3244540963332123E-4),nrow = 16,ncol = 1)
w <- c(1.0)
cb <- c('min')
TOPSISLinear(d, w, cb)

Decision Matrix of component: rank9[Energy]

| energy[1.0](DECREASING) | 

0 & 15.206015241802604 & 
1 & 15.215628449478153 & 
2 & 15.243605502431672 & 
3 & 15.27721548900363 & 
4 & 15.20431577321798 & 
5 & 147.2024370860927 & 
6 & 18.41092512886727 & 
7 & 18.41092512886727 & 
8 & 18.41092512886727 & 
9 & 16.801984877126653 & 
10 & 16.801984877126653 & 
11 & 16.801984877126653 & 
12 & 16.807666229932728 & 
13 & 16.826973019281663 & 
14 & 16.879151328743266 & 
15 & 48.81353602299746 & 

----------------------------------------
library(MCDM)
d<-matrix(c(15.206015241802604, 15.215628449478153, 15.243605502431672, 15.27721548900363, 15.20431577321798, 147.2024370860927, 18.41092512886727, 18.41092512886727, 18.41092512886727, 16.801984877126653, 16.801984877126653, 16.801984877126653, 16.807666229932728, 16.826973019281663, 16.879151328743266, 48.81353602299746),nrow = 16,ncol = 1)
w <- c(1.0)
cb <- c('min')
TOPSISVector(d, w, cb)
----------------------------------------
library(MCDM)
d<-matrix(c(15.206015241802604, 15.215628449478153, 15.243605502431672, 15.27721548900363, 15.20431577321798, 147.2024370860927, 18.41092512886727, 18.41092512886727, 18.41092512886727, 16.801984877126653, 16.801984877126653, 16.801984877126653, 16.807666229932728, 16.826973019281663, 16.879151328743266, 48.81353602299746),nrow = 16,ncol = 1)
w <- c(1.0)
cb <- c('min')
v<-0.5
VIKOR(d, w, cb, v)
----------------------------------------
library(MCDM)
d<-matrix(c(15.206015241802604, 15.215628449478153, 15.243605502431672, 15.27721548900363, 15.20431577321798, 147.2024370860927, 18.41092512886727, 18.41092512886727, 18.41092512886727, 16.801984877126653, 16.801984877126653, 16.801984877126653, 16.807666229932728, 16.826973019281663, 16.879151328743266, 48.81353602299746),nrow = 16,ncol = 1)
w <- c(1.0)
cb <- c('min')
v<-0.0
WASPAS(d, w, cb, v)
----------------------------------------
library(MCDM)
d<-matrix(c(15.206015241802604, 15.215628449478153, 15.243605502431672, 15.27721548900363, 15.20431577321798, 147.2024370860927, 18.41092512886727, 18.41092512886727, 18.41092512886727, 16.801984877126653, 16.801984877126653, 16.801984877126653, 16.807666229932728, 16.826973019281663, 16.879151328743266, 48.81353602299746),nrow = 16,ncol = 1)
w <- c(1.0)
cb <- c('min')
TOPSISLinear(d, w, cb)

Decision Matrix of component: rank10[Cost>Energy]

| cost [0.67](DECREASING) | energy[0.33](DECREASING) | 

0 & 2.0244808499779716 & 15.206015241802604 & 
1 & 2.0057401583408807 & 15.215628449478153 & 
2 & 1.9993994350796067 & 15.243605502431672 & 
3 & 2.000457560499871 & 15.27721548900363 & 
4 & 7.8134178531421234 & 15.20431577321798 & 
5 & 492.6751967390728 & 147.2024370860927 & 
6 & 5.29041936017067 & 18.41092512886727 & 
7 & 5.345572087416332 & 18.41092512886727 & 
8 & 5.345572087416332 & 18.41092512886727 & 
9 & 5.272622873345936 & 16.801984877126653 & 
10 & 5.272622873345936 & 16.801984877126653 & 
11 & 5.327909404536862 & 16.801984877126653 & 
12 & 5.289692708583257 & 16.807666229932728 & 
13 & 5.275736812202496 & 16.826973019281663 & 
14 & 5.282049089141392 & 16.879151328743266 & 
15 & 15.246559308668806 & 48.81353602299746 & 

----------------------------------------
library(MCDM)
d<-matrix(c(2.0244808499779716, 2.0057401583408807, 1.9993994350796067, 2.000457560499871, 7.8134178531421234, 492.6751967390728, 5.29041936017067, 5.345572087416332, 5.345572087416332, 5.272622873345936, 5.272622873345936, 5.327909404536862, 5.289692708583257, 5.275736812202496, 5.282049089141392, 15.246559308668806, 15.206015241802604, 15.215628449478153, 15.243605502431672, 15.27721548900363, 15.20431577321798, 147.2024370860927, 18.41092512886727, 18.41092512886727, 18.41092512886727, 16.801984877126653, 16.801984877126653, 16.801984877126653, 16.807666229932728, 16.826973019281663, 16.879151328743266, 48.81353602299746),nrow = 16,ncol = 2)
w <- c(0.67, 0.33)
cb <- c('min', 'min')
TOPSISVector(d, w, cb)
----------------------------------------
library(MCDM)
d<-matrix(c(2.0244808499779716, 2.0057401583408807, 1.9993994350796067, 2.000457560499871, 7.8134178531421234, 492.6751967390728, 5.29041936017067, 5.345572087416332, 5.345572087416332, 5.272622873345936, 5.272622873345936, 5.327909404536862, 5.289692708583257, 5.275736812202496, 5.282049089141392, 15.246559308668806, 15.206015241802604, 15.215628449478153, 15.243605502431672, 15.27721548900363, 15.20431577321798, 147.2024370860927, 18.41092512886727, 18.41092512886727, 18.41092512886727, 16.801984877126653, 16.801984877126653, 16.801984877126653, 16.807666229932728, 16.826973019281663, 16.879151328743266, 48.81353602299746),nrow = 16,ncol = 2)
w <- c(0.67, 0.33)
cb <- c('min', 'min')
v<-0.5
VIKOR(d, w, cb, v)
----------------------------------------
library(MCDM)
d<-matrix(c(2.0244808499779716, 2.0057401583408807, 1.9993994350796067, 2.000457560499871, 7.8134178531421234, 492.6751967390728, 5.29041936017067, 5.345572087416332, 5.345572087416332, 5.272622873345936, 5.272622873345936, 5.327909404536862, 5.289692708583257, 5.275736812202496, 5.282049089141392, 15.246559308668806, 15.206015241802604, 15.215628449478153, 15.243605502431672, 15.27721548900363, 15.20431577321798, 147.2024370860927, 18.41092512886727, 18.41092512886727, 18.41092512886727, 16.801984877126653, 16.801984877126653, 16.801984877126653, 16.807666229932728, 16.826973019281663, 16.879151328743266, 48.81353602299746),nrow = 16,ncol = 2)
w <- c(0.67, 0.33)
cb <- c('min', 'min')
v<-0.0
WASPAS(d, w, cb, v)
----------------------------------------
library(MCDM)
d<-matrix(c(2.0244808499779716, 2.0057401583408807, 1.9993994350796067, 2.000457560499871, 7.8134178531421234, 492.6751967390728, 5.29041936017067, 5.345572087416332, 5.345572087416332, 5.272622873345936, 5.272622873345936, 5.327909404536862, 5.289692708583257, 5.275736812202496, 5.282049089141392, 15.246559308668806, 15.206015241802604, 15.215628449478153, 15.243605502431672, 15.27721548900363, 15.20431577321798, 147.2024370860927, 18.41092512886727, 18.41092512886727, 18.41092512886727, 16.801984877126653, 16.801984877126653, 16.801984877126653, 16.807666229932728, 16.826973019281663, 16.879151328743266, 48.81353602299746),nrow = 16,ncol = 2)
w <- c(0.67, 0.33)
cb <- c('min', 'min')
TOPSISLinear(d, w, cb)

Decision Matrix of component: rank11[Time>Energy]

| parallel_time[0.67](DECREASING) | energy[0.33](DECREASING) | 

0 & 0.040015829583691064 & 15.206015241802604 & 
1 & 0.02002056374931336 & 15.215628449478153 & 
2 & 0.010028687830547153 & 15.243605502431672 & 
3 & 0.006700533109212119 & 15.27721548900363 & 
4 & 0.04001135729794205 & 15.20431577321798 & 
5 & 0.08000132450331125 & 147.2024370860927 & 
6 & 0.04002375028014624 & 18.41092512886727 & 
7 & 0.04002375028014624 & 18.41092512886727 & 
8 & 0.04002375028014624 & 18.41092512886727 & 
9 & 0.08000945179584121 & 16.801984877126653 & 
10 & 0.08000945179584121 & 16.801984877126653 & 
11 & 0.08000945179584121 & 16.801984877126653 & 
12 & 0.040018252928411255 & 16.807666229932728 & 
13 & 0.020032110737240077 & 16.826973019281663 & 
14 & 0.010047113886156705 & 16.879151328743266 & 
15 & 2.3244540963332123E-4 & 48.81353602299746 & 

----------------------------------------
library(MCDM)
d<-matrix(c(0.040015829583691064, 0.02002056374931336, 0.010028687830547153, 0.006700533109212119, 0.04001135729794205, 0.08000132450331125, 0.04002375028014624, 0.04002375028014624, 0.04002375028014624, 0.08000945179584121, 0.08000945179584121, 0.08000945179584121, 0.040018252928411255, 0.020032110737240077, 0.010047113886156705, 2.3244540963332123E-4, 15.206015241802604, 15.215628449478153, 15.243605502431672, 15.27721548900363, 15.20431577321798, 147.2024370860927, 18.41092512886727, 18.41092512886727, 18.41092512886727, 16.801984877126653, 16.801984877126653, 16.801984877126653, 16.807666229932728, 16.826973019281663, 16.879151328743266, 48.81353602299746),nrow = 16,ncol = 2)
w <- c(0.67, 0.33)
cb <- c('min', 'min')
TOPSISVector(d, w, cb)
----------------------------------------
library(MCDM)
d<-matrix(c(0.040015829583691064, 0.02002056374931336, 0.010028687830547153, 0.006700533109212119, 0.04001135729794205, 0.08000132450331125, 0.04002375028014624, 0.04002375028014624, 0.04002375028014624, 0.08000945179584121, 0.08000945179584121, 0.08000945179584121, 0.040018252928411255, 0.020032110737240077, 0.010047113886156705, 2.3244540963332123E-4, 15.206015241802604, 15.215628449478153, 15.243605502431672, 15.27721548900363, 15.20431577321798, 147.2024370860927, 18.41092512886727, 18.41092512886727, 18.41092512886727, 16.801984877126653, 16.801984877126653, 16.801984877126653, 16.807666229932728, 16.826973019281663, 16.879151328743266, 48.81353602299746),nrow = 16,ncol = 2)
w <- c(0.67, 0.33)
cb <- c('min', 'min')
v<-0.5
VIKOR(d, w, cb, v)
----------------------------------------
library(MCDM)
d<-matrix(c(0.040015829583691064, 0.02002056374931336, 0.010028687830547153, 0.006700533109212119, 0.04001135729794205, 0.08000132450331125, 0.04002375028014624, 0.04002375028014624, 0.04002375028014624, 0.08000945179584121, 0.08000945179584121, 0.08000945179584121, 0.040018252928411255, 0.020032110737240077, 0.010047113886156705, 2.3244540963332123E-4, 15.206015241802604, 15.215628449478153, 15.243605502431672, 15.27721548900363, 15.20431577321798, 147.2024370860927, 18.41092512886727, 18.41092512886727, 18.41092512886727, 16.801984877126653, 16.801984877126653, 16.801984877126653, 16.807666229932728, 16.826973019281663, 16.879151328743266, 48.81353602299746),nrow = 16,ncol = 2)
w <- c(0.67, 0.33)
cb <- c('min', 'min')
v<-0.0
WASPAS(d, w, cb, v)
----------------------------------------
library(MCDM)
d<-matrix(c(0.040015829583691064, 0.02002056374931336, 0.010028687830547153, 0.006700533109212119, 0.04001135729794205, 0.08000132450331125, 0.04002375028014624, 0.04002375028014624, 0.04002375028014624, 0.08000945179584121, 0.08000945179584121, 0.08000945179584121, 0.040018252928411255, 0.020032110737240077, 0.010047113886156705, 2.3244540963332123E-4, 15.206015241802604, 15.215628449478153, 15.243605502431672, 15.27721548900363, 15.20431577321798, 147.2024370860927, 18.41092512886727, 18.41092512886727, 18.41092512886727, 16.801984877126653, 16.801984877126653, 16.801984877126653, 16.807666229932728, 16.826973019281663, 16.879151328743266, 48.81353602299746),nrow = 16,ncol = 2)
w <- c(0.67, 0.33)
cb <- c('min', 'min')
TOPSISLinear(d, w, cb)

Decision Matrix of component: rank12[Energy>Cost]

| energy[0.67](DECREASING) | cost [0.33](DECREASING) | 

0 & 15.206015241802604 & 2.0244808499779716 & 
1 & 15.215628449478153 & 2.0057401583408807 & 
2 & 15.243605502431672 & 1.9993994350796067 & 
3 & 15.27721548900363 & 2.000457560499871 & 
4 & 15.20431577321798 & 7.8134178531421234 & 
5 & 147.2024370860927 & 492.6751967390728 & 
6 & 18.41092512886727 & 5.29041936017067 & 
7 & 18.41092512886727 & 5.345572087416332 & 
8 & 18.41092512886727 & 5.345572087416332 & 
9 & 16.801984877126653 & 5.272622873345936 & 
10 & 16.801984877126653 & 5.272622873345936 & 
11 & 16.801984877126653 & 5.327909404536862 & 
12 & 16.807666229932728 & 5.289692708583257 & 
13 & 16.826973019281663 & 5.275736812202496 & 
14 & 16.879151328743266 & 5.282049089141392 & 
15 & 48.81353602299746 & 15.246559308668806 & 

----------------------------------------
library(MCDM)
d<-matrix(c(15.206015241802604, 15.215628449478153, 15.243605502431672, 15.27721548900363, 15.20431577321798, 147.2024370860927, 18.41092512886727, 18.41092512886727, 18.41092512886727, 16.801984877126653, 16.801984877126653, 16.801984877126653, 16.807666229932728, 16.826973019281663, 16.879151328743266, 48.81353602299746, 2.0244808499779716, 2.0057401583408807, 1.9993994350796067, 2.000457560499871, 7.8134178531421234, 492.6751967390728, 5.29041936017067, 5.345572087416332, 5.345572087416332, 5.272622873345936, 5.272622873345936, 5.327909404536862, 5.289692708583257, 5.275736812202496, 5.282049089141392, 15.246559308668806),nrow = 16,ncol = 2)
w <- c(0.67, 0.33)
cb <- c('min', 'min')
TOPSISVector(d, w, cb)
----------------------------------------
library(MCDM)
d<-matrix(c(15.206015241802604, 15.215628449478153, 15.243605502431672, 15.27721548900363, 15.20431577321798, 147.2024370860927, 18.41092512886727, 18.41092512886727, 18.41092512886727, 16.801984877126653, 16.801984877126653, 16.801984877126653, 16.807666229932728, 16.826973019281663, 16.879151328743266, 48.81353602299746, 2.0244808499779716, 2.0057401583408807, 1.9993994350796067, 2.000457560499871, 7.8134178531421234, 492.6751967390728, 5.29041936017067, 5.345572087416332, 5.345572087416332, 5.272622873345936, 5.272622873345936, 5.327909404536862, 5.289692708583257, 5.275736812202496, 5.282049089141392, 15.246559308668806),nrow = 16,ncol = 2)
w <- c(0.67, 0.33)
cb <- c('min', 'min')
v<-0.5
VIKOR(d, w, cb, v)
----------------------------------------
library(MCDM)
d<-matrix(c(15.206015241802604, 15.215628449478153, 15.243605502431672, 15.27721548900363, 15.20431577321798, 147.2024370860927, 18.41092512886727, 18.41092512886727, 18.41092512886727, 16.801984877126653, 16.801984877126653, 16.801984877126653, 16.807666229932728, 16.826973019281663, 16.879151328743266, 48.81353602299746, 2.0244808499779716, 2.0057401583408807, 1.9993994350796067, 2.000457560499871, 7.8134178531421234, 492.6751967390728, 5.29041936017067, 5.345572087416332, 5.345572087416332, 5.272622873345936, 5.272622873345936, 5.327909404536862, 5.289692708583257, 5.275736812202496, 5.282049089141392, 15.246559308668806),nrow = 16,ncol = 2)
w <- c(0.67, 0.33)
cb <- c('min', 'min')
v<-0.0
WASPAS(d, w, cb, v)
----------------------------------------
library(MCDM)
d<-matrix(c(15.206015241802604, 15.215628449478153, 15.243605502431672, 15.27721548900363, 15.20431577321798, 147.2024370860927, 18.41092512886727, 18.41092512886727, 18.41092512886727, 16.801984877126653, 16.801984877126653, 16.801984877126653, 16.807666229932728, 16.826973019281663, 16.879151328743266, 48.81353602299746, 2.0244808499779716, 2.0057401583408807, 1.9993994350796067, 2.000457560499871, 7.8134178531421234, 492.6751967390728, 5.29041936017067, 5.345572087416332, 5.345572087416332, 5.272622873345936, 5.272622873345936, 5.327909404536862, 5.289692708583257, 5.275736812202496, 5.282049089141392, 15.246559308668806),nrow = 16,ncol = 2)
w <- c(0.67, 0.33)
cb <- c('min', 'min')
TOPSISLinear(d, w, cb)

Decision Matrix of component: rank13[Energy>Time]

| energy[0.67](DECREASING) | parallel_time[0.33](DECREASING) | 

0 & 15.206015241802604 & 0.040015829583691064 & 
1 & 15.215628449478153 & 0.02002056374931336 & 
2 & 15.243605502431672 & 0.010028687830547153 & 
3 & 15.27721548900363 & 0.006700533109212119 & 
4 & 15.20431577321798 & 0.04001135729794205 & 
5 & 147.2024370860927 & 0.08000132450331125 & 
6 & 18.41092512886727 & 0.04002375028014624 & 
7 & 18.41092512886727 & 0.04002375028014624 & 
8 & 18.41092512886727 & 0.04002375028014624 & 
9 & 16.801984877126653 & 0.08000945179584121 & 
10 & 16.801984877126653 & 0.08000945179584121 & 
11 & 16.801984877126653 & 0.08000945179584121 & 
12 & 16.807666229932728 & 0.040018252928411255 & 
13 & 16.826973019281663 & 0.020032110737240077 & 
14 & 16.879151328743266 & 0.010047113886156705 & 
15 & 48.81353602299746 & 2.3244540963332123E-4 & 

----------------------------------------
library(MCDM)
d<-matrix(c(15.206015241802604, 15.215628449478153, 15.243605502431672, 15.27721548900363, 15.20431577321798, 147.2024370860927, 18.41092512886727, 18.41092512886727, 18.41092512886727, 16.801984877126653, 16.801984877126653, 16.801984877126653, 16.807666229932728, 16.826973019281663, 16.879151328743266, 48.81353602299746, 0.040015829583691064, 0.02002056374931336, 0.010028687830547153, 0.006700533109212119, 0.04001135729794205, 0.08000132450331125, 0.04002375028014624, 0.04002375028014624, 0.04002375028014624, 0.08000945179584121, 0.08000945179584121, 0.08000945179584121, 0.040018252928411255, 0.020032110737240077, 0.010047113886156705, 2.3244540963332123E-4),nrow = 16,ncol = 2)
w <- c(0.67, 0.33)
cb <- c('min', 'min')
TOPSISVector(d, w, cb)
----------------------------------------
library(MCDM)
d<-matrix(c(15.206015241802604, 15.215628449478153, 15.243605502431672, 15.27721548900363, 15.20431577321798, 147.2024370860927, 18.41092512886727, 18.41092512886727, 18.41092512886727, 16.801984877126653, 16.801984877126653, 16.801984877126653, 16.807666229932728, 16.826973019281663, 16.879151328743266, 48.81353602299746, 0.040015829583691064, 0.02002056374931336, 0.010028687830547153, 0.006700533109212119, 0.04001135729794205, 0.08000132450331125, 0.04002375028014624, 0.04002375028014624, 0.04002375028014624, 0.08000945179584121, 0.08000945179584121, 0.08000945179584121, 0.040018252928411255, 0.020032110737240077, 0.010047113886156705, 2.3244540963332123E-4),nrow = 16,ncol = 2)
w <- c(0.67, 0.33)
cb <- c('min', 'min')
v<-0.5
VIKOR(d, w, cb, v)
----------------------------------------
library(MCDM)
d<-matrix(c(15.206015241802604, 15.215628449478153, 15.243605502431672, 15.27721548900363, 15.20431577321798, 147.2024370860927, 18.41092512886727, 18.41092512886727, 18.41092512886727, 16.801984877126653, 16.801984877126653, 16.801984877126653, 16.807666229932728, 16.826973019281663, 16.879151328743266, 48.81353602299746, 0.040015829583691064, 0.02002056374931336, 0.010028687830547153, 0.006700533109212119, 0.04001135729794205, 0.08000132450331125, 0.04002375028014624, 0.04002375028014624, 0.04002375028014624, 0.08000945179584121, 0.08000945179584121, 0.08000945179584121, 0.040018252928411255, 0.020032110737240077, 0.010047113886156705, 2.3244540963332123E-4),nrow = 16,ncol = 2)
w <- c(0.67, 0.33)
cb <- c('min', 'min')
v<-0.0
WASPAS(d, w, cb, v)
----------------------------------------
library(MCDM)
d<-matrix(c(15.206015241802604, 15.215628449478153, 15.243605502431672, 15.27721548900363, 15.20431577321798, 147.2024370860927, 18.41092512886727, 18.41092512886727, 18.41092512886727, 16.801984877126653, 16.801984877126653, 16.801984877126653, 16.807666229932728, 16.826973019281663, 16.879151328743266, 48.81353602299746, 0.040015829583691064, 0.02002056374931336, 0.010028687830547153, 0.006700533109212119, 0.04001135729794205, 0.08000132450331125, 0.04002375028014624, 0.04002375028014624, 0.04002375028014624, 0.08000945179584121, 0.08000945179584121, 0.08000945179584121, 0.040018252928411255, 0.020032110737240077, 0.010047113886156705, 2.3244540963332123E-4),nrow = 16,ncol = 2)
w <- c(0.67, 0.33)
cb <- c('min', 'min')
TOPSISLinear(d, w, cb)

Decision Matrix of component: rank14[Cost>Time]

| cost [0.67](DECREASING) | parallel_time[0.33](DECREASING) | 

0 & 2.0244808499779716 & 0.040015829583691064 & 
1 & 2.0057401583408807 & 0.02002056374931336 & 
2 & 1.9993994350796067 & 0.010028687830547153 & 
3 & 2.000457560499871 & 0.006700533109212119 & 
4 & 7.8134178531421234 & 0.04001135729794205 & 
5 & 492.6751967390728 & 0.08000132450331125 & 
6 & 5.29041936017067 & 0.04002375028014624 & 
7 & 5.345572087416332 & 0.04002375028014624 & 
8 & 5.345572087416332 & 0.04002375028014624 & 
9 & 5.272622873345936 & 0.08000945179584121 & 
10 & 5.272622873345936 & 0.08000945179584121 & 
11 & 5.327909404536862 & 0.08000945179584121 & 
12 & 5.289692708583257 & 0.040018252928411255 & 
13 & 5.275736812202496 & 0.020032110737240077 & 
14 & 5.282049089141392 & 0.010047113886156705 & 
15 & 15.246559308668806 & 2.3244540963332123E-4 & 

----------------------------------------
library(MCDM)
d<-matrix(c(2.0244808499779716, 2.0057401583408807, 1.9993994350796067, 2.000457560499871, 7.8134178531421234, 492.6751967390728, 5.29041936017067, 5.345572087416332, 5.345572087416332, 5.272622873345936, 5.272622873345936, 5.327909404536862, 5.289692708583257, 5.275736812202496, 5.282049089141392, 15.246559308668806, 0.040015829583691064, 0.02002056374931336, 0.010028687830547153, 0.006700533109212119, 0.04001135729794205, 0.08000132450331125, 0.04002375028014624, 0.04002375028014624, 0.04002375028014624, 0.08000945179584121, 0.08000945179584121, 0.08000945179584121, 0.040018252928411255, 0.020032110737240077, 0.010047113886156705, 2.3244540963332123E-4),nrow = 16,ncol = 2)
w <- c(0.67, 0.33)
cb <- c('min', 'min')
TOPSISVector(d, w, cb)
----------------------------------------
library(MCDM)
d<-matrix(c(2.0244808499779716, 2.0057401583408807, 1.9993994350796067, 2.000457560499871, 7.8134178531421234, 492.6751967390728, 5.29041936017067, 5.345572087416332, 5.345572087416332, 5.272622873345936, 5.272622873345936, 5.327909404536862, 5.289692708583257, 5.275736812202496, 5.282049089141392, 15.246559308668806, 0.040015829583691064, 0.02002056374931336, 0.010028687830547153, 0.006700533109212119, 0.04001135729794205, 0.08000132450331125, 0.04002375028014624, 0.04002375028014624, 0.04002375028014624, 0.08000945179584121, 0.08000945179584121, 0.08000945179584121, 0.040018252928411255, 0.020032110737240077, 0.010047113886156705, 2.3244540963332123E-4),nrow = 16,ncol = 2)
w <- c(0.67, 0.33)
cb <- c('min', 'min')
v<-0.5
VIKOR(d, w, cb, v)
----------------------------------------
library(MCDM)
d<-matrix(c(2.0244808499779716, 2.0057401583408807, 1.9993994350796067, 2.000457560499871, 7.8134178531421234, 492.6751967390728, 5.29041936017067, 5.345572087416332, 5.345572087416332, 5.272622873345936, 5.272622873345936, 5.327909404536862, 5.289692708583257, 5.275736812202496, 5.282049089141392, 15.246559308668806, 0.040015829583691064, 0.02002056374931336, 0.010028687830547153, 0.006700533109212119, 0.04001135729794205, 0.08000132450331125, 0.04002375028014624, 0.04002375028014624, 0.04002375028014624, 0.08000945179584121, 0.08000945179584121, 0.08000945179584121, 0.040018252928411255, 0.020032110737240077, 0.010047113886156705, 2.3244540963332123E-4),nrow = 16,ncol = 2)
w <- c(0.67, 0.33)
cb <- c('min', 'min')
v<-0.0
WASPAS(d, w, cb, v)
----------------------------------------
library(MCDM)
d<-matrix(c(2.0244808499779716, 2.0057401583408807, 1.9993994350796067, 2.000457560499871, 7.8134178531421234, 492.6751967390728, 5.29041936017067, 5.345572087416332, 5.345572087416332, 5.272622873345936, 5.272622873345936, 5.327909404536862, 5.289692708583257, 5.275736812202496, 5.282049089141392, 15.246559308668806, 0.040015829583691064, 0.02002056374931336, 0.010028687830547153, 0.006700533109212119, 0.04001135729794205, 0.08000132450331125, 0.04002375028014624, 0.04002375028014624, 0.04002375028014624, 0.08000945179584121, 0.08000945179584121, 0.08000945179584121, 0.040018252928411255, 0.020032110737240077, 0.010047113886156705, 2.3244540963332123E-4),nrow = 16,ncol = 2)
w <- c(0.67, 0.33)
cb <- c('min', 'min')
TOPSISLinear(d, w, cb)

Decision Matrix of component: rank15[Time>Cost]

| parallel_time[0.67](DECREASING) | cost [0.33](DECREASING) | 

0 & 0.040015829583691064 & 2.0244808499779716 & 
1 & 0.02002056374931336 & 2.0057401583408807 & 
2 & 0.010028687830547153 & 1.9993994350796067 & 
3 & 0.006700533109212119 & 2.000457560499871 & 
4 & 0.04001135729794205 & 7.8134178531421234 & 
5 & 0.08000132450331125 & 492.6751967390728 & 
6 & 0.04002375028014624 & 5.29041936017067 & 
7 & 0.04002375028014624 & 5.345572087416332 & 
8 & 0.04002375028014624 & 5.345572087416332 & 
9 & 0.08000945179584121 & 5.272622873345936 & 
10 & 0.08000945179584121 & 5.272622873345936 & 
11 & 0.08000945179584121 & 5.327909404536862 & 
12 & 0.040018252928411255 & 5.289692708583257 & 
13 & 0.020032110737240077 & 5.275736812202496 & 
14 & 0.010047113886156705 & 5.282049089141392 & 
15 & 2.3244540963332123E-4 & 15.246559308668806 & 

----------------------------------------
library(MCDM)
d<-matrix(c(0.040015829583691064, 0.02002056374931336, 0.010028687830547153, 0.006700533109212119, 0.04001135729794205, 0.08000132450331125, 0.04002375028014624, 0.04002375028014624, 0.04002375028014624, 0.08000945179584121, 0.08000945179584121, 0.08000945179584121, 0.040018252928411255, 0.020032110737240077, 0.010047113886156705, 2.3244540963332123E-4, 2.0244808499779716, 2.0057401583408807, 1.9993994350796067, 2.000457560499871, 7.8134178531421234, 492.6751967390728, 5.29041936017067, 5.345572087416332, 5.345572087416332, 5.272622873345936, 5.272622873345936, 5.327909404536862, 5.289692708583257, 5.275736812202496, 5.282049089141392, 15.246559308668806),nrow = 16,ncol = 2)
w <- c(0.67, 0.33)
cb <- c('min', 'min')
TOPSISVector(d, w, cb)
----------------------------------------
library(MCDM)
d<-matrix(c(0.040015829583691064, 0.02002056374931336, 0.010028687830547153, 0.006700533109212119, 0.04001135729794205, 0.08000132450331125, 0.04002375028014624, 0.04002375028014624, 0.04002375028014624, 0.08000945179584121, 0.08000945179584121, 0.08000945179584121, 0.040018252928411255, 0.020032110737240077, 0.010047113886156705, 2.3244540963332123E-4, 2.0244808499779716, 2.0057401583408807, 1.9993994350796067, 2.000457560499871, 7.8134178531421234, 492.6751967390728, 5.29041936017067, 5.345572087416332, 5.345572087416332, 5.272622873345936, 5.272622873345936, 5.327909404536862, 5.289692708583257, 5.275736812202496, 5.282049089141392, 15.246559308668806),nrow = 16,ncol = 2)
w <- c(0.67, 0.33)
cb <- c('min', 'min')
v<-0.5
VIKOR(d, w, cb, v)
----------------------------------------
library(MCDM)
d<-matrix(c(0.040015829583691064, 0.02002056374931336, 0.010028687830547153, 0.006700533109212119, 0.04001135729794205, 0.08000132450331125, 0.04002375028014624, 0.04002375028014624, 0.04002375028014624, 0.08000945179584121, 0.08000945179584121, 0.08000945179584121, 0.040018252928411255, 0.020032110737240077, 0.010047113886156705, 2.3244540963332123E-4, 2.0244808499779716, 2.0057401583408807, 1.9993994350796067, 2.000457560499871, 7.8134178531421234, 492.6751967390728, 5.29041936017067, 5.345572087416332, 5.345572087416332, 5.272622873345936, 5.272622873345936, 5.327909404536862, 5.289692708583257, 5.275736812202496, 5.282049089141392, 15.246559308668806),nrow = 16,ncol = 2)
w <- c(0.67, 0.33)
cb <- c('min', 'min')
v<-0.0
WASPAS(d, w, cb, v)
----------------------------------------
library(MCDM)
d<-matrix(c(0.040015829583691064, 0.02002056374931336, 0.010028687830547153, 0.006700533109212119, 0.04001135729794205, 0.08000132450331125, 0.04002375028014624, 0.04002375028014624, 0.04002375028014624, 0.08000945179584121, 0.08000945179584121, 0.08000945179584121, 0.040018252928411255, 0.020032110737240077, 0.010047113886156705, 2.3244540963332123E-4, 2.0244808499779716, 2.0057401583408807, 1.9993994350796067, 2.000457560499871, 7.8134178531421234, 492.6751967390728, 5.29041936017067, 5.345572087416332, 5.345572087416332, 5.272622873345936, 5.272622873345936, 5.327909404536862, 5.289692708583257, 5.275736812202496, 5.282049089141392, 15.246559308668806),nrow = 16,ncol = 2)
w <- c(0.67, 0.33)
cb <- c('min', 'min')
TOPSISLinear(d, w, cb)

