TOPSISVector 
3
2
14
1
13
0
12
4
6
7
8
15
9
10
11
5

TOPSISVector 
3
2
14
1
13
15
0
12
4
6
7
8
9
10
11
5

TOPSISVector 
3
2
14
1
13
0
4
12
6
7
8
15
9
10
11
5

TOPSISVector 
3
2
14
1
13
0
4
12
6
7
8
9
10
11
15
5

TOPSISVector 
3
2
14
15
1
13
0
4
12
6
7
8
9
10
11
5

TOPSISVector 
3
2
15
14
1
13
0
4
12
6
7
8
9
10
11
5

TOPSISVector 
3
2
14
1
13
0
4
15
12
6
7
8
9
10
11
5

VIKOR 
3
2
14
1
13
0
4
12
6
7
8
15
9
10
11
5

WASPAS 
3
2
1
0
14
13
12
6
7
8
9
10
11
15
4
5

TOPSISLinear 
3
2
1
0
14
13
12
9
10
11
6
7
8
4
15
5

VIKOR 
3
2
14
15
1
13
0
12
4
6
7
8
9
10
11
5

WASPAS 
3
2
1
15
0
14
13
12
6
7
8
4
9
10
11
5

TOPSISLinear 
3
2
1
0
14
13
12
6
7
8
9
10
11
4
15
5

VIKOR 
3
2
14
1
13
0
4
15
12
6
7
8
9
10
11
5

WASPAS 
15
3
2
14
1
13
0
4
12
6
7
8
9
10
11
5

TOPSISLinear 
3
2
1
0
4
14
13
12
9
10
11
6
7
8
15
5

VIKOR 
3
2
14
1
13
0
4
12
6
7
8
15
9
10
11
5

WASPAS 
3
2
1
0
14
13
12
4
6
7
8
9
10
11
15
5

TOPSISLinear 
3
2
1
0
14
13
12
9
10
11
4
6
7
8
15
5

VIKOR 
3
2
14
15
1
13
0
4
12
6
7
8
5
9
10
11

WASPAS 
15
3
2
14
1
13
0
12
4
6
7
8
9
10
11
5

TOPSISLinear 
15
3
2
14
1
13
0
12
4
6
7
8
9
10
11
5

VIKOR 
15
3
2
14
1
13
0
4
12
6
7
8
5
9
10
11

WASPAS 
15
3
2
14
1
13
0
12
6
7
8
4
9
10
11
5

TOPSISLinear 
15
3
2
14
1
13
0
12
6
7
8
4
9
10
11
5

VIKOR 
3
2
14
1
13
15
0
4
12
6
7
8
9
10
11
5

WASPAS 
15
3
2
1
14
0
13
12
6
7
8
4
9
10
11
5

TOPSISLinear 
3
2
1
0
14
13
12
9
10
11
6
7
8
15
4
5

