+-+-+-+-+-+-+-+-+-+-+-+-+-+-+-+-+-+-+-+-+-+-+-+-+

----------------------------------------
library(MCDM)
d<-matrix(c(0.010752413734567902, 0.011807966358024691, 0.013921429012345679, 0.017794133333333333, 0.00891538348765432, 0.011373457407407408, 0.011373457407407408, 0.011373457407407408, 0.007141296296296297, 0.007141296296296297, 0.007141296296296297, 0.007793372222222222, 0.009737816666666666, 0.013630633333333333, 6.6507810185185186, 366.7138696136896, 201.35692980684482, 118.6984649034224, 101.14563993561494, 304.0614703195494, 320.43480787859534, 320.43480787859534, 320.43480787859534, 440.7200497281747, 440.7200497281747, 440.7200497281747, 240.48123791908736, 150.24061895954367, 105.15060947977183, 410.44823239583815, 0.21328487883888889, 0.23407739625, 0.2758882858055556, 0.3525991808, 0.36144466197222225, 0.40194985273333333, 0.5246051734, 0.5246051734, 0.1919825288888889, 0.1919825288888889, 0.27657628444444443, 0.30165694526666664, 0.3768117715, 0.5273711509, 257.2829554068333),nrow = 15,ncol = 3)
w <- c(0.5714, 0.2857, 0.1429)
cb <- c('min', 'min', 'min')
TOPSISVector(d, w, cb)
----------------------------------------
library(MCDM)
d<-matrix(c(0.010752413734567902, 0.011807966358024691, 0.013921429012345679, 0.017794133333333333, 0.00891538348765432, 0.011373457407407408, 0.011373457407407408, 0.011373457407407408, 0.007141296296296297, 0.007141296296296297, 0.007141296296296297, 0.007793372222222222, 0.009737816666666666, 0.013630633333333333, 6.6507810185185186, 366.7138696136896, 201.35692980684482, 118.6984649034224, 101.14563993561494, 304.0614703195494, 320.43480787859534, 320.43480787859534, 320.43480787859534, 440.7200497281747, 440.7200497281747, 440.7200497281747, 240.48123791908736, 150.24061895954367, 105.15060947977183, 410.44823239583815, 0.21328487883888889, 0.23407739625, 0.2758882858055556, 0.3525991808, 0.36144466197222225, 0.40194985273333333, 0.5246051734, 0.5246051734, 0.1919825288888889, 0.1919825288888889, 0.27657628444444443, 0.30165694526666664, 0.3768117715, 0.5273711509, 257.2829554068333),nrow = 15,ncol = 3)
w <- c(0.5714, 0.2857, 0.1429)
cb <- c('min', 'min', 'min')
v<-0.5
VIKOR(d, w, cb, v)
----------------------------------------
library(MCDM)
d<-matrix(c(0.010752413734567902, 0.011807966358024691, 0.013921429012345679, 0.017794133333333333, 0.00891538348765432, 0.011373457407407408, 0.011373457407407408, 0.011373457407407408, 0.007141296296296297, 0.007141296296296297, 0.007141296296296297, 0.007793372222222222, 0.009737816666666666, 0.013630633333333333, 6.6507810185185186, 366.7138696136896, 201.35692980684482, 118.6984649034224, 101.14563993561494, 304.0614703195494, 320.43480787859534, 320.43480787859534, 320.43480787859534, 440.7200497281747, 440.7200497281747, 440.7200497281747, 240.48123791908736, 150.24061895954367, 105.15060947977183, 410.44823239583815, 0.21328487883888889, 0.23407739625, 0.2758882858055556, 0.3525991808, 0.36144466197222225, 0.40194985273333333, 0.5246051734, 0.5246051734, 0.1919825288888889, 0.1919825288888889, 0.27657628444444443, 0.30165694526666664, 0.3768117715, 0.5273711509, 257.2829554068333),nrow = 15,ncol = 3)
w <- c(0.5714, 0.2857, 0.1429)
cb <- c('min', 'min', 'min')
v<-0.0
WASPAS(d, w, cb, v)
----------------------------------------
library(MCDM)
d<-matrix(c(0.010752413734567902, 0.011807966358024691, 0.013921429012345679, 0.017794133333333333, 0.00891538348765432, 0.011373457407407408, 0.011373457407407408, 0.011373457407407408, 0.007141296296296297, 0.007141296296296297, 0.007141296296296297, 0.007793372222222222, 0.009737816666666666, 0.013630633333333333, 6.6507810185185186, 366.7138696136896, 201.35692980684482, 118.6984649034224, 101.14563993561494, 304.0614703195494, 320.43480787859534, 320.43480787859534, 320.43480787859534, 440.7200497281747, 440.7200497281747, 440.7200497281747, 240.48123791908736, 150.24061895954367, 105.15060947977183, 410.44823239583815, 0.21328487883888889, 0.23407739625, 0.2758882858055556, 0.3525991808, 0.36144466197222225, 0.40194985273333333, 0.5246051734, 0.5246051734, 0.1919825288888889, 0.1919825288888889, 0.27657628444444443, 0.30165694526666664, 0.3768117715, 0.5273711509, 257.2829554068333),nrow = 15,ncol = 3)
w <- c(0.5714, 0.2857, 0.1429)
cb <- c('min', 'min', 'min')
TOPSISLinear(d, w, cb)
----------------------------------------
library(PROMETHEE)
d<-matrix(c(0.010752413734567902, 0.011807966358024691, 0.013921429012345679, 0.017794133333333333, 0.00891538348765432, 0.011373457407407408, 0.011373457407407408, 0.011373457407407408, 0.007141296296296297, 0.007141296296296297, 0.007141296296296297, 0.007793372222222222, 0.009737816666666666, 0.013630633333333333, 6.6507810185185186, 366.7138696136896, 201.35692980684482, 118.6984649034224, 101.14563993561494, 304.0614703195494, 320.43480787859534, 320.43480787859534, 320.43480787859534, 440.7200497281747, 440.7200497281747, 440.7200497281747, 240.48123791908736, 150.24061895954367, 105.15060947977183, 410.44823239583815, 0.21328487883888889, 0.23407739625, 0.2758882858055556, 0.3525991808, 0.36144466197222225, 0.40194985273333333, 0.5246051734, 0.5246051734, 0.1919825288888889, 0.1919825288888889, 0.27657628444444443, 0.30165694526666664, 0.3768117715, 0.5273711509, 257.2829554068333),nrow = 15,ncol = 3)
w<-as.data.frame(rbind(c(0.5714, 0.2857, 0.1429),c(0.5714, 0.2857, 0.1429),c(0.5714, 0.2857, 0.1429),c(0.5714, 0.2857, 0.1429),c(0.5714, 0.2857, 0.1429),c(0.5714, 0.2857, 0.1429),c(0.5714, 0.2857, 0.1429),c(0.5714, 0.2857, 0.1429),c(0.5714, 0.2857, 0.1429),c(0.5714, 0.2857, 0.1429),c(0.5714, 0.2857, 0.1429),c(0.5714, 0.2857, 0.1429),c(0.5714, 0.2857, 0.1429),c(0.5714, 0.2857, 0.1429),c(0.5714, 0.2857, 0.1429)))
cb<-as.data.frame(rbind(c('min', 'min', 'min'),c('min', 'min', 'min'),c('min', 'min', 'min'),c('min', 'min', 'min'),c('min', 'min', 'min'),c('min', 'min', 'min'),c('min', 'min', 'min'),c('min', 'min', 'min'),c('min', 'min', 'min'),c('min', 'min', 'min'),c('min', 'min', 'min'),c('min', 'min', 'min'),c('min', 'min', 'min'),c('min', 'min', 'min'),c('min', 'min', 'min')))
PreT<-as.data.frame(rbind(c(0, 0, 0),c(0, 0, 0),c(0, 0, 0),c(0, 0, 0),c(0, 0, 0),c(0, 0, 0),c(0, 0, 0),c(0, 0, 0),c(0, 0, 0),c(0, 0, 0),c(0, 0, 0),c(0, 0, 0),c(0, 0, 0),c(0, 0, 0),c(0, 0, 0)))
IndT<-as.data.frame(rbind(c(0, 0, 0),c(0, 0, 0),c(0, 0, 0),c(0, 0, 0),c(0, 0, 0),c(0, 0, 0),c(0, 0, 0),c(0, 0, 0),c(0, 0, 0),c(0, 0, 0),c(0, 0, 0),c(0, 0, 0),c(0, 0, 0),c(0, 0, 0),c(0, 0, 0)))
gauss<-as.data.frame(rbind(c(0, 0, 0),c(0, 0, 0),c(0, 0, 0),c(0, 0, 0),c(0, 0, 0),c(0, 0, 0),c(0, 0, 0),c(0, 0, 0),c(0, 0, 0),c(0, 0, 0),c(0, 0, 0),c(0, 0, 0),c(0, 0, 0),c(0, 0, 0),c(0, 0, 0)))
PreF<-as.data.frame(rbind(c("Linear", "Linear", "Linear"),c("Linear", "Linear", "Linear"),c("Linear", "Linear", "Linear"),c("Linear", "Linear", "Linear"),c("Linear", "Linear", "Linear"),c("Linear", "Linear", "Linear"),c("Linear", "Linear", "Linear"),c("Linear", "Linear", "Linear"),c("Linear", "Linear", "Linear"),c("Linear", "Linear", "Linear"),c("Linear", "Linear", "Linear"),c("Linear", "Linear", "Linear"),c("Linear", "Linear", "Linear"),c("Linear", "Linear", "Linear"),c("Linear", "Linear", "Linear")))
PROMETHEE(d, PreF,PreT,IndT,w,cb,gauss)

+-+-+-+-+-+-+-+-+-+-+-+-+-+-+-+-+-+-+-+-+-+-+-+-+

----------------------------------------
library(MCDM)
d<-matrix(c(366.7138696136896, 201.35692980684482, 118.6984649034224, 101.14563993561494, 304.0614703195494, 320.43480787859534, 320.43480787859534, 320.43480787859534, 440.7200497281747, 440.7200497281747, 440.7200497281747, 240.48123791908736, 150.24061895954367, 105.15060947977183, 410.44823239583815, 0.010752413734567902, 0.011807966358024691, 0.013921429012345679, 0.017794133333333333, 0.00891538348765432, 0.011373457407407408, 0.011373457407407408, 0.011373457407407408, 0.007141296296296297, 0.007141296296296297, 0.007141296296296297, 0.007793372222222222, 0.009737816666666666, 0.013630633333333333, 6.6507810185185186, 0.21328487883888889, 0.23407739625, 0.2758882858055556, 0.3525991808, 0.36144466197222225, 0.40194985273333333, 0.5246051734, 0.5246051734, 0.1919825288888889, 0.1919825288888889, 0.27657628444444443, 0.30165694526666664, 0.3768117715, 0.5273711509, 257.2829554068333),nrow = 15,ncol = 3)
w <- c(0.5714, 0.2857, 0.1429)
cb <- c('min', 'min', 'min')
TOPSISVector(d, w, cb)
----------------------------------------
library(MCDM)
d<-matrix(c(366.7138696136896, 201.35692980684482, 118.6984649034224, 101.14563993561494, 304.0614703195494, 320.43480787859534, 320.43480787859534, 320.43480787859534, 440.7200497281747, 440.7200497281747, 440.7200497281747, 240.48123791908736, 150.24061895954367, 105.15060947977183, 410.44823239583815, 0.010752413734567902, 0.011807966358024691, 0.013921429012345679, 0.017794133333333333, 0.00891538348765432, 0.011373457407407408, 0.011373457407407408, 0.011373457407407408, 0.007141296296296297, 0.007141296296296297, 0.007141296296296297, 0.007793372222222222, 0.009737816666666666, 0.013630633333333333, 6.6507810185185186, 0.21328487883888889, 0.23407739625, 0.2758882858055556, 0.3525991808, 0.36144466197222225, 0.40194985273333333, 0.5246051734, 0.5246051734, 0.1919825288888889, 0.1919825288888889, 0.27657628444444443, 0.30165694526666664, 0.3768117715, 0.5273711509, 257.2829554068333),nrow = 15,ncol = 3)
w <- c(0.5714, 0.2857, 0.1429)
cb <- c('min', 'min', 'min')
v<-0.5
VIKOR(d, w, cb, v)
----------------------------------------
library(MCDM)
d<-matrix(c(366.7138696136896, 201.35692980684482, 118.6984649034224, 101.14563993561494, 304.0614703195494, 320.43480787859534, 320.43480787859534, 320.43480787859534, 440.7200497281747, 440.7200497281747, 440.7200497281747, 240.48123791908736, 150.24061895954367, 105.15060947977183, 410.44823239583815, 0.010752413734567902, 0.011807966358024691, 0.013921429012345679, 0.017794133333333333, 0.00891538348765432, 0.011373457407407408, 0.011373457407407408, 0.011373457407407408, 0.007141296296296297, 0.007141296296296297, 0.007141296296296297, 0.007793372222222222, 0.009737816666666666, 0.013630633333333333, 6.6507810185185186, 0.21328487883888889, 0.23407739625, 0.2758882858055556, 0.3525991808, 0.36144466197222225, 0.40194985273333333, 0.5246051734, 0.5246051734, 0.1919825288888889, 0.1919825288888889, 0.27657628444444443, 0.30165694526666664, 0.3768117715, 0.5273711509, 257.2829554068333),nrow = 15,ncol = 3)
w <- c(0.5714, 0.2857, 0.1429)
cb <- c('min', 'min', 'min')
v<-0.0
WASPAS(d, w, cb, v)
----------------------------------------
library(MCDM)
d<-matrix(c(366.7138696136896, 201.35692980684482, 118.6984649034224, 101.14563993561494, 304.0614703195494, 320.43480787859534, 320.43480787859534, 320.43480787859534, 440.7200497281747, 440.7200497281747, 440.7200497281747, 240.48123791908736, 150.24061895954367, 105.15060947977183, 410.44823239583815, 0.010752413734567902, 0.011807966358024691, 0.013921429012345679, 0.017794133333333333, 0.00891538348765432, 0.011373457407407408, 0.011373457407407408, 0.011373457407407408, 0.007141296296296297, 0.007141296296296297, 0.007141296296296297, 0.007793372222222222, 0.009737816666666666, 0.013630633333333333, 6.6507810185185186, 0.21328487883888889, 0.23407739625, 0.2758882858055556, 0.3525991808, 0.36144466197222225, 0.40194985273333333, 0.5246051734, 0.5246051734, 0.1919825288888889, 0.1919825288888889, 0.27657628444444443, 0.30165694526666664, 0.3768117715, 0.5273711509, 257.2829554068333),nrow = 15,ncol = 3)
w <- c(0.5714, 0.2857, 0.1429)
cb <- c('min', 'min', 'min')
TOPSISLinear(d, w, cb)
----------------------------------------
library(PROMETHEE)
d<-matrix(c(366.7138696136896, 201.35692980684482, 118.6984649034224, 101.14563993561494, 304.0614703195494, 320.43480787859534, 320.43480787859534, 320.43480787859534, 440.7200497281747, 440.7200497281747, 440.7200497281747, 240.48123791908736, 150.24061895954367, 105.15060947977183, 410.44823239583815, 0.010752413734567902, 0.011807966358024691, 0.013921429012345679, 0.017794133333333333, 0.00891538348765432, 0.011373457407407408, 0.011373457407407408, 0.011373457407407408, 0.007141296296296297, 0.007141296296296297, 0.007141296296296297, 0.007793372222222222, 0.009737816666666666, 0.013630633333333333, 6.6507810185185186, 0.21328487883888889, 0.23407739625, 0.2758882858055556, 0.3525991808, 0.36144466197222225, 0.40194985273333333, 0.5246051734, 0.5246051734, 0.1919825288888889, 0.1919825288888889, 0.27657628444444443, 0.30165694526666664, 0.3768117715, 0.5273711509, 257.2829554068333),nrow = 15,ncol = 3)
w<-as.data.frame(rbind(c(0.5714, 0.2857, 0.1429),c(0.5714, 0.2857, 0.1429),c(0.5714, 0.2857, 0.1429),c(0.5714, 0.2857, 0.1429),c(0.5714, 0.2857, 0.1429),c(0.5714, 0.2857, 0.1429),c(0.5714, 0.2857, 0.1429),c(0.5714, 0.2857, 0.1429),c(0.5714, 0.2857, 0.1429),c(0.5714, 0.2857, 0.1429),c(0.5714, 0.2857, 0.1429),c(0.5714, 0.2857, 0.1429),c(0.5714, 0.2857, 0.1429),c(0.5714, 0.2857, 0.1429),c(0.5714, 0.2857, 0.1429)))
cb<-as.data.frame(rbind(c('min', 'min', 'min'),c('min', 'min', 'min'),c('min', 'min', 'min'),c('min', 'min', 'min'),c('min', 'min', 'min'),c('min', 'min', 'min'),c('min', 'min', 'min'),c('min', 'min', 'min'),c('min', 'min', 'min'),c('min', 'min', 'min'),c('min', 'min', 'min'),c('min', 'min', 'min'),c('min', 'min', 'min'),c('min', 'min', 'min'),c('min', 'min', 'min')))
PreT<-as.data.frame(rbind(c(0, 0, 0),c(0, 0, 0),c(0, 0, 0),c(0, 0, 0),c(0, 0, 0),c(0, 0, 0),c(0, 0, 0),c(0, 0, 0),c(0, 0, 0),c(0, 0, 0),c(0, 0, 0),c(0, 0, 0),c(0, 0, 0),c(0, 0, 0),c(0, 0, 0)))
IndT<-as.data.frame(rbind(c(0, 0, 0),c(0, 0, 0),c(0, 0, 0),c(0, 0, 0),c(0, 0, 0),c(0, 0, 0),c(0, 0, 0),c(0, 0, 0),c(0, 0, 0),c(0, 0, 0),c(0, 0, 0),c(0, 0, 0),c(0, 0, 0),c(0, 0, 0),c(0, 0, 0)))
gauss<-as.data.frame(rbind(c(0, 0, 0),c(0, 0, 0),c(0, 0, 0),c(0, 0, 0),c(0, 0, 0),c(0, 0, 0),c(0, 0, 0),c(0, 0, 0),c(0, 0, 0),c(0, 0, 0),c(0, 0, 0),c(0, 0, 0),c(0, 0, 0),c(0, 0, 0),c(0, 0, 0)))
PreF<-as.data.frame(rbind(c("Linear", "Linear", "Linear"),c("Linear", "Linear", "Linear"),c("Linear", "Linear", "Linear"),c("Linear", "Linear", "Linear"),c("Linear", "Linear", "Linear"),c("Linear", "Linear", "Linear"),c("Linear", "Linear", "Linear"),c("Linear", "Linear", "Linear"),c("Linear", "Linear", "Linear"),c("Linear", "Linear", "Linear"),c("Linear", "Linear", "Linear"),c("Linear", "Linear", "Linear"),c("Linear", "Linear", "Linear"),c("Linear", "Linear", "Linear"),c("Linear", "Linear", "Linear")))
PROMETHEE(d, PreF,PreT,IndT,w,cb,gauss)

+-+-+-+-+-+-+-+-+-+-+-+-+-+-+-+-+-+-+-+-+-+-+-+-+

----------------------------------------
library(MCDM)
d<-matrix(c(0.21328487883888889, 0.23407739625, 0.2758882858055556, 0.3525991808, 0.36144466197222225, 0.40194985273333333, 0.5246051734, 0.5246051734, 0.1919825288888889, 0.1919825288888889, 0.27657628444444443, 0.30165694526666664, 0.3768117715, 0.5273711509, 257.2829554068333, 366.7138696136896, 201.35692980684482, 118.6984649034224, 101.14563993561494, 304.0614703195494, 320.43480787859534, 320.43480787859534, 320.43480787859534, 440.7200497281747, 440.7200497281747, 440.7200497281747, 240.48123791908736, 150.24061895954367, 105.15060947977183, 410.44823239583815, 0.010752413734567902, 0.011807966358024691, 0.013921429012345679, 0.017794133333333333, 0.00891538348765432, 0.011373457407407408, 0.011373457407407408, 0.011373457407407408, 0.007141296296296297, 0.007141296296296297, 0.007141296296296297, 0.007793372222222222, 0.009737816666666666, 0.013630633333333333, 6.6507810185185186),nrow = 15,ncol = 3)
w <- c(0.3334, 0.3333, 0.3333)
cb <- c('min', 'min', 'min')
TOPSISVector(d, w, cb)
----------------------------------------
library(MCDM)
d<-matrix(c(0.21328487883888889, 0.23407739625, 0.2758882858055556, 0.3525991808, 0.36144466197222225, 0.40194985273333333, 0.5246051734, 0.5246051734, 0.1919825288888889, 0.1919825288888889, 0.27657628444444443, 0.30165694526666664, 0.3768117715, 0.5273711509, 257.2829554068333, 366.7138696136896, 201.35692980684482, 118.6984649034224, 101.14563993561494, 304.0614703195494, 320.43480787859534, 320.43480787859534, 320.43480787859534, 440.7200497281747, 440.7200497281747, 440.7200497281747, 240.48123791908736, 150.24061895954367, 105.15060947977183, 410.44823239583815, 0.010752413734567902, 0.011807966358024691, 0.013921429012345679, 0.017794133333333333, 0.00891538348765432, 0.011373457407407408, 0.011373457407407408, 0.011373457407407408, 0.007141296296296297, 0.007141296296296297, 0.007141296296296297, 0.007793372222222222, 0.009737816666666666, 0.013630633333333333, 6.6507810185185186),nrow = 15,ncol = 3)
w <- c(0.3334, 0.3333, 0.3333)
cb <- c('min', 'min', 'min')
v<-0.5
VIKOR(d, w, cb, v)
----------------------------------------
library(MCDM)
d<-matrix(c(0.21328487883888889, 0.23407739625, 0.2758882858055556, 0.3525991808, 0.36144466197222225, 0.40194985273333333, 0.5246051734, 0.5246051734, 0.1919825288888889, 0.1919825288888889, 0.27657628444444443, 0.30165694526666664, 0.3768117715, 0.5273711509, 257.2829554068333, 366.7138696136896, 201.35692980684482, 118.6984649034224, 101.14563993561494, 304.0614703195494, 320.43480787859534, 320.43480787859534, 320.43480787859534, 440.7200497281747, 440.7200497281747, 440.7200497281747, 240.48123791908736, 150.24061895954367, 105.15060947977183, 410.44823239583815, 0.010752413734567902, 0.011807966358024691, 0.013921429012345679, 0.017794133333333333, 0.00891538348765432, 0.011373457407407408, 0.011373457407407408, 0.011373457407407408, 0.007141296296296297, 0.007141296296296297, 0.007141296296296297, 0.007793372222222222, 0.009737816666666666, 0.013630633333333333, 6.6507810185185186),nrow = 15,ncol = 3)
w <- c(0.3334, 0.3333, 0.3333)
cb <- c('min', 'min', 'min')
v<-0.0
WASPAS(d, w, cb, v)
----------------------------------------
library(MCDM)
d<-matrix(c(0.21328487883888889, 0.23407739625, 0.2758882858055556, 0.3525991808, 0.36144466197222225, 0.40194985273333333, 0.5246051734, 0.5246051734, 0.1919825288888889, 0.1919825288888889, 0.27657628444444443, 0.30165694526666664, 0.3768117715, 0.5273711509, 257.2829554068333, 366.7138696136896, 201.35692980684482, 118.6984649034224, 101.14563993561494, 304.0614703195494, 320.43480787859534, 320.43480787859534, 320.43480787859534, 440.7200497281747, 440.7200497281747, 440.7200497281747, 240.48123791908736, 150.24061895954367, 105.15060947977183, 410.44823239583815, 0.010752413734567902, 0.011807966358024691, 0.013921429012345679, 0.017794133333333333, 0.00891538348765432, 0.011373457407407408, 0.011373457407407408, 0.011373457407407408, 0.007141296296296297, 0.007141296296296297, 0.007141296296296297, 0.007793372222222222, 0.009737816666666666, 0.013630633333333333, 6.6507810185185186),nrow = 15,ncol = 3)
w <- c(0.3334, 0.3333, 0.3333)
cb <- c('min', 'min', 'min')
TOPSISLinear(d, w, cb)
----------------------------------------
library(PROMETHEE)
d<-matrix(c(0.21328487883888889, 0.23407739625, 0.2758882858055556, 0.3525991808, 0.36144466197222225, 0.40194985273333333, 0.5246051734, 0.5246051734, 0.1919825288888889, 0.1919825288888889, 0.27657628444444443, 0.30165694526666664, 0.3768117715, 0.5273711509, 257.2829554068333, 366.7138696136896, 201.35692980684482, 118.6984649034224, 101.14563993561494, 304.0614703195494, 320.43480787859534, 320.43480787859534, 320.43480787859534, 440.7200497281747, 440.7200497281747, 440.7200497281747, 240.48123791908736, 150.24061895954367, 105.15060947977183, 410.44823239583815, 0.010752413734567902, 0.011807966358024691, 0.013921429012345679, 0.017794133333333333, 0.00891538348765432, 0.011373457407407408, 0.011373457407407408, 0.011373457407407408, 0.007141296296296297, 0.007141296296296297, 0.007141296296296297, 0.007793372222222222, 0.009737816666666666, 0.013630633333333333, 6.6507810185185186),nrow = 15,ncol = 3)
w<-as.data.frame(rbind(c(0.3334, 0.3333, 0.3333),c(0.3334, 0.3333, 0.3333),c(0.3334, 0.3333, 0.3333),c(0.3334, 0.3333, 0.3333),c(0.3334, 0.3333, 0.3333),c(0.3334, 0.3333, 0.3333),c(0.3334, 0.3333, 0.3333),c(0.3334, 0.3333, 0.3333),c(0.3334, 0.3333, 0.3333),c(0.3334, 0.3333, 0.3333),c(0.3334, 0.3333, 0.3333),c(0.3334, 0.3333, 0.3333),c(0.3334, 0.3333, 0.3333),c(0.3334, 0.3333, 0.3333),c(0.3334, 0.3333, 0.3333)))
cb<-as.data.frame(rbind(c('min', 'min', 'min'),c('min', 'min', 'min'),c('min', 'min', 'min'),c('min', 'min', 'min'),c('min', 'min', 'min'),c('min', 'min', 'min'),c('min', 'min', 'min'),c('min', 'min', 'min'),c('min', 'min', 'min'),c('min', 'min', 'min'),c('min', 'min', 'min'),c('min', 'min', 'min'),c('min', 'min', 'min'),c('min', 'min', 'min'),c('min', 'min', 'min')))
PreT<-as.data.frame(rbind(c(0, 0, 0),c(0, 0, 0),c(0, 0, 0),c(0, 0, 0),c(0, 0, 0),c(0, 0, 0),c(0, 0, 0),c(0, 0, 0),c(0, 0, 0),c(0, 0, 0),c(0, 0, 0),c(0, 0, 0),c(0, 0, 0),c(0, 0, 0),c(0, 0, 0)))
IndT<-as.data.frame(rbind(c(0, 0, 0),c(0, 0, 0),c(0, 0, 0),c(0, 0, 0),c(0, 0, 0),c(0, 0, 0),c(0, 0, 0),c(0, 0, 0),c(0, 0, 0),c(0, 0, 0),c(0, 0, 0),c(0, 0, 0),c(0, 0, 0),c(0, 0, 0),c(0, 0, 0)))
gauss<-as.data.frame(rbind(c(0, 0, 0),c(0, 0, 0),c(0, 0, 0),c(0, 0, 0),c(0, 0, 0),c(0, 0, 0),c(0, 0, 0),c(0, 0, 0),c(0, 0, 0),c(0, 0, 0),c(0, 0, 0),c(0, 0, 0),c(0, 0, 0),c(0, 0, 0),c(0, 0, 0)))
PreF<-as.data.frame(rbind(c("Linear", "Linear", "Linear"),c("Linear", "Linear", "Linear"),c("Linear", "Linear", "Linear"),c("Linear", "Linear", "Linear"),c("Linear", "Linear", "Linear"),c("Linear", "Linear", "Linear"),c("Linear", "Linear", "Linear"),c("Linear", "Linear", "Linear"),c("Linear", "Linear", "Linear"),c("Linear", "Linear", "Linear"),c("Linear", "Linear", "Linear"),c("Linear", "Linear", "Linear"),c("Linear", "Linear", "Linear"),c("Linear", "Linear", "Linear"),c("Linear", "Linear", "Linear")))
PROMETHEE(d, PreF,PreT,IndT,w,cb,gauss)

+-+-+-+-+-+-+-+-+-+-+-+-+-+-+-+-+-+-+-+-+-+-+-+-+

----------------------------------------
library(MCDM)
d<-matrix(c(0.21328487883888889, 0.23407739625, 0.2758882858055556, 0.3525991808, 0.36144466197222225, 0.40194985273333333, 0.5246051734, 0.5246051734, 0.1919825288888889, 0.1919825288888889, 0.27657628444444443, 0.30165694526666664, 0.3768117715, 0.5273711509, 257.2829554068333, 366.7138696136896, 201.35692980684482, 118.6984649034224, 101.14563993561494, 304.0614703195494, 320.43480787859534, 320.43480787859534, 320.43480787859534, 440.7200497281747, 440.7200497281747, 440.7200497281747, 240.48123791908736, 150.24061895954367, 105.15060947977183, 410.44823239583815, 0.010752413734567902, 0.011807966358024691, 0.013921429012345679, 0.017794133333333333, 0.00891538348765432, 0.011373457407407408, 0.011373457407407408, 0.011373457407407408, 0.007141296296296297, 0.007141296296296297, 0.007141296296296297, 0.007793372222222222, 0.009737816666666666, 0.013630633333333333, 6.6507810185185186),nrow = 15,ncol = 3)
w <- c(0.5714, 0.2857, 0.1429)
cb <- c('min', 'min', 'min')
TOPSISVector(d, w, cb)
----------------------------------------
library(MCDM)
d<-matrix(c(0.21328487883888889, 0.23407739625, 0.2758882858055556, 0.3525991808, 0.36144466197222225, 0.40194985273333333, 0.5246051734, 0.5246051734, 0.1919825288888889, 0.1919825288888889, 0.27657628444444443, 0.30165694526666664, 0.3768117715, 0.5273711509, 257.2829554068333, 366.7138696136896, 201.35692980684482, 118.6984649034224, 101.14563993561494, 304.0614703195494, 320.43480787859534, 320.43480787859534, 320.43480787859534, 440.7200497281747, 440.7200497281747, 440.7200497281747, 240.48123791908736, 150.24061895954367, 105.15060947977183, 410.44823239583815, 0.010752413734567902, 0.011807966358024691, 0.013921429012345679, 0.017794133333333333, 0.00891538348765432, 0.011373457407407408, 0.011373457407407408, 0.011373457407407408, 0.007141296296296297, 0.007141296296296297, 0.007141296296296297, 0.007793372222222222, 0.009737816666666666, 0.013630633333333333, 6.6507810185185186),nrow = 15,ncol = 3)
w <- c(0.5714, 0.2857, 0.1429)
cb <- c('min', 'min', 'min')
v<-0.5
VIKOR(d, w, cb, v)
----------------------------------------
library(MCDM)
d<-matrix(c(0.21328487883888889, 0.23407739625, 0.2758882858055556, 0.3525991808, 0.36144466197222225, 0.40194985273333333, 0.5246051734, 0.5246051734, 0.1919825288888889, 0.1919825288888889, 0.27657628444444443, 0.30165694526666664, 0.3768117715, 0.5273711509, 257.2829554068333, 366.7138696136896, 201.35692980684482, 118.6984649034224, 101.14563993561494, 304.0614703195494, 320.43480787859534, 320.43480787859534, 320.43480787859534, 440.7200497281747, 440.7200497281747, 440.7200497281747, 240.48123791908736, 150.24061895954367, 105.15060947977183, 410.44823239583815, 0.010752413734567902, 0.011807966358024691, 0.013921429012345679, 0.017794133333333333, 0.00891538348765432, 0.011373457407407408, 0.011373457407407408, 0.011373457407407408, 0.007141296296296297, 0.007141296296296297, 0.007141296296296297, 0.007793372222222222, 0.009737816666666666, 0.013630633333333333, 6.6507810185185186),nrow = 15,ncol = 3)
w <- c(0.5714, 0.2857, 0.1429)
cb <- c('min', 'min', 'min')
v<-0.0
WASPAS(d, w, cb, v)
----------------------------------------
library(MCDM)
d<-matrix(c(0.21328487883888889, 0.23407739625, 0.2758882858055556, 0.3525991808, 0.36144466197222225, 0.40194985273333333, 0.5246051734, 0.5246051734, 0.1919825288888889, 0.1919825288888889, 0.27657628444444443, 0.30165694526666664, 0.3768117715, 0.5273711509, 257.2829554068333, 366.7138696136896, 201.35692980684482, 118.6984649034224, 101.14563993561494, 304.0614703195494, 320.43480787859534, 320.43480787859534, 320.43480787859534, 440.7200497281747, 440.7200497281747, 440.7200497281747, 240.48123791908736, 150.24061895954367, 105.15060947977183, 410.44823239583815, 0.010752413734567902, 0.011807966358024691, 0.013921429012345679, 0.017794133333333333, 0.00891538348765432, 0.011373457407407408, 0.011373457407407408, 0.011373457407407408, 0.007141296296296297, 0.007141296296296297, 0.007141296296296297, 0.007793372222222222, 0.009737816666666666, 0.013630633333333333, 6.6507810185185186),nrow = 15,ncol = 3)
w <- c(0.5714, 0.2857, 0.1429)
cb <- c('min', 'min', 'min')
TOPSISLinear(d, w, cb)
----------------------------------------
library(PROMETHEE)
d<-matrix(c(0.21328487883888889, 0.23407739625, 0.2758882858055556, 0.3525991808, 0.36144466197222225, 0.40194985273333333, 0.5246051734, 0.5246051734, 0.1919825288888889, 0.1919825288888889, 0.27657628444444443, 0.30165694526666664, 0.3768117715, 0.5273711509, 257.2829554068333, 366.7138696136896, 201.35692980684482, 118.6984649034224, 101.14563993561494, 304.0614703195494, 320.43480787859534, 320.43480787859534, 320.43480787859534, 440.7200497281747, 440.7200497281747, 440.7200497281747, 240.48123791908736, 150.24061895954367, 105.15060947977183, 410.44823239583815, 0.010752413734567902, 0.011807966358024691, 0.013921429012345679, 0.017794133333333333, 0.00891538348765432, 0.011373457407407408, 0.011373457407407408, 0.011373457407407408, 0.007141296296296297, 0.007141296296296297, 0.007141296296296297, 0.007793372222222222, 0.009737816666666666, 0.013630633333333333, 6.6507810185185186),nrow = 15,ncol = 3)
w<-as.data.frame(rbind(c(0.5714, 0.2857, 0.1429),c(0.5714, 0.2857, 0.1429),c(0.5714, 0.2857, 0.1429),c(0.5714, 0.2857, 0.1429),c(0.5714, 0.2857, 0.1429),c(0.5714, 0.2857, 0.1429),c(0.5714, 0.2857, 0.1429),c(0.5714, 0.2857, 0.1429),c(0.5714, 0.2857, 0.1429),c(0.5714, 0.2857, 0.1429),c(0.5714, 0.2857, 0.1429),c(0.5714, 0.2857, 0.1429),c(0.5714, 0.2857, 0.1429),c(0.5714, 0.2857, 0.1429),c(0.5714, 0.2857, 0.1429)))
cb<-as.data.frame(rbind(c('min', 'min', 'min'),c('min', 'min', 'min'),c('min', 'min', 'min'),c('min', 'min', 'min'),c('min', 'min', 'min'),c('min', 'min', 'min'),c('min', 'min', 'min'),c('min', 'min', 'min'),c('min', 'min', 'min'),c('min', 'min', 'min'),c('min', 'min', 'min'),c('min', 'min', 'min'),c('min', 'min', 'min'),c('min', 'min', 'min'),c('min', 'min', 'min')))
PreT<-as.data.frame(rbind(c(0, 0, 0),c(0, 0, 0),c(0, 0, 0),c(0, 0, 0),c(0, 0, 0),c(0, 0, 0),c(0, 0, 0),c(0, 0, 0),c(0, 0, 0),c(0, 0, 0),c(0, 0, 0),c(0, 0, 0),c(0, 0, 0),c(0, 0, 0),c(0, 0, 0)))
IndT<-as.data.frame(rbind(c(0, 0, 0),c(0, 0, 0),c(0, 0, 0),c(0, 0, 0),c(0, 0, 0),c(0, 0, 0),c(0, 0, 0),c(0, 0, 0),c(0, 0, 0),c(0, 0, 0),c(0, 0, 0),c(0, 0, 0),c(0, 0, 0),c(0, 0, 0),c(0, 0, 0)))
gauss<-as.data.frame(rbind(c(0, 0, 0),c(0, 0, 0),c(0, 0, 0),c(0, 0, 0),c(0, 0, 0),c(0, 0, 0),c(0, 0, 0),c(0, 0, 0),c(0, 0, 0),c(0, 0, 0),c(0, 0, 0),c(0, 0, 0),c(0, 0, 0),c(0, 0, 0),c(0, 0, 0)))
PreF<-as.data.frame(rbind(c("Linear", "Linear", "Linear"),c("Linear", "Linear", "Linear"),c("Linear", "Linear", "Linear"),c("Linear", "Linear", "Linear"),c("Linear", "Linear", "Linear"),c("Linear", "Linear", "Linear"),c("Linear", "Linear", "Linear"),c("Linear", "Linear", "Linear"),c("Linear", "Linear", "Linear"),c("Linear", "Linear", "Linear"),c("Linear", "Linear", "Linear"),c("Linear", "Linear", "Linear"),c("Linear", "Linear", "Linear"),c("Linear", "Linear", "Linear"),c("Linear", "Linear", "Linear")))
PROMETHEE(d, PreF,PreT,IndT,w,cb,gauss)

+-+-+-+-+-+-+-+-+-+-+-+-+-+-+-+-+-+-+-+-+-+-+-+-+

----------------------------------------
library(MCDM)
d<-matrix(c(0.21328487883888889, 0.23407739625, 0.2758882858055556, 0.3525991808, 0.36144466197222225, 0.40194985273333333, 0.5246051734, 0.5246051734, 0.1919825288888889, 0.1919825288888889, 0.27657628444444443, 0.30165694526666664, 0.3768117715, 0.5273711509, 257.2829554068333, 0.010752413734567902, 0.011807966358024691, 0.013921429012345679, 0.017794133333333333, 0.00891538348765432, 0.011373457407407408, 0.011373457407407408, 0.011373457407407408, 0.007141296296296297, 0.007141296296296297, 0.007141296296296297, 0.007793372222222222, 0.009737816666666666, 0.013630633333333333, 6.6507810185185186, 366.7138696136896, 201.35692980684482, 118.6984649034224, 101.14563993561494, 304.0614703195494, 320.43480787859534, 320.43480787859534, 320.43480787859534, 440.7200497281747, 440.7200497281747, 440.7200497281747, 240.48123791908736, 150.24061895954367, 105.15060947977183, 410.44823239583815),nrow = 15,ncol = 3)
w <- c(0.5714, 0.2857, 0.1429)
cb <- c('min', 'min', 'min')
TOPSISVector(d, w, cb)
----------------------------------------
library(MCDM)
d<-matrix(c(0.21328487883888889, 0.23407739625, 0.2758882858055556, 0.3525991808, 0.36144466197222225, 0.40194985273333333, 0.5246051734, 0.5246051734, 0.1919825288888889, 0.1919825288888889, 0.27657628444444443, 0.30165694526666664, 0.3768117715, 0.5273711509, 257.2829554068333, 0.010752413734567902, 0.011807966358024691, 0.013921429012345679, 0.017794133333333333, 0.00891538348765432, 0.011373457407407408, 0.011373457407407408, 0.011373457407407408, 0.007141296296296297, 0.007141296296296297, 0.007141296296296297, 0.007793372222222222, 0.009737816666666666, 0.013630633333333333, 6.6507810185185186, 366.7138696136896, 201.35692980684482, 118.6984649034224, 101.14563993561494, 304.0614703195494, 320.43480787859534, 320.43480787859534, 320.43480787859534, 440.7200497281747, 440.7200497281747, 440.7200497281747, 240.48123791908736, 150.24061895954367, 105.15060947977183, 410.44823239583815),nrow = 15,ncol = 3)
w <- c(0.5714, 0.2857, 0.1429)
cb <- c('min', 'min', 'min')
v<-0.5
VIKOR(d, w, cb, v)
----------------------------------------
library(MCDM)
d<-matrix(c(0.21328487883888889, 0.23407739625, 0.2758882858055556, 0.3525991808, 0.36144466197222225, 0.40194985273333333, 0.5246051734, 0.5246051734, 0.1919825288888889, 0.1919825288888889, 0.27657628444444443, 0.30165694526666664, 0.3768117715, 0.5273711509, 257.2829554068333, 0.010752413734567902, 0.011807966358024691, 0.013921429012345679, 0.017794133333333333, 0.00891538348765432, 0.011373457407407408, 0.011373457407407408, 0.011373457407407408, 0.007141296296296297, 0.007141296296296297, 0.007141296296296297, 0.007793372222222222, 0.009737816666666666, 0.013630633333333333, 6.6507810185185186, 366.7138696136896, 201.35692980684482, 118.6984649034224, 101.14563993561494, 304.0614703195494, 320.43480787859534, 320.43480787859534, 320.43480787859534, 440.7200497281747, 440.7200497281747, 440.7200497281747, 240.48123791908736, 150.24061895954367, 105.15060947977183, 410.44823239583815),nrow = 15,ncol = 3)
w <- c(0.5714, 0.2857, 0.1429)
cb <- c('min', 'min', 'min')
v<-0.0
WASPAS(d, w, cb, v)
----------------------------------------
library(MCDM)
d<-matrix(c(0.21328487883888889, 0.23407739625, 0.2758882858055556, 0.3525991808, 0.36144466197222225, 0.40194985273333333, 0.5246051734, 0.5246051734, 0.1919825288888889, 0.1919825288888889, 0.27657628444444443, 0.30165694526666664, 0.3768117715, 0.5273711509, 257.2829554068333, 0.010752413734567902, 0.011807966358024691, 0.013921429012345679, 0.017794133333333333, 0.00891538348765432, 0.011373457407407408, 0.011373457407407408, 0.011373457407407408, 0.007141296296296297, 0.007141296296296297, 0.007141296296296297, 0.007793372222222222, 0.009737816666666666, 0.013630633333333333, 6.6507810185185186, 366.7138696136896, 201.35692980684482, 118.6984649034224, 101.14563993561494, 304.0614703195494, 320.43480787859534, 320.43480787859534, 320.43480787859534, 440.7200497281747, 440.7200497281747, 440.7200497281747, 240.48123791908736, 150.24061895954367, 105.15060947977183, 410.44823239583815),nrow = 15,ncol = 3)
w <- c(0.5714, 0.2857, 0.1429)
cb <- c('min', 'min', 'min')
TOPSISLinear(d, w, cb)
----------------------------------------
library(PROMETHEE)
d<-matrix(c(0.21328487883888889, 0.23407739625, 0.2758882858055556, 0.3525991808, 0.36144466197222225, 0.40194985273333333, 0.5246051734, 0.5246051734, 0.1919825288888889, 0.1919825288888889, 0.27657628444444443, 0.30165694526666664, 0.3768117715, 0.5273711509, 257.2829554068333, 0.010752413734567902, 0.011807966358024691, 0.013921429012345679, 0.017794133333333333, 0.00891538348765432, 0.011373457407407408, 0.011373457407407408, 0.011373457407407408, 0.007141296296296297, 0.007141296296296297, 0.007141296296296297, 0.007793372222222222, 0.009737816666666666, 0.013630633333333333, 6.6507810185185186, 366.7138696136896, 201.35692980684482, 118.6984649034224, 101.14563993561494, 304.0614703195494, 320.43480787859534, 320.43480787859534, 320.43480787859534, 440.7200497281747, 440.7200497281747, 440.7200497281747, 240.48123791908736, 150.24061895954367, 105.15060947977183, 410.44823239583815),nrow = 15,ncol = 3)
w<-as.data.frame(rbind(c(0.5714, 0.2857, 0.1429),c(0.5714, 0.2857, 0.1429),c(0.5714, 0.2857, 0.1429),c(0.5714, 0.2857, 0.1429),c(0.5714, 0.2857, 0.1429),c(0.5714, 0.2857, 0.1429),c(0.5714, 0.2857, 0.1429),c(0.5714, 0.2857, 0.1429),c(0.5714, 0.2857, 0.1429),c(0.5714, 0.2857, 0.1429),c(0.5714, 0.2857, 0.1429),c(0.5714, 0.2857, 0.1429),c(0.5714, 0.2857, 0.1429),c(0.5714, 0.2857, 0.1429),c(0.5714, 0.2857, 0.1429)))
cb<-as.data.frame(rbind(c('min', 'min', 'min'),c('min', 'min', 'min'),c('min', 'min', 'min'),c('min', 'min', 'min'),c('min', 'min', 'min'),c('min', 'min', 'min'),c('min', 'min', 'min'),c('min', 'min', 'min'),c('min', 'min', 'min'),c('min', 'min', 'min'),c('min', 'min', 'min'),c('min', 'min', 'min'),c('min', 'min', 'min'),c('min', 'min', 'min'),c('min', 'min', 'min')))
PreT<-as.data.frame(rbind(c(0, 0, 0),c(0, 0, 0),c(0, 0, 0),c(0, 0, 0),c(0, 0, 0),c(0, 0, 0),c(0, 0, 0),c(0, 0, 0),c(0, 0, 0),c(0, 0, 0),c(0, 0, 0),c(0, 0, 0),c(0, 0, 0),c(0, 0, 0),c(0, 0, 0)))
IndT<-as.data.frame(rbind(c(0, 0, 0),c(0, 0, 0),c(0, 0, 0),c(0, 0, 0),c(0, 0, 0),c(0, 0, 0),c(0, 0, 0),c(0, 0, 0),c(0, 0, 0),c(0, 0, 0),c(0, 0, 0),c(0, 0, 0),c(0, 0, 0),c(0, 0, 0),c(0, 0, 0)))
gauss<-as.data.frame(rbind(c(0, 0, 0),c(0, 0, 0),c(0, 0, 0),c(0, 0, 0),c(0, 0, 0),c(0, 0, 0),c(0, 0, 0),c(0, 0, 0),c(0, 0, 0),c(0, 0, 0),c(0, 0, 0),c(0, 0, 0),c(0, 0, 0),c(0, 0, 0),c(0, 0, 0)))
PreF<-as.data.frame(rbind(c("Linear", "Linear", "Linear"),c("Linear", "Linear", "Linear"),c("Linear", "Linear", "Linear"),c("Linear", "Linear", "Linear"),c("Linear", "Linear", "Linear"),c("Linear", "Linear", "Linear"),c("Linear", "Linear", "Linear"),c("Linear", "Linear", "Linear"),c("Linear", "Linear", "Linear"),c("Linear", "Linear", "Linear"),c("Linear", "Linear", "Linear"),c("Linear", "Linear", "Linear"),c("Linear", "Linear", "Linear"),c("Linear", "Linear", "Linear"),c("Linear", "Linear", "Linear")))
PROMETHEE(d, PreF,PreT,IndT,w,cb,gauss)

+-+-+-+-+-+-+-+-+-+-+-+-+-+-+-+-+-+-+-+-+-+-+-+-+

----------------------------------------
library(MCDM)
d<-matrix(c(0.010752413734567902, 0.011807966358024691, 0.013921429012345679, 0.017794133333333333, 0.00891538348765432, 0.011373457407407408, 0.011373457407407408, 0.011373457407407408, 0.007141296296296297, 0.007141296296296297, 0.007141296296296297, 0.007793372222222222, 0.009737816666666666, 0.013630633333333333, 6.6507810185185186, 0.21328487883888889, 0.23407739625, 0.2758882858055556, 0.3525991808, 0.36144466197222225, 0.40194985273333333, 0.5246051734, 0.5246051734, 0.1919825288888889, 0.1919825288888889, 0.27657628444444443, 0.30165694526666664, 0.3768117715, 0.5273711509, 257.2829554068333, 366.7138696136896, 201.35692980684482, 118.6984649034224, 101.14563993561494, 304.0614703195494, 320.43480787859534, 320.43480787859534, 320.43480787859534, 440.7200497281747, 440.7200497281747, 440.7200497281747, 240.48123791908736, 150.24061895954367, 105.15060947977183, 410.44823239583815),nrow = 15,ncol = 3)
w <- c(0.5714, 0.2857, 0.1429)
cb <- c('min', 'min', 'min')
TOPSISVector(d, w, cb)
----------------------------------------
library(MCDM)
d<-matrix(c(0.010752413734567902, 0.011807966358024691, 0.013921429012345679, 0.017794133333333333, 0.00891538348765432, 0.011373457407407408, 0.011373457407407408, 0.011373457407407408, 0.007141296296296297, 0.007141296296296297, 0.007141296296296297, 0.007793372222222222, 0.009737816666666666, 0.013630633333333333, 6.6507810185185186, 0.21328487883888889, 0.23407739625, 0.2758882858055556, 0.3525991808, 0.36144466197222225, 0.40194985273333333, 0.5246051734, 0.5246051734, 0.1919825288888889, 0.1919825288888889, 0.27657628444444443, 0.30165694526666664, 0.3768117715, 0.5273711509, 257.2829554068333, 366.7138696136896, 201.35692980684482, 118.6984649034224, 101.14563993561494, 304.0614703195494, 320.43480787859534, 320.43480787859534, 320.43480787859534, 440.7200497281747, 440.7200497281747, 440.7200497281747, 240.48123791908736, 150.24061895954367, 105.15060947977183, 410.44823239583815),nrow = 15,ncol = 3)
w <- c(0.5714, 0.2857, 0.1429)
cb <- c('min', 'min', 'min')
v<-0.5
VIKOR(d, w, cb, v)
----------------------------------------
library(MCDM)
d<-matrix(c(0.010752413734567902, 0.011807966358024691, 0.013921429012345679, 0.017794133333333333, 0.00891538348765432, 0.011373457407407408, 0.011373457407407408, 0.011373457407407408, 0.007141296296296297, 0.007141296296296297, 0.007141296296296297, 0.007793372222222222, 0.009737816666666666, 0.013630633333333333, 6.6507810185185186, 0.21328487883888889, 0.23407739625, 0.2758882858055556, 0.3525991808, 0.36144466197222225, 0.40194985273333333, 0.5246051734, 0.5246051734, 0.1919825288888889, 0.1919825288888889, 0.27657628444444443, 0.30165694526666664, 0.3768117715, 0.5273711509, 257.2829554068333, 366.7138696136896, 201.35692980684482, 118.6984649034224, 101.14563993561494, 304.0614703195494, 320.43480787859534, 320.43480787859534, 320.43480787859534, 440.7200497281747, 440.7200497281747, 440.7200497281747, 240.48123791908736, 150.24061895954367, 105.15060947977183, 410.44823239583815),nrow = 15,ncol = 3)
w <- c(0.5714, 0.2857, 0.1429)
cb <- c('min', 'min', 'min')
v<-0.0
WASPAS(d, w, cb, v)
----------------------------------------
library(MCDM)
d<-matrix(c(0.010752413734567902, 0.011807966358024691, 0.013921429012345679, 0.017794133333333333, 0.00891538348765432, 0.011373457407407408, 0.011373457407407408, 0.011373457407407408, 0.007141296296296297, 0.007141296296296297, 0.007141296296296297, 0.007793372222222222, 0.009737816666666666, 0.013630633333333333, 6.6507810185185186, 0.21328487883888889, 0.23407739625, 0.2758882858055556, 0.3525991808, 0.36144466197222225, 0.40194985273333333, 0.5246051734, 0.5246051734, 0.1919825288888889, 0.1919825288888889, 0.27657628444444443, 0.30165694526666664, 0.3768117715, 0.5273711509, 257.2829554068333, 366.7138696136896, 201.35692980684482, 118.6984649034224, 101.14563993561494, 304.0614703195494, 320.43480787859534, 320.43480787859534, 320.43480787859534, 440.7200497281747, 440.7200497281747, 440.7200497281747, 240.48123791908736, 150.24061895954367, 105.15060947977183, 410.44823239583815),nrow = 15,ncol = 3)
w <- c(0.5714, 0.2857, 0.1429)
cb <- c('min', 'min', 'min')
TOPSISLinear(d, w, cb)
----------------------------------------
library(PROMETHEE)
d<-matrix(c(0.010752413734567902, 0.011807966358024691, 0.013921429012345679, 0.017794133333333333, 0.00891538348765432, 0.011373457407407408, 0.011373457407407408, 0.011373457407407408, 0.007141296296296297, 0.007141296296296297, 0.007141296296296297, 0.007793372222222222, 0.009737816666666666, 0.013630633333333333, 6.6507810185185186, 0.21328487883888889, 0.23407739625, 0.2758882858055556, 0.3525991808, 0.36144466197222225, 0.40194985273333333, 0.5246051734, 0.5246051734, 0.1919825288888889, 0.1919825288888889, 0.27657628444444443, 0.30165694526666664, 0.3768117715, 0.5273711509, 257.2829554068333, 366.7138696136896, 201.35692980684482, 118.6984649034224, 101.14563993561494, 304.0614703195494, 320.43480787859534, 320.43480787859534, 320.43480787859534, 440.7200497281747, 440.7200497281747, 440.7200497281747, 240.48123791908736, 150.24061895954367, 105.15060947977183, 410.44823239583815),nrow = 15,ncol = 3)
w<-as.data.frame(rbind(c(0.5714, 0.2857, 0.1429),c(0.5714, 0.2857, 0.1429),c(0.5714, 0.2857, 0.1429),c(0.5714, 0.2857, 0.1429),c(0.5714, 0.2857, 0.1429),c(0.5714, 0.2857, 0.1429),c(0.5714, 0.2857, 0.1429),c(0.5714, 0.2857, 0.1429),c(0.5714, 0.2857, 0.1429),c(0.5714, 0.2857, 0.1429),c(0.5714, 0.2857, 0.1429),c(0.5714, 0.2857, 0.1429),c(0.5714, 0.2857, 0.1429),c(0.5714, 0.2857, 0.1429),c(0.5714, 0.2857, 0.1429)))
cb<-as.data.frame(rbind(c('min', 'min', 'min'),c('min', 'min', 'min'),c('min', 'min', 'min'),c('min', 'min', 'min'),c('min', 'min', 'min'),c('min', 'min', 'min'),c('min', 'min', 'min'),c('min', 'min', 'min'),c('min', 'min', 'min'),c('min', 'min', 'min'),c('min', 'min', 'min'),c('min', 'min', 'min'),c('min', 'min', 'min'),c('min', 'min', 'min'),c('min', 'min', 'min')))
PreT<-as.data.frame(rbind(c(0, 0, 0),c(0, 0, 0),c(0, 0, 0),c(0, 0, 0),c(0, 0, 0),c(0, 0, 0),c(0, 0, 0),c(0, 0, 0),c(0, 0, 0),c(0, 0, 0),c(0, 0, 0),c(0, 0, 0),c(0, 0, 0),c(0, 0, 0),c(0, 0, 0)))
IndT<-as.data.frame(rbind(c(0, 0, 0),c(0, 0, 0),c(0, 0, 0),c(0, 0, 0),c(0, 0, 0),c(0, 0, 0),c(0, 0, 0),c(0, 0, 0),c(0, 0, 0),c(0, 0, 0),c(0, 0, 0),c(0, 0, 0),c(0, 0, 0),c(0, 0, 0),c(0, 0, 0)))
gauss<-as.data.frame(rbind(c(0, 0, 0),c(0, 0, 0),c(0, 0, 0),c(0, 0, 0),c(0, 0, 0),c(0, 0, 0),c(0, 0, 0),c(0, 0, 0),c(0, 0, 0),c(0, 0, 0),c(0, 0, 0),c(0, 0, 0),c(0, 0, 0),c(0, 0, 0),c(0, 0, 0)))
PreF<-as.data.frame(rbind(c("Linear", "Linear", "Linear"),c("Linear", "Linear", "Linear"),c("Linear", "Linear", "Linear"),c("Linear", "Linear", "Linear"),c("Linear", "Linear", "Linear"),c("Linear", "Linear", "Linear"),c("Linear", "Linear", "Linear"),c("Linear", "Linear", "Linear"),c("Linear", "Linear", "Linear"),c("Linear", "Linear", "Linear"),c("Linear", "Linear", "Linear"),c("Linear", "Linear", "Linear"),c("Linear", "Linear", "Linear"),c("Linear", "Linear", "Linear"),c("Linear", "Linear", "Linear")))
PROMETHEE(d, PreF,PreT,IndT,w,cb,gauss)

+-+-+-+-+-+-+-+-+-+-+-+-+-+-+-+-+-+-+-+-+-+-+-+-+

----------------------------------------
library(MCDM)
d<-matrix(c(0.010752413734567902, 0.011807966358024691, 0.013921429012345679, 0.017794133333333333, 0.00891538348765432, 0.011373457407407408, 0.011373457407407408, 0.011373457407407408, 0.007141296296296297, 0.007141296296296297, 0.007141296296296297, 0.007793372222222222, 0.009737816666666666, 0.013630633333333333, 6.6507810185185186, 0.21328487883888889, 0.23407739625, 0.2758882858055556, 0.3525991808, 0.36144466197222225, 0.40194985273333333, 0.5246051734, 0.5246051734, 0.1919825288888889, 0.1919825288888889, 0.27657628444444443, 0.30165694526666664, 0.3768117715, 0.5273711509, 257.2829554068333),nrow = 15,ncol = 2)
w <- c(0.67, 0.33)
cb <- c('min', 'min')
TOPSISVector(d, w, cb)
----------------------------------------
library(MCDM)
d<-matrix(c(0.010752413734567902, 0.011807966358024691, 0.013921429012345679, 0.017794133333333333, 0.00891538348765432, 0.011373457407407408, 0.011373457407407408, 0.011373457407407408, 0.007141296296296297, 0.007141296296296297, 0.007141296296296297, 0.007793372222222222, 0.009737816666666666, 0.013630633333333333, 6.6507810185185186, 0.21328487883888889, 0.23407739625, 0.2758882858055556, 0.3525991808, 0.36144466197222225, 0.40194985273333333, 0.5246051734, 0.5246051734, 0.1919825288888889, 0.1919825288888889, 0.27657628444444443, 0.30165694526666664, 0.3768117715, 0.5273711509, 257.2829554068333),nrow = 15,ncol = 2)
w <- c(0.67, 0.33)
cb <- c('min', 'min')
v<-0.5
VIKOR(d, w, cb, v)
----------------------------------------
library(MCDM)
d<-matrix(c(0.010752413734567902, 0.011807966358024691, 0.013921429012345679, 0.017794133333333333, 0.00891538348765432, 0.011373457407407408, 0.011373457407407408, 0.011373457407407408, 0.007141296296296297, 0.007141296296296297, 0.007141296296296297, 0.007793372222222222, 0.009737816666666666, 0.013630633333333333, 6.6507810185185186, 0.21328487883888889, 0.23407739625, 0.2758882858055556, 0.3525991808, 0.36144466197222225, 0.40194985273333333, 0.5246051734, 0.5246051734, 0.1919825288888889, 0.1919825288888889, 0.27657628444444443, 0.30165694526666664, 0.3768117715, 0.5273711509, 257.2829554068333),nrow = 15,ncol = 2)
w <- c(0.67, 0.33)
cb <- c('min', 'min')
v<-0.0
WASPAS(d, w, cb, v)
----------------------------------------
library(MCDM)
d<-matrix(c(0.010752413734567902, 0.011807966358024691, 0.013921429012345679, 0.017794133333333333, 0.00891538348765432, 0.011373457407407408, 0.011373457407407408, 0.011373457407407408, 0.007141296296296297, 0.007141296296296297, 0.007141296296296297, 0.007793372222222222, 0.009737816666666666, 0.013630633333333333, 6.6507810185185186, 0.21328487883888889, 0.23407739625, 0.2758882858055556, 0.3525991808, 0.36144466197222225, 0.40194985273333333, 0.5246051734, 0.5246051734, 0.1919825288888889, 0.1919825288888889, 0.27657628444444443, 0.30165694526666664, 0.3768117715, 0.5273711509, 257.2829554068333),nrow = 15,ncol = 2)
w <- c(0.67, 0.33)
cb <- c('min', 'min')
TOPSISLinear(d, w, cb)
----------------------------------------
library(PROMETHEE)
d<-matrix(c(0.010752413734567902, 0.011807966358024691, 0.013921429012345679, 0.017794133333333333, 0.00891538348765432, 0.011373457407407408, 0.011373457407407408, 0.011373457407407408, 0.007141296296296297, 0.007141296296296297, 0.007141296296296297, 0.007793372222222222, 0.009737816666666666, 0.013630633333333333, 6.6507810185185186, 0.21328487883888889, 0.23407739625, 0.2758882858055556, 0.3525991808, 0.36144466197222225, 0.40194985273333333, 0.5246051734, 0.5246051734, 0.1919825288888889, 0.1919825288888889, 0.27657628444444443, 0.30165694526666664, 0.3768117715, 0.5273711509, 257.2829554068333),nrow = 15,ncol = 2)
w<-as.data.frame(rbind(c(0.67, 0.33),c(0.67, 0.33),c(0.67, 0.33),c(0.67, 0.33),c(0.67, 0.33),c(0.67, 0.33),c(0.67, 0.33),c(0.67, 0.33),c(0.67, 0.33),c(0.67, 0.33),c(0.67, 0.33),c(0.67, 0.33),c(0.67, 0.33),c(0.67, 0.33),c(0.67, 0.33)))
cb<-as.data.frame(rbind(c('min', 'min'),c('min', 'min'),c('min', 'min'),c('min', 'min'),c('min', 'min'),c('min', 'min'),c('min', 'min'),c('min', 'min'),c('min', 'min'),c('min', 'min'),c('min', 'min'),c('min', 'min'),c('min', 'min'),c('min', 'min'),c('min', 'min')))
PreT<-as.data.frame(rbind(c(0, 0),c(0, 0),c(0, 0),c(0, 0),c(0, 0),c(0, 0),c(0, 0),c(0, 0),c(0, 0),c(0, 0),c(0, 0),c(0, 0),c(0, 0),c(0, 0),c(0, 0)))
IndT<-as.data.frame(rbind(c(0, 0),c(0, 0),c(0, 0),c(0, 0),c(0, 0),c(0, 0),c(0, 0),c(0, 0),c(0, 0),c(0, 0),c(0, 0),c(0, 0),c(0, 0),c(0, 0),c(0, 0)))
gauss<-as.data.frame(rbind(c(0, 0),c(0, 0),c(0, 0),c(0, 0),c(0, 0),c(0, 0),c(0, 0),c(0, 0),c(0, 0),c(0, 0),c(0, 0),c(0, 0),c(0, 0),c(0, 0),c(0, 0)))
PreF<-as.data.frame(rbind(c("Linear", "Linear"),c("Linear", "Linear"),c("Linear", "Linear"),c("Linear", "Linear"),c("Linear", "Linear"),c("Linear", "Linear"),c("Linear", "Linear"),c("Linear", "Linear"),c("Linear", "Linear"),c("Linear", "Linear"),c("Linear", "Linear"),c("Linear", "Linear"),c("Linear", "Linear"),c("Linear", "Linear"),c("Linear", "Linear")))
PROMETHEE(d, PreF,PreT,IndT,w,cb,gauss)

+-+-+-+-+-+-+-+-+-+-+-+-+-+-+-+-+-+-+-+-+-+-+-+-+

----------------------------------------
library(MCDM)
d<-matrix(c(0.010752413734567902, 0.011807966358024691, 0.013921429012345679, 0.017794133333333333, 0.00891538348765432, 0.011373457407407408, 0.011373457407407408, 0.011373457407407408, 0.007141296296296297, 0.007141296296296297, 0.007141296296296297, 0.007793372222222222, 0.009737816666666666, 0.013630633333333333, 6.6507810185185186, 366.7138696136896, 201.35692980684482, 118.6984649034224, 101.14563993561494, 304.0614703195494, 320.43480787859534, 320.43480787859534, 320.43480787859534, 440.7200497281747, 440.7200497281747, 440.7200497281747, 240.48123791908736, 150.24061895954367, 105.15060947977183, 410.44823239583815),nrow = 15,ncol = 2)
w <- c(0.67, 0.33)
cb <- c('min', 'min')
TOPSISVector(d, w, cb)
----------------------------------------
library(MCDM)
d<-matrix(c(0.010752413734567902, 0.011807966358024691, 0.013921429012345679, 0.017794133333333333, 0.00891538348765432, 0.011373457407407408, 0.011373457407407408, 0.011373457407407408, 0.007141296296296297, 0.007141296296296297, 0.007141296296296297, 0.007793372222222222, 0.009737816666666666, 0.013630633333333333, 6.6507810185185186, 366.7138696136896, 201.35692980684482, 118.6984649034224, 101.14563993561494, 304.0614703195494, 320.43480787859534, 320.43480787859534, 320.43480787859534, 440.7200497281747, 440.7200497281747, 440.7200497281747, 240.48123791908736, 150.24061895954367, 105.15060947977183, 410.44823239583815),nrow = 15,ncol = 2)
w <- c(0.67, 0.33)
cb <- c('min', 'min')
v<-0.5
VIKOR(d, w, cb, v)
----------------------------------------
library(MCDM)
d<-matrix(c(0.010752413734567902, 0.011807966358024691, 0.013921429012345679, 0.017794133333333333, 0.00891538348765432, 0.011373457407407408, 0.011373457407407408, 0.011373457407407408, 0.007141296296296297, 0.007141296296296297, 0.007141296296296297, 0.007793372222222222, 0.009737816666666666, 0.013630633333333333, 6.6507810185185186, 366.7138696136896, 201.35692980684482, 118.6984649034224, 101.14563993561494, 304.0614703195494, 320.43480787859534, 320.43480787859534, 320.43480787859534, 440.7200497281747, 440.7200497281747, 440.7200497281747, 240.48123791908736, 150.24061895954367, 105.15060947977183, 410.44823239583815),nrow = 15,ncol = 2)
w <- c(0.67, 0.33)
cb <- c('min', 'min')
v<-0.0
WASPAS(d, w, cb, v)
----------------------------------------
library(MCDM)
d<-matrix(c(0.010752413734567902, 0.011807966358024691, 0.013921429012345679, 0.017794133333333333, 0.00891538348765432, 0.011373457407407408, 0.011373457407407408, 0.011373457407407408, 0.007141296296296297, 0.007141296296296297, 0.007141296296296297, 0.007793372222222222, 0.009737816666666666, 0.013630633333333333, 6.6507810185185186, 366.7138696136896, 201.35692980684482, 118.6984649034224, 101.14563993561494, 304.0614703195494, 320.43480787859534, 320.43480787859534, 320.43480787859534, 440.7200497281747, 440.7200497281747, 440.7200497281747, 240.48123791908736, 150.24061895954367, 105.15060947977183, 410.44823239583815),nrow = 15,ncol = 2)
w <- c(0.67, 0.33)
cb <- c('min', 'min')
TOPSISLinear(d, w, cb)
----------------------------------------
library(PROMETHEE)
d<-matrix(c(0.010752413734567902, 0.011807966358024691, 0.013921429012345679, 0.017794133333333333, 0.00891538348765432, 0.011373457407407408, 0.011373457407407408, 0.011373457407407408, 0.007141296296296297, 0.007141296296296297, 0.007141296296296297, 0.007793372222222222, 0.009737816666666666, 0.013630633333333333, 6.6507810185185186, 366.7138696136896, 201.35692980684482, 118.6984649034224, 101.14563993561494, 304.0614703195494, 320.43480787859534, 320.43480787859534, 320.43480787859534, 440.7200497281747, 440.7200497281747, 440.7200497281747, 240.48123791908736, 150.24061895954367, 105.15060947977183, 410.44823239583815),nrow = 15,ncol = 2)
w<-as.data.frame(rbind(c(0.67, 0.33),c(0.67, 0.33),c(0.67, 0.33),c(0.67, 0.33),c(0.67, 0.33),c(0.67, 0.33),c(0.67, 0.33),c(0.67, 0.33),c(0.67, 0.33),c(0.67, 0.33),c(0.67, 0.33),c(0.67, 0.33),c(0.67, 0.33),c(0.67, 0.33),c(0.67, 0.33)))
cb<-as.data.frame(rbind(c('min', 'min'),c('min', 'min'),c('min', 'min'),c('min', 'min'),c('min', 'min'),c('min', 'min'),c('min', 'min'),c('min', 'min'),c('min', 'min'),c('min', 'min'),c('min', 'min'),c('min', 'min'),c('min', 'min'),c('min', 'min'),c('min', 'min')))
PreT<-as.data.frame(rbind(c(0, 0),c(0, 0),c(0, 0),c(0, 0),c(0, 0),c(0, 0),c(0, 0),c(0, 0),c(0, 0),c(0, 0),c(0, 0),c(0, 0),c(0, 0),c(0, 0),c(0, 0)))
IndT<-as.data.frame(rbind(c(0, 0),c(0, 0),c(0, 0),c(0, 0),c(0, 0),c(0, 0),c(0, 0),c(0, 0),c(0, 0),c(0, 0),c(0, 0),c(0, 0),c(0, 0),c(0, 0),c(0, 0)))
gauss<-as.data.frame(rbind(c(0, 0),c(0, 0),c(0, 0),c(0, 0),c(0, 0),c(0, 0),c(0, 0),c(0, 0),c(0, 0),c(0, 0),c(0, 0),c(0, 0),c(0, 0),c(0, 0),c(0, 0)))
PreF<-as.data.frame(rbind(c("Linear", "Linear"),c("Linear", "Linear"),c("Linear", "Linear"),c("Linear", "Linear"),c("Linear", "Linear"),c("Linear", "Linear"),c("Linear", "Linear"),c("Linear", "Linear"),c("Linear", "Linear"),c("Linear", "Linear"),c("Linear", "Linear"),c("Linear", "Linear"),c("Linear", "Linear"),c("Linear", "Linear"),c("Linear", "Linear")))
PROMETHEE(d, PreF,PreT,IndT,w,cb,gauss)

+-+-+-+-+-+-+-+-+-+-+-+-+-+-+-+-+-+-+-+-+-+-+-+-+

----------------------------------------
library(MCDM)
d<-matrix(c(366.7138696136896, 201.35692980684482, 118.6984649034224, 101.14563993561494, 304.0614703195494, 320.43480787859534, 320.43480787859534, 320.43480787859534, 440.7200497281747, 440.7200497281747, 440.7200497281747, 240.48123791908736, 150.24061895954367, 105.15060947977183, 410.44823239583815, 0.21328487883888889, 0.23407739625, 0.2758882858055556, 0.3525991808, 0.36144466197222225, 0.40194985273333333, 0.5246051734, 0.5246051734, 0.1919825288888889, 0.1919825288888889, 0.27657628444444443, 0.30165694526666664, 0.3768117715, 0.5273711509, 257.2829554068333, 0.010752413734567902, 0.011807966358024691, 0.013921429012345679, 0.017794133333333333, 0.00891538348765432, 0.011373457407407408, 0.011373457407407408, 0.011373457407407408, 0.007141296296296297, 0.007141296296296297, 0.007141296296296297, 0.007793372222222222, 0.009737816666666666, 0.013630633333333333, 6.6507810185185186),nrow = 15,ncol = 3)
w <- c(0.5714, 0.2857, 0.1429)
cb <- c('min', 'min', 'min')
TOPSISVector(d, w, cb)
----------------------------------------
library(MCDM)
d<-matrix(c(366.7138696136896, 201.35692980684482, 118.6984649034224, 101.14563993561494, 304.0614703195494, 320.43480787859534, 320.43480787859534, 320.43480787859534, 440.7200497281747, 440.7200497281747, 440.7200497281747, 240.48123791908736, 150.24061895954367, 105.15060947977183, 410.44823239583815, 0.21328487883888889, 0.23407739625, 0.2758882858055556, 0.3525991808, 0.36144466197222225, 0.40194985273333333, 0.5246051734, 0.5246051734, 0.1919825288888889, 0.1919825288888889, 0.27657628444444443, 0.30165694526666664, 0.3768117715, 0.5273711509, 257.2829554068333, 0.010752413734567902, 0.011807966358024691, 0.013921429012345679, 0.017794133333333333, 0.00891538348765432, 0.011373457407407408, 0.011373457407407408, 0.011373457407407408, 0.007141296296296297, 0.007141296296296297, 0.007141296296296297, 0.007793372222222222, 0.009737816666666666, 0.013630633333333333, 6.6507810185185186),nrow = 15,ncol = 3)
w <- c(0.5714, 0.2857, 0.1429)
cb <- c('min', 'min', 'min')
v<-0.5
VIKOR(d, w, cb, v)
----------------------------------------
library(MCDM)
d<-matrix(c(366.7138696136896, 201.35692980684482, 118.6984649034224, 101.14563993561494, 304.0614703195494, 320.43480787859534, 320.43480787859534, 320.43480787859534, 440.7200497281747, 440.7200497281747, 440.7200497281747, 240.48123791908736, 150.24061895954367, 105.15060947977183, 410.44823239583815, 0.21328487883888889, 0.23407739625, 0.2758882858055556, 0.3525991808, 0.36144466197222225, 0.40194985273333333, 0.5246051734, 0.5246051734, 0.1919825288888889, 0.1919825288888889, 0.27657628444444443, 0.30165694526666664, 0.3768117715, 0.5273711509, 257.2829554068333, 0.010752413734567902, 0.011807966358024691, 0.013921429012345679, 0.017794133333333333, 0.00891538348765432, 0.011373457407407408, 0.011373457407407408, 0.011373457407407408, 0.007141296296296297, 0.007141296296296297, 0.007141296296296297, 0.007793372222222222, 0.009737816666666666, 0.013630633333333333, 6.6507810185185186),nrow = 15,ncol = 3)
w <- c(0.5714, 0.2857, 0.1429)
cb <- c('min', 'min', 'min')
v<-0.0
WASPAS(d, w, cb, v)
----------------------------------------
library(MCDM)
d<-matrix(c(366.7138696136896, 201.35692980684482, 118.6984649034224, 101.14563993561494, 304.0614703195494, 320.43480787859534, 320.43480787859534, 320.43480787859534, 440.7200497281747, 440.7200497281747, 440.7200497281747, 240.48123791908736, 150.24061895954367, 105.15060947977183, 410.44823239583815, 0.21328487883888889, 0.23407739625, 0.2758882858055556, 0.3525991808, 0.36144466197222225, 0.40194985273333333, 0.5246051734, 0.5246051734, 0.1919825288888889, 0.1919825288888889, 0.27657628444444443, 0.30165694526666664, 0.3768117715, 0.5273711509, 257.2829554068333, 0.010752413734567902, 0.011807966358024691, 0.013921429012345679, 0.017794133333333333, 0.00891538348765432, 0.011373457407407408, 0.011373457407407408, 0.011373457407407408, 0.007141296296296297, 0.007141296296296297, 0.007141296296296297, 0.007793372222222222, 0.009737816666666666, 0.013630633333333333, 6.6507810185185186),nrow = 15,ncol = 3)
w <- c(0.5714, 0.2857, 0.1429)
cb <- c('min', 'min', 'min')
TOPSISLinear(d, w, cb)
----------------------------------------
library(PROMETHEE)
d<-matrix(c(366.7138696136896, 201.35692980684482, 118.6984649034224, 101.14563993561494, 304.0614703195494, 320.43480787859534, 320.43480787859534, 320.43480787859534, 440.7200497281747, 440.7200497281747, 440.7200497281747, 240.48123791908736, 150.24061895954367, 105.15060947977183, 410.44823239583815, 0.21328487883888889, 0.23407739625, 0.2758882858055556, 0.3525991808, 0.36144466197222225, 0.40194985273333333, 0.5246051734, 0.5246051734, 0.1919825288888889, 0.1919825288888889, 0.27657628444444443, 0.30165694526666664, 0.3768117715, 0.5273711509, 257.2829554068333, 0.010752413734567902, 0.011807966358024691, 0.013921429012345679, 0.017794133333333333, 0.00891538348765432, 0.011373457407407408, 0.011373457407407408, 0.011373457407407408, 0.007141296296296297, 0.007141296296296297, 0.007141296296296297, 0.007793372222222222, 0.009737816666666666, 0.013630633333333333, 6.6507810185185186),nrow = 15,ncol = 3)
w<-as.data.frame(rbind(c(0.5714, 0.2857, 0.1429),c(0.5714, 0.2857, 0.1429),c(0.5714, 0.2857, 0.1429),c(0.5714, 0.2857, 0.1429),c(0.5714, 0.2857, 0.1429),c(0.5714, 0.2857, 0.1429),c(0.5714, 0.2857, 0.1429),c(0.5714, 0.2857, 0.1429),c(0.5714, 0.2857, 0.1429),c(0.5714, 0.2857, 0.1429),c(0.5714, 0.2857, 0.1429),c(0.5714, 0.2857, 0.1429),c(0.5714, 0.2857, 0.1429),c(0.5714, 0.2857, 0.1429),c(0.5714, 0.2857, 0.1429)))
cb<-as.data.frame(rbind(c('min', 'min', 'min'),c('min', 'min', 'min'),c('min', 'min', 'min'),c('min', 'min', 'min'),c('min', 'min', 'min'),c('min', 'min', 'min'),c('min', 'min', 'min'),c('min', 'min', 'min'),c('min', 'min', 'min'),c('min', 'min', 'min'),c('min', 'min', 'min'),c('min', 'min', 'min'),c('min', 'min', 'min'),c('min', 'min', 'min'),c('min', 'min', 'min')))
PreT<-as.data.frame(rbind(c(0, 0, 0),c(0, 0, 0),c(0, 0, 0),c(0, 0, 0),c(0, 0, 0),c(0, 0, 0),c(0, 0, 0),c(0, 0, 0),c(0, 0, 0),c(0, 0, 0),c(0, 0, 0),c(0, 0, 0),c(0, 0, 0),c(0, 0, 0),c(0, 0, 0)))
IndT<-as.data.frame(rbind(c(0, 0, 0),c(0, 0, 0),c(0, 0, 0),c(0, 0, 0),c(0, 0, 0),c(0, 0, 0),c(0, 0, 0),c(0, 0, 0),c(0, 0, 0),c(0, 0, 0),c(0, 0, 0),c(0, 0, 0),c(0, 0, 0),c(0, 0, 0),c(0, 0, 0)))
gauss<-as.data.frame(rbind(c(0, 0, 0),c(0, 0, 0),c(0, 0, 0),c(0, 0, 0),c(0, 0, 0),c(0, 0, 0),c(0, 0, 0),c(0, 0, 0),c(0, 0, 0),c(0, 0, 0),c(0, 0, 0),c(0, 0, 0),c(0, 0, 0),c(0, 0, 0),c(0, 0, 0)))
PreF<-as.data.frame(rbind(c("Linear", "Linear", "Linear"),c("Linear", "Linear", "Linear"),c("Linear", "Linear", "Linear"),c("Linear", "Linear", "Linear"),c("Linear", "Linear", "Linear"),c("Linear", "Linear", "Linear"),c("Linear", "Linear", "Linear"),c("Linear", "Linear", "Linear"),c("Linear", "Linear", "Linear"),c("Linear", "Linear", "Linear"),c("Linear", "Linear", "Linear"),c("Linear", "Linear", "Linear"),c("Linear", "Linear", "Linear"),c("Linear", "Linear", "Linear"),c("Linear", "Linear", "Linear")))
PROMETHEE(d, PreF,PreT,IndT,w,cb,gauss)

+-+-+-+-+-+-+-+-+-+-+-+-+-+-+-+-+-+-+-+-+-+-+-+-+

----------------------------------------
library(MCDM)
d<-matrix(c(0.21328487883888889, 0.23407739625, 0.2758882858055556, 0.3525991808, 0.36144466197222225, 0.40194985273333333, 0.5246051734, 0.5246051734, 0.1919825288888889, 0.1919825288888889, 0.27657628444444443, 0.30165694526666664, 0.3768117715, 0.5273711509, 257.2829554068333),nrow = 15,ncol = 1)
w <- c(1.0)
cb <- c('min')
TOPSISVector(d, w, cb)
----------------------------------------
library(MCDM)
d<-matrix(c(0.21328487883888889, 0.23407739625, 0.2758882858055556, 0.3525991808, 0.36144466197222225, 0.40194985273333333, 0.5246051734, 0.5246051734, 0.1919825288888889, 0.1919825288888889, 0.27657628444444443, 0.30165694526666664, 0.3768117715, 0.5273711509, 257.2829554068333),nrow = 15,ncol = 1)
w <- c(1.0)
cb <- c('min')
v<-0.5
VIKOR(d, w, cb, v)
----------------------------------------
library(MCDM)
d<-matrix(c(0.21328487883888889, 0.23407739625, 0.2758882858055556, 0.3525991808, 0.36144466197222225, 0.40194985273333333, 0.5246051734, 0.5246051734, 0.1919825288888889, 0.1919825288888889, 0.27657628444444443, 0.30165694526666664, 0.3768117715, 0.5273711509, 257.2829554068333),nrow = 15,ncol = 1)
w <- c(1.0)
cb <- c('min')
v<-0.0
WASPAS(d, w, cb, v)
----------------------------------------
library(MCDM)
d<-matrix(c(0.21328487883888889, 0.23407739625, 0.2758882858055556, 0.3525991808, 0.36144466197222225, 0.40194985273333333, 0.5246051734, 0.5246051734, 0.1919825288888889, 0.1919825288888889, 0.27657628444444443, 0.30165694526666664, 0.3768117715, 0.5273711509, 257.2829554068333),nrow = 15,ncol = 1)
w <- c(1.0)
cb <- c('min')
TOPSISLinear(d, w, cb)
----------------------------------------
library(PROMETHEE)
d<-matrix(c(0.21328487883888889, 0.23407739625, 0.2758882858055556, 0.3525991808, 0.36144466197222225, 0.40194985273333333, 0.5246051734, 0.5246051734, 0.1919825288888889, 0.1919825288888889, 0.27657628444444443, 0.30165694526666664, 0.3768117715, 0.5273711509, 257.2829554068333),nrow = 15,ncol = 1)
w<-as.data.frame(rbind(c(1.0),c(1.0),c(1.0),c(1.0),c(1.0),c(1.0),c(1.0),c(1.0),c(1.0),c(1.0),c(1.0),c(1.0),c(1.0),c(1.0),c(1.0)))
cb<-as.data.frame(rbind(c('min'),c('min'),c('min'),c('min'),c('min'),c('min'),c('min'),c('min'),c('min'),c('min'),c('min'),c('min'),c('min'),c('min'),c('min')))
PreT<-as.data.frame(rbind(c(0),c(0),c(0),c(0),c(0),c(0),c(0),c(0),c(0),c(0),c(0),c(0),c(0),c(0),c(0)))
IndT<-as.data.frame(rbind(c(0),c(0),c(0),c(0),c(0),c(0),c(0),c(0),c(0),c(0),c(0),c(0),c(0),c(0),c(0)))
gauss<-as.data.frame(rbind(c(0),c(0),c(0),c(0),c(0),c(0),c(0),c(0),c(0),c(0),c(0),c(0),c(0),c(0),c(0)))
PreF<-as.data.frame(rbind(c("Linear"),c("Linear"),c("Linear"),c("Linear"),c("Linear"),c("Linear"),c("Linear"),c("Linear"),c("Linear"),c("Linear"),c("Linear"),c("Linear"),c("Linear"),c("Linear"),c("Linear")))
PROMETHEE(d, PreF,PreT,IndT,w,cb,gauss)

+-+-+-+-+-+-+-+-+-+-+-+-+-+-+-+-+-+-+-+-+-+-+-+-+

----------------------------------------
library(MCDM)
d<-matrix(c(366.7138696136896, 201.35692980684482, 118.6984649034224, 101.14563993561494, 304.0614703195494, 320.43480787859534, 320.43480787859534, 320.43480787859534, 440.7200497281747, 440.7200497281747, 440.7200497281747, 240.48123791908736, 150.24061895954367, 105.15060947977183, 410.44823239583815),nrow = 15,ncol = 1)
w <- c(1.0)
cb <- c('min')
TOPSISVector(d, w, cb)
----------------------------------------
library(MCDM)
d<-matrix(c(366.7138696136896, 201.35692980684482, 118.6984649034224, 101.14563993561494, 304.0614703195494, 320.43480787859534, 320.43480787859534, 320.43480787859534, 440.7200497281747, 440.7200497281747, 440.7200497281747, 240.48123791908736, 150.24061895954367, 105.15060947977183, 410.44823239583815),nrow = 15,ncol = 1)
w <- c(1.0)
cb <- c('min')
v<-0.5
VIKOR(d, w, cb, v)
----------------------------------------
library(MCDM)
d<-matrix(c(366.7138696136896, 201.35692980684482, 118.6984649034224, 101.14563993561494, 304.0614703195494, 320.43480787859534, 320.43480787859534, 320.43480787859534, 440.7200497281747, 440.7200497281747, 440.7200497281747, 240.48123791908736, 150.24061895954367, 105.15060947977183, 410.44823239583815),nrow = 15,ncol = 1)
w <- c(1.0)
cb <- c('min')
v<-0.0
WASPAS(d, w, cb, v)
----------------------------------------
library(MCDM)
d<-matrix(c(366.7138696136896, 201.35692980684482, 118.6984649034224, 101.14563993561494, 304.0614703195494, 320.43480787859534, 320.43480787859534, 320.43480787859534, 440.7200497281747, 440.7200497281747, 440.7200497281747, 240.48123791908736, 150.24061895954367, 105.15060947977183, 410.44823239583815),nrow = 15,ncol = 1)
w <- c(1.0)
cb <- c('min')
TOPSISLinear(d, w, cb)
----------------------------------------
library(PROMETHEE)
d<-matrix(c(366.7138696136896, 201.35692980684482, 118.6984649034224, 101.14563993561494, 304.0614703195494, 320.43480787859534, 320.43480787859534, 320.43480787859534, 440.7200497281747, 440.7200497281747, 440.7200497281747, 240.48123791908736, 150.24061895954367, 105.15060947977183, 410.44823239583815),nrow = 15,ncol = 1)
w<-as.data.frame(rbind(c(1.0),c(1.0),c(1.0),c(1.0),c(1.0),c(1.0),c(1.0),c(1.0),c(1.0),c(1.0),c(1.0),c(1.0),c(1.0),c(1.0),c(1.0)))
cb<-as.data.frame(rbind(c('min'),c('min'),c('min'),c('min'),c('min'),c('min'),c('min'),c('min'),c('min'),c('min'),c('min'),c('min'),c('min'),c('min'),c('min')))
PreT<-as.data.frame(rbind(c(0),c(0),c(0),c(0),c(0),c(0),c(0),c(0),c(0),c(0),c(0),c(0),c(0),c(0),c(0)))
IndT<-as.data.frame(rbind(c(0),c(0),c(0),c(0),c(0),c(0),c(0),c(0),c(0),c(0),c(0),c(0),c(0),c(0),c(0)))
gauss<-as.data.frame(rbind(c(0),c(0),c(0),c(0),c(0),c(0),c(0),c(0),c(0),c(0),c(0),c(0),c(0),c(0),c(0)))
PreF<-as.data.frame(rbind(c("Linear"),c("Linear"),c("Linear"),c("Linear"),c("Linear"),c("Linear"),c("Linear"),c("Linear"),c("Linear"),c("Linear"),c("Linear"),c("Linear"),c("Linear"),c("Linear"),c("Linear")))
PROMETHEE(d, PreF,PreT,IndT,w,cb,gauss)

+-+-+-+-+-+-+-+-+-+-+-+-+-+-+-+-+-+-+-+-+-+-+-+-+

----------------------------------------
library(MCDM)
d<-matrix(c(0.010752413734567902, 0.011807966358024691, 0.013921429012345679, 0.017794133333333333, 0.00891538348765432, 0.011373457407407408, 0.011373457407407408, 0.011373457407407408, 0.007141296296296297, 0.007141296296296297, 0.007141296296296297, 0.007793372222222222, 0.009737816666666666, 0.013630633333333333, 6.6507810185185186),nrow = 15,ncol = 1)
w <- c(1.0)
cb <- c('min')
TOPSISVector(d, w, cb)
----------------------------------------
library(MCDM)
d<-matrix(c(0.010752413734567902, 0.011807966358024691, 0.013921429012345679, 0.017794133333333333, 0.00891538348765432, 0.011373457407407408, 0.011373457407407408, 0.011373457407407408, 0.007141296296296297, 0.007141296296296297, 0.007141296296296297, 0.007793372222222222, 0.009737816666666666, 0.013630633333333333, 6.6507810185185186),nrow = 15,ncol = 1)
w <- c(1.0)
cb <- c('min')
v<-0.5
VIKOR(d, w, cb, v)
----------------------------------------
library(MCDM)
d<-matrix(c(0.010752413734567902, 0.011807966358024691, 0.013921429012345679, 0.017794133333333333, 0.00891538348765432, 0.011373457407407408, 0.011373457407407408, 0.011373457407407408, 0.007141296296296297, 0.007141296296296297, 0.007141296296296297, 0.007793372222222222, 0.009737816666666666, 0.013630633333333333, 6.6507810185185186),nrow = 15,ncol = 1)
w <- c(1.0)
cb <- c('min')
v<-0.0
WASPAS(d, w, cb, v)
----------------------------------------
library(MCDM)
d<-matrix(c(0.010752413734567902, 0.011807966358024691, 0.013921429012345679, 0.017794133333333333, 0.00891538348765432, 0.011373457407407408, 0.011373457407407408, 0.011373457407407408, 0.007141296296296297, 0.007141296296296297, 0.007141296296296297, 0.007793372222222222, 0.009737816666666666, 0.013630633333333333, 6.6507810185185186),nrow = 15,ncol = 1)
w <- c(1.0)
cb <- c('min')
TOPSISLinear(d, w, cb)
----------------------------------------
library(PROMETHEE)
d<-matrix(c(0.010752413734567902, 0.011807966358024691, 0.013921429012345679, 0.017794133333333333, 0.00891538348765432, 0.011373457407407408, 0.011373457407407408, 0.011373457407407408, 0.007141296296296297, 0.007141296296296297, 0.007141296296296297, 0.007793372222222222, 0.009737816666666666, 0.013630633333333333, 6.6507810185185186),nrow = 15,ncol = 1)
w<-as.data.frame(rbind(c(1.0),c(1.0),c(1.0),c(1.0),c(1.0),c(1.0),c(1.0),c(1.0),c(1.0),c(1.0),c(1.0),c(1.0),c(1.0),c(1.0),c(1.0)))
cb<-as.data.frame(rbind(c('min'),c('min'),c('min'),c('min'),c('min'),c('min'),c('min'),c('min'),c('min'),c('min'),c('min'),c('min'),c('min'),c('min'),c('min')))
PreT<-as.data.frame(rbind(c(0),c(0),c(0),c(0),c(0),c(0),c(0),c(0),c(0),c(0),c(0),c(0),c(0),c(0),c(0)))
IndT<-as.data.frame(rbind(c(0),c(0),c(0),c(0),c(0),c(0),c(0),c(0),c(0),c(0),c(0),c(0),c(0),c(0),c(0)))
gauss<-as.data.frame(rbind(c(0),c(0),c(0),c(0),c(0),c(0),c(0),c(0),c(0),c(0),c(0),c(0),c(0),c(0),c(0)))
PreF<-as.data.frame(rbind(c("Linear"),c("Linear"),c("Linear"),c("Linear"),c("Linear"),c("Linear"),c("Linear"),c("Linear"),c("Linear"),c("Linear"),c("Linear"),c("Linear"),c("Linear"),c("Linear"),c("Linear")))
PROMETHEE(d, PreF,PreT,IndT,w,cb,gauss)

+-+-+-+-+-+-+-+-+-+-+-+-+-+-+-+-+-+-+-+-+-+-+-+-+

----------------------------------------
library(MCDM)
d<-matrix(c(0.21328487883888889, 0.23407739625, 0.2758882858055556, 0.3525991808, 0.36144466197222225, 0.40194985273333333, 0.5246051734, 0.5246051734, 0.1919825288888889, 0.1919825288888889, 0.27657628444444443, 0.30165694526666664, 0.3768117715, 0.5273711509, 257.2829554068333, 366.7138696136896, 201.35692980684482, 118.6984649034224, 101.14563993561494, 304.0614703195494, 320.43480787859534, 320.43480787859534, 320.43480787859534, 440.7200497281747, 440.7200497281747, 440.7200497281747, 240.48123791908736, 150.24061895954367, 105.15060947977183, 410.44823239583815),nrow = 15,ncol = 2)
w <- c(0.67, 0.33)
cb <- c('min', 'min')
TOPSISVector(d, w, cb)
----------------------------------------
library(MCDM)
d<-matrix(c(0.21328487883888889, 0.23407739625, 0.2758882858055556, 0.3525991808, 0.36144466197222225, 0.40194985273333333, 0.5246051734, 0.5246051734, 0.1919825288888889, 0.1919825288888889, 0.27657628444444443, 0.30165694526666664, 0.3768117715, 0.5273711509, 257.2829554068333, 366.7138696136896, 201.35692980684482, 118.6984649034224, 101.14563993561494, 304.0614703195494, 320.43480787859534, 320.43480787859534, 320.43480787859534, 440.7200497281747, 440.7200497281747, 440.7200497281747, 240.48123791908736, 150.24061895954367, 105.15060947977183, 410.44823239583815),nrow = 15,ncol = 2)
w <- c(0.67, 0.33)
cb <- c('min', 'min')
v<-0.5
VIKOR(d, w, cb, v)
----------------------------------------
library(MCDM)
d<-matrix(c(0.21328487883888889, 0.23407739625, 0.2758882858055556, 0.3525991808, 0.36144466197222225, 0.40194985273333333, 0.5246051734, 0.5246051734, 0.1919825288888889, 0.1919825288888889, 0.27657628444444443, 0.30165694526666664, 0.3768117715, 0.5273711509, 257.2829554068333, 366.7138696136896, 201.35692980684482, 118.6984649034224, 101.14563993561494, 304.0614703195494, 320.43480787859534, 320.43480787859534, 320.43480787859534, 440.7200497281747, 440.7200497281747, 440.7200497281747, 240.48123791908736, 150.24061895954367, 105.15060947977183, 410.44823239583815),nrow = 15,ncol = 2)
w <- c(0.67, 0.33)
cb <- c('min', 'min')
v<-0.0
WASPAS(d, w, cb, v)
----------------------------------------
library(MCDM)
d<-matrix(c(0.21328487883888889, 0.23407739625, 0.2758882858055556, 0.3525991808, 0.36144466197222225, 0.40194985273333333, 0.5246051734, 0.5246051734, 0.1919825288888889, 0.1919825288888889, 0.27657628444444443, 0.30165694526666664, 0.3768117715, 0.5273711509, 257.2829554068333, 366.7138696136896, 201.35692980684482, 118.6984649034224, 101.14563993561494, 304.0614703195494, 320.43480787859534, 320.43480787859534, 320.43480787859534, 440.7200497281747, 440.7200497281747, 440.7200497281747, 240.48123791908736, 150.24061895954367, 105.15060947977183, 410.44823239583815),nrow = 15,ncol = 2)
w <- c(0.67, 0.33)
cb <- c('min', 'min')
TOPSISLinear(d, w, cb)
----------------------------------------
library(PROMETHEE)
d<-matrix(c(0.21328487883888889, 0.23407739625, 0.2758882858055556, 0.3525991808, 0.36144466197222225, 0.40194985273333333, 0.5246051734, 0.5246051734, 0.1919825288888889, 0.1919825288888889, 0.27657628444444443, 0.30165694526666664, 0.3768117715, 0.5273711509, 257.2829554068333, 366.7138696136896, 201.35692980684482, 118.6984649034224, 101.14563993561494, 304.0614703195494, 320.43480787859534, 320.43480787859534, 320.43480787859534, 440.7200497281747, 440.7200497281747, 440.7200497281747, 240.48123791908736, 150.24061895954367, 105.15060947977183, 410.44823239583815),nrow = 15,ncol = 2)
w<-as.data.frame(rbind(c(0.67, 0.33),c(0.67, 0.33),c(0.67, 0.33),c(0.67, 0.33),c(0.67, 0.33),c(0.67, 0.33),c(0.67, 0.33),c(0.67, 0.33),c(0.67, 0.33),c(0.67, 0.33),c(0.67, 0.33),c(0.67, 0.33),c(0.67, 0.33),c(0.67, 0.33),c(0.67, 0.33)))
cb<-as.data.frame(rbind(c('min', 'min'),c('min', 'min'),c('min', 'min'),c('min', 'min'),c('min', 'min'),c('min', 'min'),c('min', 'min'),c('min', 'min'),c('min', 'min'),c('min', 'min'),c('min', 'min'),c('min', 'min'),c('min', 'min'),c('min', 'min'),c('min', 'min')))
PreT<-as.data.frame(rbind(c(0, 0),c(0, 0),c(0, 0),c(0, 0),c(0, 0),c(0, 0),c(0, 0),c(0, 0),c(0, 0),c(0, 0),c(0, 0),c(0, 0),c(0, 0),c(0, 0),c(0, 0)))
IndT<-as.data.frame(rbind(c(0, 0),c(0, 0),c(0, 0),c(0, 0),c(0, 0),c(0, 0),c(0, 0),c(0, 0),c(0, 0),c(0, 0),c(0, 0),c(0, 0),c(0, 0),c(0, 0),c(0, 0)))
gauss<-as.data.frame(rbind(c(0, 0),c(0, 0),c(0, 0),c(0, 0),c(0, 0),c(0, 0),c(0, 0),c(0, 0),c(0, 0),c(0, 0),c(0, 0),c(0, 0),c(0, 0),c(0, 0),c(0, 0)))
PreF<-as.data.frame(rbind(c("Linear", "Linear"),c("Linear", "Linear"),c("Linear", "Linear"),c("Linear", "Linear"),c("Linear", "Linear"),c("Linear", "Linear"),c("Linear", "Linear"),c("Linear", "Linear"),c("Linear", "Linear"),c("Linear", "Linear"),c("Linear", "Linear"),c("Linear", "Linear"),c("Linear", "Linear"),c("Linear", "Linear"),c("Linear", "Linear")))
PROMETHEE(d, PreF,PreT,IndT,w,cb,gauss)

+-+-+-+-+-+-+-+-+-+-+-+-+-+-+-+-+-+-+-+-+-+-+-+-+

----------------------------------------
library(MCDM)
d<-matrix(c(366.7138696136896, 201.35692980684482, 118.6984649034224, 101.14563993561494, 304.0614703195494, 320.43480787859534, 320.43480787859534, 320.43480787859534, 440.7200497281747, 440.7200497281747, 440.7200497281747, 240.48123791908736, 150.24061895954367, 105.15060947977183, 410.44823239583815, 0.21328487883888889, 0.23407739625, 0.2758882858055556, 0.3525991808, 0.36144466197222225, 0.40194985273333333, 0.5246051734, 0.5246051734, 0.1919825288888889, 0.1919825288888889, 0.27657628444444443, 0.30165694526666664, 0.3768117715, 0.5273711509, 257.2829554068333),nrow = 15,ncol = 2)
w <- c(0.67, 0.33)
cb <- c('min', 'min')
TOPSISVector(d, w, cb)
----------------------------------------
library(MCDM)
d<-matrix(c(366.7138696136896, 201.35692980684482, 118.6984649034224, 101.14563993561494, 304.0614703195494, 320.43480787859534, 320.43480787859534, 320.43480787859534, 440.7200497281747, 440.7200497281747, 440.7200497281747, 240.48123791908736, 150.24061895954367, 105.15060947977183, 410.44823239583815, 0.21328487883888889, 0.23407739625, 0.2758882858055556, 0.3525991808, 0.36144466197222225, 0.40194985273333333, 0.5246051734, 0.5246051734, 0.1919825288888889, 0.1919825288888889, 0.27657628444444443, 0.30165694526666664, 0.3768117715, 0.5273711509, 257.2829554068333),nrow = 15,ncol = 2)
w <- c(0.67, 0.33)
cb <- c('min', 'min')
v<-0.5
VIKOR(d, w, cb, v)
----------------------------------------
library(MCDM)
d<-matrix(c(366.7138696136896, 201.35692980684482, 118.6984649034224, 101.14563993561494, 304.0614703195494, 320.43480787859534, 320.43480787859534, 320.43480787859534, 440.7200497281747, 440.7200497281747, 440.7200497281747, 240.48123791908736, 150.24061895954367, 105.15060947977183, 410.44823239583815, 0.21328487883888889, 0.23407739625, 0.2758882858055556, 0.3525991808, 0.36144466197222225, 0.40194985273333333, 0.5246051734, 0.5246051734, 0.1919825288888889, 0.1919825288888889, 0.27657628444444443, 0.30165694526666664, 0.3768117715, 0.5273711509, 257.2829554068333),nrow = 15,ncol = 2)
w <- c(0.67, 0.33)
cb <- c('min', 'min')
v<-0.0
WASPAS(d, w, cb, v)
----------------------------------------
library(MCDM)
d<-matrix(c(366.7138696136896, 201.35692980684482, 118.6984649034224, 101.14563993561494, 304.0614703195494, 320.43480787859534, 320.43480787859534, 320.43480787859534, 440.7200497281747, 440.7200497281747, 440.7200497281747, 240.48123791908736, 150.24061895954367, 105.15060947977183, 410.44823239583815, 0.21328487883888889, 0.23407739625, 0.2758882858055556, 0.3525991808, 0.36144466197222225, 0.40194985273333333, 0.5246051734, 0.5246051734, 0.1919825288888889, 0.1919825288888889, 0.27657628444444443, 0.30165694526666664, 0.3768117715, 0.5273711509, 257.2829554068333),nrow = 15,ncol = 2)
w <- c(0.67, 0.33)
cb <- c('min', 'min')
TOPSISLinear(d, w, cb)
----------------------------------------
library(PROMETHEE)
d<-matrix(c(366.7138696136896, 201.35692980684482, 118.6984649034224, 101.14563993561494, 304.0614703195494, 320.43480787859534, 320.43480787859534, 320.43480787859534, 440.7200497281747, 440.7200497281747, 440.7200497281747, 240.48123791908736, 150.24061895954367, 105.15060947977183, 410.44823239583815, 0.21328487883888889, 0.23407739625, 0.2758882858055556, 0.3525991808, 0.36144466197222225, 0.40194985273333333, 0.5246051734, 0.5246051734, 0.1919825288888889, 0.1919825288888889, 0.27657628444444443, 0.30165694526666664, 0.3768117715, 0.5273711509, 257.2829554068333),nrow = 15,ncol = 2)
w<-as.data.frame(rbind(c(0.67, 0.33),c(0.67, 0.33),c(0.67, 0.33),c(0.67, 0.33),c(0.67, 0.33),c(0.67, 0.33),c(0.67, 0.33),c(0.67, 0.33),c(0.67, 0.33),c(0.67, 0.33),c(0.67, 0.33),c(0.67, 0.33),c(0.67, 0.33),c(0.67, 0.33),c(0.67, 0.33)))
cb<-as.data.frame(rbind(c('min', 'min'),c('min', 'min'),c('min', 'min'),c('min', 'min'),c('min', 'min'),c('min', 'min'),c('min', 'min'),c('min', 'min'),c('min', 'min'),c('min', 'min'),c('min', 'min'),c('min', 'min'),c('min', 'min'),c('min', 'min'),c('min', 'min')))
PreT<-as.data.frame(rbind(c(0, 0),c(0, 0),c(0, 0),c(0, 0),c(0, 0),c(0, 0),c(0, 0),c(0, 0),c(0, 0),c(0, 0),c(0, 0),c(0, 0),c(0, 0),c(0, 0),c(0, 0)))
IndT<-as.data.frame(rbind(c(0, 0),c(0, 0),c(0, 0),c(0, 0),c(0, 0),c(0, 0),c(0, 0),c(0, 0),c(0, 0),c(0, 0),c(0, 0),c(0, 0),c(0, 0),c(0, 0),c(0, 0)))
gauss<-as.data.frame(rbind(c(0, 0),c(0, 0),c(0, 0),c(0, 0),c(0, 0),c(0, 0),c(0, 0),c(0, 0),c(0, 0),c(0, 0),c(0, 0),c(0, 0),c(0, 0),c(0, 0),c(0, 0)))
PreF<-as.data.frame(rbind(c("Linear", "Linear"),c("Linear", "Linear"),c("Linear", "Linear"),c("Linear", "Linear"),c("Linear", "Linear"),c("Linear", "Linear"),c("Linear", "Linear"),c("Linear", "Linear"),c("Linear", "Linear"),c("Linear", "Linear"),c("Linear", "Linear"),c("Linear", "Linear"),c("Linear", "Linear"),c("Linear", "Linear"),c("Linear", "Linear")))
PROMETHEE(d, PreF,PreT,IndT,w,cb,gauss)

+-+-+-+-+-+-+-+-+-+-+-+-+-+-+-+-+-+-+-+-+-+-+-+-+

----------------------------------------
library(MCDM)
d<-matrix(c(0.21328487883888889, 0.23407739625, 0.2758882858055556, 0.3525991808, 0.36144466197222225, 0.40194985273333333, 0.5246051734, 0.5246051734, 0.1919825288888889, 0.1919825288888889, 0.27657628444444443, 0.30165694526666664, 0.3768117715, 0.5273711509, 257.2829554068333, 0.010752413734567902, 0.011807966358024691, 0.013921429012345679, 0.017794133333333333, 0.00891538348765432, 0.011373457407407408, 0.011373457407407408, 0.011373457407407408, 0.007141296296296297, 0.007141296296296297, 0.007141296296296297, 0.007793372222222222, 0.009737816666666666, 0.013630633333333333, 6.6507810185185186),nrow = 15,ncol = 2)
w <- c(0.67, 0.33)
cb <- c('min', 'min')
TOPSISVector(d, w, cb)
----------------------------------------
library(MCDM)
d<-matrix(c(0.21328487883888889, 0.23407739625, 0.2758882858055556, 0.3525991808, 0.36144466197222225, 0.40194985273333333, 0.5246051734, 0.5246051734, 0.1919825288888889, 0.1919825288888889, 0.27657628444444443, 0.30165694526666664, 0.3768117715, 0.5273711509, 257.2829554068333, 0.010752413734567902, 0.011807966358024691, 0.013921429012345679, 0.017794133333333333, 0.00891538348765432, 0.011373457407407408, 0.011373457407407408, 0.011373457407407408, 0.007141296296296297, 0.007141296296296297, 0.007141296296296297, 0.007793372222222222, 0.009737816666666666, 0.013630633333333333, 6.6507810185185186),nrow = 15,ncol = 2)
w <- c(0.67, 0.33)
cb <- c('min', 'min')
v<-0.5
VIKOR(d, w, cb, v)
----------------------------------------
library(MCDM)
d<-matrix(c(0.21328487883888889, 0.23407739625, 0.2758882858055556, 0.3525991808, 0.36144466197222225, 0.40194985273333333, 0.5246051734, 0.5246051734, 0.1919825288888889, 0.1919825288888889, 0.27657628444444443, 0.30165694526666664, 0.3768117715, 0.5273711509, 257.2829554068333, 0.010752413734567902, 0.011807966358024691, 0.013921429012345679, 0.017794133333333333, 0.00891538348765432, 0.011373457407407408, 0.011373457407407408, 0.011373457407407408, 0.007141296296296297, 0.007141296296296297, 0.007141296296296297, 0.007793372222222222, 0.009737816666666666, 0.013630633333333333, 6.6507810185185186),nrow = 15,ncol = 2)
w <- c(0.67, 0.33)
cb <- c('min', 'min')
v<-0.0
WASPAS(d, w, cb, v)
----------------------------------------
library(MCDM)
d<-matrix(c(0.21328487883888889, 0.23407739625, 0.2758882858055556, 0.3525991808, 0.36144466197222225, 0.40194985273333333, 0.5246051734, 0.5246051734, 0.1919825288888889, 0.1919825288888889, 0.27657628444444443, 0.30165694526666664, 0.3768117715, 0.5273711509, 257.2829554068333, 0.010752413734567902, 0.011807966358024691, 0.013921429012345679, 0.017794133333333333, 0.00891538348765432, 0.011373457407407408, 0.011373457407407408, 0.011373457407407408, 0.007141296296296297, 0.007141296296296297, 0.007141296296296297, 0.007793372222222222, 0.009737816666666666, 0.013630633333333333, 6.6507810185185186),nrow = 15,ncol = 2)
w <- c(0.67, 0.33)
cb <- c('min', 'min')
TOPSISLinear(d, w, cb)
----------------------------------------
library(PROMETHEE)
d<-matrix(c(0.21328487883888889, 0.23407739625, 0.2758882858055556, 0.3525991808, 0.36144466197222225, 0.40194985273333333, 0.5246051734, 0.5246051734, 0.1919825288888889, 0.1919825288888889, 0.27657628444444443, 0.30165694526666664, 0.3768117715, 0.5273711509, 257.2829554068333, 0.010752413734567902, 0.011807966358024691, 0.013921429012345679, 0.017794133333333333, 0.00891538348765432, 0.011373457407407408, 0.011373457407407408, 0.011373457407407408, 0.007141296296296297, 0.007141296296296297, 0.007141296296296297, 0.007793372222222222, 0.009737816666666666, 0.013630633333333333, 6.6507810185185186),nrow = 15,ncol = 2)
w<-as.data.frame(rbind(c(0.67, 0.33),c(0.67, 0.33),c(0.67, 0.33),c(0.67, 0.33),c(0.67, 0.33),c(0.67, 0.33),c(0.67, 0.33),c(0.67, 0.33),c(0.67, 0.33),c(0.67, 0.33),c(0.67, 0.33),c(0.67, 0.33),c(0.67, 0.33),c(0.67, 0.33),c(0.67, 0.33)))
cb<-as.data.frame(rbind(c('min', 'min'),c('min', 'min'),c('min', 'min'),c('min', 'min'),c('min', 'min'),c('min', 'min'),c('min', 'min'),c('min', 'min'),c('min', 'min'),c('min', 'min'),c('min', 'min'),c('min', 'min'),c('min', 'min'),c('min', 'min'),c('min', 'min')))
PreT<-as.data.frame(rbind(c(0, 0),c(0, 0),c(0, 0),c(0, 0),c(0, 0),c(0, 0),c(0, 0),c(0, 0),c(0, 0),c(0, 0),c(0, 0),c(0, 0),c(0, 0),c(0, 0),c(0, 0)))
IndT<-as.data.frame(rbind(c(0, 0),c(0, 0),c(0, 0),c(0, 0),c(0, 0),c(0, 0),c(0, 0),c(0, 0),c(0, 0),c(0, 0),c(0, 0),c(0, 0),c(0, 0),c(0, 0),c(0, 0)))
gauss<-as.data.frame(rbind(c(0, 0),c(0, 0),c(0, 0),c(0, 0),c(0, 0),c(0, 0),c(0, 0),c(0, 0),c(0, 0),c(0, 0),c(0, 0),c(0, 0),c(0, 0),c(0, 0),c(0, 0)))
PreF<-as.data.frame(rbind(c("Linear", "Linear"),c("Linear", "Linear"),c("Linear", "Linear"),c("Linear", "Linear"),c("Linear", "Linear"),c("Linear", "Linear"),c("Linear", "Linear"),c("Linear", "Linear"),c("Linear", "Linear"),c("Linear", "Linear"),c("Linear", "Linear"),c("Linear", "Linear"),c("Linear", "Linear"),c("Linear", "Linear"),c("Linear", "Linear")))
PROMETHEE(d, PreF,PreT,IndT,w,cb,gauss)

+-+-+-+-+-+-+-+-+-+-+-+-+-+-+-+-+-+-+-+-+-+-+-+-+

----------------------------------------
library(MCDM)
d<-matrix(c(366.7138696136896, 201.35692980684482, 118.6984649034224, 101.14563993561494, 304.0614703195494, 320.43480787859534, 320.43480787859534, 320.43480787859534, 440.7200497281747, 440.7200497281747, 440.7200497281747, 240.48123791908736, 150.24061895954367, 105.15060947977183, 410.44823239583815, 0.010752413734567902, 0.011807966358024691, 0.013921429012345679, 0.017794133333333333, 0.00891538348765432, 0.011373457407407408, 0.011373457407407408, 0.011373457407407408, 0.007141296296296297, 0.007141296296296297, 0.007141296296296297, 0.007793372222222222, 0.009737816666666666, 0.013630633333333333, 6.6507810185185186),nrow = 15,ncol = 2)
w <- c(0.67, 0.33)
cb <- c('min', 'min')
TOPSISVector(d, w, cb)
----------------------------------------
library(MCDM)
d<-matrix(c(366.7138696136896, 201.35692980684482, 118.6984649034224, 101.14563993561494, 304.0614703195494, 320.43480787859534, 320.43480787859534, 320.43480787859534, 440.7200497281747, 440.7200497281747, 440.7200497281747, 240.48123791908736, 150.24061895954367, 105.15060947977183, 410.44823239583815, 0.010752413734567902, 0.011807966358024691, 0.013921429012345679, 0.017794133333333333, 0.00891538348765432, 0.011373457407407408, 0.011373457407407408, 0.011373457407407408, 0.007141296296296297, 0.007141296296296297, 0.007141296296296297, 0.007793372222222222, 0.009737816666666666, 0.013630633333333333, 6.6507810185185186),nrow = 15,ncol = 2)
w <- c(0.67, 0.33)
cb <- c('min', 'min')
v<-0.5
VIKOR(d, w, cb, v)
----------------------------------------
library(MCDM)
d<-matrix(c(366.7138696136896, 201.35692980684482, 118.6984649034224, 101.14563993561494, 304.0614703195494, 320.43480787859534, 320.43480787859534, 320.43480787859534, 440.7200497281747, 440.7200497281747, 440.7200497281747, 240.48123791908736, 150.24061895954367, 105.15060947977183, 410.44823239583815, 0.010752413734567902, 0.011807966358024691, 0.013921429012345679, 0.017794133333333333, 0.00891538348765432, 0.011373457407407408, 0.011373457407407408, 0.011373457407407408, 0.007141296296296297, 0.007141296296296297, 0.007141296296296297, 0.007793372222222222, 0.009737816666666666, 0.013630633333333333, 6.6507810185185186),nrow = 15,ncol = 2)
w <- c(0.67, 0.33)
cb <- c('min', 'min')
v<-0.0
WASPAS(d, w, cb, v)
----------------------------------------
library(MCDM)
d<-matrix(c(366.7138696136896, 201.35692980684482, 118.6984649034224, 101.14563993561494, 304.0614703195494, 320.43480787859534, 320.43480787859534, 320.43480787859534, 440.7200497281747, 440.7200497281747, 440.7200497281747, 240.48123791908736, 150.24061895954367, 105.15060947977183, 410.44823239583815, 0.010752413734567902, 0.011807966358024691, 0.013921429012345679, 0.017794133333333333, 0.00891538348765432, 0.011373457407407408, 0.011373457407407408, 0.011373457407407408, 0.007141296296296297, 0.007141296296296297, 0.007141296296296297, 0.007793372222222222, 0.009737816666666666, 0.013630633333333333, 6.6507810185185186),nrow = 15,ncol = 2)
w <- c(0.67, 0.33)
cb <- c('min', 'min')
TOPSISLinear(d, w, cb)
----------------------------------------
library(PROMETHEE)
d<-matrix(c(366.7138696136896, 201.35692980684482, 118.6984649034224, 101.14563993561494, 304.0614703195494, 320.43480787859534, 320.43480787859534, 320.43480787859534, 440.7200497281747, 440.7200497281747, 440.7200497281747, 240.48123791908736, 150.24061895954367, 105.15060947977183, 410.44823239583815, 0.010752413734567902, 0.011807966358024691, 0.013921429012345679, 0.017794133333333333, 0.00891538348765432, 0.011373457407407408, 0.011373457407407408, 0.011373457407407408, 0.007141296296296297, 0.007141296296296297, 0.007141296296296297, 0.007793372222222222, 0.009737816666666666, 0.013630633333333333, 6.6507810185185186),nrow = 15,ncol = 2)
w<-as.data.frame(rbind(c(0.67, 0.33),c(0.67, 0.33),c(0.67, 0.33),c(0.67, 0.33),c(0.67, 0.33),c(0.67, 0.33),c(0.67, 0.33),c(0.67, 0.33),c(0.67, 0.33),c(0.67, 0.33),c(0.67, 0.33),c(0.67, 0.33),c(0.67, 0.33),c(0.67, 0.33),c(0.67, 0.33)))
cb<-as.data.frame(rbind(c('min', 'min'),c('min', 'min'),c('min', 'min'),c('min', 'min'),c('min', 'min'),c('min', 'min'),c('min', 'min'),c('min', 'min'),c('min', 'min'),c('min', 'min'),c('min', 'min'),c('min', 'min'),c('min', 'min'),c('min', 'min'),c('min', 'min')))
PreT<-as.data.frame(rbind(c(0, 0),c(0, 0),c(0, 0),c(0, 0),c(0, 0),c(0, 0),c(0, 0),c(0, 0),c(0, 0),c(0, 0),c(0, 0),c(0, 0),c(0, 0),c(0, 0),c(0, 0)))
IndT<-as.data.frame(rbind(c(0, 0),c(0, 0),c(0, 0),c(0, 0),c(0, 0),c(0, 0),c(0, 0),c(0, 0),c(0, 0),c(0, 0),c(0, 0),c(0, 0),c(0, 0),c(0, 0),c(0, 0)))
gauss<-as.data.frame(rbind(c(0, 0),c(0, 0),c(0, 0),c(0, 0),c(0, 0),c(0, 0),c(0, 0),c(0, 0),c(0, 0),c(0, 0),c(0, 0),c(0, 0),c(0, 0),c(0, 0),c(0, 0)))
PreF<-as.data.frame(rbind(c("Linear", "Linear"),c("Linear", "Linear"),c("Linear", "Linear"),c("Linear", "Linear"),c("Linear", "Linear"),c("Linear", "Linear"),c("Linear", "Linear"),c("Linear", "Linear"),c("Linear", "Linear"),c("Linear", "Linear"),c("Linear", "Linear"),c("Linear", "Linear"),c("Linear", "Linear"),c("Linear", "Linear"),c("Linear", "Linear")))
PROMETHEE(d, PreF,PreT,IndT,w,cb,gauss)

