DGEMM-CPU[
    matrix_pattern = GenericMatrix[],
    matrix_pattern = GenericMatrix[],
    data_type = Double[],
    data_type = Double[],
    m_size = 10000,
    n_size = 10000,
    k_size = 10000,
    PLATFORM: = CENAPAD-UFC-Micro [
        node = CENAPAD-Node[
            node_processor = X5650EP[
                processor_manufacturer = Intel[],
                processor_cores = 6,
                processor_threads = 12,
                processor_core_clock = 2660,          # GHz
                processor_L1_cache_size = 384,          # MB
                processor_L2_cache_size = 1536,          # MB
                processor_L3_cache_size = 12288,          # MB
                processor_performance = 80.1,
                energy_consumption_per_processor = 95,          # Watts],
            operating_system = Red Hat[],
            num_of_processors = 2,
            local_disk_size = 250,          # GB
            memory_size = 24,          # GB
            memory_throughput = 10.6,          # GB/s
            memory_cost = 0.0104,          # USD
            core_cost = 0.066333333,          # USD],
        interconect = CENAPAD-NETWORK-HCA-400Ex-D-GS[
            topology = FAT Tree[],
            latency = 3,          # microseconds
            bandwidth = 10,          # GB/s],
        virtualization = BareMetal[],
        num_of_nodes = 2,
        storage = ClusterStorageDefault[],
        locale = Fortaleza[],
        storage_cost = 0.0026,          # USD],]

DGEMM-CPU[
    matrix_pattern = GenericMatrix[],
    matrix_pattern = GenericMatrix[],
    data_type = Double[],
    data_type = Double[],
    m_size = 10000,
    n_size = 10000,
    k_size = 10000,
    PLATFORM: = CENAPAD-UFC-Small[
        node = CENAPAD-Node[
            node_processor = X5650EP[
                processor_manufacturer = Intel[],
                processor_cores = 6,
                processor_threads = 12,
                processor_core_clock = 2660,          # GHz
                processor_L1_cache_size = 384,          # MB
                processor_L2_cache_size = 1536,          # MB
                processor_L3_cache_size = 12288,          # MB
                processor_performance = 80.1,
                energy_consumption_per_processor = 95,          # Watts],
            operating_system = Red Hat[],
            num_of_processors = 2,
            local_disk_size = 250,          # GB
            memory_size = 24,          # GB
            memory_throughput = 10.6,          # GB/s
            memory_cost = 0.0104,          # USD
            core_cost = 0.066333333,          # USD],
        interconect = CENAPAD-NETWORK-HCA-400Ex-D-GS[
            topology = FAT Tree[],
            latency = 3,          # microseconds
            bandwidth = 10,          # GB/s],
        virtualization = FullVirtualized[],
        num_of_nodes = 4,
        storage = ClusterStorageDefault[],
        locale = Fortaleza[],
        storage_cost = 0.0026,          # USD],]

DGEMM-CPU[
    matrix_pattern = GenericMatrix[],
    matrix_pattern = GenericMatrix[],
    data_type = Double[],
    data_type = Double[],
    m_size = 10000,
    n_size = 10000,
    k_size = 10000,
    PLATFORM: = CENAPAD-UFC-Medium[
        node = CENAPAD-Node[
            node_processor = X5650EP[
                processor_manufacturer = Intel[],
                processor_cores = 6,
                processor_threads = 12,
                processor_core_clock = 2660,          # GHz
                processor_L1_cache_size = 384,          # MB
                processor_L2_cache_size = 1536,          # MB
                processor_L3_cache_size = 12288,          # MB
                processor_performance = 80.1,
                energy_consumption_per_processor = 95,          # Watts],
            operating_system = Red Hat[],
            num_of_processors = 2,
            local_disk_size = 250,          # GB
            memory_size = 24,          # GB
            memory_throughput = 10.6,          # GB/s
            memory_cost = 0.0104,          # USD
            core_cost = 0.066333333,          # USD],
        interconect = CENAPAD-NETWORK-HCA-400Ex-D-GS[
            topology = FAT Tree[],
            latency = 3,          # microseconds
            bandwidth = 10,          # GB/s],
        virtualization = Virtualized[],
        num_of_nodes = 8,
        storage = ClusterStorageDefault[],
        locale = Fortaleza[],
        storage_cost = 0.0026,          # USD],]

DGEMM-CPU[
    matrix_pattern = GenericMatrix[],
    matrix_pattern = GenericMatrix[],
    data_type = Double[],
    data_type = Double[],
    m_size = 10000,
    n_size = 10000,
    k_size = 10000,
    PLATFORM: = CENAPAD-UFC-Large[
        node = CENAPAD-Node[
            node_processor = X5650EP[
                processor_manufacturer = Intel[],
                processor_cores = 6,
                processor_threads = 12,
                processor_core_clock = 2660,          # GHz
                processor_L1_cache_size = 384,          # MB
                processor_L2_cache_size = 1536,          # MB
                processor_L3_cache_size = 12288,          # MB
                processor_performance = 80.1,
                energy_consumption_per_processor = 95,          # Watts],
            operating_system = Red Hat[],
            num_of_processors = 2,
            local_disk_size = 250,          # GB
            memory_size = 24,          # GB
            memory_throughput = 10.6,          # GB/s
            memory_cost = 0.0104,          # USD
            core_cost = 0.066333333,          # USD],
        interconect = CENAPAD-NETWORK-HCA-400Ex-D-GS[
            topology = FAT Tree[],
            latency = 3,          # microseconds
            bandwidth = 10,          # GB/s],
        virtualization = Paravirtualized[],
        num_of_nodes = 12,
        storage = ClusterStorageDefault[],
        locale = Fortaleza[],
        storage_cost = 0.0026,          # USD],]

DGEMM-CPU[
    matrix_pattern = GenericMatrix[],
    matrix_pattern = GenericMatrix[],
    data_type = Double[],
    data_type = Double[],
    m_size = 10000,
    n_size = 10000,
    k_size = 10000,
    PLATFORM: = CENAPAD-UFC-Micro-GPU[
        node = CENAPAD-Node-GPU[
            node_processor = E5-2470[
                processor_manufacturer = Intel[],
                processor_cores = 8,
                processor_threads = 16,
                processor_core_clock = 2300,          # GHz
                processor_L1_cache_size = 512,          # MB
                processor_L2_cache_size = 2048,          # MB
                processor_L3_cache_size = 20480,          # MB
                processor_performance = 282.5,
                energy_consumption_per_processor = 95,          # Watts],
            operating_system = Red Hat[],
            num_of_processors = 2,
            local_disk_size = 250,          # GB
            memory_size = 96,          # GB
            memory_throughput = 12.8,          # GB/s
            memory_cost = 0.0104,          # USD
            core_cost = 0.07125,          # USD
            node_accelerator = K20M[
                accelerator_memory = 5120,
                accelerator_manufacturer = NVIDIA[],],],
        interconect = CENAPAD-NETWORK-HCA-400Ex-D-GS[
            topology = FAT Tree[],
            latency = 3,          # microseconds
            bandwidth = 10,          # GB/s],
        virtualization = BareMetal[],
        num_of_nodes = 2,
        storage = ClusterStorageDefault[],
        locale = Fortaleza[],
        storage_cost = 0.0026,          # USD],]

DGEMM-CPU[
    matrix_pattern = GenericMatrix[],
    matrix_pattern = GenericMatrix[],
    data_type = Double[],
    data_type = Double[],
    m_size = 10000,
    n_size = 10000,
    k_size = 10000,
    PLATFORM: = CENAPAD-SD-B710-Micro[
        node = CENAPAD-SD-NODE-B710[
            node_processor = E5-2695V2[
                processor_manufacturer = Intel[],
                processor_cores = 12,
                processor_threads = 24,
                processor_core_clock = 2400,          # GHz
                processor_L1_cache_size = 384,          # MB
                processor_L2_cache_size = 3072,          # MB
                processor_L3_cache_size = 30720,          # MB
                processor_performance = 188.75,
                energy_consumption_per_processor = 115,          # Watts],
            operating_system = Red Hat[],
            num_of_processors = 2,
            memory_size = 64,          # GB
            memory_throughput = 12.8,          # GB/s
            memory_cost = 0.0104,          # USD
            core_cost = 0.066291667,          # USD],
        interconect = CENAPAD-SD-Infiniband[
            latency = 7,          # microseconds
            bandwidth = 58,          # GB/s],
        virtualization = BareMetal[],
        num_of_nodes = 2,
        storage = ClusterStorageDefault[],
        locale = Petropolis[],
        storage_cost = 0.0026,          # USD],]

DGEMM-CPU[
    matrix_pattern = GenericMatrix[],
    matrix_pattern = GenericMatrix[],
    data_type = Double[],
    data_type = Double[],
    m_size = 10000,
    n_size = 10000,
    k_size = 10000,
    PLATFORM: = CENAPAD-SD-B715-GPU-Micro[
        node = CENAPAD-SD-NODE-B715-GPU[
            node_processor = E5-2695V2[
                processor_manufacturer = Intel[],
                processor_cores = 12,
                processor_threads = 24,
                processor_core_clock = 2400,          # GHz
                processor_L1_cache_size = 384,          # MB
                processor_L2_cache_size = 3072,          # MB
                processor_L3_cache_size = 30720,          # MB
                processor_performance = 188.75,
                energy_consumption_per_processor = 115,          # Watts],
            operating_system = Red Hat[],
            num_of_processors = 2,
            num_of_acelerator = 2,
            memory_size = 64,          # GB
            memory_throughput = 12.8,          # GB/s
            memory_cost = 0.0104,          # USD
            core_cost = 0.095,          # USD
            node_accelerator = K40[
                accelerator_memory = 12288,
                accelerator_manufacturer = NVIDIA[],],],
        interconect = CENAPAD-SD-Infiniband[
            latency = 7,          # microseconds
            bandwidth = 58,          # GB/s],
        virtualization = BareMetal[],
        num_of_nodes = 2,
        storage = ClusterStorageDefault[],
        locale = Petropolis[],
        storage_cost = 0.0026,          # USD],]

DGEMM-CPU[
    matrix_pattern = GenericMatrix[],
    matrix_pattern = GenericMatrix[],
    data_type = Double[],
    data_type = Double[],
    m_size = 10000,
    n_size = 10000,
    k_size = 10000,
    PLATFORM: = CENAPAD-SD-B715-MIC-Micro[
        node = CENAPAD-SD-NODE-B715-MIC[
            node_processor = E5-2695V2[
                processor_manufacturer = Intel[],
                processor_cores = 12,
                processor_threads = 24,
                processor_core_clock = 2400,          # GHz
                processor_L1_cache_size = 384,          # MB
                processor_L2_cache_size = 3072,          # MB
                processor_L3_cache_size = 30720,          # MB
                processor_performance = 188.75,
                energy_consumption_per_processor = 115,          # Watts],
            operating_system = Red Hat[],
            num_of_processors = 2,
            num_of_acelerator = 2,
            memory_size = 64,          # GB
            memory_throughput = 12.8,          # GB/s
            memory_cost = 0.0104,          # USD
            core_cost = 0.095,          # USD
            node_accelerator = PHI7120[
                accelerator_memory = 16,
                accelerator_manufacturer = Intel[],],],
        interconect = CENAPAD-SD-Infiniband[
            latency = 7,          # microseconds
            bandwidth = 58,          # GB/s],
        virtualization = BareMetal[],
        num_of_nodes = 2,
        storage = ClusterStorageDefault[],
        locale = Petropolis[],
        storage_cost = 0.0026,          # USD],]

DGEMM-CPU[
    matrix_pattern = GenericMatrix[],
    matrix_pattern = GenericMatrix[],
    data_type = Double[],
    data_type = Double[],
    m_size = 10000,
    n_size = 10000,
    k_size = 10000,
    PLATFORM: = MDCC-GPU-Micro0[
        node = MDCC-GPU-Node[
            node_processor = E5-2650v3[
                processor_cores = 10,
                processor_threads = 20,
                processor_core_clock = 2300,          # GHz
                processor_L1_cache_size = 640,          # MB
                processor_L2_cache_size = 2560,          # MB
                processor_L3_cache_size = 25600,          # MB
                processor_performance = 211.6,
                energy_consumption_per_processor = 105,          # Watts],
            operating_system = CentOS[],
            num_of_processors = 2,
            local_disk_size = 2048,          # GB
            memory_size = 64,          # GB
            memory_throughput = 17,          # GB/s
            memory_cost = 0.0104,          # USD
            core_cost = 0.045,          # USD
            node_accelerator = K40[
                accelerator_memory = 12288,
                accelerator_manufacturer = NVIDIA[],],],
        interconect = MDCC-Interconnect[
            topology = Star[],
            latency = 5,          # microseconds
            bandwidth = 6.6,          # GB/s],
        virtualization = BareMetal[],
        num_of_nodes = 1,
        storage = ClusterStorageDefault[],
        locale = Brasil[],
        storage_cost = 0.0026,          # USD],]

DGEMM-CPU[
    matrix_pattern = GenericMatrix[],
    matrix_pattern = GenericMatrix[],
    data_type = Double[],
    data_type = Double[],
    m_size = 10000,
    n_size = 10000,
    k_size = 10000,
    PLATFORM: = MDCC-MIC-Micro[
        node = MDCC-MIC-Node[
            node_processor = E5-2650v3[
                processor_cores = 10,
                processor_threads = 20,
                processor_core_clock = 2300,          # GHz
                processor_L1_cache_size = 640,          # MB
                processor_L2_cache_size = 2560,          # MB
                processor_L3_cache_size = 25600,          # MB
                processor_performance = 211.6,
                energy_consumption_per_processor = 105,          # Watts],
            operating_system = CentOS[],
            num_of_processors = 2,
            local_disk_size = 2048,          # GB
            memory_size = 64,          # GB
            memory_throughput = 17,          # GB/s
            memory_cost = 0.0104,          # USD
            core_cost = 0.045,          # USD
            node_accelerator = PHI7120[
                accelerator_memory = 16,
                accelerator_manufacturer = Intel[],],],
        interconect = MDCC-Interconnect[
            topology = Star[],
            latency = 5,          # microseconds
            bandwidth = 6.6,          # GB/s],
        virtualization = BareMetal[],
        num_of_nodes = 1,
        storage = ClusterStorageDefault[],
        locale = Brasil[],
        storage_cost = 0.0026,          # USD],]

DGEMM-CPU[
    matrix_pattern = GenericMatrix[],
    matrix_pattern = GenericMatrix[],
    data_type = Double[],
    data_type = Double[],
    m_size = 10000,
    n_size = 10000,
    k_size = 10000,
    PLATFORM: = MDCC-CPU-Micro[
        node = MDCC-CPU-Node[
            node_processor = E5-2650v3[
                processor_cores = 10,
                processor_threads = 20,
                processor_core_clock = 2300,          # GHz
                processor_L1_cache_size = 640,          # MB
                processor_L2_cache_size = 2560,          # MB
                processor_L3_cache_size = 25600,          # MB
                processor_performance = 211.6,
                energy_consumption_per_processor = 105,          # Watts],
            operating_system = CentOS[],
            num_of_processors = 2,
            local_disk_size = 2048,          # GB
            memory_size = 64,          # GB
            memory_throughput = 17,          # GB/s
            memory_cost = 0.0104,          # USD
            core_cost = 0.07955,          # USD],
        interconect = MDCC-Interconnect[
            topology = Star[],
            latency = 5,          # microseconds
            bandwidth = 6.6,          # GB/s],
        virtualization = BareMetal[],
        num_of_nodes = 1,
        storage = ClusterStorageDefault[],
        locale = Brasil[],
        storage_cost = 0.0026,          # USD],]

DGEMM-CPU[
    matrix_pattern = GenericMatrix[],
    matrix_pattern = GenericMatrix[],
    data_type = Double[],
    data_type = Double[],
    m_size = 10000,
    n_size = 10000,
    k_size = 10000,
    PLATFORM: = MDCC-CPU-Small[
        node = MDCC-CPU-Node[
            node_processor = E5-2650v3[
                processor_cores = 10,
                processor_threads = 20,
                processor_core_clock = 2300,          # GHz
                processor_L1_cache_size = 640,          # MB
                processor_L2_cache_size = 2560,          # MB
                processor_L3_cache_size = 25600,          # MB
                processor_performance = 211.6,
                energy_consumption_per_processor = 105,          # Watts],
            operating_system = CentOS[],
            num_of_processors = 2,
            local_disk_size = 2048,          # GB
            memory_size = 64,          # GB
            memory_throughput = 17,          # GB/s
            memory_cost = 0.0104,          # USD
            core_cost = 0.07955,          # USD],
        interconect = MDCC-Interconnect[
            topology = Star[],
            latency = 5,          # microseconds
            bandwidth = 6.6,          # GB/s],
        virtualization = BareMetal[],
        num_of_nodes = 2,
        storage = ClusterStorageDefault[],
        locale = Brasil[],
        storage_cost = 0.0026,          # USD],]

DGEMM-CPU[
    matrix_pattern = GenericMatrix[],
    matrix_pattern = GenericMatrix[],
    data_type = Double[],
    data_type = Double[],
    m_size = 10000,
    n_size = 10000,
    k_size = 10000,
    PLATFORM: = MDCC-CPU-Medium[
        node = MDCC-CPU-Node[
            node_processor = E5-2650v3[
                processor_cores = 10,
                processor_threads = 20,
                processor_core_clock = 2300,          # GHz
                processor_L1_cache_size = 640,          # MB
                processor_L2_cache_size = 2560,          # MB
                processor_L3_cache_size = 25600,          # MB
                processor_performance = 211.6,
                energy_consumption_per_processor = 105,          # Watts],
            operating_system = CentOS[],
            num_of_processors = 2,
            local_disk_size = 2048,          # GB
            memory_size = 64,          # GB
            memory_throughput = 17,          # GB/s
            memory_cost = 0.0104,          # USD
            core_cost = 0.07955,          # USD],
        interconect = MDCC-Interconnect[
            topology = Star[],
            latency = 5,          # microseconds
            bandwidth = 6.6,          # GB/s],
        virtualization = BareMetal[],
        num_of_nodes = 4,
        storage = ClusterStorageDefault[],
        locale = Brasil[],
        storage_cost = 0.0026,          # USD],]

DGEMM-CPU[
    matrix_pattern = GenericMatrix[],
    matrix_pattern = GenericMatrix[],
    data_type = Double[],
    data_type = Double[],
    m_size = 10000,
    n_size = 10000,
    k_size = 10000,
    PLATFORM: = MDCC-CPU-Large[
        node = MDCC-CPU-Node[
            node_processor = E5-2650v3[
                processor_cores = 10,
                processor_threads = 20,
                processor_core_clock = 2300,          # GHz
                processor_L1_cache_size = 640,          # MB
                processor_L2_cache_size = 2560,          # MB
                processor_L3_cache_size = 25600,          # MB
                processor_performance = 211.6,
                energy_consumption_per_processor = 105,          # Watts],
            operating_system = CentOS[],
            num_of_processors = 2,
            local_disk_size = 2048,          # GB
            memory_size = 64,          # GB
            memory_throughput = 17,          # GB/s
            memory_cost = 0.0104,          # USD
            core_cost = 0.07955,          # USD],
        interconect = MDCC-Interconnect[
            topology = Star[],
            latency = 5,          # microseconds
            bandwidth = 6.6,          # GB/s],
        virtualization = BareMetal[],
        num_of_nodes = 8,
        storage = ClusterStorageDefault[],
        locale = Brasil[],
        storage_cost = 0.0026,          # USD],]

DGEMM-CPU[
    matrix_pattern = GenericMatrix[],
    matrix_pattern = GenericMatrix[],
    data_type = Double[],
    data_type = Double[],
    m_size = 10000,
    n_size = 10000,
    k_size = 10000,
    PLATFORM: = MDCC-CPU-Micro-Test[
        node = MDCC-CPU-Node[
            node_processor = E5-2650v3[
                processor_cores = 10,
                processor_threads = 20,
                processor_core_clock = 2300,          # GHz
                processor_L1_cache_size = 640,          # MB
                processor_L2_cache_size = 2560,          # MB
                processor_L3_cache_size = 25600,          # MB
                processor_performance = 211.6,
                energy_consumption_per_processor = 105,          # Watts],
            operating_system = CentOS[],
            num_of_processors = 2,
            local_disk_size = 2048,          # GB
            memory_size = 64,          # GB
            memory_throughput = 17,          # GB/s
            memory_cost = 0.0104,          # USD
            core_cost = 0.07955,          # USD],
        interconect = MDCC-Interconnect[
            topology = Star[],
            latency = 5,          # microseconds
            bandwidth = 6.6,          # GB/s],
        virtualization = BareMetal[],
        num_of_nodes = 1000,
        storage = ClusterStorageDefault[],
        locale = Canada[],
        storage_cost = 0.0026,          # USD],]

