

Decision Matrix of component: rank2[Energy>Time>Cost] 

| energy[0.5714](DECREASING) | parallel_time[0.2857](DECREASING) | cost [0.1429](DECREASING) | 

0 & 1.0 & 1.0 & 0.027777777777777776 & 
1 & 1.0 & 1.0 & 0.027777777777777776 & 
2 & 1.0 & 1.0 & 0.027777777777777776 & 
3 & 1.0 & 1.0 & 0.027777777777777776 & 
4 & 1.0 & 1.0 & 0.027777777777777776 & 
5 & 1.0 & 1.0 & 0.027777777777777776 & 
6 & 1.0 & 1.0 & 0.027777777777777776 & 
7 & 1.0 & 1.0 & 0.027777777777777776 & 
8 & 1.0 & 1.0 & 0.027777777777777776 & 
9 & 1.0 & 1.0 & 0.027777777777777776 & 
10 & 1.0 & 1.0 & 0.027777777777777776 & 
11 & 1.0 & 1.0 & 0.027777777777777776 & 
12 & 1.0 & 1.0 & 0.027777777777777776 & 
13 & 1.0 & 1.0 & 0.027777777777777776 & 
14 & 1.0 & 1.0 & 0.027777777777777776 & 


Decision Matrix of component: rank4[Time>Energy>Cost] 

| parallel_time[0.5714](DECREASING) | energy[0.2857](DECREASING) | cost [0.1429](DECREASING) | 

0 & 1.0 & 1.0 & 0.027777777777777776 & 
1 & 1.0 & 1.0 & 0.027777777777777776 & 
2 & 1.0 & 1.0 & 0.027777777777777776 & 
3 & 1.0 & 1.0 & 0.027777777777777776 & 
4 & 1.0 & 1.0 & 0.027777777777777776 & 
5 & 1.0 & 1.0 & 0.027777777777777776 & 
6 & 1.0 & 1.0 & 0.027777777777777776 & 
7 & 1.0 & 1.0 & 0.027777777777777776 & 
8 & 1.0 & 1.0 & 0.027777777777777776 & 
9 & 1.0 & 1.0 & 0.027777777777777776 & 
10 & 1.0 & 1.0 & 0.027777777777777776 & 
11 & 1.0 & 1.0 & 0.027777777777777776 & 
12 & 1.0 & 1.0 & 0.027777777777777776 & 
13 & 1.0 & 1.0 & 0.027777777777777776 & 
14 & 1.0 & 1.0 & 0.027777777777777776 & 


Decision Matrix of component: rank6[Cost=Time=Energy]

| cost [0.3334](DECREASING) | parallel_time[0.3333](DECREASING) | energy[0.3333](DECREASING) | 

0 & 0.027777777777777776 & 1.0 & 1.0 & 
1 & 0.027777777777777776 & 1.0 & 1.0 & 
2 & 0.027777777777777776 & 1.0 & 1.0 & 
3 & 0.027777777777777776 & 1.0 & 1.0 & 
4 & 0.027777777777777776 & 1.0 & 1.0 & 
5 & 0.027777777777777776 & 1.0 & 1.0 & 
6 & 0.027777777777777776 & 1.0 & 1.0 & 
7 & 0.027777777777777776 & 1.0 & 1.0 & 
8 & 0.027777777777777776 & 1.0 & 1.0 & 
9 & 0.027777777777777776 & 1.0 & 1.0 & 
10 & 0.027777777777777776 & 1.0 & 1.0 & 
11 & 0.027777777777777776 & 1.0 & 1.0 & 
12 & 0.027777777777777776 & 1.0 & 1.0 & 
13 & 0.027777777777777776 & 1.0 & 1.0 & 
14 & 0.027777777777777776 & 1.0 & 1.0 & 


Decision Matrix of component: rank1[Cost>Time>Energy]

| cost [0.5714](DECREASING) | parallel_time[0.2857](DECREASING) | energy[0.1429](DECREASING) | 

0 & 0.027777777777777776 & 1.0 & 1.0 & 
1 & 0.027777777777777776 & 1.0 & 1.0 & 
2 & 0.027777777777777776 & 1.0 & 1.0 & 
3 & 0.027777777777777776 & 1.0 & 1.0 & 
4 & 0.027777777777777776 & 1.0 & 1.0 & 
5 & 0.027777777777777776 & 1.0 & 1.0 & 
6 & 0.027777777777777776 & 1.0 & 1.0 & 
7 & 0.027777777777777776 & 1.0 & 1.0 & 
8 & 0.027777777777777776 & 1.0 & 1.0 & 
9 & 0.027777777777777776 & 1.0 & 1.0 & 
10 & 0.027777777777777776 & 1.0 & 1.0 & 
11 & 0.027777777777777776 & 1.0 & 1.0 & 
12 & 0.027777777777777776 & 1.0 & 1.0 & 
13 & 0.027777777777777776 & 1.0 & 1.0 & 
14 & 0.027777777777777776 & 1.0 & 1.0 & 


Decision Matrix of component: rank0[Cost>Energy>Time]

| cost [0.5714](DECREASING) | energy[0.2857](DECREASING) | parallel_time[0.1429](DECREASING) | 

0 & 0.027777777777777776 & 1.0 & 1.0 & 
1 & 0.027777777777777776 & 1.0 & 1.0 & 
2 & 0.027777777777777776 & 1.0 & 1.0 & 
3 & 0.027777777777777776 & 1.0 & 1.0 & 
4 & 0.027777777777777776 & 1.0 & 1.0 & 
5 & 0.027777777777777776 & 1.0 & 1.0 & 
6 & 0.027777777777777776 & 1.0 & 1.0 & 
7 & 0.027777777777777776 & 1.0 & 1.0 & 
8 & 0.027777777777777776 & 1.0 & 1.0 & 
9 & 0.027777777777777776 & 1.0 & 1.0 & 
10 & 0.027777777777777776 & 1.0 & 1.0 & 
11 & 0.027777777777777776 & 1.0 & 1.0 & 
12 & 0.027777777777777776 & 1.0 & 1.0 & 
13 & 0.027777777777777776 & 1.0 & 1.0 & 
14 & 0.027777777777777776 & 1.0 & 1.0 & 


Decision Matrix of component: rank3[Energy>Cost>Time] 

| energy[0.5714](DECREASING) | cost [0.2857](DECREASING) | parallel_time[0.1429](DECREASING) | 

0 & 1.0 & 0.027777777777777776 & 1.0 & 
1 & 1.0 & 0.027777777777777776 & 1.0 & 
2 & 1.0 & 0.027777777777777776 & 1.0 & 
3 & 1.0 & 0.027777777777777776 & 1.0 & 
4 & 1.0 & 0.027777777777777776 & 1.0 & 
5 & 1.0 & 0.027777777777777776 & 1.0 & 
6 & 1.0 & 0.027777777777777776 & 1.0 & 
7 & 1.0 & 0.027777777777777776 & 1.0 & 
8 & 1.0 & 0.027777777777777776 & 1.0 & 
9 & 1.0 & 0.027777777777777776 & 1.0 & 
10 & 1.0 & 0.027777777777777776 & 1.0 & 
11 & 1.0 & 0.027777777777777776 & 1.0 & 
12 & 1.0 & 0.027777777777777776 & 1.0 & 
13 & 1.0 & 0.027777777777777776 & 1.0 & 
14 & 1.0 & 0.027777777777777776 & 1.0 & 


Decision Matrix of component: rank12[Energy>Cost]

| energy[0.67](DECREASING) | cost [0.33](DECREASING) | 

0 & 1.0 & 0.027777777777777776 & 
1 & 1.0 & 0.027777777777777776 & 
2 & 1.0 & 0.027777777777777776 & 
3 & 1.0 & 0.027777777777777776 & 
4 & 1.0 & 0.027777777777777776 & 
5 & 1.0 & 0.027777777777777776 & 
6 & 1.0 & 0.027777777777777776 & 
7 & 1.0 & 0.027777777777777776 & 
8 & 1.0 & 0.027777777777777776 & 
9 & 1.0 & 0.027777777777777776 & 
10 & 1.0 & 0.027777777777777776 & 
11 & 1.0 & 0.027777777777777776 & 
12 & 1.0 & 0.027777777777777776 & 
13 & 1.0 & 0.027777777777777776 & 
14 & 1.0 & 0.027777777777777776 & 


Decision Matrix of component: rank13[Energy>Time]

| energy[0.67](DECREASING) | parallel_time[0.33](DECREASING) | 

0 & 1.0 & 1.0 & 
1 & 1.0 & 1.0 & 
2 & 1.0 & 1.0 & 
3 & 1.0 & 1.0 & 
4 & 1.0 & 1.0 & 
5 & 1.0 & 1.0 & 
6 & 1.0 & 1.0 & 
7 & 1.0 & 1.0 & 
8 & 1.0 & 1.0 & 
9 & 1.0 & 1.0 & 
10 & 1.0 & 1.0 & 
11 & 1.0 & 1.0 & 
12 & 1.0 & 1.0 & 
13 & 1.0 & 1.0 & 
14 & 1.0 & 1.0 & 


Decision Matrix of component: rank5[Time>Cost>Energy]

| parallel_time[0.5714](DECREASING) | cost [0.2857](DECREASING) | energy[0.1429](DECREASING) | 

0 & 1.0 & 0.027777777777777776 & 1.0 & 
1 & 1.0 & 0.027777777777777776 & 1.0 & 
2 & 1.0 & 0.027777777777777776 & 1.0 & 
3 & 1.0 & 0.027777777777777776 & 1.0 & 
4 & 1.0 & 0.027777777777777776 & 1.0 & 
5 & 1.0 & 0.027777777777777776 & 1.0 & 
6 & 1.0 & 0.027777777777777776 & 1.0 & 
7 & 1.0 & 0.027777777777777776 & 1.0 & 
8 & 1.0 & 0.027777777777777776 & 1.0 & 
9 & 1.0 & 0.027777777777777776 & 1.0 & 
10 & 1.0 & 0.027777777777777776 & 1.0 & 
11 & 1.0 & 0.027777777777777776 & 1.0 & 
12 & 1.0 & 0.027777777777777776 & 1.0 & 
13 & 1.0 & 0.027777777777777776 & 1.0 & 
14 & 1.0 & 0.027777777777777776 & 1.0 & 


Decision Matrix of component: rank7[Cost]

| cost [1.0](DECREASING) | 

0 & 0.027777777777777776 & 
1 & 0.027777777777777776 & 
2 & 0.027777777777777776 & 
3 & 0.027777777777777776 & 
4 & 0.027777777777777776 & 
5 & 0.027777777777777776 & 
6 & 0.027777777777777776 & 
7 & 0.027777777777777776 & 
8 & 0.027777777777777776 & 
9 & 0.027777777777777776 & 
10 & 0.027777777777777776 & 
11 & 0.027777777777777776 & 
12 & 0.027777777777777776 & 
13 & 0.027777777777777776 & 
14 & 0.027777777777777776 & 


Decision Matrix of component: rank8[Time]

| parallel_time[1.0](DECREASING) | 

0 & 1.0 & 
1 & 1.0 & 
2 & 1.0 & 
3 & 1.0 & 
4 & 1.0 & 
5 & 1.0 & 
6 & 1.0 & 
7 & 1.0 & 
8 & 1.0 & 
9 & 1.0 & 
10 & 1.0 & 
11 & 1.0 & 
12 & 1.0 & 
13 & 1.0 & 
14 & 1.0 & 


Decision Matrix of component: rank9[Energy]

| energy[1.0](DECREASING) | 

0 & 1.0 & 
1 & 1.0 & 
2 & 1.0 & 
3 & 1.0 & 
4 & 1.0 & 
5 & 1.0 & 
6 & 1.0 & 
7 & 1.0 & 
8 & 1.0 & 
9 & 1.0 & 
10 & 1.0 & 
11 & 1.0 & 
12 & 1.0 & 
13 & 1.0 & 
14 & 1.0 & 


Decision Matrix of component: rank14[Cost>Time]

| cost [0.67](DECREASING) | parallel_time[0.33](DECREASING) | 

0 & 0.027777777777777776 & 1.0 & 
1 & 0.027777777777777776 & 1.0 & 
2 & 0.027777777777777776 & 1.0 & 
3 & 0.027777777777777776 & 1.0 & 
4 & 0.027777777777777776 & 1.0 & 
5 & 0.027777777777777776 & 1.0 & 
6 & 0.027777777777777776 & 1.0 & 
7 & 0.027777777777777776 & 1.0 & 
8 & 0.027777777777777776 & 1.0 & 
9 & 0.027777777777777776 & 1.0 & 
10 & 0.027777777777777776 & 1.0 & 
11 & 0.027777777777777776 & 1.0 & 
12 & 0.027777777777777776 & 1.0 & 
13 & 0.027777777777777776 & 1.0 & 
14 & 0.027777777777777776 & 1.0 & 


Decision Matrix of component: rank15[Time>Cost]

| parallel_time[0.67](DECREASING) | cost [0.33](DECREASING) | 

0 & 1.0 & 0.027777777777777776 & 
1 & 1.0 & 0.027777777777777776 & 
2 & 1.0 & 0.027777777777777776 & 
3 & 1.0 & 0.027777777777777776 & 
4 & 1.0 & 0.027777777777777776 & 
5 & 1.0 & 0.027777777777777776 & 
6 & 1.0 & 0.027777777777777776 & 
7 & 1.0 & 0.027777777777777776 & 
8 & 1.0 & 0.027777777777777776 & 
9 & 1.0 & 0.027777777777777776 & 
10 & 1.0 & 0.027777777777777776 & 
11 & 1.0 & 0.027777777777777776 & 
12 & 1.0 & 0.027777777777777776 & 
13 & 1.0 & 0.027777777777777776 & 
14 & 1.0 & 0.027777777777777776 & 


Decision Matrix of component: rank10[Cost>Energy]

| cost [0.67](DECREASING) | energy[0.33](DECREASING) | 

0 & 0.027777777777777776 & 1.0 & 
1 & 0.027777777777777776 & 1.0 & 
2 & 0.027777777777777776 & 1.0 & 
3 & 0.027777777777777776 & 1.0 & 
4 & 0.027777777777777776 & 1.0 & 
5 & 0.027777777777777776 & 1.0 & 
6 & 0.027777777777777776 & 1.0 & 
7 & 0.027777777777777776 & 1.0 & 
8 & 0.027777777777777776 & 1.0 & 
9 & 0.027777777777777776 & 1.0 & 
10 & 0.027777777777777776 & 1.0 & 
11 & 0.027777777777777776 & 1.0 & 
12 & 0.027777777777777776 & 1.0 & 
13 & 0.027777777777777776 & 1.0 & 
14 & 0.027777777777777776 & 1.0 & 


Decision Matrix of component: rank11[Time>Energy]

| parallel_time[0.67](DECREASING) | energy[0.33](DECREASING) | 

0 & 1.0 & 1.0 & 
1 & 1.0 & 1.0 & 
2 & 1.0 & 1.0 & 
3 & 1.0 & 1.0 & 
4 & 1.0 & 1.0 & 
5 & 1.0 & 1.0 & 
6 & 1.0 & 1.0 & 
7 & 1.0 & 1.0 & 
8 & 1.0 & 1.0 & 
9 & 1.0 & 1.0 & 
10 & 1.0 & 1.0 & 
11 & 1.0 & 1.0 & 
12 & 1.0 & 1.0 & 
13 & 1.0 & 1.0 & 
14 & 1.0 & 1.0 & 
