


ALTERNATIVA METODO$ MEDIDA
I TOPSISVector 0.9528059665554007
I VIKOR 0.11175665458471885
I WPM 0.6389314283087648
I TOPSISLinear 0.6755571576864097
II TOPSISVector 0.9816565305086953
II VIKOR 0.042171002612790276
II WPM 0.6425091908798538
II TOPSISLinear 0.6334735005948813
III TOPSISVector 0.9966141047861254
III VIKOR 0.007386595148415231
III WPM 0.6017642690336396
III TOPSISLinear 0.5550097861581563
IV TOPSISVector 0.9985419378775383
IV VIKOR 9.162193221589868E-4
IV WPM 0.49889554300948036
IV TOPSISLinear 0.44845604471873884
V TOPSISVector 0.9635456065052206
V VIKOR 0.08539121714023683
V WPM 0.628239568430736
V TOPSISLinear 0.7067369023481093
VI TOPSISVector 0.9607012402322119
VI VIKOR 0.09228145936613653
VI WPM 0.5263370533057239
VI TOPSISLinear 0.5800565118660261
VII TOPSISVector 0.9606953610731163
VII VIKOR 0.09228145936613653
VII WPM 0.48777516458156855
VII TOPSISLinear 0.5577597137537237
VIII TOPSISVector 0.9606953610731163
VIII VIKOR 0.09228145936613653
VIII WPM 0.48777516458156855
VIII TOPSISLinear 0.5577597137537237
IX TOPSISVector 0.9404603584050126
IX VIKOR 0.1429
IX WPM 0.8103191168039969
IX TOPSISLinear 0.8528616709019532
X TOPSISVector 0.9404603584050126
X VIKOR 0.1429
X WPM 0.8103191168039969
X TOPSISLinear 0.8528616709019532
XI TOPSISVector 0.9404565204255022
XI VIKOR 0.1429
XI WPM 0.7300581053411489
XI TOPSISLinear 0.8112574801458083
XII TOPSISVector 0.9746928360818177
XII VIKOR 0.05863532815679939
XII WPM 0.7387502859835718
XII TOPSISLinear 0.7970045846303526
XIII TOPSISVector 0.9909269101616709
XIII VIKOR 0.020660191993870126
XIII WPM 0.6528514908463617
XIII TOPSISLinear 0.6783135907190359
XIV TOPSISVector 0.9987139426231
XIV VIKOR 0.0016853747848951121
XIV WPM 0.5149855145233242
XIV TOPSISLinear 0.5045111410955213
XV TOPSISVector 0.0056028404869631005
XV VIKOR 0.5714
XV WPM 0.0021042849320863613
XV TOPSISLinear 0.003723261463633508



ALTERNATIVA METODO$ MEDIDA
I TOPSISVector 0.9995110674491829
I VIKOR 3.6417517878779517E-4
I WPM 0.7342452896052262
I TOPSISLinear 0.7014365717280805
II TOPSISVector 0.9993657833252041
II VIKOR 4.706259026809764E-4
II WPM 0.6687457567350142
II TOPSISLinear 0.6419612541487069
III TOPSISVector 0.9990732846777333
III VIKOR 6.837650910777577E-4
III WPM 0.5672791940154571
III TOPSISLinear 0.547226694111019
IV TOPSISVector 0.998535457401489
IV VIKOR 0.0010743208712749757
IV WPM 0.4438320672008669
IV TOPSISLinear 0.4296354508331199
V TOPSISVector 0.9996228536234688
V VIKOR 2.1752029365904488E-4
V WPM 0.6994543422360803
V TOPSISLinear 0.7340822561919876
VI TOPSISVector 0.9993241156222544
VI VIKOR 4.2680639875155457E-4
VI WPM 0.5736966207897992
VI TOPSISLinear 0.596714839198828
VII TOPSISVector 0.9991916374998447
VII VIKOR 4.2695187411647675E-4
VII WPM 0.5254292701015747
VII TOPSISLinear 0.5730857617015204
VIII TOPSISVector 0.9991916374998447
VIII VIKOR 4.2695187411647675E-4
VIII WPM 0.5254292701015747
VIII TOPSISLinear 0.5730857617015204
IX TOPSISVector 1.0
IX VIKOR -0.0
IX WPM 1.0
IX TOPSISLinear 1.0
X TOPSISVector 1.0
X VIKOR -0.0
X WPM 1.0
X TOPSISLinear 1.0
XI TOPSISVector 0.9998545855522479
XI VIKOR 1.0858389550140525E-4
XI WPM 0.8864973345752556
XI TOPSISLinear 0.8751202654595676
XII TOPSISVector 0.9997919227710735
XII VIKOR 1.407772392765004E-4
XII WPM 0.8124779052536453
XII TOPSISLinear 0.8303354859681126
XIII TOPSISVector 0.9995268597761393
XIII VIKOR 2.618547544547235E-4
XIII WPM 0.6503043344398164
XIII TOPSISLinear 0.6826429943908776
XIV TOPSISVector 0.9989511260236011
XIV VIKOR 6.544388312135184E-4
XIV WPM 0.46460389198593255
XIV TOPSISLinear 0.49230458224320245
XV TOPSISVector 0.0
XV VIKOR 0.67
XV WPM 9.522405667930706E-4
XV TOPSISLinear 0.0



ALTERNATIVA METODO$ MEDIDA
I TOPSISVector 0.9016821349121685
I VIKOR 0.2580804479563137
I WPM 0.4969654210168817
I TOPSISLinear 0.5752397334374977
II TOPSISVector 0.9606345347957955
II VIKOR 0.0973858002954569
II WPM 0.5688488661179039
II TOPSISLinear 0.5707982908828826
III TOPSISVector 0.9928291805951904
III VIKOR 0.0170579174176139
III WPM 0.6064962903665119
III TOPSISLinear 0.547872065834431
IV TOPSISVector 0.9984119186847216
IV VIKOR 0.0010743208712749757
IV WPM 0.5424318000534027
IV TOPSISLinear 0.4795232007148372
V TOPSISVector 0.9231921913864811
V VIKOR 0.19719455322797871
V WPM 0.5993660117885701
V TOPSISLinear 0.6759633110505076
VI TOPSISVector 0.9174495701991305
VI VIKOR 0.21310623926399622
VI WPM 0.5004043945577158
VI TOPSISLinear 0.5558145433385675
VII TOPSISVector 0.9174495701991305
VII VIKOR 0.21310623926399622
VII WPM 0.5004043945577158
VII TOPSISLinear 0.5558145433385675
VIII TOPSISVector 0.9174495701991305
VIII VIKOR 0.21310623926399622
VIII WPM 0.5004043945577158
VIII TOPSISLinear 0.5558145433385675
IX TOPSISVector 0.8776464757543365
IX VIKOR 0.33
IX WPM 0.6152602224564256
IX TOPSISLinear 0.7246862600199717
X TOPSISVector 0.8776464757543365
X VIKOR 0.33
X WPM 0.6152602224564256
X TOPSISLinear 0.7246862600199717
XI TOPSISVector 0.8776464757543365
XI VIKOR 0.33
XI WPM 0.6152602224564256
XI TOPSISLinear 0.7246862600199717
XII TOPSISVector 0.946058570077324
XII VIKOR 0.13540698594642267
XII WPM 0.7086803053738633
XII TOPSISLinear 0.755731258682487
XIII TOPSISVector 0.980367728753265
XIII VIKOR 0.04771073028675397
XIII WPM 0.7129418227058817
XIII TOPSISLinear 0.7104522508781449
XIV TOPSISVector 0.9981071909147411
XIV VIKOR 0.0038920481386661094
XIV WPM 0.6402352095228612
XIV TOPSISLinear 0.5714059683958082
XV TOPSISVector 0.012178820908193291
XV VIKOR 0.67
XV WPM 0.0064559959157620694
XV TOPSISLinear 0.00776253527588198



ALTERNATIVA METODO$ MEDIDA
I TOPSISVector 0.7176027877660732
I VIKOR 0.44687020594617466
I WPM 0.4384465815288037
I TOPSISLinear 0.39720760822094453
II TOPSISVector 0.8766395968345319
II VIKOR 0.16862498875401233
II WPM 0.5933802563753308
II TOPSISLinear 0.49978750417938234
III TOPSISVector 0.976943004655023
III VIKOR 0.029536042461892675
III WPM 0.7479483012974535
III TOPSISLinear 0.7475951823083326
IV TOPSISVector 0.9991890052997805
IV VIKOR 2.2913500373909556E-4
IV WPM 0.7377509598425156
IV TOPSISLinear 0.7512485161747627
V TOPSISVector 0.771284007635586
V VIKOR 0.34144535671050613
V WPM 0.4311096319520588
V TOPSISLinear 0.3291095577487836
VI TOPSISVector 0.7564415152676763
VI VIKOR 0.36899668216802256
VI WPM 0.3919952655284078
VI TOPSISLinear 0.28759049802723435
VII TOPSISVector 0.7563726299653506
VII VIKOR 0.36899668216802256
VII WPM 0.36327587799001615
VII TOPSISLinear 0.2517031755596998
VIII TOPSISVector 0.7563726299653506
VIII VIKOR 0.36899668216802256
VIII WPM 0.36327587799001615
VIII TOPSISLinear 0.2517031755596998
IX TOPSISVector 0.6639408331408823
IX VIKOR 0.5714
IX WPM 0.43127291299107834
IX TOPSISLinear 0.4202856975865499
X TOPSISVector 0.6639408331408823
X VIKOR 0.5714
X WPM 0.43127291299107834
X TOPSISLinear 0.4202856975865499
XI TOPSISVector 0.663882053872997
XI VIKOR 0.5714
XI WPM 0.3885559148413661
XI TOPSISLinear 0.3523308863467752
XII TOPSISVector 0.8339727531398753
XII VIKOR 0.23445924778723004
XII WPM 0.5291576806767937
XII TOPSISLinear 0.4176751788763285
XIII TOPSISVector 0.9370362745693612
XIII VIKOR 0.08261185238136733
XIII WPM 0.6293513982853569
XIII TOPSISLinear 0.5675292771882917
XIV TOPSISVector 0.9945701571020606
XIV VIKOR 0.006739140322526711
XIV WPM 0.6681364642830467
XIV TOPSISLinear 0.691497990352273
XV TOPSISVector 0.03936390762800242
XV VIKOR 0.5204617787298409
XV WPM 0.02161228316999823
XV TOPSISLinear 0.01772470232388745



ALTERNATIVA METODO$ MEDIDA
I TOPSISVector 2.0
I VIKOR 2.0
I WPM 2.0
I TOPSISLinear 2.0
II TOPSISVector 3.0
II VIKOR 3.0
II WPM 3.0
II TOPSISLinear 3.0
III TOPSISVector 4.0
III VIKOR 4.0
III WPM 4.0
III TOPSISLinear 4.0
IV TOPSISVector 7.0
IV VIKOR 7.0
IV WPM 7.0
IV TOPSISLinear 7.0
V TOPSISVector 8.0
V VIKOR 8.0
V WPM 8.0
V TOPSISLinear 8.0
VI TOPSISVector 10.0
VI VIKOR 10.0
VI WPM 10.0
VI TOPSISLinear 10.0
VII TOPSISVector 11.0
VII VIKOR 11.0
VII WPM 11.0
VII TOPSISLinear 11.0
VIII TOPSISVector 12.0
VIII VIKOR 12.0
VIII WPM 12.0
VIII TOPSISLinear 12.0
IX TOPSISVector 0.0
IX VIKOR 0.0
IX WPM 0.0
IX TOPSISLinear 0.0
X TOPSISVector 1.0
X VIKOR 1.0
X WPM 1.0
X TOPSISLinear 1.0
XI TOPSISVector 5.0
XI VIKOR 5.0
XI WPM 5.0
XI TOPSISLinear 5.0
XII TOPSISVector 6.0
XII VIKOR 6.0
XII WPM 6.0
XII TOPSISLinear 6.0
XIII TOPSISVector 9.0
XIII VIKOR 9.0
XIII WPM 9.0
XIII TOPSISLinear 9.0
XIV TOPSISVector 13.0
XIV VIKOR 13.0
XIV WPM 13.0
XIV TOPSISLinear 13.0
XV TOPSISVector 14.0
XV VIKOR 14.0
XV WPM 14.0
XV TOPSISLinear 14.0



ALTERNATIVA METODO$ MEDIDA
I TOPSISVector 10.0
I VIKOR 10.0
I WPM 10.0
I TOPSISLinear 10.0
II TOPSISVector 4.0
II VIKOR 4.0
II WPM 4.0
II TOPSISLinear 4.0
III TOPSISVector 2.0
III VIKOR 2.0
III WPM 2.0
III TOPSISLinear 2.0
IV TOPSISVector 0.0
IV VIKOR 0.0
IV WPM 0.0
IV TOPSISLinear 0.0
V TOPSISVector 6.0
V VIKOR 6.0
V WPM 6.0
V TOPSISLinear 6.0
VI TOPSISVector 7.0
VI VIKOR 7.0
VI WPM 7.0
VI TOPSISLinear 7.0
VII TOPSISVector 8.0
VII VIKOR 8.0
VII WPM 8.0
VII TOPSISLinear 8.0
VIII TOPSISVector 9.0
VIII VIKOR 9.0
VIII WPM 9.0
VIII TOPSISLinear 9.0
IX TOPSISVector 12.0
IX VIKOR 12.0
IX WPM 12.0
IX TOPSISLinear 12.0
X TOPSISVector 13.0
X VIKOR 13.0
X WPM 13.0
X TOPSISLinear 13.0
XI TOPSISVector 14.0
XI VIKOR 14.0
XI WPM 14.0
XI TOPSISLinear 14.0
XII TOPSISVector 5.0
XII VIKOR 5.0
XII WPM 5.0
XII TOPSISLinear 5.0
XIII TOPSISVector 3.0
XIII VIKOR 3.0
XIII WPM 3.0
XIII TOPSISLinear 3.0
XIV TOPSISVector 1.0
XIV VIKOR 1.0
XIV WPM 1.0
XIV TOPSISLinear 1.0
XV TOPSISVector 11.0
XV VIKOR 11.0
XV WPM 11.0
XV TOPSISLinear 11.0



ALTERNATIVA METODO$ MEDIDA
I TOPSISVector 6.0
I VIKOR 6.0
I WPM 6.0
I TOPSISLinear 6.0
II TOPSISVector 10.0
II VIKOR 10.0
II WPM 10.0
II TOPSISLinear 10.0
III TOPSISVector 12.0
III VIKOR 12.0
III WPM 12.0
III TOPSISLinear 12.0
IV TOPSISVector 13.0
IV VIKOR 13.0
IV WPM 13.0
IV TOPSISLinear 13.0
V TOPSISVector 4.0
V VIKOR 4.0
V WPM 4.0
V TOPSISLinear 4.0
VI TOPSISVector 7.0
VI VIKOR 7.0
VI WPM 7.0
VI TOPSISLinear 7.0
VII TOPSISVector 8.0
VII VIKOR 8.0
VII WPM 8.0
VII TOPSISLinear 8.0
VIII TOPSISVector 9.0
VIII VIKOR 9.0
VIII WPM 9.0
VIII TOPSISLinear 9.0
IX TOPSISVector 0.0
IX VIKOR 0.0
IX WPM 0.0
IX TOPSISLinear 0.0
X TOPSISVector 1.0
X VIKOR 1.0
X WPM 1.0
X TOPSISLinear 1.0
XI TOPSISVector 2.0
XI VIKOR 2.0
XI WPM 2.0
XI TOPSISLinear 2.0
XII TOPSISVector 3.0
XII VIKOR 3.0
XII WPM 3.0
XII TOPSISLinear 3.0
XIII TOPSISVector 5.0
XIII VIKOR 5.0
XIII WPM 5.0
XIII TOPSISLinear 5.0
XIV TOPSISVector 11.0
XIV VIKOR 11.0
XIV WPM 11.0
XIV TOPSISLinear 11.0
XV TOPSISVector 14.0
XV VIKOR 14.0
XV WPM 14.0
XV TOPSISLinear 14.0



ALTERNATIVA METODO$ MEDIDA
I TOPSISVector 0.9017535638380926
I VIKOR 0.2580804479563137
I WPM 0.6092375232938481
I TOPSISLinear 0.708357507780958
II TOPSISVector 0.9606724138044651
II VIKOR 0.0973858002954569
II WPM 0.6976507854562275
II TOPSISLinear 0.7319974190452223
III TOPSISVector 0.9928994209027147
III VIKOR 0.0170579174176139
III WPM 0.7439773962535526
III TOPSISLinear 0.7084089304946378
IV TOPSISVector 0.9993812373767529
IV VIKOR 4.185800674982645E-4
IV WPM 0.6654368912841636
IV TOPSISLinear 0.592772712077456
V TOPSISVector 0.9231861960949622
V VIKOR 0.19719455322797871
V WPM 0.45514799514086185
V TOPSISLinear 0.4820186001944721
VI TOPSISVector 0.9174599778184429
VI VIKOR 0.21310623926399622
VI WPM 0.4166090092960335
VI TOPSISLinear 0.4350651309643487
VII TOPSISVector 0.9174191837285125
VII VIKOR 0.21310623926399622
VII WPM 0.3485266498106761
VII TOPSISLinear 0.33863314848327264
VIII TOPSISVector 0.9174191837285125
VIII VIKOR 0.21310623926399622
VIII WPM 0.3485266498106761
VIII TOPSISLinear 0.33863314848327264
IX TOPSISVector 0.8776823107321107
IX VIKOR 0.33
IX WPM 0.6152602224564256
IX TOPSISLinear 0.7247516683852346
X TOPSISVector 0.8776823107321107
X VIKOR 0.33
X WPM 0.6152602224564256
X TOPSISLinear 0.7247516683852346
XI TOPSISVector 0.8776466765619599
XI VIKOR 0.33
XI WPM 0.481757155783858
XI TOPSISLinear 0.5872206471828467
XII TOPSISVector 0.9460574898174359
XII VIKOR 0.13540698594642267
XII WPM 0.5551203948946636
XII TOPSISLinear 0.5816494435597651
XIII TOPSISVector 0.9803592047167431
XIII VIKOR 0.04771073028675397
XIII WPM 0.5585662486868834
XIII TOPSISLinear 0.5175071596029639
XIV TOPSISVector 0.9979228225554477
XIV VIKOR 0.0038920481386661094
XIV WPM 0.5016514250180634
XIV TOPSISLinear 0.4458854395860071
XV TOPSISVector 0.012174870016930215
XV VIKOR 0.67
XV WPM 0.005059030062705863
XV TOPSISLinear 0.0077603165796356665



ALTERNATIVA METODO$ MEDIDA
I TOPSISVector 0.9030326634182068
I VIKOR 0.22343510297308733
I WPM 0.5396354707217637
I TOPSISLinear 0.5862215469327212
II TOPSISVector 0.9612055328788045
II VIKOR 0.08431249437700616
II WPM 0.5990652575638639
II TOPSISLinear 0.5815164516029254
III TOPSISVector 0.9929374691092452
III VIKOR 0.014768021230946338
III WPM 0.6194254279193148
III TOPSISLinear 0.5558648092530504
IV TOPSISVector 0.9984516750303737
IV VIKOR 9.162193221589868E-4
IV WPM 0.544141214571075
IV TOPSISLinear 0.484138166722366
V TOPSISVector 0.9242660677042732
V VIKOR 0.17072267835525307
V WPM 0.5876293161365295
V TOPSISLinear 0.6669040882585064
VI TOPSISVector 0.9185983815335568
VI VIKOR 0.18449834108401128
VI WPM 0.49610858749810305
VI TOPSISLinear 0.5505276417216738
VII TOPSISVector 0.9185960026397723
VII VIKOR 0.18449834108401128
VII WPM 0.4775829691882524
VII TOPSISLinear 0.5451173697316941
VIII TOPSISVector 0.9185960026397723
VIII VIKOR 0.18449834108401128
VIII WPM 0.4775829691882524
VIII TOPSISLinear 0.5451173697316941
IX TOPSISVector 0.8792815255956201
IX VIKOR 0.2857
IX WPM 0.6567137222497169
IX TOPSISLinear 0.7277311784469671
X TOPSISVector 0.8792815255956201
X VIKOR 0.2857
X WPM 0.6567137222497169
X TOPSISLinear 0.7277311784469671
XI TOPSISVector 0.8792794507868185
XI VIKOR 0.2857
XI WPM 0.6233311556560153
XI TOPSISLinear 0.7207735669131904
XII TOPSISVector 0.9468286386358786
XII VIKOR 0.11722962389361502
XII WPM 0.69632254013982
XII TOPSISLinear 0.7477984514235986
XIII TOPSISVector 0.9806553256193615
XIII VIKOR 0.04130592619068366
XIII WPM 0.6793544447544562
XIII TOPSISLinear 0.6977999017727414
XIV TOPSISVector 0.9981163378075333
XIV VIKOR 0.0033695701612633557
XIV WPM 0.591636814510914
XIV TOPSISLinear 0.5620956804057711
XV TOPSISVector 0.011998785205223695
XV VIKOR 0.5714
XV WPM 0.00481719940297796
XV TOPSISLinear 0.007659384221186745



ALTERNATIVA METODO$ MEDIDA
I TOPSISVector 0.6916425094753716
I VIKOR 0.5239815155476671
I WPM 0.4075067700413216
I TOPSISLinear 0.3802718936663788
II TOPSISVector 0.8641842428982486
II VIKOR 0.1977226854483519
II WPM 0.5905337569513051
II TOPSISLinear 0.49075914327920206
III TOPSISVector 0.9745783688193184
III VIKOR 0.03463274142364034
III WPM 0.7970228465589694
III TOPSISLinear 0.7714637790670593
IV TOPSISVector 0.9994583203738306
IV VIKOR 2.0616630190213028E-4
IV WPM 0.8182264888547672
IV TOPSISLinear 0.7842835248132005
V TOPSISVector 0.7492474027032306
V VIKOR 0.40036469897801735
V WPM 0.38819776803268496
V TOPSISLinear 0.28455705447843643
VI TOPSISVector 0.733234473121161
VI VIKOR 0.43267024335417414
VI WPM 0.3618833959698501
VI TOPSISLinear 0.25495084273650487
VII TOPSISVector 0.7331440519774435
VII VIKOR 0.43267024335417414
VII WPM 0.3314367240729935
VII TOPSISLinear 0.2095718436233854
VIII TOPSISVector 0.7331440519774435
VIII VIKOR 0.43267024335417414
VIII WPM 0.3314367240729935
VIII TOPSISLinear 0.2095718436233854
IX TOPSISVector 0.6351310039598471
IX VIKOR 0.67
IX WPM 0.3730143331026251
IX TOPSISLinear 0.38978530653257815
X TOPSISVector 0.6351310039598471
X VIKOR 0.67
X WPM 0.3730143331026251
X TOPSISLinear 0.38978530653257815
XI TOPSISVector 0.6350546979148871
XI VIKOR 0.67
XI WPM 0.3306762120538437
XI TOPSISLinear 0.303141257812617
XII TOPSISVector 0.8174303297188545
XII VIKOR 0.2749172138912218
XII WPM 0.48219995272191335
XII TOPSISLinear 0.37688771562808765
XIII TOPSISVector 0.9305888940101469
XIII VIKOR 0.09686724027916715
XIII WPM 0.6140763319864158
XIII TOPSISLinear 0.556333943438305
XIV TOPSISVector 0.9940295440230978
XIV VIKOR 0.00790203713001907
XIV WPM 0.6980373504209093
XIV TOPSISLinear 0.7049609171558902
XV TOPSISVector 0.04340631196642038
XV VIKOR 0.6102719491581964
XV WPM 0.036347304464850266
XV TOPSISLinear 0.018458776036496958



ALTERNATIVA METODO$ MEDIDA
I TOPSISVector 0.71750725125212
I VIKOR 0.44687020594617466
I WPM 0.41981961395506734
I TOPSISLinear 0.3515802259824675
II TOPSISVector 0.8765887047228259
II VIKOR 0.16862498875401233
II WPM 0.5681206970371393
II TOPSISLinear 0.45881268714853235
III TOPSISVector 0.9769224935165801
III VIKOR 0.029536042461892675
III WPM 0.7160771768301148
III TOPSISLinear 0.7021867774446042
IV TOPSISVector 0.9986967789168861
IV VIKOR 4.581096610794934E-4
IV WPM 0.7063039110012347
IV TOPSISLinear 0.7160321112113816
V TOPSISVector 0.7712901648833602
V VIKOR 0.34144535671050613
V WPM 0.4571573350412291
V TOPSISLinear 0.3878090658445055
VI TOPSISVector 0.7564251698847934
VI VIKOR 0.36899668216802256
VI WPM 0.4076098841415062
VI TOPSISLinear 0.3243780714512267
VII TOPSISVector 0.7564079386372513
VII VIKOR 0.36899668216802256
VII WPM 0.39238897218146707
VII TOPSISLinear 0.317218267690028
VIII TOPSISVector 0.7564079386372513
VIII VIKOR 0.36899668216802256
VIII WPM 0.39238897218146707
VIII TOPSISLinear 0.317218267690028
IX TOPSISVector 0.6638961674332943
IX VIKOR 0.5714
IX WPM 0.43127291299107834
IX TOPSISLinear 0.42023778735674233
X TOPSISVector 0.6638961674332943
X VIKOR 0.5714
X WPM 0.43127291299107834
X TOPSISLinear 0.42023778735674233
XI TOPSISVector 0.6638814588553759
XI VIKOR 0.5714
XI WPM 0.4093501234250795
XI TOPSISLinear 0.40576457600751126
XII TOPSISVector 0.8339725210637167
XII VIKOR 0.23445924778723004
XII WPM 0.5574306043955917
XII TOPSISLinear 0.46969510617634797
XIII TOPSISVector 0.937037314877422
XIII VIKOR 0.08261185238136733
XIII WPM 0.662950420087292
XIII TOPSISLinear 0.611934949915648
XIV TOPSISVector 0.9946028382871076
XIV VIKOR 0.006739140322526711
XIV WPM 0.7037916230236116
XIV TOPSISLinear 0.7305297670688744
XV TOPSISVector 0.039370150558854955
XV VIKOR 0.5204617787298409
XV WPM 0.022765160638074877
XV TOPSISLinear 0.017725916316687528



ALTERNATIVA METODO$ MEDIDA
I TOPSISVector 0.9997486746546045
I VIKOR 1.793698641790633E-4
I WPM 0.8142008624936476
I TOPSISLinear 0.8319844243514944
II TOPSISVector 0.9996567267583701
II VIKOR 2.3180081773839137E-4
II WPM 0.7417253739515068
II TOPSISLinear 0.7668615672832705
III TOPSISVector 0.9994624931332832
III VIKOR 3.3677982097859706E-4
III WPM 0.6292523228552708
III TOPSISLinear 0.6562371406601772
IV TOPSISVector 0.9990968418739367
IV VIKOR 5.291431157026E-4
IV WPM 0.4923363981803768
IV TOPSISLinear 0.5159399631032675
V TOPSISVector 0.9993970056056155
V VIKOR 4.416321113683639E-4
V WPM 0.6082716087451566
V TOPSISLinear 0.579734874260656
VI TOPSISVector 0.9992151217341386
VI VIKOR 5.471919352165104E-4
VI WPM 0.5227476503818044
VI TOPSISLinear 0.5064649703544303
VII TOPSISVector 0.9988056886200999
VII VIKOR 8.668416838122407E-4
VII WPM 0.4373200848244534
VII TOPSISLinear 0.42014606624986384
VIII TOPSISVector 0.9988056886200999
VIII VIKOR 8.668416838122407E-4
VIII WPM 0.4373200848244534
VIII TOPSISLinear 0.42014606624986384
IX TOPSISVector 1.0
IX VIKOR -0.0
IX WPM 1.0
IX TOPSISLinear 1.0
X TOPSISVector 1.0
X VIKOR -0.0
X WPM 1.0
X TOPSISLinear 1.0
XI TOPSISVector 0.9997048096696229
XI VIKOR 2.2045821207861068E-4
XI WPM 0.783013655361049
XI TOPSISLinear 0.7354322278850867
XII TOPSISVector 0.9996148397444721
XII VIKOR 2.858204555007736E-4
XII WPM 0.7177752070296177
XII TOPSISLinear 0.6804915467468418
XIII TOPSISVector 0.9993323208500878
XIII VIKOR 4.816800495295344E-4
XIII WPM 0.5745608847741971
XIII TOPSISLinear 0.5511930290427051
XIV TOPSISVector 0.99875263229127
XIV VIKOR 8.740500463006422E-4
XIV WPM 0.4105097846390927
XIV TOPSISLinear 0.3964886379601115
XV TOPSISVector 0.0
XV VIKOR 0.67
XV WPM 8.41411449014543E-4
XV TOPSISLinear 0.0



ALTERNATIVA METODO$ MEDIDA
I TOPSISVector 0.8647704407170678
I VIKOR 0.2606612524358768
I WPM 0.5483851801442786
I TOPSISLinear 0.5816586975292345
II TOPSISVector 0.9447385702294038
II VIKOR 0.09835965829841146
II WPM 0.6292739609021637
II TOPSISLinear 0.6147449623567806
III TOPSISVector 0.989908032021258
III VIKOR 0.017228496591790037
III WPM 0.6725264935891305
III TOPSISLinear 0.6422459695636464
IV TOPSISVector 0.9988072317155233
IV VIKOR 5.344345468596259E-4
IV WPM 0.6023133498503631
IV TOPSISLinear 0.5765928054898616
V TOPSISVector 0.8934712024815388
V VIKOR 0.19916649876025846
V WPM 0.5211327793399125
V TOPSISLinear 0.534856887567532
VI TOPSISVector 0.8857557183052885
VI VIKOR 0.21523730165663615
VI WPM 0.4557527768697538
VI TOPSISLinear 0.45792569258563415
VII TOPSISVector 0.8857301404878312
VII VIKOR 0.21523730165663615
VII WPM 0.41703071982670903
VII TOPSISLinear 0.4210681261609027
VIII TOPSISVector 0.8857301404878312
VIII VIKOR 0.21523730165663615
VIII WPM 0.41703071982670903
VIII TOPSISLinear 0.4210681261609027
IX TOPSISVector 0.8332773342548355
IX VIKOR 0.3333
IX WPM 0.6122790878802153
IX TOPSISLinear 0.6471488536832734
X TOPSISVector 0.8332773342548355
X VIKOR 0.3333
X WPM 0.6122790878802153
X TOPSISLinear 0.6471488536832734
XI TOPSISVector 0.8332543682227037
XI VIKOR 0.3333
XI WPM 0.5421104508445425
XI TOPSISLinear 0.5946378078175704
XII TOPSISVector 0.9245954332413683
XII VIKOR 0.13676105580588688
XII WPM 0.6259736410968727
XII TOPSISLinear 0.6213091001469397
XIII TOPSISVector 0.9722578470752437
XIII VIKOR 0.04818783758962151
XIII WPM 0.6312405106773342
XIII TOPSISLinear 0.6062149582247145
XIV TOPSISVector 0.997427518822347
XIV VIKOR 0.00393096862005277
XIV WPM 0.5681912910107514
XIV TOPSISLinear 0.5495482631302475
XV TOPSISVector 0.017244834568850287
XV VIKOR 0.3334
XV WPM 0.005821819386203789
XV TOPSISLinear 0.010458488904608236



ALTERNATIVA METODO$ MEDIDA
I TOPSISVector 0.6914754865644168
I VIKOR 0.5239815155476671
I WPM 0.36860798994634875
I TOPSISLinear 0.30750656917342284
II TOPSISVector 0.8640952848002849
II VIKOR 0.1977226854483519
II WPM 0.5340545684216402
II TOPSISLinear 0.4302461226983983
III TOPSISVector 0.9745455913845535
III VIKOR 0.03463274142364034
III WPM 0.7207209570534439
III TOPSISLinear 0.7044694314223465
IV TOPSISVector 0.9986100060990657
IV VIKOR 5.291431157026E-4
IV WPM 0.739869407045142
IV TOPSISLinear 0.7295254794800052
V TOPSISVector 0.7492581325547746
V VIKOR 0.40036469897801735
V WPM 0.44456031066229185
V TOPSISLinear 0.3764846545510567
VI TOPSISVector 0.7332057458458388
VI VIKOR 0.43267024335417414
VI WPM 0.39606905518138164
VI TOPSISLinear 0.31149502748093094
VII TOPSISVector 0.7332057458458388
VII VIKOR 0.43267024335417414
VII WPM 0.39606905518138164
VII TOPSISLinear 0.31149502748093094
VIII TOPSISVector 0.7332057458458388
VIII VIKOR 0.43267024335417414
VIII WPM 0.39606905518138164
VIII TOPSISLinear 0.31149502748093094
IX TOPSISVector 0.6350536565738966
IX VIKOR 0.67
IX WPM 0.3730143331026251
IX TOPSISLinear 0.3897073271477401
X TOPSISVector 0.6350536565738966
X VIKOR 0.67
X WPM 0.3730143331026251
X TOPSISLinear 0.3897073271477401
XI TOPSISVector 0.6350536565738966
XI VIKOR 0.67
XI WPM 0.3730143331026251
XI TOPSISLinear 0.3897073271477401
XII TOPSISVector 0.817429862418059
XII VIKOR 0.2749172138912218
XII WPM 0.5438351038451702
XII TOPSISLinear 0.4573849642723645
XIII TOPSISVector 0.9305903143222859
XIII VIKOR 0.09686724027916715
XIII WPM 0.6925022183398598
XIII TOPSISLinear 0.6188532742121455
XIV TOPSISVector 0.9940763536290423
XIV VIKOR 0.00790203713001907
XIV WPM 0.7871487951359869
XIV TOPSISLinear 0.7657005014246921
XV TOPSISVector 0.04341719182747885
XV VIKOR 0.6102719491581964
XV WPM 0.040985471322523816
XV TOPSISLinear 0.018460551898397844



ALTERNATIVA METODO$ MEDIDA
I TOPSISVector 0.9030949439578573
I VIKOR 0.22343510297308733
I WPM 0.6147175067535139
I TOPSISLinear 0.7038668833311008
II TOPSISVector 0.9612386380788572
II VIKOR 0.08431249437700616
II WPM 0.6825976765504985
II TOPSISLinear 0.7235814681353977
III TOPSISVector 0.9930002263422042
III VIKOR 0.014768021230946338
III WPM 0.7058907937749153
III TOPSISLinear 0.6969353411461346
IV TOPSISVector 0.9992865853850109
IV VIKOR 3.5698007547538556E-4
IV WPM 0.6201252085555014
IV TOPSISLinear 0.5842586387338697
V TOPSISVector 0.9242607955394303
V VIKOR 0.17072267835525307
V WPM 0.49277845717455715
V TOPSISLinear 0.49634273803018464
VI TOPSISVector 0.9186074152049625
VI VIKOR 0.18449834108401128
VI WPM 0.4412383076410575
VI TOPSISLinear 0.44382894340671136
VII TOPSISVector 0.9185693711688266
VII VIKOR 0.18449834108401128
VII WPM 0.37895242360636794
VII TOPSISLinear 0.35495441009296597
VIII TOPSISVector 0.9185693711688266
VIII VIKOR 0.18449834108401128
VIII WPM 0.37895242360636794
VIII TOPSISLinear 0.35495441009296597
IX TOPSISVector 0.8793127779788039
IX VIKOR 0.2857
IX WPM 0.6567137222497169
IX TOPSISLinear 0.7277884886352753
X TOPSISVector 0.8793127779788039
X VIKOR 0.2857
X WPM 0.6567137222497169
X TOPSISLinear 0.7277884886352753
XI TOPSISVector 0.8792796178070803
XI VIKOR 0.2857
XI WPM 0.5330632902361387
XI TOPSISLinear 0.5997299101074347
XII TOPSISVector 0.9468276620787122
XII VIKOR 0.11722962389361502
XII WPM 0.5956312968742744
XII TOPSISLinear 0.5945396080912876
XIII TOPSISVector 0.9806476803886335
XIII VIKOR 0.04130592619068366
XIII WPM 0.5811885601451977
XIII TOPSISLinear 0.5285617826778101
XIV TOPSISVector 0.9979519869094432
XIV VIKOR 0.0033695701612633557
XIV WPM 0.5061772501778911
XIV TOPSISLinear 0.4511877619581519
XV TOPSISVector 0.011995348627421057
XV VIKOR 0.5714
XV WPM 0.004121626260507841
XV TOPSISLinear 0.007657445416123918



ALTERNATIVA METODO$ MEDIDA
I TOPSISVector 0.9528289827387479
I VIKOR 0.11175665458471885
I WPM 0.6969078892819485
I TOPSISLinear 0.7825266820251475
II TOPSISVector 0.9816731474871071
II VIKOR 0.042171002612790276
II WPM 0.7009346603450491
II TOPSISLinear 0.7482172915628892
III TOPSISVector 0.996698989143613
III VIKOR 0.007386595148415231
III WPM 0.6565429423078979
III TOPSISLinear 0.659182937449465
IV TOPSISVector 0.9990929236189532
IV VIKOR 4.581096610794934E-4
IV WPM 0.5443261720716135
IV TOPSISLinear 0.5283489728947608
V TOPSISVector 0.9635416979219883
V VIKOR 0.08539121714023683
V WPM 0.558665061555472
V TOPSISLinear 0.567086622202091
VI TOPSISVector 0.9607029534291146
VI VIKOR 0.09228145936613653
VI WPM 0.4867705501256327
VI TOPSISLinear 0.49597402233313953
VII TOPSISVector 0.9606794337462708
VII VIKOR 0.09228145936613653
VII WPM 0.41805726410403166
VII TOPSISLinear 0.41374828700305827
VIII TOPSISVector 0.9606794337462708
VIII VIKOR 0.09228145936613653
VIII WPM 0.41805726410403166
VIII TOPSISLinear 0.41374828700305827
IX TOPSISVector 0.940471570465366
IX VIKOR 0.1429
IX WPM 0.8103191168039969
IX TOPSISLinear 0.8528863547513471
X TOPSISVector 0.940471570465366
X VIKOR 0.1429
X WPM 0.8103191168039969
X TOPSISLinear 0.8528863547513471
XI TOPSISVector 0.9404562228641352
XI VIKOR 0.1429
XI WPM 0.6577468384017262
XI TOPSISLinear 0.7027273913264853
XII TOPSISVector 0.9746910223485112
XII VIKOR 0.05863532815679939
XII WPM 0.6656875311172519
XII TOPSISLinear 0.6659590964416533
XIII TOPSISVector 0.9909152470748407
XIII VIKOR 0.020660191993870126
XIII WPM 0.5883325611331044
XIII TOPSISLinear 0.5528576775308127
XIV TOPSISVector 0.9985506719264255
XIV VIKOR 0.0016853747848951121
XIV WPM 0.4641104682660717
XIV TOPSISLinear 0.4159223310774477
XV TOPSISVector 0.005601728599498931
XV VIKOR 0.5714
XV WPM 0.0018964814537882721
XV TOPSISLinear 0.00372255203078251



ALTERNATIVA METODO$ MEDIDA
I TOPSISVector 0.9528059665554007
I VIKOR 0.11175665458471885
I WPM 0.6389314283087648
I TOPSISLinear 0.6755571576864097
II TOPSISVector 0.9816565305086953
II VIKOR 0.042171002612790276
II WPM 0.6425091908798538
II TOPSISLinear 0.6334735005948813
III TOPSISVector 0.9966141047861254
III VIKOR 0.007386595148415231
III WPM 0.6017642690336396
III TOPSISLinear 0.5550097861581563
IV TOPSISVector 0.9985419378775383
IV VIKOR 9.162193221589868E-4
IV WPM 0.49889554300948036
IV TOPSISLinear 0.44845604471873884
V TOPSISVector 0.9635456065052206
V VIKOR 0.08539121714023683
V WPM 0.628239568430736
V TOPSISLinear 0.7067369023481093
VI TOPSISVector 0.9607012402322119
VI VIKOR 0.09228145936613653
VI WPM 0.5263370533057239
VI TOPSISLinear 0.5800565118660261
VII TOPSISVector 0.9606953610731163
VII VIKOR 0.09228145936613653
VII WPM 0.48777516458156855
VII TOPSISLinear 0.5577597137537237
VIII TOPSISVector 0.9606953610731163
VIII VIKOR 0.09228145936613653
VIII WPM 0.48777516458156855
VIII TOPSISLinear 0.5577597137537237
IX TOPSISVector 0.9404603584050126
IX VIKOR 0.1429
IX WPM 0.8103191168039969
IX TOPSISLinear 0.8528616709019532
X TOPSISVector 0.9404603584050126
X VIKOR 0.1429
X WPM 0.8103191168039969
X TOPSISLinear 0.8528616709019532
XI TOPSISVector 0.9404565204255022
XI VIKOR 0.1429
XI WPM 0.7300581053411489
XI TOPSISLinear 0.8112574801458083
XII TOPSISVector 0.9746928360818177
XII VIKOR 0.05863532815679939
XII WPM 0.7387502859835718
XII TOPSISLinear 0.7970045846303526
XIII TOPSISVector 0.9909269101616709
XIII VIKOR 0.020660191993870126
XIII WPM 0.6528514908463617
XIII TOPSISLinear 0.6783135907190359
XIV TOPSISVector 0.9987139426231
XIV VIKOR 0.0016853747848951121
XIV WPM 0.5149855145233242
XIV TOPSISLinear 0.5045111410955213
XV TOPSISVector 0.0056028404869631005
XV VIKOR 0.5714
XV WPM 0.0021042849320863613
XV TOPSISLinear 0.003723261463633508



ALTERNATIVA METODO$ MEDIDA
I TOPSISVector 0.9995110674491829
I VIKOR 3.6417517878779517E-4
I WPM 0.7342452896052262
I TOPSISLinear 0.7014365717280805
II TOPSISVector 0.9993657833252041
II VIKOR 4.706259026809764E-4
II WPM 0.6687457567350142
II TOPSISLinear 0.6419612541487069
III TOPSISVector 0.9990732846777333
III VIKOR 6.837650910777577E-4
III WPM 0.5672791940154571
III TOPSISLinear 0.547226694111019
IV TOPSISVector 0.998535457401489
IV VIKOR 0.0010743208712749757
IV WPM 0.4438320672008669
IV TOPSISLinear 0.4296354508331199
V TOPSISVector 0.9996228536234688
V VIKOR 2.1752029365904488E-4
V WPM 0.6994543422360803
V TOPSISLinear 0.7340822561919876
VI TOPSISVector 0.9993241156222544
VI VIKOR 4.2680639875155457E-4
VI WPM 0.5736966207897992
VI TOPSISLinear 0.596714839198828
VII TOPSISVector 0.9991916374998447
VII VIKOR 4.2695187411647675E-4
VII WPM 0.5254292701015747
VII TOPSISLinear 0.5730857617015204
VIII TOPSISVector 0.9991916374998447
VIII VIKOR 4.2695187411647675E-4
VIII WPM 0.5254292701015747
VIII TOPSISLinear 0.5730857617015204
IX TOPSISVector 1.0
IX VIKOR -0.0
IX WPM 1.0
IX TOPSISLinear 1.0
X TOPSISVector 1.0
X VIKOR -0.0
X WPM 1.0
X TOPSISLinear 1.0
XI TOPSISVector 0.9998545855522479
XI VIKOR 1.0858389550140525E-4
XI WPM 0.8864973345752556
XI TOPSISLinear 0.8751202654595676
XII TOPSISVector 0.9997919227710735
XII VIKOR 1.407772392765004E-4
XII WPM 0.8124779052536453
XII TOPSISLinear 0.8303354859681126
XIII TOPSISVector 0.9995268597761393
XIII VIKOR 2.618547544547235E-4
XIII WPM 0.6503043344398164
XIII TOPSISLinear 0.6826429943908776
XIV TOPSISVector 0.9989511260236011
XIV VIKOR 6.544388312135184E-4
XIV WPM 0.46460389198593255
XIV TOPSISLinear 0.49230458224320245
XV TOPSISVector 0.0
XV VIKOR 0.67
XV WPM 9.522405667930706E-4
XV TOPSISLinear 0.0



ALTERNATIVA METODO$ MEDIDA
I TOPSISVector 0.9016821349121685
I VIKOR 0.2580804479563137
I WPM 0.4969654210168817
I TOPSISLinear 0.5752397334374977
II TOPSISVector 0.9606345347957955
II VIKOR 0.0973858002954569
II WPM 0.5688488661179039
II TOPSISLinear 0.5707982908828826
III TOPSISVector 0.9928291805951904
III VIKOR 0.0170579174176139
III WPM 0.6064962903665119
III TOPSISLinear 0.547872065834431
IV TOPSISVector 0.9984119186847216
IV VIKOR 0.0010743208712749757
IV WPM 0.5424318000534027
IV TOPSISLinear 0.4795232007148372
V TOPSISVector 0.9231921913864811
V VIKOR 0.19719455322797871
V WPM 0.5993660117885701
V TOPSISLinear 0.6759633110505076
VI TOPSISVector 0.9174495701991305
VI VIKOR 0.21310623926399622
VI WPM 0.5004043945577158
VI TOPSISLinear 0.5558145433385675
VII TOPSISVector 0.9174495701991305
VII VIKOR 0.21310623926399622
VII WPM 0.5004043945577158
VII TOPSISLinear 0.5558145433385675
VIII TOPSISVector 0.9174495701991305
VIII VIKOR 0.21310623926399622
VIII WPM 0.5004043945577158
VIII TOPSISLinear 0.5558145433385675
IX TOPSISVector 0.8776464757543365
IX VIKOR 0.33
IX WPM 0.6152602224564256
IX TOPSISLinear 0.7246862600199717
X TOPSISVector 0.8776464757543365
X VIKOR 0.33
X WPM 0.6152602224564256
X TOPSISLinear 0.7246862600199717
XI TOPSISVector 0.8776464757543365
XI VIKOR 0.33
XI WPM 0.6152602224564256
XI TOPSISLinear 0.7246862600199717
XII TOPSISVector 0.946058570077324
XII VIKOR 0.13540698594642267
XII WPM 0.7086803053738633
XII TOPSISLinear 0.755731258682487
XIII TOPSISVector 0.980367728753265
XIII VIKOR 0.04771073028675397
XIII WPM 0.7129418227058817
XIII TOPSISLinear 0.7104522508781449
XIV TOPSISVector 0.9981071909147411
XIV VIKOR 0.0038920481386661094
XIV WPM 0.6402352095228612
XIV TOPSISLinear 0.5714059683958082
XV TOPSISVector 0.012178820908193291
XV VIKOR 0.67
XV WPM 0.0064559959157620694
XV TOPSISLinear 0.00776253527588198



ALTERNATIVA METODO$ MEDIDA
I TOPSISVector 0.7176027877660732
I VIKOR 0.44687020594617466
I WPM 0.4384465815288037
I TOPSISLinear 0.39720760822094453
II TOPSISVector 0.8766395968345319
II VIKOR 0.16862498875401233
II WPM 0.5933802563753308
II TOPSISLinear 0.49978750417938234
III TOPSISVector 0.976943004655023
III VIKOR 0.029536042461892675
III WPM 0.7479483012974535
III TOPSISLinear 0.7475951823083326
IV TOPSISVector 0.9991890052997805
IV VIKOR 2.2913500373909556E-4
IV WPM 0.7377509598425156
IV TOPSISLinear 0.7512485161747627
V TOPSISVector 0.771284007635586
V VIKOR 0.34144535671050613
V WPM 0.4311096319520588
V TOPSISLinear 0.3291095577487836
VI TOPSISVector 0.7564415152676763
VI VIKOR 0.36899668216802256
VI WPM 0.3919952655284078
VI TOPSISLinear 0.28759049802723435
VII TOPSISVector 0.7563726299653506
VII VIKOR 0.36899668216802256
VII WPM 0.36327587799001615
VII TOPSISLinear 0.2517031755596998
VIII TOPSISVector 0.7563726299653506
VIII VIKOR 0.36899668216802256
VIII WPM 0.36327587799001615
VIII TOPSISLinear 0.2517031755596998
IX TOPSISVector 0.6639408331408823
IX VIKOR 0.5714
IX WPM 0.43127291299107834
IX TOPSISLinear 0.4202856975865499
X TOPSISVector 0.6639408331408823
X VIKOR 0.5714
X WPM 0.43127291299107834
X TOPSISLinear 0.4202856975865499
XI TOPSISVector 0.663882053872997
XI VIKOR 0.5714
XI WPM 0.3885559148413661
XI TOPSISLinear 0.3523308863467752
XII TOPSISVector 0.8339727531398753
XII VIKOR 0.23445924778723004
XII WPM 0.5291576806767937
XII TOPSISLinear 0.4176751788763285
XIII TOPSISVector 0.9370362745693612
XIII VIKOR 0.08261185238136733
XIII WPM 0.6293513982853569
XIII TOPSISLinear 0.5675292771882917
XIV TOPSISVector 0.9945701571020606
XIV VIKOR 0.006739140322526711
XIV WPM 0.6681364642830467
XIV TOPSISLinear 0.691497990352273
XV TOPSISVector 0.03936390762800242
XV VIKOR 0.5204617787298409
XV WPM 0.02161228316999823
XV TOPSISLinear 0.01772470232388745



ALTERNATIVA METODO$ MEDIDA
I TOPSISVector 2.0
I VIKOR 2.0
I WPM 2.0
I TOPSISLinear 2.0
II TOPSISVector 3.0
II VIKOR 3.0
II WPM 3.0
II TOPSISLinear 3.0
III TOPSISVector 4.0
III VIKOR 4.0
III WPM 4.0
III TOPSISLinear 4.0
IV TOPSISVector 7.0
IV VIKOR 7.0
IV WPM 7.0
IV TOPSISLinear 7.0
V TOPSISVector 8.0
V VIKOR 8.0
V WPM 8.0
V TOPSISLinear 8.0
VI TOPSISVector 10.0
VI VIKOR 10.0
VI WPM 10.0
VI TOPSISLinear 10.0
VII TOPSISVector 11.0
VII VIKOR 11.0
VII WPM 11.0
VII TOPSISLinear 11.0
VIII TOPSISVector 12.0
VIII VIKOR 12.0
VIII WPM 12.0
VIII TOPSISLinear 12.0
IX TOPSISVector 0.0
IX VIKOR 0.0
IX WPM 0.0
IX TOPSISLinear 0.0
X TOPSISVector 1.0
X VIKOR 1.0
X WPM 1.0
X TOPSISLinear 1.0
XI TOPSISVector 5.0
XI VIKOR 5.0
XI WPM 5.0
XI TOPSISLinear 5.0
XII TOPSISVector 6.0
XII VIKOR 6.0
XII WPM 6.0
XII TOPSISLinear 6.0
XIII TOPSISVector 9.0
XIII VIKOR 9.0
XIII WPM 9.0
XIII TOPSISLinear 9.0
XIV TOPSISVector 13.0
XIV VIKOR 13.0
XIV WPM 13.0
XIV TOPSISLinear 13.0
XV TOPSISVector 14.0
XV VIKOR 14.0
XV WPM 14.0
XV TOPSISLinear 14.0



ALTERNATIVA METODO$ MEDIDA
I TOPSISVector 10.0
I VIKOR 10.0
I WPM 10.0
I TOPSISLinear 10.0
II TOPSISVector 4.0
II VIKOR 4.0
II WPM 4.0
II TOPSISLinear 4.0
III TOPSISVector 2.0
III VIKOR 2.0
III WPM 2.0
III TOPSISLinear 2.0
IV TOPSISVector 0.0
IV VIKOR 0.0
IV WPM 0.0
IV TOPSISLinear 0.0
V TOPSISVector 6.0
V VIKOR 6.0
V WPM 6.0
V TOPSISLinear 6.0
VI TOPSISVector 7.0
VI VIKOR 7.0
VI WPM 7.0
VI TOPSISLinear 7.0
VII TOPSISVector 8.0
VII VIKOR 8.0
VII WPM 8.0
VII TOPSISLinear 8.0
VIII TOPSISVector 9.0
VIII VIKOR 9.0
VIII WPM 9.0
VIII TOPSISLinear 9.0
IX TOPSISVector 12.0
IX VIKOR 12.0
IX WPM 12.0
IX TOPSISLinear 12.0
X TOPSISVector 13.0
X VIKOR 13.0
X WPM 13.0
X TOPSISLinear 13.0
XI TOPSISVector 14.0
XI VIKOR 14.0
XI WPM 14.0
XI TOPSISLinear 14.0
XII TOPSISVector 5.0
XII VIKOR 5.0
XII WPM 5.0
XII TOPSISLinear 5.0
XIII TOPSISVector 3.0
XIII VIKOR 3.0
XIII WPM 3.0
XIII TOPSISLinear 3.0
XIV TOPSISVector 1.0
XIV VIKOR 1.0
XIV WPM 1.0
XIV TOPSISLinear 1.0
XV TOPSISVector 11.0
XV VIKOR 11.0
XV WPM 11.0
XV TOPSISLinear 11.0



ALTERNATIVA METODO$ MEDIDA
I TOPSISVector 6.0
I VIKOR 6.0
I WPM 6.0
I TOPSISLinear 6.0
II TOPSISVector 10.0
II VIKOR 10.0
II WPM 10.0
II TOPSISLinear 10.0
III TOPSISVector 12.0
III VIKOR 12.0
III WPM 12.0
III TOPSISLinear 12.0
IV TOPSISVector 13.0
IV VIKOR 13.0
IV WPM 13.0
IV TOPSISLinear 13.0
V TOPSISVector 4.0
V VIKOR 4.0
V WPM 4.0
V TOPSISLinear 4.0
VI TOPSISVector 7.0
VI VIKOR 7.0
VI WPM 7.0
VI TOPSISLinear 7.0
VII TOPSISVector 8.0
VII VIKOR 8.0
VII WPM 8.0
VII TOPSISLinear 8.0
VIII TOPSISVector 9.0
VIII VIKOR 9.0
VIII WPM 9.0
VIII TOPSISLinear 9.0
IX TOPSISVector 0.0
IX VIKOR 0.0
IX WPM 0.0
IX TOPSISLinear 0.0
X TOPSISVector 1.0
X VIKOR 1.0
X WPM 1.0
X TOPSISLinear 1.0
XI TOPSISVector 2.0
XI VIKOR 2.0
XI WPM 2.0
XI TOPSISLinear 2.0
XII TOPSISVector 3.0
XII VIKOR 3.0
XII WPM 3.0
XII TOPSISLinear 3.0
XIII TOPSISVector 5.0
XIII VIKOR 5.0
XIII WPM 5.0
XIII TOPSISLinear 5.0
XIV TOPSISVector 11.0
XIV VIKOR 11.0
XIV WPM 11.0
XIV TOPSISLinear 11.0
XV TOPSISVector 14.0
XV VIKOR 14.0
XV WPM 14.0
XV TOPSISLinear 14.0



ALTERNATIVA METODO$ MEDIDA
I TOPSISVector 0.9017535638380926
I VIKOR 0.2580804479563137
I WPM 0.6092375232938481
I TOPSISLinear 0.708357507780958
II TOPSISVector 0.9606724138044651
II VIKOR 0.0973858002954569
II WPM 0.6976507854562275
II TOPSISLinear 0.7319974190452223
III TOPSISVector 0.9928994209027147
III VIKOR 0.0170579174176139
III WPM 0.7439773962535526
III TOPSISLinear 0.7084089304946378
IV TOPSISVector 0.9993812373767529
IV VIKOR 4.185800674982645E-4
IV WPM 0.6654368912841636
IV TOPSISLinear 0.592772712077456
V TOPSISVector 0.9231861960949622
V VIKOR 0.19719455322797871
V WPM 0.45514799514086185
V TOPSISLinear 0.4820186001944721
VI TOPSISVector 0.9174599778184429
VI VIKOR 0.21310623926399622
VI WPM 0.4166090092960335
VI TOPSISLinear 0.4350651309643487
VII TOPSISVector 0.9174191837285125
VII VIKOR 0.21310623926399622
VII WPM 0.3485266498106761
VII TOPSISLinear 0.33863314848327264
VIII TOPSISVector 0.9174191837285125
VIII VIKOR 0.21310623926399622
VIII WPM 0.3485266498106761
VIII TOPSISLinear 0.33863314848327264
IX TOPSISVector 0.8776823107321107
IX VIKOR 0.33
IX WPM 0.6152602224564256
IX TOPSISLinear 0.7247516683852346
X TOPSISVector 0.8776823107321107
X VIKOR 0.33
X WPM 0.6152602224564256
X TOPSISLinear 0.7247516683852346
XI TOPSISVector 0.8776466765619599
XI VIKOR 0.33
XI WPM 0.481757155783858
XI TOPSISLinear 0.5872206471828467
XII TOPSISVector 0.9460574898174359
XII VIKOR 0.13540698594642267
XII WPM 0.5551203948946636
XII TOPSISLinear 0.5816494435597651
XIII TOPSISVector 0.9803592047167431
XIII VIKOR 0.04771073028675397
XIII WPM 0.5585662486868834
XIII TOPSISLinear 0.5175071596029639
XIV TOPSISVector 0.9979228225554477
XIV VIKOR 0.0038920481386661094
XIV WPM 0.5016514250180634
XIV TOPSISLinear 0.4458854395860071
XV TOPSISVector 0.012174870016930215
XV VIKOR 0.67
XV WPM 0.005059030062705863
XV TOPSISLinear 0.0077603165796356665



ALTERNATIVA METODO$ MEDIDA
I TOPSISVector 0.6916425094753716
I VIKOR 0.5239815155476671
I WPM 0.4075067700413216
I TOPSISLinear 0.3802718936663788
II TOPSISVector 0.8641842428982486
II VIKOR 0.1977226854483519
II WPM 0.5905337569513051
II TOPSISLinear 0.49075914327920206
III TOPSISVector 0.9745783688193184
III VIKOR 0.03463274142364034
III WPM 0.7970228465589694
III TOPSISLinear 0.7714637790670593
IV TOPSISVector 0.9994583203738306
IV VIKOR 2.0616630190213028E-4
IV WPM 0.8182264888547672
IV TOPSISLinear 0.7842835248132005
V TOPSISVector 0.7492474027032306
V VIKOR 0.40036469897801735
V WPM 0.38819776803268496
V TOPSISLinear 0.28455705447843643
VI TOPSISVector 0.733234473121161
VI VIKOR 0.43267024335417414
VI WPM 0.3618833959698501
VI TOPSISLinear 0.25495084273650487
VII TOPSISVector 0.7331440519774435
VII VIKOR 0.43267024335417414
VII WPM 0.3314367240729935
VII TOPSISLinear 0.2095718436233854
VIII TOPSISVector 0.7331440519774435
VIII VIKOR 0.43267024335417414
VIII WPM 0.3314367240729935
VIII TOPSISLinear 0.2095718436233854
IX TOPSISVector 0.6351310039598471
IX VIKOR 0.67
IX WPM 0.3730143331026251
IX TOPSISLinear 0.38978530653257815
X TOPSISVector 0.6351310039598471
X VIKOR 0.67
X WPM 0.3730143331026251
X TOPSISLinear 0.38978530653257815
XI TOPSISVector 0.6350546979148871
XI VIKOR 0.67
XI WPM 0.3306762120538437
XI TOPSISLinear 0.303141257812617
XII TOPSISVector 0.8174303297188545
XII VIKOR 0.2749172138912218
XII WPM 0.48219995272191335
XII TOPSISLinear 0.37688771562808765
XIII TOPSISVector 0.9305888940101469
XIII VIKOR 0.09686724027916715
XIII WPM 0.6140763319864158
XIII TOPSISLinear 0.556333943438305
XIV TOPSISVector 0.9940295440230978
XIV VIKOR 0.00790203713001907
XIV WPM 0.6980373504209093
XIV TOPSISLinear 0.7049609171558902
XV TOPSISVector 0.04340631196642038
XV VIKOR 0.6102719491581964
XV WPM 0.036347304464850266
XV TOPSISLinear 0.018458776036496958



ALTERNATIVA METODO$ MEDIDA
I TOPSISVector 0.9997486746546045
I VIKOR 1.793698641790633E-4
I WPM 0.8142008624936476
I TOPSISLinear 0.8319844243514944
II TOPSISVector 0.9996567267583701
II VIKOR 2.3180081773839137E-4
II WPM 0.7417253739515068
II TOPSISLinear 0.7668615672832705
III TOPSISVector 0.9994624931332832
III VIKOR 3.3677982097859706E-4
III WPM 0.6292523228552708
III TOPSISLinear 0.6562371406601772
IV TOPSISVector 0.9990968418739367
IV VIKOR 5.291431157026E-4
IV WPM 0.4923363981803768
IV TOPSISLinear 0.5159399631032675
V TOPSISVector 0.9993970056056155
V VIKOR 4.416321113683639E-4
V WPM 0.6082716087451566
V TOPSISLinear 0.579734874260656
VI TOPSISVector 0.9992151217341386
VI VIKOR 5.471919352165104E-4
VI WPM 0.5227476503818044
VI TOPSISLinear 0.5064649703544303
VII TOPSISVector 0.9988056886200999
VII VIKOR 8.668416838122407E-4
VII WPM 0.4373200848244534
VII TOPSISLinear 0.42014606624986384
VIII TOPSISVector 0.9988056886200999
VIII VIKOR 8.668416838122407E-4
VIII WPM 0.4373200848244534
VIII TOPSISLinear 0.42014606624986384
IX TOPSISVector 1.0
IX VIKOR -0.0
IX WPM 1.0
IX TOPSISLinear 1.0
X TOPSISVector 1.0
X VIKOR -0.0
X WPM 1.0
X TOPSISLinear 1.0
XI TOPSISVector 0.9997048096696229
XI VIKOR 2.2045821207861068E-4
XI WPM 0.783013655361049
XI TOPSISLinear 0.7354322278850867
XII TOPSISVector 0.9996148397444721
XII VIKOR 2.858204555007736E-4
XII WPM 0.7177752070296177
XII TOPSISLinear 0.6804915467468418
XIII TOPSISVector 0.9993323208500878
XIII VIKOR 4.816800495295344E-4
XIII WPM 0.5745608847741971
XIII TOPSISLinear 0.5511930290427051
XIV TOPSISVector 0.99875263229127
XIV VIKOR 8.740500463006422E-4
XIV WPM 0.4105097846390927
XIV TOPSISLinear 0.3964886379601115
XV TOPSISVector 0.0
XV VIKOR 0.67
XV WPM 8.41411449014543E-4
XV TOPSISLinear 0.0



ALTERNATIVA METODO$ MEDIDA
I TOPSISVector 0.6914754865644168
I VIKOR 0.5239815155476671
I WPM 0.36860798994634875
I TOPSISLinear 0.30750656917342284
II TOPSISVector 0.8640952848002849
II VIKOR 0.1977226854483519
II WPM 0.5340545684216402
II TOPSISLinear 0.4302461226983983
III TOPSISVector 0.9745455913845535
III VIKOR 0.03463274142364034
III WPM 0.7207209570534439
III TOPSISLinear 0.7044694314223465
IV TOPSISVector 0.9986100060990657
IV VIKOR 5.291431157026E-4
IV WPM 0.739869407045142
IV TOPSISLinear 0.7295254794800052
V TOPSISVector 0.7492581325547746
V VIKOR 0.40036469897801735
V WPM 0.44456031066229185
V TOPSISLinear 0.3764846545510567
VI TOPSISVector 0.7332057458458388
VI VIKOR 0.43267024335417414
VI WPM 0.39606905518138164
VI TOPSISLinear 0.31149502748093094
VII TOPSISVector 0.7332057458458388
VII VIKOR 0.43267024335417414
VII WPM 0.39606905518138164
VII TOPSISLinear 0.31149502748093094
VIII TOPSISVector 0.7332057458458388
VIII VIKOR 0.43267024335417414
VIII WPM 0.39606905518138164
VIII TOPSISLinear 0.31149502748093094
IX TOPSISVector 0.6350536565738966
IX VIKOR 0.67
IX WPM 0.3730143331026251
IX TOPSISLinear 0.3897073271477401
X TOPSISVector 0.6350536565738966
X VIKOR 0.67
X WPM 0.3730143331026251
X TOPSISLinear 0.3897073271477401
XI TOPSISVector 0.6350536565738966
XI VIKOR 0.67
XI WPM 0.3730143331026251
XI TOPSISLinear 0.3897073271477401
XII TOPSISVector 0.817429862418059
XII VIKOR 0.2749172138912218
XII WPM 0.5438351038451702
XII TOPSISLinear 0.4573849642723645
XIII TOPSISVector 0.9305903143222859
XIII VIKOR 0.09686724027916715
XIII WPM 0.6925022183398598
XIII TOPSISLinear 0.6188532742121455
XIV TOPSISVector 0.9940763536290423
XIV VIKOR 0.00790203713001907
XIV WPM 0.7871487951359869
XIV TOPSISLinear 0.7657005014246921
XV TOPSISVector 0.04341719182747885
XV VIKOR 0.6102719491581964
XV WPM 0.040985471322523816
XV TOPSISLinear 0.018460551898397844
