01:01:54 - [INFO] - CREATING NEW LOG (br.ufc.storm.io.LogHandler.getLogger())
01:01:54 - [INFO] - Resolution Class: Starting to resolve a component! (br.ufc.storm.control.Resolution.resolve())
01:01:55 - [SEVERE] - ShelfException: DBHandlerException: A sql error occurred: 
	at org.postgresql.core.v3.SimpleParameterList.bind(SimpleParameterList.java:56)
	at org.postgresql.core.v3.SimpleParameterList.setBinaryParameter(SimpleParameterList.java:122)
	at org.postgresql.jdbc2.AbstractJdbc2Statement.bindBytes(AbstractJdbc2Statement.java:2292)
	at org.postgresql.jdbc2.AbstractJdbc2Statement.setInt(AbstractJdbc2Statement.java:1277)
	at br.ufc.storm.sql.CalculatedArgumentHandler.getCalculatedParameters(CalculatedArgumentHandler.java:108)
	at br.ufc.storm.sql.AbstractComponentHandler.getAbstractComponent(AbstractComponentHandler.java:149)
	at br.ufc.storm.sql.ContextContractHandler.completeContextContract(ContextContractHandler.java:268)
	at br.ufc.storm.control.Resolution.resolve(Resolution.java:162)
	at br.ufc.storm.control.Resolution.main(Resolution.java:66)
 (br.ufc.storm.exception.ShelfException.<init>())
01:01:55 - [SEVERE] - ShelfException: ResolveException: Can not complete context contract data: 
	at br.ufc.storm.sql.CalculatedArgumentHandler.getCalculatedParameters(CalculatedArgumentHandler.java:119)
	at br.ufc.storm.sql.AbstractComponentHandler.getAbstractComponent(AbstractComponentHandler.java:149)
	at br.ufc.storm.sql.ContextContractHandler.completeContextContract(ContextContractHandler.java:268)
	at br.ufc.storm.control.Resolution.resolve(Resolution.java:162)
	at br.ufc.storm.control.Resolution.main(Resolution.java:66)
 (br.ufc.storm.exception.ShelfException.<init>())
