03:21:40 - [INFO] - CREATING NEW LOG (br.ufc.storm.io.LogHandler.getLogger())
03:21:40 - [INFO] - Resolution Class: Starting to resolve a component! (br.ufc.storm.control.Resolution.resolve())
03:21:40 - [INFO] - Generating Software Component Candidate List... (br.ufc.storm.control.Resolution.resolve())
03:21:40 - [INFO] - 1 components were found, now it will be filtered (br.ufc.storm.control.Resolution.resolve())
03:21:40 - [INFO] - Generating Hardware Candidate List for candidate: 0 (br.ufc.storm.control.Resolution.resolve())
03:21:47 - [INFO] - 8 platforms were found for software component 0 (br.ufc.storm.control.Resolution.resolve())
03:21:48 - [INFO] - Calculating arguments... (br.ufc.storm.control.Resolution.resolve())
03:21:48 - [SEVERE] - ShelfException: DBHandlerException: A sql error occurred: 
	at org.postgresql.core.v3.QueryExecutorImpl.receiveErrorResponse(QueryExecutorImpl.java:2161)
	at org.postgresql.core.v3.QueryExecutorImpl.processResults(QueryExecutorImpl.java:1890)
	at org.postgresql.core.v3.QueryExecutorImpl.execute(QueryExecutorImpl.java:255)
	at org.postgresql.jdbc2.AbstractJdbc2Statement.execute(AbstractJdbc2Statement.java:559)
	at org.postgresql.jdbc2.AbstractJdbc2Statement.executeWithFlags(AbstractJdbc2Statement.java:417)
	at org.postgresql.jdbc2.AbstractJdbc2Statement.executeQuery(AbstractJdbc2Statement.java:302)
	at br.ufc.storm.sql.CalculatedArgumentHandler.getCalculatedFunction(CalculatedArgumentHandler.java:134)
	at br.ufc.storm.control.FunctionHandler.calulateContextContractArguments(FunctionHandler.java:67)
	at br.ufc.storm.control.Resolution.resolve(Resolution.java:240)
	at br.ufc.storm.control.Resolution.main(Resolution.java:62)
 (br.ufc.storm.exception.ShelfException.<init>())
03:21:48 - [SEVERE] - ShelfException: FunctionException: Can not get quality function: 
	at br.ufc.storm.sql.CalculatedArgumentHandler.getCalculatedFunction(CalculatedArgumentHandler.java:145)
	at br.ufc.storm.control.FunctionHandler.calulateContextContractArguments(FunctionHandler.java:67)
	at br.ufc.storm.control.Resolution.resolve(Resolution.java:240)
	at br.ufc.storm.control.Resolution.main(Resolution.java:62)
 (br.ufc.storm.exception.ShelfException.<init>())
03:21:48 - [SEVERE] - ShelfException: DBHandlerException: A sql error occurred: 
	at org.postgresql.core.v3.QueryExecutorImpl.receiveErrorResponse(QueryExecutorImpl.java:2161)
	at org.postgresql.core.v3.QueryExecutorImpl.processResults(QueryExecutorImpl.java:1890)
	at org.postgresql.core.v3.QueryExecutorImpl.execute(QueryExecutorImpl.java:255)
	at org.postgresql.jdbc2.AbstractJdbc2Statement.execute(AbstractJdbc2Statement.java:559)
	at org.postgresql.jdbc2.AbstractJdbc2Statement.executeWithFlags(AbstractJdbc2Statement.java:417)
	at org.postgresql.jdbc2.AbstractJdbc2Statement.executeQuery(AbstractJdbc2Statement.java:302)
	at br.ufc.storm.sql.CalculatedArgumentHandler.getCalculatedFunction(CalculatedArgumentHandler.java:134)
	at br.ufc.storm.control.FunctionHandler.calulateContextContractArguments(FunctionHandler.java:67)
	at br.ufc.storm.control.Resolution.resolve(Resolution.java:248)
	at br.ufc.storm.control.Resolution.main(Resolution.java:62)
 (br.ufc.storm.exception.ShelfException.<init>())
03:21:48 - [SEVERE] - ShelfException: FunctionException: Can not get quality function: 
	at br.ufc.storm.sql.CalculatedArgumentHandler.getCalculatedFunction(CalculatedArgumentHandler.java:145)
	at br.ufc.storm.control.FunctionHandler.calulateContextContractArguments(FunctionHandler.java:67)
	at br.ufc.storm.control.Resolution.resolve(Resolution.java:248)
	at br.ufc.storm.control.Resolution.main(Resolution.java:62)
 (br.ufc.storm.exception.ShelfException.<init>())
03:21:48 - [SEVERE] - ShelfException: DBHandlerException: A sql error occurred: 
	at org.postgresql.core.v3.QueryExecutorImpl.receiveErrorResponse(QueryExecutorImpl.java:2161)
	at org.postgresql.core.v3.QueryExecutorImpl.processResults(QueryExecutorImpl.java:1890)
	at org.postgresql.core.v3.QueryExecutorImpl.execute(QueryExecutorImpl.java:255)
	at org.postgresql.jdbc2.AbstractJdbc2Statement.execute(AbstractJdbc2Statement.java:559)
	at org.postgresql.jdbc2.AbstractJdbc2Statement.executeWithFlags(AbstractJdbc2Statement.java:417)
	at org.postgresql.jdbc2.AbstractJdbc2Statement.executeQuery(AbstractJdbc2Statement.java:302)
	at br.ufc.storm.sql.CalculatedArgumentHandler.getCalculatedFunction(CalculatedArgumentHandler.java:134)
	at br.ufc.storm.control.FunctionHandler.calulateContextContractArguments(FunctionHandler.java:67)
	at br.ufc.storm.control.Resolution.resolve(Resolution.java:256)
	at br.ufc.storm.control.Resolution.main(Resolution.java:62)
 (br.ufc.storm.exception.ShelfException.<init>())
03:21:48 - [SEVERE] - ShelfException: FunctionException: Can not get quality function: 
	at br.ufc.storm.sql.CalculatedArgumentHandler.getCalculatedFunction(CalculatedArgumentHandler.java:145)
	at br.ufc.storm.control.FunctionHandler.calulateContextContractArguments(FunctionHandler.java:67)
	at br.ufc.storm.control.Resolution.resolve(Resolution.java:256)
	at br.ufc.storm.control.Resolution.main(Resolution.java:62)
 (br.ufc.storm.exception.ShelfException.<init>())
03:21:48 - [INFO] - Candidate MatrixMultiplication1 added (br.ufc.storm.control.Resolution.resolve())
03:21:48 - [SEVERE] - ShelfException: DBHandlerException: A sql error occurred: 
	at org.postgresql.core.v3.QueryExecutorImpl.receiveErrorResponse(QueryExecutorImpl.java:2161)
	at org.postgresql.core.v3.QueryExecutorImpl.processResults(QueryExecutorImpl.java:1890)
	at org.postgresql.core.v3.QueryExecutorImpl.execute(QueryExecutorImpl.java:255)
	at org.postgresql.jdbc2.AbstractJdbc2Statement.execute(AbstractJdbc2Statement.java:559)
	at org.postgresql.jdbc2.AbstractJdbc2Statement.executeWithFlags(AbstractJdbc2Statement.java:417)
	at org.postgresql.jdbc2.AbstractJdbc2Statement.executeQuery(AbstractJdbc2Statement.java:302)
	at br.ufc.storm.sql.CalculatedArgumentHandler.getCalculatedFunction(CalculatedArgumentHandler.java:134)
	at br.ufc.storm.control.FunctionHandler.calulateContextContractArguments(FunctionHandler.java:67)
	at br.ufc.storm.control.Resolution.resolve(Resolution.java:240)
	at br.ufc.storm.control.Resolution.main(Resolution.java:62)
 (br.ufc.storm.exception.ShelfException.<init>())
03:21:48 - [SEVERE] - ShelfException: FunctionException: Can not get quality function: 
	at br.ufc.storm.sql.CalculatedArgumentHandler.getCalculatedFunction(CalculatedArgumentHandler.java:145)
	at br.ufc.storm.control.FunctionHandler.calulateContextContractArguments(FunctionHandler.java:67)
	at br.ufc.storm.control.Resolution.resolve(Resolution.java:240)
	at br.ufc.storm.control.Resolution.main(Resolution.java:62)
 (br.ufc.storm.exception.ShelfException.<init>())
03:21:48 - [SEVERE] - ShelfException: DBHandlerException: A sql error occurred: 
	at org.postgresql.core.v3.QueryExecutorImpl.receiveErrorResponse(QueryExecutorImpl.java:2161)
	at org.postgresql.core.v3.QueryExecutorImpl.processResults(QueryExecutorImpl.java:1890)
	at org.postgresql.core.v3.QueryExecutorImpl.execute(QueryExecutorImpl.java:255)
	at org.postgresql.jdbc2.AbstractJdbc2Statement.execute(AbstractJdbc2Statement.java:559)
	at org.postgresql.jdbc2.AbstractJdbc2Statement.executeWithFlags(AbstractJdbc2Statement.java:417)
	at org.postgresql.jdbc2.AbstractJdbc2Statement.executeQuery(AbstractJdbc2Statement.java:302)
	at br.ufc.storm.sql.CalculatedArgumentHandler.getCalculatedFunction(CalculatedArgumentHandler.java:134)
	at br.ufc.storm.control.FunctionHandler.calulateContextContractArguments(FunctionHandler.java:67)
	at br.ufc.storm.control.Resolution.resolve(Resolution.java:248)
	at br.ufc.storm.control.Resolution.main(Resolution.java:62)
 (br.ufc.storm.exception.ShelfException.<init>())
03:21:48 - [SEVERE] - ShelfException: FunctionException: Can not get quality function: 
	at br.ufc.storm.sql.CalculatedArgumentHandler.getCalculatedFunction(CalculatedArgumentHandler.java:145)
	at br.ufc.storm.control.FunctionHandler.calulateContextContractArguments(FunctionHandler.java:67)
	at br.ufc.storm.control.Resolution.resolve(Resolution.java:248)
	at br.ufc.storm.control.Resolution.main(Resolution.java:62)
 (br.ufc.storm.exception.ShelfException.<init>())
03:21:48 - [SEVERE] - ShelfException: DBHandlerException: A sql error occurred: 
	at org.postgresql.core.v3.QueryExecutorImpl.receiveErrorResponse(QueryExecutorImpl.java:2161)
	at org.postgresql.core.v3.QueryExecutorImpl.processResults(QueryExecutorImpl.java:1890)
	at org.postgresql.core.v3.QueryExecutorImpl.execute(QueryExecutorImpl.java:255)
	at org.postgresql.jdbc2.AbstractJdbc2Statement.execute(AbstractJdbc2Statement.java:559)
	at org.postgresql.jdbc2.AbstractJdbc2Statement.executeWithFlags(AbstractJdbc2Statement.java:417)
	at org.postgresql.jdbc2.AbstractJdbc2Statement.executeQuery(AbstractJdbc2Statement.java:302)
	at br.ufc.storm.sql.CalculatedArgumentHandler.getCalculatedFunction(CalculatedArgumentHandler.java:134)
	at br.ufc.storm.control.FunctionHandler.calulateContextContractArguments(FunctionHandler.java:67)
	at br.ufc.storm.control.Resolution.resolve(Resolution.java:256)
	at br.ufc.storm.control.Resolution.main(Resolution.java:62)
 (br.ufc.storm.exception.ShelfException.<init>())
03:21:48 - [SEVERE] - ShelfException: FunctionException: Can not get quality function: 
	at br.ufc.storm.sql.CalculatedArgumentHandler.getCalculatedFunction(CalculatedArgumentHandler.java:145)
	at br.ufc.storm.control.FunctionHandler.calulateContextContractArguments(FunctionHandler.java:67)
	at br.ufc.storm.control.Resolution.resolve(Resolution.java:256)
	at br.ufc.storm.control.Resolution.main(Resolution.java:62)
 (br.ufc.storm.exception.ShelfException.<init>())
03:21:48 - [INFO] - Candidate MatrixMultiplication1 added (br.ufc.storm.control.Resolution.resolve())
03:21:48 - [SEVERE] - ShelfException: DBHandlerException: A sql error occurred: 
	at org.postgresql.core.v3.QueryExecutorImpl.receiveErrorResponse(QueryExecutorImpl.java:2161)
	at org.postgresql.core.v3.QueryExecutorImpl.processResults(QueryExecutorImpl.java:1890)
	at org.postgresql.core.v3.QueryExecutorImpl.execute(QueryExecutorImpl.java:255)
	at org.postgresql.jdbc2.AbstractJdbc2Statement.execute(AbstractJdbc2Statement.java:559)
	at org.postgresql.jdbc2.AbstractJdbc2Statement.executeWithFlags(AbstractJdbc2Statement.java:417)
	at org.postgresql.jdbc2.AbstractJdbc2Statement.executeQuery(AbstractJdbc2Statement.java:302)
	at br.ufc.storm.sql.CalculatedArgumentHandler.getCalculatedFunction(CalculatedArgumentHandler.java:134)
	at br.ufc.storm.control.FunctionHandler.calulateContextContractArguments(FunctionHandler.java:67)
	at br.ufc.storm.control.Resolution.resolve(Resolution.java:240)
	at br.ufc.storm.control.Resolution.main(Resolution.java:62)
 (br.ufc.storm.exception.ShelfException.<init>())
03:21:48 - [SEVERE] - ShelfException: FunctionException: Can not get quality function: 
	at br.ufc.storm.sql.CalculatedArgumentHandler.getCalculatedFunction(CalculatedArgumentHandler.java:145)
	at br.ufc.storm.control.FunctionHandler.calulateContextContractArguments(FunctionHandler.java:67)
	at br.ufc.storm.control.Resolution.resolve(Resolution.java:240)
	at br.ufc.storm.control.Resolution.main(Resolution.java:62)
 (br.ufc.storm.exception.ShelfException.<init>())
03:21:48 - [SEVERE] - ShelfException: DBHandlerException: A sql error occurred: 
	at org.postgresql.core.v3.QueryExecutorImpl.receiveErrorResponse(QueryExecutorImpl.java:2161)
	at org.postgresql.core.v3.QueryExecutorImpl.processResults(QueryExecutorImpl.java:1890)
	at org.postgresql.core.v3.QueryExecutorImpl.execute(QueryExecutorImpl.java:255)
	at org.postgresql.jdbc2.AbstractJdbc2Statement.execute(AbstractJdbc2Statement.java:559)
	at org.postgresql.jdbc2.AbstractJdbc2Statement.executeWithFlags(AbstractJdbc2Statement.java:417)
	at org.postgresql.jdbc2.AbstractJdbc2Statement.executeQuery(AbstractJdbc2Statement.java:302)
	at br.ufc.storm.sql.CalculatedArgumentHandler.getCalculatedFunction(CalculatedArgumentHandler.java:134)
	at br.ufc.storm.control.FunctionHandler.calulateContextContractArguments(FunctionHandler.java:67)
	at br.ufc.storm.control.Resolution.resolve(Resolution.java:248)
	at br.ufc.storm.control.Resolution.main(Resolution.java:62)
 (br.ufc.storm.exception.ShelfException.<init>())
03:21:48 - [SEVERE] - ShelfException: FunctionException: Can not get quality function: 
	at br.ufc.storm.sql.CalculatedArgumentHandler.getCalculatedFunction(CalculatedArgumentHandler.java:145)
	at br.ufc.storm.control.FunctionHandler.calulateContextContractArguments(FunctionHandler.java:67)
	at br.ufc.storm.control.Resolution.resolve(Resolution.java:248)
	at br.ufc.storm.control.Resolution.main(Resolution.java:62)
 (br.ufc.storm.exception.ShelfException.<init>())
03:21:48 - [SEVERE] - ShelfException: DBHandlerException: A sql error occurred: 
	at org.postgresql.core.v3.QueryExecutorImpl.receiveErrorResponse(QueryExecutorImpl.java:2161)
	at org.postgresql.core.v3.QueryExecutorImpl.processResults(QueryExecutorImpl.java:1890)
	at org.postgresql.core.v3.QueryExecutorImpl.execute(QueryExecutorImpl.java:255)
	at org.postgresql.jdbc2.AbstractJdbc2Statement.execute(AbstractJdbc2Statement.java:559)
	at org.postgresql.jdbc2.AbstractJdbc2Statement.executeWithFlags(AbstractJdbc2Statement.java:417)
	at org.postgresql.jdbc2.AbstractJdbc2Statement.executeQuery(AbstractJdbc2Statement.java:302)
	at br.ufc.storm.sql.CalculatedArgumentHandler.getCalculatedFunction(CalculatedArgumentHandler.java:134)
	at br.ufc.storm.control.FunctionHandler.calulateContextContractArguments(FunctionHandler.java:67)
	at br.ufc.storm.control.Resolution.resolve(Resolution.java:256)
	at br.ufc.storm.control.Resolution.main(Resolution.java:62)
 (br.ufc.storm.exception.ShelfException.<init>())
03:21:48 - [SEVERE] - ShelfException: FunctionException: Can not get quality function: 
	at br.ufc.storm.sql.CalculatedArgumentHandler.getCalculatedFunction(CalculatedArgumentHandler.java:145)
	at br.ufc.storm.control.FunctionHandler.calulateContextContractArguments(FunctionHandler.java:67)
	at br.ufc.storm.control.Resolution.resolve(Resolution.java:256)
	at br.ufc.storm.control.Resolution.main(Resolution.java:62)
 (br.ufc.storm.exception.ShelfException.<init>())
03:21:48 - [INFO] - Candidate MatrixMultiplication1 added (br.ufc.storm.control.Resolution.resolve())
03:21:48 - [SEVERE] - ShelfException: DBHandlerException: A sql error occurred: 
	at org.postgresql.core.v3.QueryExecutorImpl.receiveErrorResponse(QueryExecutorImpl.java:2161)
	at org.postgresql.core.v3.QueryExecutorImpl.processResults(QueryExecutorImpl.java:1890)
	at org.postgresql.core.v3.QueryExecutorImpl.execute(QueryExecutorImpl.java:255)
	at org.postgresql.jdbc2.AbstractJdbc2Statement.execute(AbstractJdbc2Statement.java:559)
	at org.postgresql.jdbc2.AbstractJdbc2Statement.executeWithFlags(AbstractJdbc2Statement.java:417)
	at org.postgresql.jdbc2.AbstractJdbc2Statement.executeQuery(AbstractJdbc2Statement.java:302)
	at br.ufc.storm.sql.CalculatedArgumentHandler.getCalculatedFunction(CalculatedArgumentHandler.java:134)
	at br.ufc.storm.control.FunctionHandler.calulateContextContractArguments(FunctionHandler.java:67)
	at br.ufc.storm.control.Resolution.resolve(Resolution.java:240)
	at br.ufc.storm.control.Resolution.main(Resolution.java:62)
 (br.ufc.storm.exception.ShelfException.<init>())
03:21:48 - [SEVERE] - ShelfException: FunctionException: Can not get quality function: 
	at br.ufc.storm.sql.CalculatedArgumentHandler.getCalculatedFunction(CalculatedArgumentHandler.java:145)
	at br.ufc.storm.control.FunctionHandler.calulateContextContractArguments(FunctionHandler.java:67)
	at br.ufc.storm.control.Resolution.resolve(Resolution.java:240)
	at br.ufc.storm.control.Resolution.main(Resolution.java:62)
 (br.ufc.storm.exception.ShelfException.<init>())
03:21:48 - [SEVERE] - ShelfException: DBHandlerException: A sql error occurred: 
	at org.postgresql.core.v3.QueryExecutorImpl.receiveErrorResponse(QueryExecutorImpl.java:2161)
	at org.postgresql.core.v3.QueryExecutorImpl.processResults(QueryExecutorImpl.java:1890)
	at org.postgresql.core.v3.QueryExecutorImpl.execute(QueryExecutorImpl.java:255)
	at org.postgresql.jdbc2.AbstractJdbc2Statement.execute(AbstractJdbc2Statement.java:559)
	at org.postgresql.jdbc2.AbstractJdbc2Statement.executeWithFlags(AbstractJdbc2Statement.java:417)
	at org.postgresql.jdbc2.AbstractJdbc2Statement.executeQuery(AbstractJdbc2Statement.java:302)
	at br.ufc.storm.sql.CalculatedArgumentHandler.getCalculatedFunction(CalculatedArgumentHandler.java:134)
	at br.ufc.storm.control.FunctionHandler.calulateContextContractArguments(FunctionHandler.java:67)
	at br.ufc.storm.control.Resolution.resolve(Resolution.java:248)
	at br.ufc.storm.control.Resolution.main(Resolution.java:62)
 (br.ufc.storm.exception.ShelfException.<init>())
03:21:48 - [SEVERE] - ShelfException: FunctionException: Can not get quality function: 
	at br.ufc.storm.sql.CalculatedArgumentHandler.getCalculatedFunction(CalculatedArgumentHandler.java:145)
	at br.ufc.storm.control.FunctionHandler.calulateContextContractArguments(FunctionHandler.java:67)
	at br.ufc.storm.control.Resolution.resolve(Resolution.java:248)
	at br.ufc.storm.control.Resolution.main(Resolution.java:62)
 (br.ufc.storm.exception.ShelfException.<init>())
03:21:48 - [SEVERE] - ShelfException: DBHandlerException: A sql error occurred: 
	at org.postgresql.core.v3.QueryExecutorImpl.receiveErrorResponse(QueryExecutorImpl.java:2161)
	at org.postgresql.core.v3.QueryExecutorImpl.processResults(QueryExecutorImpl.java:1890)
	at org.postgresql.core.v3.QueryExecutorImpl.execute(QueryExecutorImpl.java:255)
	at org.postgresql.jdbc2.AbstractJdbc2Statement.execute(AbstractJdbc2Statement.java:559)
	at org.postgresql.jdbc2.AbstractJdbc2Statement.executeWithFlags(AbstractJdbc2Statement.java:417)
	at org.postgresql.jdbc2.AbstractJdbc2Statement.executeQuery(AbstractJdbc2Statement.java:302)
	at br.ufc.storm.sql.CalculatedArgumentHandler.getCalculatedFunction(CalculatedArgumentHandler.java:134)
	at br.ufc.storm.control.FunctionHandler.calulateContextContractArguments(FunctionHandler.java:67)
	at br.ufc.storm.control.Resolution.resolve(Resolution.java:256)
	at br.ufc.storm.control.Resolution.main(Resolution.java:62)
 (br.ufc.storm.exception.ShelfException.<init>())
03:21:48 - [SEVERE] - ShelfException: FunctionException: Can not get quality function: 
	at br.ufc.storm.sql.CalculatedArgumentHandler.getCalculatedFunction(CalculatedArgumentHandler.java:145)
	at br.ufc.storm.control.FunctionHandler.calulateContextContractArguments(FunctionHandler.java:67)
	at br.ufc.storm.control.Resolution.resolve(Resolution.java:256)
	at br.ufc.storm.control.Resolution.main(Resolution.java:62)
 (br.ufc.storm.exception.ShelfException.<init>())
03:21:48 - [INFO] - Candidate MatrixMultiplication1 added (br.ufc.storm.control.Resolution.resolve())
03:21:48 - [SEVERE] - ShelfException: DBHandlerException: A sql error occurred: 
	at org.postgresql.core.v3.QueryExecutorImpl.receiveErrorResponse(QueryExecutorImpl.java:2161)
	at org.postgresql.core.v3.QueryExecutorImpl.processResults(QueryExecutorImpl.java:1890)
	at org.postgresql.core.v3.QueryExecutorImpl.execute(QueryExecutorImpl.java:255)
	at org.postgresql.jdbc2.AbstractJdbc2Statement.execute(AbstractJdbc2Statement.java:559)
	at org.postgresql.jdbc2.AbstractJdbc2Statement.executeWithFlags(AbstractJdbc2Statement.java:417)
	at org.postgresql.jdbc2.AbstractJdbc2Statement.executeQuery(AbstractJdbc2Statement.java:302)
	at br.ufc.storm.sql.CalculatedArgumentHandler.getCalculatedFunction(CalculatedArgumentHandler.java:134)
	at br.ufc.storm.control.FunctionHandler.calulateContextContractArguments(FunctionHandler.java:67)
	at br.ufc.storm.control.Resolution.resolve(Resolution.java:240)
	at br.ufc.storm.control.Resolution.main(Resolution.java:62)
 (br.ufc.storm.exception.ShelfException.<init>())
03:21:48 - [SEVERE] - ShelfException: FunctionException: Can not get quality function: 
	at br.ufc.storm.sql.CalculatedArgumentHandler.getCalculatedFunction(CalculatedArgumentHandler.java:145)
	at br.ufc.storm.control.FunctionHandler.calulateContextContractArguments(FunctionHandler.java:67)
	at br.ufc.storm.control.Resolution.resolve(Resolution.java:240)
	at br.ufc.storm.control.Resolution.main(Resolution.java:62)
 (br.ufc.storm.exception.ShelfException.<init>())
03:21:48 - [SEVERE] - ShelfException: DBHandlerException: A sql error occurred: 
	at org.postgresql.core.v3.QueryExecutorImpl.receiveErrorResponse(QueryExecutorImpl.java:2161)
	at org.postgresql.core.v3.QueryExecutorImpl.processResults(QueryExecutorImpl.java:1890)
	at org.postgresql.core.v3.QueryExecutorImpl.execute(QueryExecutorImpl.java:255)
	at org.postgresql.jdbc2.AbstractJdbc2Statement.execute(AbstractJdbc2Statement.java:559)
	at org.postgresql.jdbc2.AbstractJdbc2Statement.executeWithFlags(AbstractJdbc2Statement.java:417)
	at org.postgresql.jdbc2.AbstractJdbc2Statement.executeQuery(AbstractJdbc2Statement.java:302)
	at br.ufc.storm.sql.CalculatedArgumentHandler.getCalculatedFunction(CalculatedArgumentHandler.java:134)
	at br.ufc.storm.control.FunctionHandler.calulateContextContractArguments(FunctionHandler.java:67)
	at br.ufc.storm.control.Resolution.resolve(Resolution.java:248)
	at br.ufc.storm.control.Resolution.main(Resolution.java:62)
 (br.ufc.storm.exception.ShelfException.<init>())
03:21:48 - [SEVERE] - ShelfException: FunctionException: Can not get quality function: 
	at br.ufc.storm.sql.CalculatedArgumentHandler.getCalculatedFunction(CalculatedArgumentHandler.java:145)
	at br.ufc.storm.control.FunctionHandler.calulateContextContractArguments(FunctionHandler.java:67)
	at br.ufc.storm.control.Resolution.resolve(Resolution.java:248)
	at br.ufc.storm.control.Resolution.main(Resolution.java:62)
 (br.ufc.storm.exception.ShelfException.<init>())
03:21:48 - [SEVERE] - ShelfException: DBHandlerException: A sql error occurred: 
	at org.postgresql.core.v3.QueryExecutorImpl.receiveErrorResponse(QueryExecutorImpl.java:2161)
	at org.postgresql.core.v3.QueryExecutorImpl.processResults(QueryExecutorImpl.java:1890)
	at org.postgresql.core.v3.QueryExecutorImpl.execute(QueryExecutorImpl.java:255)
	at org.postgresql.jdbc2.AbstractJdbc2Statement.execute(AbstractJdbc2Statement.java:559)
	at org.postgresql.jdbc2.AbstractJdbc2Statement.executeWithFlags(AbstractJdbc2Statement.java:417)
	at org.postgresql.jdbc2.AbstractJdbc2Statement.executeQuery(AbstractJdbc2Statement.java:302)
	at br.ufc.storm.sql.CalculatedArgumentHandler.getCalculatedFunction(CalculatedArgumentHandler.java:134)
	at br.ufc.storm.control.FunctionHandler.calulateContextContractArguments(FunctionHandler.java:67)
	at br.ufc.storm.control.Resolution.resolve(Resolution.java:256)
	at br.ufc.storm.control.Resolution.main(Resolution.java:62)
 (br.ufc.storm.exception.ShelfException.<init>())
03:21:48 - [SEVERE] - ShelfException: FunctionException: Can not get quality function: 
	at br.ufc.storm.sql.CalculatedArgumentHandler.getCalculatedFunction(CalculatedArgumentHandler.java:145)
	at br.ufc.storm.control.FunctionHandler.calulateContextContractArguments(FunctionHandler.java:67)
	at br.ufc.storm.control.Resolution.resolve(Resolution.java:256)
	at br.ufc.storm.control.Resolution.main(Resolution.java:62)
 (br.ufc.storm.exception.ShelfException.<init>())
03:21:48 - [INFO] - Candidate MatrixMultiplication1 added (br.ufc.storm.control.Resolution.resolve())
03:21:48 - [SEVERE] - ShelfException: DBHandlerException: A sql error occurred: 
	at org.postgresql.core.v3.QueryExecutorImpl.receiveErrorResponse(QueryExecutorImpl.java:2161)
	at org.postgresql.core.v3.QueryExecutorImpl.processResults(QueryExecutorImpl.java:1890)
	at org.postgresql.core.v3.QueryExecutorImpl.execute(QueryExecutorImpl.java:255)
	at org.postgresql.jdbc2.AbstractJdbc2Statement.execute(AbstractJdbc2Statement.java:559)
	at org.postgresql.jdbc2.AbstractJdbc2Statement.executeWithFlags(AbstractJdbc2Statement.java:417)
	at org.postgresql.jdbc2.AbstractJdbc2Statement.executeQuery(AbstractJdbc2Statement.java:302)
	at br.ufc.storm.sql.CalculatedArgumentHandler.getCalculatedFunction(CalculatedArgumentHandler.java:134)
	at br.ufc.storm.control.FunctionHandler.calulateContextContractArguments(FunctionHandler.java:67)
	at br.ufc.storm.control.Resolution.resolve(Resolution.java:240)
	at br.ufc.storm.control.Resolution.main(Resolution.java:62)
 (br.ufc.storm.exception.ShelfException.<init>())
03:21:48 - [SEVERE] - ShelfException: FunctionException: Can not get quality function: 
	at br.ufc.storm.sql.CalculatedArgumentHandler.getCalculatedFunction(CalculatedArgumentHandler.java:145)
	at br.ufc.storm.control.FunctionHandler.calulateContextContractArguments(FunctionHandler.java:67)
	at br.ufc.storm.control.Resolution.resolve(Resolution.java:240)
	at br.ufc.storm.control.Resolution.main(Resolution.java:62)
 (br.ufc.storm.exception.ShelfException.<init>())
03:21:48 - [SEVERE] - ShelfException: DBHandlerException: A sql error occurred: 
	at org.postgresql.core.v3.QueryExecutorImpl.receiveErrorResponse(QueryExecutorImpl.java:2161)
	at org.postgresql.core.v3.QueryExecutorImpl.processResults(QueryExecutorImpl.java:1890)
	at org.postgresql.core.v3.QueryExecutorImpl.execute(QueryExecutorImpl.java:255)
	at org.postgresql.jdbc2.AbstractJdbc2Statement.execute(AbstractJdbc2Statement.java:559)
	at org.postgresql.jdbc2.AbstractJdbc2Statement.executeWithFlags(AbstractJdbc2Statement.java:417)
	at org.postgresql.jdbc2.AbstractJdbc2Statement.executeQuery(AbstractJdbc2Statement.java:302)
	at br.ufc.storm.sql.CalculatedArgumentHandler.getCalculatedFunction(CalculatedArgumentHandler.java:134)
	at br.ufc.storm.control.FunctionHandler.calulateContextContractArguments(FunctionHandler.java:67)
	at br.ufc.storm.control.Resolution.resolve(Resolution.java:248)
	at br.ufc.storm.control.Resolution.main(Resolution.java:62)
 (br.ufc.storm.exception.ShelfException.<init>())
03:21:48 - [SEVERE] - ShelfException: FunctionException: Can not get quality function: 
	at br.ufc.storm.sql.CalculatedArgumentHandler.getCalculatedFunction(CalculatedArgumentHandler.java:145)
	at br.ufc.storm.control.FunctionHandler.calulateContextContractArguments(FunctionHandler.java:67)
	at br.ufc.storm.control.Resolution.resolve(Resolution.java:248)
	at br.ufc.storm.control.Resolution.main(Resolution.java:62)
 (br.ufc.storm.exception.ShelfException.<init>())
03:21:48 - [SEVERE] - ShelfException: DBHandlerException: A sql error occurred: 
	at org.postgresql.core.v3.QueryExecutorImpl.receiveErrorResponse(QueryExecutorImpl.java:2161)
	at org.postgresql.core.v3.QueryExecutorImpl.processResults(QueryExecutorImpl.java:1890)
	at org.postgresql.core.v3.QueryExecutorImpl.execute(QueryExecutorImpl.java:255)
	at org.postgresql.jdbc2.AbstractJdbc2Statement.execute(AbstractJdbc2Statement.java:559)
	at org.postgresql.jdbc2.AbstractJdbc2Statement.executeWithFlags(AbstractJdbc2Statement.java:417)
	at org.postgresql.jdbc2.AbstractJdbc2Statement.executeQuery(AbstractJdbc2Statement.java:302)
	at br.ufc.storm.sql.CalculatedArgumentHandler.getCalculatedFunction(CalculatedArgumentHandler.java:134)
	at br.ufc.storm.control.FunctionHandler.calulateContextContractArguments(FunctionHandler.java:67)
	at br.ufc.storm.control.Resolution.resolve(Resolution.java:256)
	at br.ufc.storm.control.Resolution.main(Resolution.java:62)
 (br.ufc.storm.exception.ShelfException.<init>())
03:21:48 - [SEVERE] - ShelfException: FunctionException: Can not get quality function: 
	at br.ufc.storm.sql.CalculatedArgumentHandler.getCalculatedFunction(CalculatedArgumentHandler.java:145)
	at br.ufc.storm.control.FunctionHandler.calulateContextContractArguments(FunctionHandler.java:67)
	at br.ufc.storm.control.Resolution.resolve(Resolution.java:256)
	at br.ufc.storm.control.Resolution.main(Resolution.java:62)
 (br.ufc.storm.exception.ShelfException.<init>())
03:21:48 - [INFO] - Candidate MatrixMultiplication1 added (br.ufc.storm.control.Resolution.resolve())
03:21:48 - [SEVERE] - ShelfException: DBHandlerException: A sql error occurred: 
	at org.postgresql.core.v3.QueryExecutorImpl.receiveErrorResponse(QueryExecutorImpl.java:2161)
	at org.postgresql.core.v3.QueryExecutorImpl.processResults(QueryExecutorImpl.java:1890)
	at org.postgresql.core.v3.QueryExecutorImpl.execute(QueryExecutorImpl.java:255)
	at org.postgresql.jdbc2.AbstractJdbc2Statement.execute(AbstractJdbc2Statement.java:559)
	at org.postgresql.jdbc2.AbstractJdbc2Statement.executeWithFlags(AbstractJdbc2Statement.java:417)
	at org.postgresql.jdbc2.AbstractJdbc2Statement.executeQuery(AbstractJdbc2Statement.java:302)
	at br.ufc.storm.sql.CalculatedArgumentHandler.getCalculatedFunction(CalculatedArgumentHandler.java:134)
	at br.ufc.storm.control.FunctionHandler.calulateContextContractArguments(FunctionHandler.java:67)
	at br.ufc.storm.control.Resolution.resolve(Resolution.java:240)
	at br.ufc.storm.control.Resolution.main(Resolution.java:62)
 (br.ufc.storm.exception.ShelfException.<init>())
03:21:48 - [SEVERE] - ShelfException: FunctionException: Can not get quality function: 
	at br.ufc.storm.sql.CalculatedArgumentHandler.getCalculatedFunction(CalculatedArgumentHandler.java:145)
	at br.ufc.storm.control.FunctionHandler.calulateContextContractArguments(FunctionHandler.java:67)
	at br.ufc.storm.control.Resolution.resolve(Resolution.java:240)
	at br.ufc.storm.control.Resolution.main(Resolution.java:62)
 (br.ufc.storm.exception.ShelfException.<init>())
03:21:48 - [SEVERE] - ShelfException: DBHandlerException: A sql error occurred: 
	at org.postgresql.core.v3.QueryExecutorImpl.receiveErrorResponse(QueryExecutorImpl.java:2161)
	at org.postgresql.core.v3.QueryExecutorImpl.processResults(QueryExecutorImpl.java:1890)
	at org.postgresql.core.v3.QueryExecutorImpl.execute(QueryExecutorImpl.java:255)
	at org.postgresql.jdbc2.AbstractJdbc2Statement.execute(AbstractJdbc2Statement.java:559)
	at org.postgresql.jdbc2.AbstractJdbc2Statement.executeWithFlags(AbstractJdbc2Statement.java:417)
	at org.postgresql.jdbc2.AbstractJdbc2Statement.executeQuery(AbstractJdbc2Statement.java:302)
	at br.ufc.storm.sql.CalculatedArgumentHandler.getCalculatedFunction(CalculatedArgumentHandler.java:134)
	at br.ufc.storm.control.FunctionHandler.calulateContextContractArguments(FunctionHandler.java:67)
	at br.ufc.storm.control.Resolution.resolve(Resolution.java:248)
	at br.ufc.storm.control.Resolution.main(Resolution.java:62)
 (br.ufc.storm.exception.ShelfException.<init>())
03:21:48 - [SEVERE] - ShelfException: FunctionException: Can not get quality function: 
	at br.ufc.storm.sql.CalculatedArgumentHandler.getCalculatedFunction(CalculatedArgumentHandler.java:145)
	at br.ufc.storm.control.FunctionHandler.calulateContextContractArguments(FunctionHandler.java:67)
	at br.ufc.storm.control.Resolution.resolve(Resolution.java:248)
	at br.ufc.storm.control.Resolution.main(Resolution.java:62)
 (br.ufc.storm.exception.ShelfException.<init>())
03:21:48 - [SEVERE] - ShelfException: DBHandlerException: A sql error occurred: 
	at org.postgresql.core.v3.QueryExecutorImpl.receiveErrorResponse(QueryExecutorImpl.java:2161)
	at org.postgresql.core.v3.QueryExecutorImpl.processResults(QueryExecutorImpl.java:1890)
	at org.postgresql.core.v3.QueryExecutorImpl.execute(QueryExecutorImpl.java:255)
	at org.postgresql.jdbc2.AbstractJdbc2Statement.execute(AbstractJdbc2Statement.java:559)
	at org.postgresql.jdbc2.AbstractJdbc2Statement.executeWithFlags(AbstractJdbc2Statement.java:417)
	at org.postgresql.jdbc2.AbstractJdbc2Statement.executeQuery(AbstractJdbc2Statement.java:302)
	at br.ufc.storm.sql.CalculatedArgumentHandler.getCalculatedFunction(CalculatedArgumentHandler.java:134)
	at br.ufc.storm.control.FunctionHandler.calulateContextContractArguments(FunctionHandler.java:67)
	at br.ufc.storm.control.Resolution.resolve(Resolution.java:256)
	at br.ufc.storm.control.Resolution.main(Resolution.java:62)
 (br.ufc.storm.exception.ShelfException.<init>())
03:21:48 - [SEVERE] - ShelfException: FunctionException: Can not get quality function: 
	at br.ufc.storm.sql.CalculatedArgumentHandler.getCalculatedFunction(CalculatedArgumentHandler.java:145)
	at br.ufc.storm.control.FunctionHandler.calulateContextContractArguments(FunctionHandler.java:67)
	at br.ufc.storm.control.Resolution.resolve(Resolution.java:256)
	at br.ufc.storm.control.Resolution.main(Resolution.java:62)
 (br.ufc.storm.exception.ShelfException.<init>())
03:21:48 - [INFO] - Candidate MatrixMultiplication1 added (br.ufc.storm.control.Resolution.resolve())
03:21:48 - [SEVERE] - ShelfException: DBHandlerException: A sql error occurred: 
	at org.postgresql.core.v3.QueryExecutorImpl.receiveErrorResponse(QueryExecutorImpl.java:2161)
	at org.postgresql.core.v3.QueryExecutorImpl.processResults(QueryExecutorImpl.java:1890)
	at org.postgresql.core.v3.QueryExecutorImpl.execute(QueryExecutorImpl.java:255)
	at org.postgresql.jdbc2.AbstractJdbc2Statement.execute(AbstractJdbc2Statement.java:559)
	at org.postgresql.jdbc2.AbstractJdbc2Statement.executeWithFlags(AbstractJdbc2Statement.java:417)
	at org.postgresql.jdbc2.AbstractJdbc2Statement.executeQuery(AbstractJdbc2Statement.java:302)
	at br.ufc.storm.sql.CalculatedArgumentHandler.getCalculatedFunction(CalculatedArgumentHandler.java:134)
	at br.ufc.storm.control.FunctionHandler.calulateContextContractArguments(FunctionHandler.java:67)
	at br.ufc.storm.control.Resolution.resolve(Resolution.java:240)
	at br.ufc.storm.control.Resolution.main(Resolution.java:62)
 (br.ufc.storm.exception.ShelfException.<init>())
03:21:48 - [SEVERE] - ShelfException: FunctionException: Can not get quality function: 
	at br.ufc.storm.sql.CalculatedArgumentHandler.getCalculatedFunction(CalculatedArgumentHandler.java:145)
	at br.ufc.storm.control.FunctionHandler.calulateContextContractArguments(FunctionHandler.java:67)
	at br.ufc.storm.control.Resolution.resolve(Resolution.java:240)
	at br.ufc.storm.control.Resolution.main(Resolution.java:62)
 (br.ufc.storm.exception.ShelfException.<init>())
03:21:48 - [SEVERE] - ShelfException: DBHandlerException: A sql error occurred: 
	at org.postgresql.core.v3.QueryExecutorImpl.receiveErrorResponse(QueryExecutorImpl.java:2161)
	at org.postgresql.core.v3.QueryExecutorImpl.processResults(QueryExecutorImpl.java:1890)
	at org.postgresql.core.v3.QueryExecutorImpl.execute(QueryExecutorImpl.java:255)
	at org.postgresql.jdbc2.AbstractJdbc2Statement.execute(AbstractJdbc2Statement.java:559)
	at org.postgresql.jdbc2.AbstractJdbc2Statement.executeWithFlags(AbstractJdbc2Statement.java:417)
	at org.postgresql.jdbc2.AbstractJdbc2Statement.executeQuery(AbstractJdbc2Statement.java:302)
	at br.ufc.storm.sql.CalculatedArgumentHandler.getCalculatedFunction(CalculatedArgumentHandler.java:134)
	at br.ufc.storm.control.FunctionHandler.calulateContextContractArguments(FunctionHandler.java:67)
	at br.ufc.storm.control.Resolution.resolve(Resolution.java:248)
	at br.ufc.storm.control.Resolution.main(Resolution.java:62)
 (br.ufc.storm.exception.ShelfException.<init>())
03:21:48 - [SEVERE] - ShelfException: FunctionException: Can not get quality function: 
	at br.ufc.storm.sql.CalculatedArgumentHandler.getCalculatedFunction(CalculatedArgumentHandler.java:145)
	at br.ufc.storm.control.FunctionHandler.calulateContextContractArguments(FunctionHandler.java:67)
	at br.ufc.storm.control.Resolution.resolve(Resolution.java:248)
	at br.ufc.storm.control.Resolution.main(Resolution.java:62)
 (br.ufc.storm.exception.ShelfException.<init>())
03:21:48 - [SEVERE] - ShelfException: DBHandlerException: A sql error occurred: 
	at org.postgresql.core.v3.QueryExecutorImpl.receiveErrorResponse(QueryExecutorImpl.java:2161)
	at org.postgresql.core.v3.QueryExecutorImpl.processResults(QueryExecutorImpl.java:1890)
	at org.postgresql.core.v3.QueryExecutorImpl.execute(QueryExecutorImpl.java:255)
	at org.postgresql.jdbc2.AbstractJdbc2Statement.execute(AbstractJdbc2Statement.java:559)
	at org.postgresql.jdbc2.AbstractJdbc2Statement.executeWithFlags(AbstractJdbc2Statement.java:417)
	at org.postgresql.jdbc2.AbstractJdbc2Statement.executeQuery(AbstractJdbc2Statement.java:302)
	at br.ufc.storm.sql.CalculatedArgumentHandler.getCalculatedFunction(CalculatedArgumentHandler.java:134)
	at br.ufc.storm.control.FunctionHandler.calulateContextContractArguments(FunctionHandler.java:67)
	at br.ufc.storm.control.Resolution.resolve(Resolution.java:256)
	at br.ufc.storm.control.Resolution.main(Resolution.java:62)
 (br.ufc.storm.exception.ShelfException.<init>())
03:21:48 - [SEVERE] - ShelfException: FunctionException: Can not get quality function: 
	at br.ufc.storm.sql.CalculatedArgumentHandler.getCalculatedFunction(CalculatedArgumentHandler.java:145)
	at br.ufc.storm.control.FunctionHandler.calulateContextContractArguments(FunctionHandler.java:67)
	at br.ufc.storm.control.Resolution.resolve(Resolution.java:256)
	at br.ufc.storm.control.Resolution.main(Resolution.java:62)
 (br.ufc.storm.exception.ShelfException.<init>())
03:21:48 - [INFO] - Candidate MatrixMultiplication1 added (br.ufc.storm.control.Resolution.resolve())
