06:20:38 - [INFO] - CREATING NEW LOG (br.ufc.storm.io.LogHandler.getLogger())
06:20:38 - [INFO] - Resolution Class: Starting to resolve a component! (br.ufc.storm.control.Resolution.resolve())
06:20:39 - [SEVERE] - ShelfException: DBHandlerException: A sql error occurred: 
	at org.postgresql.core.v3.ConnectionFactoryImpl.openConnectionImpl(ConnectionFactoryImpl.java:207)
	at org.postgresql.core.ConnectionFactory.openConnection(ConnectionFactory.java:64)
	at org.postgresql.jdbc2.AbstractJdbc2Connection.<init>(AbstractJdbc2Connection.java:138)
	at org.postgresql.jdbc3.AbstractJdbc3Connection.<init>(AbstractJdbc3Connection.java:29)
	at org.postgresql.jdbc3g.AbstractJdbc3gConnection.<init>(AbstractJdbc3gConnection.java:21)
	at org.postgresql.jdbc4.AbstractJdbc4Connection.<init>(AbstractJdbc4Connection.java:31)
	at org.postgresql.jdbc4.Jdbc4Connection.<init>(Jdbc4Connection.java:24)
	at org.postgresql.Driver.makeConnection(Driver.java:410)
	at org.postgresql.Driver.connect(Driver.java:280)
	at java.sql.DriverManager.getConnection(DriverManager.java:664)
	at java.sql.DriverManager.getConnection(DriverManager.java:247)
	at br.ufc.storm.sql.DBHandler.getConnection(DBHandler.java:43)
	at br.ufc.storm.sql.ResolutionHandler.generateResolutionTree(ResolutionHandler.java:119)
	at br.ufc.storm.sql.ResolutionHandler.generateResolutionTree(ResolutionHandler.java:168)
	at br.ufc.storm.control.Resolution.resolve(Resolution.java:152)
	at br.ufc.storm.control.Resolution.main(Resolution.java:63)
 (br.ufc.storm.exception.ShelfException.<init>())
06:20:39 - [SEVERE] - ShelfException: ResolveException: Can not create resolution tree: 
	at br.ufc.storm.sql.ResolutionHandler.generateResolutionTree(ResolutionHandler.java:152)
	at br.ufc.storm.sql.ResolutionHandler.generateResolutionTree(ResolutionHandler.java:168)
	at br.ufc.storm.control.Resolution.resolve(Resolution.java:152)
	at br.ufc.storm.control.Resolution.main(Resolution.java:63)
 (br.ufc.storm.exception.ShelfException.<init>())
