01:16:51 - [INFO] - CREATING NEW LOG (br.ufc.storm.io.LogHandler.getLogger())
01:16:51 - [INFO] - Resolution Class: Starting to resolve a component! (br.ufc.storm.control.Resolution.resolve())
01:16:51 - [SEVERE] - ShelfException: DBHandlerException: A sql error occurred: 
	at org.postgresql.core.v3.QueryExecutorImpl.receiveErrorResponse(QueryExecutorImpl.java:2161)
	at org.postgresql.core.v3.QueryExecutorImpl.processResults(QueryExecutorImpl.java:1890)
	at org.postgresql.core.v3.QueryExecutorImpl.execute(QueryExecutorImpl.java:255)
	at org.postgresql.jdbc2.AbstractJdbc2Statement.execute(AbstractJdbc2Statement.java:559)
	at org.postgresql.jdbc2.AbstractJdbc2Statement.executeWithFlags(AbstractJdbc2Statement.java:417)
	at org.postgresql.jdbc2.AbstractJdbc2Statement.executeQuery(AbstractJdbc2Statement.java:302)
	at br.ufc.storm.sql.ResolutionHandler.generateResolutionTree(ResolutionHandler.java:122)
	at br.ufc.storm.sql.ResolutionHandler.generateResolutionTree(ResolutionHandler.java:168)
	at br.ufc.storm.control.Resolution.resolve(Resolution.java:158)
	at br.ufc.storm.control.Resolution.main(Resolution.java:69)
 (br.ufc.storm.exception.ShelfException.<init>())
01:16:51 - [SEVERE] - ShelfException: ResolveException: Can not create resolution tree: 
	at br.ufc.storm.sql.ResolutionHandler.generateResolutionTree(ResolutionHandler.java:152)
	at br.ufc.storm.sql.ResolutionHandler.generateResolutionTree(ResolutionHandler.java:168)
	at br.ufc.storm.control.Resolution.resolve(Resolution.java:158)
	at br.ufc.storm.control.Resolution.main(Resolution.java:69)
 (br.ufc.storm.exception.ShelfException.<init>())
