04:40:57 - [INFO] - CREATING NEW LOG (br.ufc.storm.io.LogHandler.getLogger())
04:40:57 - [INFO] - Resolution Class: Starting to resolve a component! (br.ufc.storm.control.Resolution.resolve())
04:40:58 - [SEVERE] - ShelfException: ResolveException: Context Parameter (num_of_nodes) bound self referenced results in infinite loop (br.ufc.storm.exception.ShelfException.<init>())
04:40:58 - [SEVERE] - ShelfException: ResolveException: Context Parameter (processor_cores) bound self referenced results in infinite loop (br.ufc.storm.exception.ShelfException.<init>())
04:40:58 - [SEVERE] - ShelfException: ResolveException: Context Parameter (num_of_processors) bound self referenced results in infinite loop (br.ufc.storm.exception.ShelfException.<init>())
04:40:58 - [SEVERE] - ShelfException: ResolveException: Context Parameter (processor_threads) bound self referenced results in infinite loop (br.ufc.storm.exception.ShelfException.<init>())
04:40:58 - [SEVERE] - ShelfException: ResolveException: Context Parameter (num_of_acelerator) bound self referenced results in infinite loop (br.ufc.storm.exception.ShelfException.<init>())
04:40:58 - [SEVERE] - ShelfException: ResolveException: Context Parameter (max_dim_size_m) bound self referenced results in infinite loop (br.ufc.storm.exception.ShelfException.<init>())
04:40:58 - [SEVERE] - ShelfException: ResolveException: Context Parameter (max_dim_size_n) bound self referenced results in infinite loop (br.ufc.storm.exception.ShelfException.<init>())
04:40:58 - [SEVERE] - ShelfException: ResolveException: Context Parameter (max_dim_size_p) bound self referenced results in infinite loop (br.ufc.storm.exception.ShelfException.<init>())
04:40:58 - [SEVERE] - ShelfException: ResolveException: Context Parameter (size) bound self referenced results in infinite loop (br.ufc.storm.exception.ShelfException.<init>())
04:40:58 - [SEVERE] - ShelfException: ResolveException: Context Parameter (local_disk_size) bound self referenced results in infinite loop (br.ufc.storm.exception.ShelfException.<init>())
04:40:58 - [SEVERE] - ShelfException: ResolveException: Context Parameter (processor_core_clock) bound self referenced results in infinite loop (br.ufc.storm.exception.ShelfException.<init>())
04:40:58 - [SEVERE] - ShelfException: ResolveException: Context Parameter (processor_L1_cache_size) bound self referenced results in infinite loop (br.ufc.storm.exception.ShelfException.<init>())
04:40:58 - [SEVERE] - ShelfException: ResolveException: Context Parameter (processor_L2_cache_size) bound self referenced results in infinite loop (br.ufc.storm.exception.ShelfException.<init>())
04:40:58 - [SEVERE] - ShelfException: ResolveException: Context Parameter (processor_L3_cache_size) bound self referenced results in infinite loop (br.ufc.storm.exception.ShelfException.<init>())
04:40:58 - [SEVERE] - ShelfException: ResolveException: Context Parameter (rank2[Energy>Time>Cost] ) bound self referenced results in infinite loop (br.ufc.storm.exception.ShelfException.<init>())
04:40:58 - [SEVERE] - ShelfException: ResolveException: Context Parameter (rank4[Time>Energy>Cost] ) bound self referenced results in infinite loop (br.ufc.storm.exception.ShelfException.<init>())
04:40:58 - [SEVERE] - ShelfException: ResolveException: Context Parameter (rank6[Cost=Time=Energy]) bound self referenced results in infinite loop (br.ufc.storm.exception.ShelfException.<init>())
04:40:58 - [SEVERE] - ShelfException: ResolveException: Context Parameter (rank1[Cost>Time>Energy]) bound self referenced results in infinite loop (br.ufc.storm.exception.ShelfException.<init>())
04:40:58 - [SEVERE] - ShelfException: ResolveException: Context Parameter (processor_performance) bound self referenced results in infinite loop (br.ufc.storm.exception.ShelfException.<init>())
04:40:58 - [SEVERE] - ShelfException: ResolveException: Context Parameter (m_size) bound self referenced results in infinite loop (br.ufc.storm.exception.ShelfException.<init>())
04:40:58 - [SEVERE] - ShelfException: ResolveException: Context Parameter (n_size) bound self referenced results in infinite loop (br.ufc.storm.exception.ShelfException.<init>())
04:40:58 - [SEVERE] - ShelfException: ResolveException: Context Parameter (k_size) bound self referenced results in infinite loop (br.ufc.storm.exception.ShelfException.<init>())
04:40:58 - [SEVERE] - ShelfException: ResolveException: Context Parameter (platform_total_cores) bound self referenced results in infinite loop (br.ufc.storm.exception.ShelfException.<init>())
04:40:58 - [SEVERE] - ShelfException: ResolveException: Context Parameter (totalGFlops) bound self referenced results in infinite loop (br.ufc.storm.exception.ShelfException.<init>())
04:40:58 - [SEVERE] - ShelfException: ResolveException: Context Parameter (rank0[Cost>Energy>Time]) bound self referenced results in infinite loop (br.ufc.storm.exception.ShelfException.<init>())
04:40:58 - [SEVERE] - ShelfException: ResolveException: Context Parameter (rank3[Energy>Cost>Time] ) bound self referenced results in infinite loop (br.ufc.storm.exception.ShelfException.<init>())
04:40:58 - [SEVERE] - ShelfException: ResolveException: Context Parameter (node_cost) bound self referenced results in infinite loop (br.ufc.storm.exception.ShelfException.<init>())
04:40:58 - [SEVERE] - ShelfException: ResolveException: Context Parameter (rank12[Energy>Cost]) bound self referenced results in infinite loop (br.ufc.storm.exception.ShelfException.<init>())
04:40:58 - [SEVERE] - ShelfException: ResolveException: Context Parameter (rank13[Energy>Time]) bound self referenced results in infinite loop (br.ufc.storm.exception.ShelfException.<init>())
04:40:58 - [SEVERE] - ShelfException: ResolveException: Context Parameter (rank5[Time>Cost>Energy]) bound self referenced results in infinite loop (br.ufc.storm.exception.ShelfException.<init>())
04:40:58 - [SEVERE] - ShelfException: ResolveException: Context Parameter (rank7[Cost]) bound self referenced results in infinite loop (br.ufc.storm.exception.ShelfException.<init>())
04:40:58 - [SEVERE] - ShelfException: ResolveException: Context Parameter (rank8[Time]) bound self referenced results in infinite loop (br.ufc.storm.exception.ShelfException.<init>())
04:40:58 - [SEVERE] - ShelfException: ResolveException: Context Parameter (rank9[Energy]) bound self referenced results in infinite loop (br.ufc.storm.exception.ShelfException.<init>())
04:40:58 - [SEVERE] - ShelfException: ResolveException: Context Parameter (rank14[Cost>Time]) bound self referenced results in infinite loop (br.ufc.storm.exception.ShelfException.<init>())
04:40:58 - [SEVERE] - ShelfException: ResolveException: Context Parameter (rank15[Time>Cost]) bound self referenced results in infinite loop (br.ufc.storm.exception.ShelfException.<init>())
04:40:58 - [SEVERE] - ShelfException: ResolveException: Context Parameter (rank10[Cost>Energy]) bound self referenced results in infinite loop (br.ufc.storm.exception.ShelfException.<init>())
04:40:58 - [SEVERE] - ShelfException: ResolveException: Context Parameter (rank11[Time>Energy]) bound self referenced results in infinite loop (br.ufc.storm.exception.ShelfException.<init>())
04:40:58 - [SEVERE] - ShelfException: ResolveException: Context Parameter (size) bound self referenced results in infinite loop (br.ufc.storm.exception.ShelfException.<init>())
04:40:58 - [SEVERE] - ShelfException: ResolveException: Context Parameter (speedup) bound self referenced results in infinite loop (br.ufc.storm.exception.ShelfException.<init>())
04:40:58 - [SEVERE] - ShelfException: ResolveException: Context Parameter (efficiency) bound self referenced results in infinite loop (br.ufc.storm.exception.ShelfException.<init>())
04:40:58 - [SEVERE] - ShelfException: ResolveException: Context Parameter (memory_size) bound self referenced results in infinite loop (br.ufc.storm.exception.ShelfException.<init>())
04:40:58 - [SEVERE] - ShelfException: ResolveException: Context Parameter (memory_throughput) bound self referenced results in infinite loop (br.ufc.storm.exception.ShelfException.<init>())
04:40:58 - [SEVERE] - ShelfException: ResolveException: Context Parameter (rmax) bound self referenced results in infinite loop (br.ufc.storm.exception.ShelfException.<init>())
04:40:58 - [SEVERE] - ShelfException: ResolveException: Context Parameter (energy_consumption_per_processor) bound self referenced results in infinite loop (br.ufc.storm.exception.ShelfException.<init>())
04:40:58 - [SEVERE] - ShelfException: ResolveException: Context Parameter (cost_per_core) bound self referenced results in infinite loop (br.ufc.storm.exception.ShelfException.<init>())
04:40:58 - [SEVERE] - ShelfException: ResolveException: Context Parameter (memory_cost) bound self referenced results in infinite loop (br.ufc.storm.exception.ShelfException.<init>())
04:40:58 - [SEVERE] - ShelfException: ResolveException: Context Parameter (storage_cost) bound self referenced results in infinite loop (br.ufc.storm.exception.ShelfException.<init>())
04:40:58 - [SEVERE] - ShelfException: ResolveException: Context Parameter (core_cost) bound self referenced results in infinite loop (br.ufc.storm.exception.ShelfException.<init>())
04:40:58 - [SEVERE] - ShelfException: ResolveException: Context Parameter (energy) bound self referenced results in infinite loop (br.ufc.storm.exception.ShelfException.<init>())
04:40:58 - [SEVERE] - ShelfException: ResolveException: Context Parameter (cost ) bound self referenced results in infinite loop (br.ufc.storm.exception.ShelfException.<init>())
04:40:58 - [SEVERE] - ShelfException: ResolveException: Context Parameter (network_word_rate) bound self referenced results in infinite loop (br.ufc.storm.exception.ShelfException.<init>())
04:40:58 - [SEVERE] - ShelfException: ResolveException: Context Parameter (tcomm) bound self referenced results in infinite loop (br.ufc.storm.exception.ShelfException.<init>())
04:40:58 - [SEVERE] - ShelfException: ResolveException: Context Parameter (parallel_time) bound self referenced results in infinite loop (br.ufc.storm.exception.ShelfException.<init>())
04:40:58 - [SEVERE] - ShelfException: ResolveException: Context Parameter (sequential_time) bound self referenced results in infinite loop (br.ufc.storm.exception.ShelfException.<init>())
04:40:58 - [SEVERE] - ShelfException: ResolveException: Context Parameter (cluster_cost_per_hour) bound self referenced results in infinite loop (br.ufc.storm.exception.ShelfException.<init>())
04:40:58 - [SEVERE] - ShelfException: ResolveException: Context Parameter (available_cores) bound self referenced results in infinite loop (br.ufc.storm.exception.ShelfException.<init>())
04:40:58 - [SEVERE] - ShelfException: ResolveException: Context Parameter (node_network_throughput) bound self referenced results in infinite loop (br.ufc.storm.exception.ShelfException.<init>())
04:40:58 - [SEVERE] - ShelfException: ResolveException: Context Parameter (local_disk_throughput) bound self referenced results in infinite loop (br.ufc.storm.exception.ShelfException.<init>())
04:40:58 - [SEVERE] - ShelfException: ResolveException: Context Parameter (local_disk_size_max) bound self referenced results in infinite loop (br.ufc.storm.exception.ShelfException.<init>())
04:40:58 - [SEVERE] - ShelfException: ResolveException: Context Parameter (node_cost) bound self referenced results in infinite loop (br.ufc.storm.exception.ShelfException.<init>())
04:40:58 - [INFO] - Generating Software Component Candidate List... (br.ufc.storm.control.Resolution.resolve())
04:40:58 - [INFO] - 14 components were found, now it will be filtered (br.ufc.storm.control.Resolution.resolve())
04:40:58 - [INFO] - Generating Hardware Candidate List for candidate: 3 (br.ufc.storm.control.Resolution.resolve())
04:40:59 - [INFO] - 15 platforms were found for software component 3 (br.ufc.storm.control.Resolution.resolve())
04:41:01 - [INFO] - Calculating arguments... (br.ufc.storm.control.Resolution.filterPlatformCandidateList())
04:41:01 - [INFO] - Candidate DGEMM-CPU added (br.ufc.storm.control.Resolution.evaluateCalculatedArguments())
04:41:01 - [INFO] - Candidate DGEMM-CPU added (br.ufc.storm.control.Resolution.evaluateCalculatedArguments())
04:41:01 - [INFO] - Candidate DGEMM-CPU added (br.ufc.storm.control.Resolution.evaluateCalculatedArguments())
04:41:01 - [INFO] - Candidate DGEMM-CPU added (br.ufc.storm.control.Resolution.evaluateCalculatedArguments())
04:41:01 - [INFO] - Candidate DGEMM-CPU added (br.ufc.storm.control.Resolution.evaluateCalculatedArguments())
04:41:01 - [INFO] - Candidate DGEMM-CPU added (br.ufc.storm.control.Resolution.evaluateCalculatedArguments())
04:41:01 - [INFO] - Candidate DGEMM-CPU added (br.ufc.storm.control.Resolution.evaluateCalculatedArguments())
04:41:01 - [INFO] - Candidate DGEMM-CPU added (br.ufc.storm.control.Resolution.evaluateCalculatedArguments())
04:41:01 - [INFO] - Candidate DGEMM-CPU added (br.ufc.storm.control.Resolution.evaluateCalculatedArguments())
04:41:01 - [INFO] - Candidate DGEMM-CPU added (br.ufc.storm.control.Resolution.evaluateCalculatedArguments())
04:41:01 - [INFO] - Candidate DGEMM-CPU added (br.ufc.storm.control.Resolution.evaluateCalculatedArguments())
04:41:01 - [INFO] - Candidate DGEMM-CPU added (br.ufc.storm.control.Resolution.evaluateCalculatedArguments())
04:41:01 - [INFO] - Candidate DGEMM-CPU added (br.ufc.storm.control.Resolution.evaluateCalculatedArguments())
04:41:01 - [INFO] - Candidate DGEMM-CPU added (br.ufc.storm.control.Resolution.evaluateCalculatedArguments())
04:41:01 - [INFO] - Candidate DGEMM-CPU added (br.ufc.storm.control.Resolution.evaluateCalculatedArguments())
