04:39:55 - [INFO] - CREATING NEW LOG (br.ufc.storm.io.LogHandler.getLogger())
04:39:55 - [INFO] - Resolution Class: Starting to resolve a component! (br.ufc.storm.control.Resolution.resolve())
04:39:56 - [INFO] - Generating Software Component Candidate List... (br.ufc.storm.control.Resolution.resolve())
04:39:56 - [INFO] - 14 components were found, now it will be filtered (br.ufc.storm.control.Resolution.resolve())
04:39:56 - [INFO] - Generating Hardware Candidate List for candidate: 3 (br.ufc.storm.control.Resolution.resolve())
04:39:57 - [INFO] - 15 platforms were found for software component 3 (br.ufc.storm.control.Resolution.resolve())
04:39:59 - [INFO] - Calculating arguments... (br.ufc.storm.control.Resolution.filterPlatformCandidateList())
04:39:59 - [INFO] - Candidate DGEMM-CPU added (br.ufc.storm.control.Resolution.evaluateCalculatedArguments())
04:39:59 - [INFO] - Candidate DGEMM-CPU added (br.ufc.storm.control.Resolution.evaluateCalculatedArguments())
04:39:59 - [INFO] - Candidate DGEMM-CPU added (br.ufc.storm.control.Resolution.evaluateCalculatedArguments())
04:39:59 - [INFO] - Candidate DGEMM-CPU added (br.ufc.storm.control.Resolution.evaluateCalculatedArguments())
04:39:59 - [INFO] - Candidate DGEMM-CPU added (br.ufc.storm.control.Resolution.evaluateCalculatedArguments())
04:39:59 - [INFO] - Candidate DGEMM-CPU added (br.ufc.storm.control.Resolution.evaluateCalculatedArguments())
04:39:59 - [INFO] - Candidate DGEMM-CPU added (br.ufc.storm.control.Resolution.evaluateCalculatedArguments())
04:39:59 - [INFO] - Candidate DGEMM-CPU added (br.ufc.storm.control.Resolution.evaluateCalculatedArguments())
04:39:59 - [INFO] - Candidate DGEMM-CPU added (br.ufc.storm.control.Resolution.evaluateCalculatedArguments())
04:39:59 - [INFO] - Candidate DGEMM-CPU added (br.ufc.storm.control.Resolution.evaluateCalculatedArguments())
04:39:59 - [INFO] - Candidate DGEMM-CPU added (br.ufc.storm.control.Resolution.evaluateCalculatedArguments())
04:39:59 - [INFO] - Candidate DGEMM-CPU added (br.ufc.storm.control.Resolution.evaluateCalculatedArguments())
04:39:59 - [INFO] - Candidate DGEMM-CPU added (br.ufc.storm.control.Resolution.evaluateCalculatedArguments())
04:39:59 - [INFO] - Candidate DGEMM-CPU added (br.ufc.storm.control.Resolution.evaluateCalculatedArguments())
04:39:59 - [INFO] - Candidate DGEMM-CPU added (br.ufc.storm.control.Resolution.evaluateCalculatedArguments())
