09:47:33 - [INFO] - CREATING NEW LOG (br.ufc.storm.io.LogHandler.getLogger())
09:47:33 - [INFO] - Resolution Class: Starting to resolve a component! (br.ufc.storm.control.Resolution.resolve())
09:47:34 - [SEVERE] - ShelfException: ResolveException: Context Parameter (processor_cores) bound self referenced results in infinite loop (br.ufc.storm.exception.ShelfException.<init>())
09:47:34 - [SEVERE] - ShelfException: ResolveException: Context Parameter (processor_core_clock) bound self referenced results in infinite loop (br.ufc.storm.exception.ShelfException.<init>())
09:47:34 - [SEVERE] - ShelfException: ResolveException: Context Parameter (processor_L1_cache_size) bound self referenced results in infinite loop (br.ufc.storm.exception.ShelfException.<init>())
09:47:34 - [SEVERE] - ShelfException: ResolveException: Context Parameter (processor_L2_cache_size) bound self referenced results in infinite loop (br.ufc.storm.exception.ShelfException.<init>())
09:47:34 - [SEVERE] - ShelfException: ResolveException: Context Parameter (processor_L3_cache_size) bound self referenced results in infinite loop (br.ufc.storm.exception.ShelfException.<init>())
09:47:34 - [SEVERE] - ShelfException: ResolveException: Context Parameter (processor_threads) bound self referenced results in infinite loop (br.ufc.storm.exception.ShelfException.<init>())
09:47:34 - [SEVERE] - ShelfException: ResolveException: Context Parameter (cost_per_core) bound self referenced results in infinite loop (br.ufc.storm.exception.ShelfException.<init>())
09:47:34 - [SEVERE] - ShelfException: ResolveException: Context Parameter (energy_consumption_per_processor (Watts)) bound self referenced results in infinite loop (br.ufc.storm.exception.ShelfException.<init>())
09:47:34 - [SEVERE] - ShelfException: ResolveException: Context Parameter (processor_performance) bound self referenced results in infinite loop (br.ufc.storm.exception.ShelfException.<init>())
09:47:34 - [SEVERE] - ShelfException: ResolveException: Context Parameter (storage_cost) bound self referenced results in infinite loop (br.ufc.storm.exception.ShelfException.<init>())
09:47:34 - [SEVERE] - ShelfException: ResolveException: Context Parameter (num_of_nodes) bound self referenced results in infinite loop (br.ufc.storm.exception.ShelfException.<init>())
09:47:34 - [SEVERE] - ShelfException: ResolveException: Context Parameter (num_of_processors) bound self referenced results in infinite loop (br.ufc.storm.exception.ShelfException.<init>())
09:47:34 - [SEVERE] - ShelfException: ResolveException: Context Parameter (memory_size(GB)) bound self referenced results in infinite loop (br.ufc.storm.exception.ShelfException.<init>())
09:47:34 - [SEVERE] - ShelfException: ResolveException: Context Parameter (memory_throughput) bound self referenced results in infinite loop (br.ufc.storm.exception.ShelfException.<init>())
09:47:34 - [SEVERE] - ShelfException: ResolveException: Context Parameter (local_disk_size) bound self referenced results in infinite loop (br.ufc.storm.exception.ShelfException.<init>())
09:47:34 - [SEVERE] - ShelfException: ResolveException: Context Parameter (num_of_acelerator) bound self referenced results in infinite loop (br.ufc.storm.exception.ShelfException.<init>())
09:47:34 - [SEVERE] - ShelfException: ResolveException: Context Parameter (memory_cost) bound self referenced results in infinite loop (br.ufc.storm.exception.ShelfException.<init>())
09:47:34 - [SEVERE] - ShelfException: ResolveException: Context Parameter (core_cost) bound self referenced results in infinite loop (br.ufc.storm.exception.ShelfException.<init>())
09:47:34 - [SEVERE] - ShelfException: ResolveException: Context Parameter (size) bound self referenced results in infinite loop (br.ufc.storm.exception.ShelfException.<init>())
09:47:34 - [SEVERE] - ShelfException: ResolveException: Context Parameter (max_dim_size_m) bound self referenced results in infinite loop (br.ufc.storm.exception.ShelfException.<init>())
09:47:34 - [SEVERE] - ShelfException: ResolveException: Context Parameter (max_dim_size_n) bound self referenced results in infinite loop (br.ufc.storm.exception.ShelfException.<init>())
09:47:34 - [SEVERE] - ShelfException: ResolveException: Context Parameter (max_dim_size_p) bound self referenced results in infinite loop (br.ufc.storm.exception.ShelfException.<init>())
09:47:34 - [SEVERE] - ShelfException: ResolveException: Context Parameter (m_size) bound self referenced results in infinite loop (br.ufc.storm.exception.ShelfException.<init>())
09:47:34 - [SEVERE] - ShelfException: ResolveException: Context Parameter (n_size) bound self referenced results in infinite loop (br.ufc.storm.exception.ShelfException.<init>())
09:47:34 - [SEVERE] - ShelfException: ResolveException: Context Parameter (k_size) bound self referenced results in infinite loop (br.ufc.storm.exception.ShelfException.<init>())
09:47:34 - [SEVERE] - ShelfException: ResolveException: Context Parameter (size) bound self referenced results in infinite loop (br.ufc.storm.exception.ShelfException.<init>())
09:47:34 - [INFO] - Generating Software Component Candidate List... (br.ufc.storm.control.Resolution.resolve())
09:47:34 - [INFO] - 14 components were found, now it will be filtered (br.ufc.storm.control.Resolution.resolve())
09:47:34 - [INFO] - Generating Hardware Candidate List for candidate: 3 (br.ufc.storm.control.Resolution.resolve())
09:47:35 - [INFO] - 15 platforms were found for software component 3 (br.ufc.storm.control.Resolution.resolve())
09:47:36 - [INFO] - Calculating arguments... (br.ufc.storm.control.Resolution.filterPlatformCandidateList())
09:47:36 - [INFO] - Candidate DGEMM-CPU added (br.ufc.storm.control.Resolution.evaluateCalculatedArguments())
09:47:36 - [INFO] - Candidate DGEMM-CPU added (br.ufc.storm.control.Resolution.evaluateCalculatedArguments())
09:47:36 - [INFO] - Candidate DGEMM-CPU added (br.ufc.storm.control.Resolution.evaluateCalculatedArguments())
09:47:36 - [INFO] - Candidate DGEMM-CPU added (br.ufc.storm.control.Resolution.evaluateCalculatedArguments())
09:47:36 - [INFO] - Candidate DGEMM-CPU added (br.ufc.storm.control.Resolution.evaluateCalculatedArguments())
09:47:36 - [INFO] - Candidate DGEMM-CPU added (br.ufc.storm.control.Resolution.evaluateCalculatedArguments())
09:47:37 - [INFO] - Candidate DGEMM-CPU added (br.ufc.storm.control.Resolution.evaluateCalculatedArguments())
09:47:37 - [INFO] - Candidate DGEMM-CPU added (br.ufc.storm.control.Resolution.evaluateCalculatedArguments())
09:47:37 - [INFO] - Candidate DGEMM-CPU added (br.ufc.storm.control.Resolution.evaluateCalculatedArguments())
09:47:37 - [INFO] - Candidate DGEMM-CPU added (br.ufc.storm.control.Resolution.evaluateCalculatedArguments())
09:47:37 - [INFO] - Candidate DGEMM-CPU added (br.ufc.storm.control.Resolution.evaluateCalculatedArguments())
09:47:37 - [INFO] - Candidate DGEMM-CPU added (br.ufc.storm.control.Resolution.evaluateCalculatedArguments())
09:47:37 - [INFO] - Candidate DGEMM-CPU added (br.ufc.storm.control.Resolution.evaluateCalculatedArguments())
09:47:37 - [INFO] - Candidate DGEMM-CPU added (br.ufc.storm.control.Resolution.evaluateCalculatedArguments())
09:47:37 - [INFO] - Candidate DGEMM-CPU added (br.ufc.storm.control.Resolution.evaluateCalculatedArguments())
09:47:37 - [SEVERE] - ShelfException: DBHandlerException: Variable provided not found (br.ufc.storm.exception.ShelfException.<init>())
09:47:37 - [SEVERE] - ShelfException: DBHandlerException: Variable required not found (br.ufc.storm.exception.ShelfException.<init>())
09:47:37 - [SEVERE] - ShelfException: DBHandlerException: Variable provided not found (br.ufc.storm.exception.ShelfException.<init>())
09:47:37 - [SEVERE] - ShelfException: DBHandlerException: Variable required not found (br.ufc.storm.exception.ShelfException.<init>())
09:47:37 - [SEVERE] - ShelfException: DBHandlerException: Variable provided not found (br.ufc.storm.exception.ShelfException.<init>())
09:47:37 - [SEVERE] - ShelfException: DBHandlerException: Variable required not found (br.ufc.storm.exception.ShelfException.<init>())
09:47:37 - [SEVERE] - ShelfException: DBHandlerException: Variable provided not found (br.ufc.storm.exception.ShelfException.<init>())
09:47:37 - [SEVERE] - ShelfException: DBHandlerException: Variable required not found (br.ufc.storm.exception.ShelfException.<init>())
09:47:37 - [SEVERE] - ShelfException: DBHandlerException: Variable provided not found (br.ufc.storm.exception.ShelfException.<init>())
09:47:37 - [SEVERE] - ShelfException: DBHandlerException: Variable required not found (br.ufc.storm.exception.ShelfException.<init>())
09:47:37 - [SEVERE] - ShelfException: DBHandlerException: Variable provided not found (br.ufc.storm.exception.ShelfException.<init>())
09:47:37 - [SEVERE] - ShelfException: DBHandlerException: Variable required not found (br.ufc.storm.exception.ShelfException.<init>())
09:47:37 - [SEVERE] - ShelfException: DBHandlerException: Variable provided not found (br.ufc.storm.exception.ShelfException.<init>())
09:47:37 - [SEVERE] - ShelfException: DBHandlerException: Variable required not found (br.ufc.storm.exception.ShelfException.<init>())
09:47:37 - [SEVERE] - ShelfException: DBHandlerException: Variable provided not found (br.ufc.storm.exception.ShelfException.<init>())
09:47:37 - [SEVERE] - ShelfException: DBHandlerException: Variable required not found (br.ufc.storm.exception.ShelfException.<init>())
09:47:37 - [SEVERE] - ShelfException: DBHandlerException: Variable provided not found (br.ufc.storm.exception.ShelfException.<init>())
09:47:37 - [SEVERE] - ShelfException: DBHandlerException: Variable required not found (br.ufc.storm.exception.ShelfException.<init>())
09:47:37 - [SEVERE] - ShelfException: DBHandlerException: Variable provided not found (br.ufc.storm.exception.ShelfException.<init>())
09:47:37 - [SEVERE] - ShelfException: DBHandlerException: Variable required not found (br.ufc.storm.exception.ShelfException.<init>())
09:47:37 - [SEVERE] - ShelfException: DBHandlerException: Variable provided not found (br.ufc.storm.exception.ShelfException.<init>())
09:47:37 - [SEVERE] - ShelfException: DBHandlerException: Variable required not found (br.ufc.storm.exception.ShelfException.<init>())
09:47:37 - [SEVERE] - ShelfException: DBHandlerException: Variable provided not found (br.ufc.storm.exception.ShelfException.<init>())
09:47:37 - [SEVERE] - ShelfException: DBHandlerException: Variable required not found (br.ufc.storm.exception.ShelfException.<init>())
09:47:37 - [SEVERE] - ShelfException: DBHandlerException: Variable provided not found (br.ufc.storm.exception.ShelfException.<init>())
09:47:37 - [SEVERE] - ShelfException: DBHandlerException: Variable required not found (br.ufc.storm.exception.ShelfException.<init>())
09:47:37 - [SEVERE] - ShelfException: DBHandlerException: Variable provided not found (br.ufc.storm.exception.ShelfException.<init>())
09:47:37 - [SEVERE] - ShelfException: DBHandlerException: Variable required not found (br.ufc.storm.exception.ShelfException.<init>())
09:47:37 - [SEVERE] - ShelfException: DBHandlerException: Variable provided not found (br.ufc.storm.exception.ShelfException.<init>())
09:47:37 - [SEVERE] - ShelfException: DBHandlerException: Variable required not found (br.ufc.storm.exception.ShelfException.<init>())
09:47:37 - [SEVERE] - ShelfException: DBHandlerException: Variable provided not found (br.ufc.storm.exception.ShelfException.<init>())
09:47:37 - [SEVERE] - ShelfException: DBHandlerException: Variable required not found (br.ufc.storm.exception.ShelfException.<init>())
09:47:37 - [SEVERE] - ShelfException: DBHandlerException: Variable provided not found (br.ufc.storm.exception.ShelfException.<init>())
09:47:37 - [SEVERE] - ShelfException: DBHandlerException: Variable required not found (br.ufc.storm.exception.ShelfException.<init>())
09:47:37 - [SEVERE] - ShelfException: DBHandlerException: Variable provided not found (br.ufc.storm.exception.ShelfException.<init>())
09:47:37 - [SEVERE] - ShelfException: DBHandlerException: Variable required not found (br.ufc.storm.exception.ShelfException.<init>())
09:47:37 - [SEVERE] - ShelfException: DBHandlerException: Variable provided not found (br.ufc.storm.exception.ShelfException.<init>())
09:47:37 - [SEVERE] - ShelfException: DBHandlerException: Variable required not found (br.ufc.storm.exception.ShelfException.<init>())
09:47:37 - [SEVERE] - ShelfException: DBHandlerException: Variable provided not found (br.ufc.storm.exception.ShelfException.<init>())
09:47:37 - [SEVERE] - ShelfException: DBHandlerException: Variable required not found (br.ufc.storm.exception.ShelfException.<init>())
09:47:37 - [SEVERE] - ShelfException: DBHandlerException: Variable provided not found (br.ufc.storm.exception.ShelfException.<init>())
09:47:37 - [SEVERE] - ShelfException: DBHandlerException: Variable required not found (br.ufc.storm.exception.ShelfException.<init>())
09:47:37 - [SEVERE] - ShelfException: DBHandlerException: Variable provided not found (br.ufc.storm.exception.ShelfException.<init>())
09:47:37 - [SEVERE] - ShelfException: DBHandlerException: Variable required not found (br.ufc.storm.exception.ShelfException.<init>())
09:47:37 - [SEVERE] - ShelfException: DBHandlerException: Variable provided not found (br.ufc.storm.exception.ShelfException.<init>())
09:47:37 - [SEVERE] - ShelfException: DBHandlerException: Variable required not found (br.ufc.storm.exception.ShelfException.<init>())
09:47:37 - [SEVERE] - ShelfException: DBHandlerException: Variable provided not found (br.ufc.storm.exception.ShelfException.<init>())
09:47:37 - [SEVERE] - ShelfException: DBHandlerException: Variable required not found (br.ufc.storm.exception.ShelfException.<init>())
09:47:37 - [SEVERE] - ShelfException: DBHandlerException: Variable provided not found (br.ufc.storm.exception.ShelfException.<init>())
09:47:37 - [SEVERE] - ShelfException: DBHandlerException: Variable required not found (br.ufc.storm.exception.ShelfException.<init>())
09:47:37 - [SEVERE] - ShelfException: DBHandlerException: Variable provided not found (br.ufc.storm.exception.ShelfException.<init>())
09:47:37 - [SEVERE] - ShelfException: DBHandlerException: Variable required not found (br.ufc.storm.exception.ShelfException.<init>())
09:47:37 - [SEVERE] - ShelfException: DBHandlerException: Variable provided not found (br.ufc.storm.exception.ShelfException.<init>())
09:47:37 - [SEVERE] - ShelfException: DBHandlerException: Variable required not found (br.ufc.storm.exception.ShelfException.<init>())
09:47:37 - [SEVERE] - ShelfException: DBHandlerException: Variable provided not found (br.ufc.storm.exception.ShelfException.<init>())
09:47:37 - [SEVERE] - ShelfException: DBHandlerException: Variable required not found (br.ufc.storm.exception.ShelfException.<init>())
09:47:37 - [SEVERE] - ShelfException: DBHandlerException: Variable provided not found (br.ufc.storm.exception.ShelfException.<init>())
09:47:37 - [SEVERE] - ShelfException: DBHandlerException: Variable required not found (br.ufc.storm.exception.ShelfException.<init>())
09:47:37 - [SEVERE] - ShelfException: DBHandlerException: Variable provided not found (br.ufc.storm.exception.ShelfException.<init>())
09:47:37 - [SEVERE] - ShelfException: DBHandlerException: Variable required not found (br.ufc.storm.exception.ShelfException.<init>())
09:47:37 - [SEVERE] - ShelfException: DBHandlerException: Variable provided not found (br.ufc.storm.exception.ShelfException.<init>())
09:47:37 - [SEVERE] - ShelfException: DBHandlerException: Variable required not found (br.ufc.storm.exception.ShelfException.<init>())
09:47:37 - [SEVERE] - ShelfException: DBHandlerException: Variable provided not found (br.ufc.storm.exception.ShelfException.<init>())
09:47:37 - [SEVERE] - ShelfException: DBHandlerException: Variable required not found (br.ufc.storm.exception.ShelfException.<init>())
09:47:37 - [SEVERE] - ShelfException: DBHandlerException: Variable provided not found (br.ufc.storm.exception.ShelfException.<init>())
09:47:37 - [SEVERE] - ShelfException: DBHandlerException: Variable required not found (br.ufc.storm.exception.ShelfException.<init>())
09:47:37 - [SEVERE] - ShelfException: DBHandlerException: Variable provided not found (br.ufc.storm.exception.ShelfException.<init>())
09:47:37 - [SEVERE] - ShelfException: DBHandlerException: Variable required not found (br.ufc.storm.exception.ShelfException.<init>())
09:47:37 - [SEVERE] - ShelfException: DBHandlerException: Variable provided not found (br.ufc.storm.exception.ShelfException.<init>())
09:47:37 - [SEVERE] - ShelfException: DBHandlerException: Variable required not found (br.ufc.storm.exception.ShelfException.<init>())
09:47:37 - [SEVERE] - ShelfException: DBHandlerException: Variable provided not found (br.ufc.storm.exception.ShelfException.<init>())
09:47:37 - [SEVERE] - ShelfException: DBHandlerException: Variable required not found (br.ufc.storm.exception.ShelfException.<init>())
