08:37:38 - [INFO] - CREATING NEW LOG (br.ufc.storm.io.LogHandler.getLogger())
08:37:38 - [INFO] - Resolution Class: Starting to resolve a component! (br.ufc.storm.control.Resolution.resolve())
08:37:38 - [SEVERE] - ShelfException: ResolveException: Context Parameter (processor_cores) bound self referenced results in infinite loop (br.ufc.storm.exception.ShelfException.<init>())
08:37:38 - [SEVERE] - ShelfException: ResolveException: Context Parameter (processor_threads) bound self referenced results in infinite loop (br.ufc.storm.exception.ShelfException.<init>())
08:37:38 - [SEVERE] - ShelfException: ResolveException: Context Parameter (processor_core_clock) bound self referenced results in infinite loop (br.ufc.storm.exception.ShelfException.<init>())
08:37:38 - [SEVERE] - ShelfException: ResolveException: Context Parameter (processor_L1_cache_size) bound self referenced results in infinite loop (br.ufc.storm.exception.ShelfException.<init>())
08:37:38 - [SEVERE] - ShelfException: ResolveException: Context Parameter (processor_L2_cache_size) bound self referenced results in infinite loop (br.ufc.storm.exception.ShelfException.<init>())
08:37:38 - [SEVERE] - ShelfException: ResolveException: Context Parameter (processor_L3_cache_size) bound self referenced results in infinite loop (br.ufc.storm.exception.ShelfException.<init>())
08:37:38 - [SEVERE] - ShelfException: ResolveException: Context Parameter (processor_performance) bound self referenced results in infinite loop (br.ufc.storm.exception.ShelfException.<init>())
08:37:38 - [SEVERE] - ShelfException: ResolveException: Context Parameter (energy_consumption_per_processor) bound self referenced results in infinite loop (br.ufc.storm.exception.ShelfException.<init>())
08:37:38 - [SEVERE] - ShelfException: ResolveException: Context Parameter (cost_per_core) bound self referenced results in infinite loop (br.ufc.storm.exception.ShelfException.<init>())
08:37:38 - [SEVERE] - ShelfException: ResolveException: Context Parameter (storage_cost) bound self referenced results in infinite loop (br.ufc.storm.exception.ShelfException.<init>())
08:37:38 - [SEVERE] - ShelfException: ResolveException: Context Parameter (num_of_nodes) bound self referenced results in infinite loop (br.ufc.storm.exception.ShelfException.<init>())
08:37:38 - [SEVERE] - ShelfException: ResolveException: Context Parameter (num_of_processors) bound self referenced results in infinite loop (br.ufc.storm.exception.ShelfException.<init>())
08:37:38 - [SEVERE] - ShelfException: ResolveException: Context Parameter (num_of_acelerator) bound self referenced results in infinite loop (br.ufc.storm.exception.ShelfException.<init>())
08:37:38 - [SEVERE] - ShelfException: ResolveException: Context Parameter (local_disk_size) bound self referenced results in infinite loop (br.ufc.storm.exception.ShelfException.<init>())
08:37:38 - [SEVERE] - ShelfException: ResolveException: Context Parameter (memory_size) bound self referenced results in infinite loop (br.ufc.storm.exception.ShelfException.<init>())
08:37:38 - [SEVERE] - ShelfException: ResolveException: Context Parameter (memory_throughput) bound self referenced results in infinite loop (br.ufc.storm.exception.ShelfException.<init>())
08:37:38 - [SEVERE] - ShelfException: ResolveException: Context Parameter (memory_cost) bound self referenced results in infinite loop (br.ufc.storm.exception.ShelfException.<init>())
08:37:38 - [SEVERE] - ShelfException: ResolveException: Context Parameter (core_cost) bound self referenced results in infinite loop (br.ufc.storm.exception.ShelfException.<init>())
08:37:38 - [SEVERE] - ShelfException: ResolveException: Context Parameter (available_cores) bound self referenced results in infinite loop (br.ufc.storm.exception.ShelfException.<init>())
08:37:38 - [SEVERE] - ShelfException: ResolveException: Context Parameter (node_network_throughput) bound self referenced results in infinite loop (br.ufc.storm.exception.ShelfException.<init>())
08:37:38 - [SEVERE] - ShelfException: ResolveException: Context Parameter (local_disk_throughput) bound self referenced results in infinite loop (br.ufc.storm.exception.ShelfException.<init>())
08:37:38 - [SEVERE] - ShelfException: ResolveException: Context Parameter (local_disk_size_max) bound self referenced results in infinite loop (br.ufc.storm.exception.ShelfException.<init>())
08:37:38 - [SEVERE] - ShelfException: ResolveException: Context Parameter (size) bound self referenced results in infinite loop (br.ufc.storm.exception.ShelfException.<init>())
08:37:38 - [SEVERE] - ShelfException: ResolveException: Context Parameter (max_dim_size_m) bound self referenced results in infinite loop (br.ufc.storm.exception.ShelfException.<init>())
08:37:38 - [SEVERE] - ShelfException: ResolveException: Context Parameter (max_dim_size_n) bound self referenced results in infinite loop (br.ufc.storm.exception.ShelfException.<init>())
08:37:38 - [SEVERE] - ShelfException: ResolveException: Context Parameter (max_dim_size_p) bound self referenced results in infinite loop (br.ufc.storm.exception.ShelfException.<init>())
08:37:39 - [SEVERE] - ShelfException: ResolveException: Context Parameter (m_size) bound self referenced results in infinite loop (br.ufc.storm.exception.ShelfException.<init>())
08:37:39 - [SEVERE] - ShelfException: ResolveException: Context Parameter (n_size) bound self referenced results in infinite loop (br.ufc.storm.exception.ShelfException.<init>())
08:37:39 - [SEVERE] - ShelfException: ResolveException: Context Parameter (k_size) bound self referenced results in infinite loop (br.ufc.storm.exception.ShelfException.<init>())
08:37:39 - [SEVERE] - ShelfException: ResolveException: Context Parameter (size) bound self referenced results in infinite loop (br.ufc.storm.exception.ShelfException.<init>())
08:37:39 - [INFO] - Generating Software Component Candidate List... (br.ufc.storm.control.Resolution.resolve())
08:37:39 - [SEVERE] - ShelfException: DBHandlerException: A sql error occurred: 
	at org.postgresql.core.v3.QueryExecutorImpl.receiveErrorResponse(QueryExecutorImpl.java:2505)
	at org.postgresql.core.v3.QueryExecutorImpl.processResults(QueryExecutorImpl.java:2241)
	at org.postgresql.core.v3.QueryExecutorImpl.execute(QueryExecutorImpl.java:310)
	at org.postgresql.jdbc.PgStatement.executeInternal(PgStatement.java:447)
	at org.postgresql.jdbc.PgStatement.execute(PgStatement.java:368)
	at org.postgresql.jdbc.PgPreparedStatement.executeWithFlags(PgPreparedStatement.java:158)
	at org.postgresql.jdbc.PgPreparedStatement.executeQuery(PgPreparedStatement.java:108)
	at br.ufc.storm.sql.ContextContractHandler.getInnerCompponents(ContextContractHandler.java:644)
	at br.ufc.storm.sql.ContextContractHandler.getContextContract(ContextContractHandler.java:474)
	at br.ufc.storm.sql.ContextArgumentHandler.getContextArgumentValue(ContextArgumentHandler.java:283)
	at br.ufc.storm.sql.ContextArgumentHandler.getContextArguments(ContextArgumentHandler.java:187)
	at br.ufc.storm.sql.ContextContractHandler.getContextContract(ContextContractHandler.java:473)
	at br.ufc.storm.sql.ResolutionHandler.generateCandidates(ResolutionHandler.java:62)
	at br.ufc.storm.control.Resolution.resolve(Resolution.java:379)
	at br.ufc.storm.control.Resolution.main(Resolution.java:230)
 (br.ufc.storm.exception.ShelfException.<init>())
08:37:39 - [SEVERE] - ShelfException: DBHandlerException: A sql error occurred: 
	at br.ufc.storm.sql.ContextContractHandler.getInnerCompponents(ContextContractHandler.java:650)
	at br.ufc.storm.sql.ContextContractHandler.getContextContract(ContextContractHandler.java:474)
	at br.ufc.storm.sql.ContextArgumentHandler.getContextArgumentValue(ContextArgumentHandler.java:283)
	at br.ufc.storm.sql.ContextArgumentHandler.getContextArguments(ContextArgumentHandler.java:187)
	at br.ufc.storm.sql.ContextContractHandler.getContextContract(ContextContractHandler.java:473)
	at br.ufc.storm.sql.ResolutionHandler.generateCandidates(ResolutionHandler.java:62)
	at br.ufc.storm.control.Resolution.resolve(Resolution.java:379)
	at br.ufc.storm.control.Resolution.main(Resolution.java:230)
 (br.ufc.storm.exception.ShelfException.<init>())
