10:39:40 - [INFO] - CREATING NEW LOG (br.ufc.storm.io.LogHandler.getLogger())
10:39:40 - [INFO] - Resolution Class: Starting to resolve a component! (br.ufc.storm.control.Resolution.resolve())
10:39:40 - [SEVERE] - ShelfException: ResolveException: Context Parameter (num_of_nodes) bound self referenced results in infinite loop (br.ufc.storm.exception.ShelfException.<init>())
10:39:40 - [SEVERE] - ShelfException: ResolveException: Context Parameter (processor_cores) bound self referenced results in infinite loop (br.ufc.storm.exception.ShelfException.<init>())
10:39:40 - [SEVERE] - ShelfException: ResolveException: Context Parameter (num_of_processors) bound self referenced results in infinite loop (br.ufc.storm.exception.ShelfException.<init>())
10:39:40 - [SEVERE] - ShelfException: ResolveException: Context Parameter (processor_threads) bound self referenced results in infinite loop (br.ufc.storm.exception.ShelfException.<init>())
10:39:40 - [SEVERE] - ShelfException: ResolveException: Context Parameter (num_of_acelerator) bound self referenced results in infinite loop (br.ufc.storm.exception.ShelfException.<init>())
10:39:40 - [SEVERE] - ShelfException: ResolveException: Context Parameter (max_dim_size_m) bound self referenced results in infinite loop (br.ufc.storm.exception.ShelfException.<init>())
10:39:40 - [SEVERE] - ShelfException: ResolveException: Context Parameter (max_dim_size_n) bound self referenced results in infinite loop (br.ufc.storm.exception.ShelfException.<init>())
10:39:40 - [SEVERE] - ShelfException: ResolveException: Context Parameter (max_dim_size_p) bound self referenced results in infinite loop (br.ufc.storm.exception.ShelfException.<init>())
10:39:40 - [SEVERE] - ShelfException: ResolveException: Context Parameter (size) bound self referenced results in infinite loop (br.ufc.storm.exception.ShelfException.<init>())
10:39:40 - [SEVERE] - ShelfException: ResolveException: Context Parameter (local_disk_size) bound self referenced results in infinite loop (br.ufc.storm.exception.ShelfException.<init>())
10:39:40 - [SEVERE] - ShelfException: ResolveException: Context Parameter (processor_core_clock) bound self referenced results in infinite loop (br.ufc.storm.exception.ShelfException.<init>())
10:39:40 - [SEVERE] - ShelfException: ResolveException: Context Parameter (processor_L1_cache_size) bound self referenced results in infinite loop (br.ufc.storm.exception.ShelfException.<init>())
10:39:40 - [SEVERE] - ShelfException: ResolveException: Context Parameter (processor_L2_cache_size) bound self referenced results in infinite loop (br.ufc.storm.exception.ShelfException.<init>())
10:39:40 - [SEVERE] - ShelfException: ResolveException: Context Parameter (processor_L3_cache_size) bound self referenced results in infinite loop (br.ufc.storm.exception.ShelfException.<init>())
10:39:40 - [SEVERE] - ShelfException: ResolveException: Context Parameter (processor_performance) bound self referenced results in infinite loop (br.ufc.storm.exception.ShelfException.<init>())
10:39:40 - [SEVERE] - ShelfException: ResolveException: Context Parameter (m_size) bound self referenced results in infinite loop (br.ufc.storm.exception.ShelfException.<init>())
10:39:40 - [SEVERE] - ShelfException: ResolveException: Context Parameter (n_size) bound self referenced results in infinite loop (br.ufc.storm.exception.ShelfException.<init>())
10:39:40 - [SEVERE] - ShelfException: ResolveException: Context Parameter (k_size) bound self referenced results in infinite loop (br.ufc.storm.exception.ShelfException.<init>())
10:39:40 - [SEVERE] - ShelfException: ResolveException: Context Parameter (size) bound self referenced results in infinite loop (br.ufc.storm.exception.ShelfException.<init>())
10:39:40 - [SEVERE] - ShelfException: ResolveException: Context Parameter (memory_size) bound self referenced results in infinite loop (br.ufc.storm.exception.ShelfException.<init>())
10:39:40 - [SEVERE] - ShelfException: ResolveException: Context Parameter (memory_throughput) bound self referenced results in infinite loop (br.ufc.storm.exception.ShelfException.<init>())
10:39:40 - [SEVERE] - ShelfException: ResolveException: Context Parameter (energy_consumption_per_processor) bound self referenced results in infinite loop (br.ufc.storm.exception.ShelfException.<init>())
10:39:40 - [SEVERE] - ShelfException: ResolveException: Context Parameter (cost_per_core) bound self referenced results in infinite loop (br.ufc.storm.exception.ShelfException.<init>())
10:39:40 - [SEVERE] - ShelfException: ResolveException: Context Parameter (memory_cost) bound self referenced results in infinite loop (br.ufc.storm.exception.ShelfException.<init>())
10:39:40 - [SEVERE] - ShelfException: ResolveException: Context Parameter (storage_cost) bound self referenced results in infinite loop (br.ufc.storm.exception.ShelfException.<init>())
10:39:40 - [SEVERE] - ShelfException: ResolveException: Context Parameter (core_cost) bound self referenced results in infinite loop (br.ufc.storm.exception.ShelfException.<init>())
10:39:40 - [SEVERE] - ShelfException: ResolveException: Context Parameter (available_cores) bound self referenced results in infinite loop (br.ufc.storm.exception.ShelfException.<init>())
10:39:40 - [SEVERE] - ShelfException: ResolveException: Context Parameter (node_network_throughput) bound self referenced results in infinite loop (br.ufc.storm.exception.ShelfException.<init>())
10:39:40 - [SEVERE] - ShelfException: ResolveException: Context Parameter (local_disk_throughput) bound self referenced results in infinite loop (br.ufc.storm.exception.ShelfException.<init>())
10:39:40 - [SEVERE] - ShelfException: ResolveException: Context Parameter (local_disk_size_max) bound self referenced results in infinite loop (br.ufc.storm.exception.ShelfException.<init>())
10:39:40 - [SEVERE] - ShelfException: ResolveException: Context Parameter (node_cost) bound self referenced results in infinite loop (br.ufc.storm.exception.ShelfException.<init>())
